<?xml version="1.0" encoding="utf-8"?>
<CoverageSession xmlns:xsd="http://www.w3.org/2001/XMLSchema" xmlns:xsi="http://www.w3.org/2001/XMLSchema-instance" Version="4.7.922.0">
  <Summary numSequencePoints="2487" visitedSequencePoints="1260" numBranchPoints="531" visitedBranchPoints="358" sequenceCoverage="50.66" branchCoverage="67.42" maxCyclomaticComplexity="12" minCyclomaticComplexity="1" maxCrapScore="20" minCrapScore="1" visitedClasses="37" numClasses="44" visitedMethods="253" numMethods="337" />
  <Modules>
    <Module hash="DE-2A-6B-4C-5D-49-45-4A-13-A3-26-F4-02-44-9F-9B-52-FB-7B-A5">
      <Summary numSequencePoints="528" visitedSequencePoints="528" numBranchPoints="97" visitedBranchPoints="97" sequenceCoverage="100" branchCoverage="100" maxCyclomaticComplexity="3" minCyclomaticComplexity="1" maxCrapScore="6" minCrapScore="1" visitedClasses="11" numClasses="11" visitedMethods="97" numMethods="97" />
      <ModulePath>C:\Users\kerueilin9\Desktop\Document\window_design\HW4\109590043\HW04Tests\bin\Debug\fine-code-coverage\build-output\HW03Tests.dll</ModulePath>
      <ModuleTime>2022-11-07T13:28:52.5979071Z</ModuleTime>
      <ModuleName>HW03Tests</ModuleName>
      <Files>
        <File uid="1" fullPath="C:\Users\kerueilin9\Desktop\Document\window_design\HW4\109590043\HW04Tests\PresentationModel\BackPackFormPresentationModelTests.cs" />
        <File uid="2" fullPath="C:\Users\kerueilin9\Desktop\Document\window_design\HW4\109590043\HW04Tests\PresentationModel\BookBorrowingFormPresentationModelTests.cs" />
        <File uid="3" fullPath="C:\Users\kerueilin9\Desktop\Document\window_design\HW4\109590043\HW04Tests\PresentationModel\BookInventoryFormPresentationModelTests.cs" />
        <File uid="4" fullPath="C:\Users\kerueilin9\Desktop\Document\window_design\HW4\109590043\HW04Tests\PresentationModel\SupplementFormPresentationModelTests.cs" />
        <File uid="5" fullPath="C:\Users\kerueilin9\Desktop\Document\window_design\HW4\109590043\HW04Tests\BookCategoryTests.cs" />
        <File uid="6" fullPath="C:\Users\kerueilin9\Desktop\Document\window_design\HW4\109590043\HW04Tests\BookItemTests.cs" />
        <File uid="7" fullPath="C:\Users\kerueilin9\Desktop\Document\window_design\HW4\109590043\HW04Tests\BookTests.cs" />
        <File uid="8" fullPath="C:\Users\kerueilin9\Desktop\Document\window_design\HW4\109590043\HW04Tests\BorrowedItemTests.cs" />
        <File uid="9" fullPath="C:\Users\kerueilin9\Desktop\Document\window_design\HW4\109590043\HW04Tests\BorrowedListTests.cs" />
        <File uid="10" fullPath="C:\Users\kerueilin9\Desktop\Document\window_design\HW4\109590043\HW04Tests\ModelTests.cs" />
        <File uid="11" fullPath="C:\Users\kerueilin9\Desktop\Document\window_design\HW4\109590043\HW04Tests\PresentationModel\BookManagementFormPresentationModelTests.cs" />
      </Files>
      <Classes>
        <Class>
          <Summary numSequencePoints="22" visitedSequencePoints="22" numBranchPoints="5" visitedBranchPoints="5" sequenceCoverage="100" branchCoverage="100" maxCyclomaticComplexity="1" minCyclomaticComplexity="1" maxCrapScore="1" minCrapScore="1" visitedClasses="1" numClasses="1" visitedMethods="5" numMethods="5" />
          <FullName>Homework.PresentationModel.Tests.BackPackFormPresentationModelTests</FullName>
          <Methods>
            <Method visited="true" cyclomaticComplexity="1" nPathComplexity="0" sequenceCoverage="100" branchCoverage="100" crapScore="1" isConstructor="false" isStatic="false" isGetter="false" isSetter="false">
              <Summary numSequencePoints="4" visitedSequencePoints="4" numBranchPoints="1" visitedBranchPoints="1" sequenceCoverage="100" branchCoverage="100" maxCyclomaticComplexity="1" minCyclomaticComplexity="1" maxCrapScore="1" minCrapScore="1" visitedClasses="0" numClasses="0" visitedMethods="1" numMethods="1" />
              <MetadataToken>100663297</MetadataToken>
              <Name>System.Void Homework.PresentationModel.Tests.BackPackFormPresentationModelTests::Initialize()</Name>
              <FileRef uid="1" />
              <SequencePoints>
                <SequencePoint vc="3" uspid="1" ordinal="0" offset="0" sl="21" sc="9" el="21" ec="10" bec="0" bev="0" fileid="1" />
                <SequencePoint vc="3" uspid="2" ordinal="1" offset="1" sl="22" sc="13" el="22" ec="55" bec="0" bev="0" fileid="1" />
                <SequencePoint vc="3" uspid="3" ordinal="2" offset="17" sl="23" sc="13" el="23" ec="74" bec="0" bev="0" fileid="1" />
                <SequencePoint vc="3" uspid="4" ordinal="3" offset="34" sl="24" sc="9" el="24" ec="10" bec="0" bev="0" fileid="1" />
              </SequencePoints>
              <BranchPoints />
              <MethodPoint xsi:type="SequencePoint" vc="3" uspid="1" ordinal="0" offset="0" sl="21" sc="9" el="21" ec="10" bec="0" bev="0" fileid="1" />
            </Method>
            <Method visited="true" cyclomaticComplexity="1" nPathComplexity="0" sequenceCoverage="100" branchCoverage="100" crapScore="1" isConstructor="false" isStatic="false" isGetter="false" isSetter="false">
              <Summary numSequencePoints="7" visitedSequencePoints="7" numBranchPoints="1" visitedBranchPoints="1" sequenceCoverage="100" branchCoverage="100" maxCyclomaticComplexity="1" minCyclomaticComplexity="1" maxCrapScore="1" minCrapScore="1" visitedClasses="0" numClasses="0" visitedMethods="1" numMethods="1" />
              <MetadataToken>100663298</MetadataToken>
              <Name>System.Void Homework.PresentationModel.Tests.BackPackFormPresentationModelTests::ReturnListTest()</Name>
              <FileRef uid="1" />
              <SequencePoints>
                <SequencePoint vc="1" uspid="5" ordinal="0" offset="0" sl="28" sc="9" el="28" ec="10" bec="0" bev="0" fileid="1" />
                <SequencePoint vc="1" uspid="6" ordinal="1" offset="1" sl="29" sc="13" el="29" ec="68" bec="0" bev="0" fileid="1" />
                <SequencePoint vc="1" uspid="7" ordinal="2" offset="30" sl="30" sc="13" el="30" ec="68" bec="0" bev="0" fileid="1" />
                <SequencePoint vc="1" uspid="8" ordinal="3" offset="59" sl="31" sc="13" el="31" ec="68" bec="0" bev="0" fileid="1" />
                <SequencePoint vc="1" uspid="9" ordinal="4" offset="88" sl="32" sc="13" el="32" ec="40" bec="0" bev="0" fileid="1" />
                <SequencePoint vc="1" uspid="10" ordinal="5" offset="100" sl="33" sc="13" el="33" ec="116" bec="0" bev="0" fileid="1" />
                <SequencePoint vc="1" uspid="11" ordinal="6" offset="129" sl="34" sc="9" el="34" ec="10" bec="0" bev="0" fileid="1" />
              </SequencePoints>
              <BranchPoints />
              <MethodPoint xsi:type="SequencePoint" vc="1" uspid="5" ordinal="0" offset="0" sl="28" sc="9" el="28" ec="10" bec="0" bev="0" fileid="1" />
            </Method>
            <Method visited="true" cyclomaticComplexity="1" nPathComplexity="0" sequenceCoverage="100" branchCoverage="100" crapScore="1" isConstructor="false" isStatic="false" isGetter="false" isSetter="false">
              <Summary numSequencePoints="3" visitedSequencePoints="3" numBranchPoints="1" visitedBranchPoints="1" sequenceCoverage="100" branchCoverage="100" maxCyclomaticComplexity="1" minCyclomaticComplexity="1" maxCrapScore="1" minCrapScore="1" visitedClasses="0" numClasses="0" visitedMethods="1" numMethods="1" />
              <MetadataToken>100663299</MetadataToken>
              <Name>System.Void Homework.PresentationModel.Tests.BackPackFormPresentationModelTests::GetMessageTest()</Name>
              <FileRef uid="1" />
              <SequencePoints>
                <SequencePoint vc="1" uspid="12" ordinal="0" offset="0" sl="38" sc="9" el="38" ec="10" bec="0" bev="0" fileid="1" />
                <SequencePoint vc="1" uspid="13" ordinal="1" offset="1" sl="39" sc="13" el="39" ec="90" bec="0" bev="0" fileid="1" />
                <SequencePoint vc="1" uspid="14" ordinal="2" offset="33" sl="40" sc="9" el="40" ec="10" bec="0" bev="0" fileid="1" />
              </SequencePoints>
              <BranchPoints />
              <MethodPoint xsi:type="SequencePoint" vc="1" uspid="12" ordinal="0" offset="0" sl="38" sc="9" el="38" ec="10" bec="0" bev="0" fileid="1" />
            </Method>
            <Method visited="true" cyclomaticComplexity="1" nPathComplexity="0" sequenceCoverage="100" branchCoverage="100" crapScore="1" isConstructor="false" isStatic="false" isGetter="false" isSetter="false">
              <Summary numSequencePoints="6" visitedSequencePoints="6" numBranchPoints="1" visitedBranchPoints="1" sequenceCoverage="100" branchCoverage="100" maxCyclomaticComplexity="1" minCyclomaticComplexity="1" maxCrapScore="1" minCrapScore="1" visitedClasses="0" numClasses="0" visitedMethods="1" numMethods="1" />
              <MetadataToken>100663300</MetadataToken>
              <Name>System.Void Homework.PresentationModel.Tests.BackPackFormPresentationModelTests::GetReturnLimitMessageTest()</Name>
              <FileRef uid="1" />
              <SequencePoints>
                <SequencePoint vc="1" uspid="15" ordinal="0" offset="0" sl="44" sc="9" el="44" ec="10" bec="0" bev="0" fileid="1" />
                <SequencePoint vc="1" uspid="16" ordinal="1" offset="1" sl="45" sc="13" el="45" ec="62" bec="0" bev="0" fileid="1" />
                <SequencePoint vc="1" uspid="17" ordinal="2" offset="16" sl="46" sc="13" el="46" ec="62" bec="0" bev="0" fileid="1" />
                <SequencePoint vc="1" uspid="18" ordinal="3" offset="31" sl="47" sc="13" el="47" ec="62" bec="0" bev="0" fileid="1" />
                <SequencePoint vc="1" uspid="19" ordinal="4" offset="46" sl="48" sc="13" el="48" ec="41" bec="0" bev="0" fileid="1" />
                <SequencePoint vc="1" uspid="20" ordinal="5" offset="54" sl="49" sc="9" el="49" ec="10" bec="0" bev="0" fileid="1" />
              </SequencePoints>
              <BranchPoints />
              <MethodPoint xsi:type="SequencePoint" vc="1" uspid="15" ordinal="0" offset="0" sl="44" sc="9" el="44" ec="10" bec="0" bev="0" fileid="1" />
            </Method>
            <Method visited="true" cyclomaticComplexity="1" nPathComplexity="0" sequenceCoverage="100" branchCoverage="100" crapScore="1" isConstructor="true" isStatic="false" isGetter="false" isSetter="false">
              <Summary numSequencePoints="2" visitedSequencePoints="2" numBranchPoints="1" visitedBranchPoints="1" sequenceCoverage="100" branchCoverage="100" maxCyclomaticComplexity="1" minCyclomaticComplexity="1" maxCrapScore="1" minCrapScore="1" visitedClasses="0" numClasses="0" visitedMethods="1" numMethods="1" />
              <MetadataToken>100663301</MetadataToken>
              <Name>System.Void Homework.PresentationModel.Tests.BackPackFormPresentationModelTests::.ctor()</Name>
              <FileRef uid="1" />
              <SequencePoints>
                <SequencePoint vc="3" uspid="21" ordinal="0" offset="0" sl="16" sc="9" el="16" ec="71" bec="0" bev="0" fileid="1" />
                <SequencePoint vc="3" uspid="22" ordinal="1" offset="11" sl="17" sc="9" el="17" ec="35" bec="0" bev="0" fileid="1" />
              </SequencePoints>
              <BranchPoints />
              <MethodPoint xsi:type="SequencePoint" vc="3" uspid="21" ordinal="0" offset="0" sl="16" sc="9" el="16" ec="71" bec="0" bev="0" fileid="1" />
            </Method>
          </Methods>
        </Class>
        <Class>
          <Summary numSequencePoints="131" visitedSequencePoints="131" numBranchPoints="19" visitedBranchPoints="19" sequenceCoverage="100" branchCoverage="100" maxCyclomaticComplexity="1" minCyclomaticComplexity="1" maxCrapScore="1" minCrapScore="1" visitedClasses="1" numClasses="1" visitedMethods="19" numMethods="19" />
          <FullName>Homework.PresentationModel.Tests.BookBorrowingFormPresentationModelTests</FullName>
          <Methods>
            <Method visited="true" cyclomaticComplexity="1" nPathComplexity="0" sequenceCoverage="100" branchCoverage="100" crapScore="1" isConstructor="false" isStatic="false" isGetter="false" isSetter="false">
              <Summary numSequencePoints="4" visitedSequencePoints="4" numBranchPoints="1" visitedBranchPoints="1" sequenceCoverage="100" branchCoverage="100" maxCyclomaticComplexity="1" minCyclomaticComplexity="1" maxCrapScore="1" minCrapScore="1" visitedClasses="0" numClasses="0" visitedMethods="1" numMethods="1" />
              <MetadataToken>100663302</MetadataToken>
              <Name>System.Void Homework.PresentationModel.Tests.BookBorrowingFormPresentationModelTests::Initialize()</Name>
              <FileRef uid="2" />
              <SequencePoints>
                <SequencePoint vc="17" uspid="23" ordinal="0" offset="0" sl="41" sc="9" el="41" ec="10" bec="0" bev="0" fileid="2" />
                <SequencePoint vc="17" uspid="24" ordinal="1" offset="1" sl="42" sc="13" el="42" ec="55" bec="0" bev="0" fileid="2" />
                <SequencePoint vc="17" uspid="25" ordinal="2" offset="17" sl="43" sc="13" el="43" ec="79" bec="0" bev="0" fileid="2" />
                <SequencePoint vc="17" uspid="26" ordinal="3" offset="34" sl="44" sc="9" el="44" ec="10" bec="0" bev="0" fileid="2" />
              </SequencePoints>
              <BranchPoints />
              <MethodPoint xsi:type="SequencePoint" vc="17" uspid="23" ordinal="0" offset="0" sl="41" sc="9" el="41" ec="10" bec="0" bev="0" fileid="2" />
            </Method>
            <Method visited="true" cyclomaticComplexity="1" nPathComplexity="0" sequenceCoverage="100" branchCoverage="100" crapScore="1" isConstructor="false" isStatic="false" isGetter="false" isSetter="false">
              <Summary numSequencePoints="4" visitedSequencePoints="4" numBranchPoints="1" visitedBranchPoints="1" sequenceCoverage="100" branchCoverage="100" maxCyclomaticComplexity="1" minCyclomaticComplexity="1" maxCrapScore="1" minCrapScore="1" visitedClasses="0" numClasses="0" visitedMethods="1" numMethods="1" />
              <MetadataToken>100663303</MetadataToken>
              <Name>System.Void Homework.PresentationModel.Tests.BookBorrowingFormPresentationModelTests::BookBorrowingFormPresentationModelTest()</Name>
              <FileRef uid="2" />
              <SequencePoints>
                <SequencePoint vc="1" uspid="27" ordinal="0" offset="0" sl="48" sc="9" el="48" ec="10" bec="0" bev="0" fileid="2" />
                <SequencePoint vc="1" uspid="28" ordinal="1" offset="1" sl="49" sc="13" el="49" ec="60" bec="0" bev="0" fileid="2" />
                <SequencePoint vc="1" uspid="29" ordinal="2" offset="17" sl="50" sc="13" el="50" ec="79" bec="0" bev="0" fileid="2" />
                <SequencePoint vc="1" uspid="30" ordinal="3" offset="34" sl="51" sc="9" el="51" ec="10" bec="0" bev="0" fileid="2" />
              </SequencePoints>
              <BranchPoints />
              <MethodPoint xsi:type="SequencePoint" vc="1" uspid="27" ordinal="0" offset="0" sl="48" sc="9" el="48" ec="10" bec="0" bev="0" fileid="2" />
            </Method>
            <Method visited="true" cyclomaticComplexity="1" nPathComplexity="0" sequenceCoverage="100" branchCoverage="100" crapScore="1" isConstructor="false" isStatic="false" isGetter="false" isSetter="false">
              <Summary numSequencePoints="3" visitedSequencePoints="3" numBranchPoints="1" visitedBranchPoints="1" sequenceCoverage="100" branchCoverage="100" maxCyclomaticComplexity="1" minCyclomaticComplexity="1" maxCrapScore="1" minCrapScore="1" visitedClasses="0" numClasses="0" visitedMethods="1" numMethods="1" />
              <MetadataToken>100663304</MetadataToken>
              <Name>System.Void Homework.PresentationModel.Tests.BookBorrowingFormPresentationModelTests::GetPageTextTest()</Name>
              <FileRef uid="2" />
              <SequencePoints>
                <SequencePoint vc="1" uspid="31" ordinal="0" offset="0" sl="55" sc="9" el="55" ec="10" bec="0" bev="0" fileid="2" />
                <SequencePoint vc="1" uspid="32" ordinal="1" offset="1" sl="56" sc="13" el="56" ec="74" bec="0" bev="0" fileid="2" />
                <SequencePoint vc="1" uspid="33" ordinal="2" offset="23" sl="57" sc="9" el="57" ec="10" bec="0" bev="0" fileid="2" />
              </SequencePoints>
              <BranchPoints />
              <MethodPoint xsi:type="SequencePoint" vc="1" uspid="31" ordinal="0" offset="0" sl="55" sc="9" el="55" ec="10" bec="0" bev="0" fileid="2" />
            </Method>
            <Method visited="true" cyclomaticComplexity="1" nPathComplexity="0" sequenceCoverage="100" branchCoverage="100" crapScore="1" isConstructor="false" isStatic="false" isGetter="false" isSetter="false">
              <Summary numSequencePoints="6" visitedSequencePoints="6" numBranchPoints="1" visitedBranchPoints="1" sequenceCoverage="100" branchCoverage="100" maxCyclomaticComplexity="1" minCyclomaticComplexity="1" maxCrapScore="1" minCrapScore="1" visitedClasses="0" numClasses="0" visitedMethods="1" numMethods="1" />
              <MetadataToken>100663305</MetadataToken>
              <Name>System.Void Homework.PresentationModel.Tests.BookBorrowingFormPresentationModelTests::SetPageTextTest()</Name>
              <FileRef uid="2" />
              <SequencePoints>
                <SequencePoint vc="1" uspid="34" ordinal="0" offset="0" sl="61" sc="9" el="61" ec="10" bec="0" bev="0" fileid="2" />
                <SequencePoint vc="1" uspid="35" ordinal="1" offset="1" sl="62" sc="13" el="62" ec="55" bec="0" bev="0" fileid="2" />
                <SequencePoint vc="1" uspid="36" ordinal="2" offset="19" sl="63" sc="13" el="63" ec="74" bec="0" bev="0" fileid="2" />
                <SequencePoint vc="1" uspid="37" ordinal="3" offset="41" sl="64" sc="13" el="64" ec="54" bec="0" bev="0" fileid="2" />
                <SequencePoint vc="1" uspid="38" ordinal="4" offset="59" sl="65" sc="13" el="65" ec="74" bec="0" bev="0" fileid="2" />
                <SequencePoint vc="1" uspid="39" ordinal="5" offset="81" sl="66" sc="9" el="66" ec="10" bec="0" bev="0" fileid="2" />
              </SequencePoints>
              <BranchPoints />
              <MethodPoint xsi:type="SequencePoint" vc="1" uspid="34" ordinal="0" offset="0" sl="61" sc="9" el="61" ec="10" bec="0" bev="0" fileid="2" />
            </Method>
            <Method visited="true" cyclomaticComplexity="1" nPathComplexity="0" sequenceCoverage="100" branchCoverage="100" crapScore="1" isConstructor="false" isStatic="false" isGetter="false" isSetter="false">
              <Summary numSequencePoints="3" visitedSequencePoints="3" numBranchPoints="1" visitedBranchPoints="1" sequenceCoverage="100" branchCoverage="100" maxCyclomaticComplexity="1" minCyclomaticComplexity="1" maxCrapScore="1" minCrapScore="1" visitedClasses="0" numClasses="0" visitedMethods="1" numMethods="1" />
              <MetadataToken>100663306</MetadataToken>
              <Name>System.Void Homework.PresentationModel.Tests.BookBorrowingFormPresentationModelTests::GetCurrentBookContentTest()</Name>
              <FileRef uid="2" />
              <SequencePoints>
                <SequencePoint vc="1" uspid="40" ordinal="0" offset="0" sl="70" sc="9" el="70" ec="10" bec="0" bev="0" fileid="2" />
                <SequencePoint vc="1" uspid="41" ordinal="1" offset="1" sl="71" sc="13" el="71" ec="76" bec="0" bev="0" fileid="2" />
                <SequencePoint vc="1" uspid="42" ordinal="2" offset="23" sl="72" sc="9" el="72" ec="10" bec="0" bev="0" fileid="2" />
              </SequencePoints>
              <BranchPoints />
              <MethodPoint xsi:type="SequencePoint" vc="1" uspid="40" ordinal="0" offset="0" sl="70" sc="9" el="70" ec="10" bec="0" bev="0" fileid="2" />
            </Method>
            <Method visited="true" cyclomaticComplexity="1" nPathComplexity="0" sequenceCoverage="100" branchCoverage="100" crapScore="1" isConstructor="false" isStatic="false" isGetter="false" isSetter="false">
              <Summary numSequencePoints="5" visitedSequencePoints="5" numBranchPoints="1" visitedBranchPoints="1" sequenceCoverage="100" branchCoverage="100" maxCyclomaticComplexity="1" minCyclomaticComplexity="1" maxCrapScore="1" minCrapScore="1" visitedClasses="0" numClasses="0" visitedMethods="1" numMethods="1" />
              <MetadataToken>100663307</MetadataToken>
              <Name>System.Void Homework.PresentationModel.Tests.BookBorrowingFormPresentationModelTests::SetCurrentBookAndItemTest()</Name>
              <FileRef uid="2" />
              <SequencePoints>
                <SequencePoint vc="1" uspid="43" ordinal="0" offset="0" sl="76" sc="9" el="76" ec="10" bec="0" bev="0" fileid="2" />
                <SequencePoint vc="1" uspid="44" ordinal="1" offset="1" sl="77" sc="13" el="77" ec="85" bec="0" bev="0" fileid="2" />
                <SequencePoint vc="1" uspid="45" ordinal="2" offset="30" sl="78" sc="13" el="78" ec="82" bec="0" bev="0" fileid="2" />
                <SequencePoint vc="1" uspid="46" ordinal="3" offset="52" sl="79" sc="13" el="79" ec="70" bec="0" bev="0" fileid="2" />
                <SequencePoint vc="1" uspid="47" ordinal="4" offset="70" sl="80" sc="9" el="80" ec="10" bec="0" bev="0" fileid="2" />
              </SequencePoints>
              <BranchPoints />
              <MethodPoint xsi:type="SequencePoint" vc="1" uspid="43" ordinal="0" offset="0" sl="76" sc="9" el="76" ec="10" bec="0" bev="0" fileid="2" />
            </Method>
            <Method visited="true" cyclomaticComplexity="1" nPathComplexity="0" sequenceCoverage="100" branchCoverage="100" crapScore="1" isConstructor="false" isStatic="false" isGetter="false" isSetter="false">
              <Summary numSequencePoints="5" visitedSequencePoints="5" numBranchPoints="1" visitedBranchPoints="1" sequenceCoverage="100" branchCoverage="100" maxCyclomaticComplexity="1" minCyclomaticComplexity="1" maxCrapScore="1" minCrapScore="1" visitedClasses="0" numClasses="0" visitedMethods="1" numMethods="1" />
              <MetadataToken>100663308</MetadataToken>
              <Name>System.Void Homework.PresentationModel.Tests.BookBorrowingFormPresentationModelTests::AddCurrentBookToBorrowListTest()</Name>
              <FileRef uid="2" />
              <SequencePoints>
                <SequencePoint vc="1" uspid="48" ordinal="0" offset="0" sl="84" sc="9" el="84" ec="10" bec="0" bev="0" fileid="2" />
                <SequencePoint vc="1" uspid="49" ordinal="1" offset="1" sl="85" sc="13" el="85" ec="85" bec="0" bev="0" fileid="2" />
                <SequencePoint vc="1" uspid="50" ordinal="2" offset="30" sl="86" sc="13" el="86" ec="60" bec="0" bev="0" fileid="2" />
                <SequencePoint vc="1" uspid="51" ordinal="3" offset="42" sl="87" sc="13" el="87" ec="81" bec="0" bev="0" fileid="2" />
                <SequencePoint vc="1" uspid="52" ordinal="4" offset="75" sl="88" sc="9" el="88" ec="10" bec="0" bev="0" fileid="2" />
              </SequencePoints>
              <BranchPoints />
              <MethodPoint xsi:type="SequencePoint" vc="1" uspid="48" ordinal="0" offset="0" sl="84" sc="9" el="84" ec="10" bec="0" bev="0" fileid="2" />
            </Method>
            <Method visited="true" cyclomaticComplexity="1" nPathComplexity="0" sequenceCoverage="100" branchCoverage="100" crapScore="1" isConstructor="false" isStatic="false" isGetter="false" isSetter="false">
              <Summary numSequencePoints="4" visitedSequencePoints="4" numBranchPoints="1" visitedBranchPoints="1" sequenceCoverage="100" branchCoverage="100" maxCyclomaticComplexity="1" minCyclomaticComplexity="1" maxCrapScore="1" minCrapScore="1" visitedClasses="0" numClasses="0" visitedMethods="1" numMethods="1" />
              <MetadataToken>100663309</MetadataToken>
              <Name>System.Void Homework.PresentationModel.Tests.BookBorrowingFormPresentationModelTests::SetAddCurrentPageTest()</Name>
              <FileRef uid="2" />
              <SequencePoints>
                <SequencePoint vc="1" uspid="53" ordinal="0" offset="0" sl="92" sc="9" el="92" ec="10" bec="0" bev="0" fileid="2" />
                <SequencePoint vc="1" uspid="54" ordinal="1" offset="1" sl="93" sc="13" el="93" ec="58" bec="0" bev="0" fileid="2" />
                <SequencePoint vc="1" uspid="55" ordinal="2" offset="18" sl="94" sc="13" el="94" ec="74" bec="0" bev="0" fileid="2" />
                <SequencePoint vc="1" uspid="56" ordinal="3" offset="40" sl="95" sc="9" el="95" ec="10" bec="0" bev="0" fileid="2" />
              </SequencePoints>
              <BranchPoints />
              <MethodPoint xsi:type="SequencePoint" vc="1" uspid="53" ordinal="0" offset="0" sl="92" sc="9" el="92" ec="10" bec="0" bev="0" fileid="2" />
            </Method>
            <Method visited="true" cyclomaticComplexity="1" nPathComplexity="0" sequenceCoverage="100" branchCoverage="100" crapScore="1" isConstructor="false" isStatic="false" isGetter="false" isSetter="false">
              <Summary numSequencePoints="5" visitedSequencePoints="5" numBranchPoints="1" visitedBranchPoints="1" sequenceCoverage="100" branchCoverage="100" maxCyclomaticComplexity="1" minCyclomaticComplexity="1" maxCrapScore="1" minCrapScore="1" visitedClasses="0" numClasses="0" visitedMethods="1" numMethods="1" />
              <MetadataToken>100663310</MetadataToken>
              <Name>System.Void Homework.PresentationModel.Tests.BookBorrowingFormPresentationModelTests::SetMinusCurrentPageTest()</Name>
              <FileRef uid="2" />
              <SequencePoints>
                <SequencePoint vc="1" uspid="57" ordinal="0" offset="0" sl="99" sc="9" el="99" ec="10" bec="0" bev="0" fileid="2" />
                <SequencePoint vc="1" uspid="58" ordinal="1" offset="1" sl="100" sc="13" el="100" ec="58" bec="0" bev="0" fileid="2" />
                <SequencePoint vc="1" uspid="59" ordinal="2" offset="18" sl="101" sc="13" el="101" ec="60" bec="0" bev="0" fileid="2" />
                <SequencePoint vc="1" uspid="60" ordinal="3" offset="35" sl="102" sc="13" el="102" ec="74" bec="0" bev="0" fileid="2" />
                <SequencePoint vc="1" uspid="61" ordinal="4" offset="57" sl="103" sc="9" el="103" ec="10" bec="0" bev="0" fileid="2" />
              </SequencePoints>
              <BranchPoints />
              <MethodPoint xsi:type="SequencePoint" vc="1" uspid="57" ordinal="0" offset="0" sl="99" sc="9" el="99" ec="10" bec="0" bev="0" fileid="2" />
            </Method>
            <Method visited="true" cyclomaticComplexity="1" nPathComplexity="0" sequenceCoverage="100" branchCoverage="100" crapScore="1" isConstructor="false" isStatic="false" isGetter="false" isSetter="false">
              <Summary numSequencePoints="4" visitedSequencePoints="4" numBranchPoints="1" visitedBranchPoints="1" sequenceCoverage="100" branchCoverage="100" maxCyclomaticComplexity="1" minCyclomaticComplexity="1" maxCrapScore="1" minCrapScore="1" visitedClasses="0" numClasses="0" visitedMethods="1" numMethods="1" />
              <MetadataToken>100663311</MetadataToken>
              <Name>System.Void Homework.PresentationModel.Tests.BookBorrowingFormPresentationModelTests::ResetCurrentPageTest()</Name>
              <FileRef uid="2" />
              <SequencePoints>
                <SequencePoint vc="1" uspid="62" ordinal="0" offset="0" sl="107" sc="9" el="107" ec="10" bec="0" bev="0" fileid="2" />
                <SequencePoint vc="1" uspid="63" ordinal="1" offset="1" sl="108" sc="13" el="108" ec="57" bec="0" bev="0" fileid="2" />
                <SequencePoint vc="1" uspid="64" ordinal="2" offset="18" sl="109" sc="13" el="109" ec="74" bec="0" bev="0" fileid="2" />
                <SequencePoint vc="1" uspid="65" ordinal="3" offset="40" sl="110" sc="9" el="110" ec="10" bec="0" bev="0" fileid="2" />
              </SequencePoints>
              <BranchPoints />
              <MethodPoint xsi:type="SequencePoint" vc="1" uspid="62" ordinal="0" offset="0" sl="107" sc="9" el="107" ec="10" bec="0" bev="0" fileid="2" />
            </Method>
            <Method visited="true" cyclomaticComplexity="1" nPathComplexity="0" sequenceCoverage="100" branchCoverage="100" crapScore="1" isConstructor="false" isStatic="false" isGetter="false" isSetter="false">
              <Summary numSequencePoints="11" visitedSequencePoints="11" numBranchPoints="1" visitedBranchPoints="1" sequenceCoverage="100" branchCoverage="100" maxCyclomaticComplexity="1" minCyclomaticComplexity="1" maxCrapScore="1" minCrapScore="1" visitedClasses="0" numClasses="0" visitedMethods="1" numMethods="1" />
              <MetadataToken>100663312</MetadataToken>
              <Name>System.Void Homework.PresentationModel.Tests.BookBorrowingFormPresentationModelTests::SetNextEnableTest()</Name>
              <FileRef uid="2" />
              <SequencePoints>
                <SequencePoint vc="1" uspid="66" ordinal="0" offset="0" sl="114" sc="9" el="114" ec="10" bec="0" bev="0" fileid="2" />
                <SequencePoint vc="1" uspid="67" ordinal="1" offset="1" sl="115" sc="13" el="115" ec="57" bec="0" bev="0" fileid="2" />
                <SequencePoint vc="1" uspid="68" ordinal="2" offset="18" sl="116" sc="13" el="116" ec="58" bec="0" bev="0" fileid="2" />
                <SequencePoint vc="1" uspid="69" ordinal="3" offset="35" sl="117" sc="13" el="117" ec="54" bec="0" bev="0" fileid="2" />
                <SequencePoint vc="1" uspid="70" ordinal="4" offset="52" sl="118" sc="13" el="118" ec="70" bec="0" bev="0" fileid="2" />
                <SequencePoint vc="1" uspid="71" ordinal="5" offset="70" sl="119" sc="13" el="119" ec="60" bec="0" bev="0" fileid="2" />
                <SequencePoint vc="1" uspid="72" ordinal="6" offset="87" sl="120" sc="13" el="120" ec="54" bec="0" bev="0" fileid="2" />
                <SequencePoint vc="1" uspid="73" ordinal="7" offset="104" sl="121" sc="13" el="121" ec="69" bec="0" bev="0" fileid="2" />
                <SequencePoint vc="1" uspid="74" ordinal="8" offset="122" sl="122" sc="13" el="122" ec="53" bec="0" bev="0" fileid="2" />
                <SequencePoint vc="1" uspid="75" ordinal="9" offset="139" sl="123" sc="13" el="123" ec="70" bec="0" bev="0" fileid="2" />
                <SequencePoint vc="1" uspid="76" ordinal="10" offset="157" sl="124" sc="9" el="124" ec="10" bec="0" bev="0" fileid="2" />
              </SequencePoints>
              <BranchPoints />
              <MethodPoint xsi:type="SequencePoint" vc="1" uspid="66" ordinal="0" offset="0" sl="114" sc="9" el="114" ec="10" bec="0" bev="0" fileid="2" />
            </Method>
            <Method visited="true" cyclomaticComplexity="1" nPathComplexity="0" sequenceCoverage="100" branchCoverage="100" crapScore="1" isConstructor="false" isStatic="false" isGetter="false" isSetter="false">
              <Summary numSequencePoints="9" visitedSequencePoints="9" numBranchPoints="1" visitedBranchPoints="1" sequenceCoverage="100" branchCoverage="100" maxCyclomaticComplexity="1" minCyclomaticComplexity="1" maxCrapScore="1" minCrapScore="1" visitedClasses="0" numClasses="0" visitedMethods="1" numMethods="1" />
              <MetadataToken>100663313</MetadataToken>
              <Name>System.Void Homework.PresentationModel.Tests.BookBorrowingFormPresentationModelTests::SetPreviousEnableTest()</Name>
              <FileRef uid="2" />
              <SequencePoints>
                <SequencePoint vc="1" uspid="77" ordinal="0" offset="0" sl="128" sc="9" el="128" ec="10" bec="0" bev="0" fileid="2" />
                <SequencePoint vc="1" uspid="78" ordinal="1" offset="1" sl="129" sc="13" el="129" ec="57" bec="0" bev="0" fileid="2" />
                <SequencePoint vc="1" uspid="79" ordinal="2" offset="18" sl="130" sc="13" el="130" ec="58" bec="0" bev="0" fileid="2" />
                <SequencePoint vc="1" uspid="80" ordinal="3" offset="35" sl="131" sc="13" el="131" ec="51" bec="0" bev="0" fileid="2" />
                <SequencePoint vc="1" uspid="81" ordinal="4" offset="47" sl="132" sc="13" el="132" ec="73" bec="0" bev="0" fileid="2" />
                <SequencePoint vc="1" uspid="82" ordinal="5" offset="65" sl="133" sc="13" el="133" ec="60" bec="0" bev="0" fileid="2" />
                <SequencePoint vc="1" uspid="83" ordinal="6" offset="82" sl="134" sc="13" el="134" ec="51" bec="0" bev="0" fileid="2" />
                <SequencePoint vc="1" uspid="84" ordinal="7" offset="94" sl="135" sc="13" el="135" ec="74" bec="0" bev="0" fileid="2" />
                <SequencePoint vc="1" uspid="85" ordinal="8" offset="112" sl="136" sc="9" el="136" ec="10" bec="0" bev="0" fileid="2" />
              </SequencePoints>
              <BranchPoints />
              <MethodPoint xsi:type="SequencePoint" vc="1" uspid="77" ordinal="0" offset="0" sl="128" sc="9" el="128" ec="10" bec="0" bev="0" fileid="2" />
            </Method>
            <Method visited="true" cyclomaticComplexity="1" nPathComplexity="0" sequenceCoverage="100" branchCoverage="100" crapScore="1" isConstructor="false" isStatic="false" isGetter="false" isSetter="false">
              <Summary numSequencePoints="6" visitedSequencePoints="6" numBranchPoints="1" visitedBranchPoints="1" sequenceCoverage="100" branchCoverage="100" maxCyclomaticComplexity="1" minCyclomaticComplexity="1" maxCrapScore="1" minCrapScore="1" visitedClasses="0" numClasses="0" visitedMethods="1" numMethods="1" />
              <MetadataToken>100663314</MetadataToken>
              <Name>System.Void Homework.PresentationModel.Tests.BookBorrowingFormPresentationModelTests::IsAddBookEnableTest()</Name>
              <FileRef uid="2" />
              <SequencePoints>
                <SequencePoint vc="1" uspid="86" ordinal="0" offset="0" sl="140" sc="9" el="140" ec="10" bec="0" bev="0" fileid="2" />
                <SequencePoint vc="1" uspid="87" ordinal="1" offset="1" sl="141" sc="13" el="141" ec="85" bec="0" bev="0" fileid="2" />
                <SequencePoint vc="1" uspid="88" ordinal="2" offset="30" sl="142" sc="13" el="142" ec="72" bec="0" bev="0" fileid="2" />
                <SequencePoint vc="1" uspid="89" ordinal="3" offset="48" sl="143" sc="13" el="143" ec="60" bec="0" bev="0" fileid="2" />
                <SequencePoint vc="1" uspid="90" ordinal="4" offset="60" sl="144" sc="13" el="144" ec="73" bec="0" bev="0" fileid="2" />
                <SequencePoint vc="1" uspid="91" ordinal="5" offset="78" sl="145" sc="9" el="145" ec="10" bec="0" bev="0" fileid="2" />
              </SequencePoints>
              <BranchPoints />
              <MethodPoint xsi:type="SequencePoint" vc="1" uspid="86" ordinal="0" offset="0" sl="140" sc="9" el="140" ec="10" bec="0" bev="0" fileid="2" />
            </Method>
            <Method visited="true" cyclomaticComplexity="1" nPathComplexity="0" sequenceCoverage="100" branchCoverage="100" crapScore="1" isConstructor="false" isStatic="false" isGetter="false" isSetter="false">
              <Summary numSequencePoints="5" visitedSequencePoints="5" numBranchPoints="1" visitedBranchPoints="1" sequenceCoverage="100" branchCoverage="100" maxCyclomaticComplexity="1" minCyclomaticComplexity="1" maxCrapScore="1" minCrapScore="1" visitedClasses="0" numClasses="0" visitedMethods="1" numMethods="1" />
              <MetadataToken>100663315</MetadataToken>
              <Name>System.Void Homework.PresentationModel.Tests.BookBorrowingFormPresentationModelTests::IsConfirmEnableTest()</Name>
              <FileRef uid="2" />
              <SequencePoints>
                <SequencePoint vc="1" uspid="92" ordinal="0" offset="0" sl="149" sc="9" el="149" ec="10" bec="0" bev="0" fileid="2" />
                <SequencePoint vc="1" uspid="93" ordinal="1" offset="1" sl="150" sc="13" el="150" ec="85" bec="0" bev="0" fileid="2" />
                <SequencePoint vc="1" uspid="94" ordinal="2" offset="30" sl="151" sc="13" el="151" ec="60" bec="0" bev="0" fileid="2" />
                <SequencePoint vc="1" uspid="95" ordinal="3" offset="42" sl="152" sc="13" el="152" ec="72" bec="0" bev="0" fileid="2" />
                <SequencePoint vc="1" uspid="96" ordinal="4" offset="60" sl="153" sc="9" el="153" ec="10" bec="0" bev="0" fileid="2" />
              </SequencePoints>
              <BranchPoints />
              <MethodPoint xsi:type="SequencePoint" vc="1" uspid="92" ordinal="0" offset="0" sl="149" sc="9" el="149" ec="10" bec="0" bev="0" fileid="2" />
            </Method>
            <Method visited="true" cyclomaticComplexity="1" nPathComplexity="0" sequenceCoverage="100" branchCoverage="100" crapScore="1" isConstructor="false" isStatic="false" isGetter="false" isSetter="false">
              <Summary numSequencePoints="11" visitedSequencePoints="11" numBranchPoints="1" visitedBranchPoints="1" sequenceCoverage="100" branchCoverage="100" maxCyclomaticComplexity="1" minCyclomaticComplexity="1" maxCrapScore="1" minCrapScore="1" visitedClasses="0" numClasses="0" visitedMethods="1" numMethods="1" />
              <MetadataToken>100663316</MetadataToken>
              <Name>System.Void Homework.PresentationModel.Tests.BookBorrowingFormPresentationModelTests::IsOverLimitTest()</Name>
              <FileRef uid="2" />
              <SequencePoints>
                <SequencePoint vc="1" uspid="97" ordinal="0" offset="0" sl="157" sc="9" el="157" ec="10" bec="0" bev="0" fileid="2" />
                <SequencePoint vc="1" uspid="98" ordinal="1" offset="1" sl="158" sc="13" el="158" ec="85" bec="0" bev="0" fileid="2" />
                <SequencePoint vc="1" uspid="99" ordinal="2" offset="30" sl="159" sc="13" el="159" ec="60" bec="0" bev="0" fileid="2" />
                <SequencePoint vc="1" uspid="100" ordinal="3" offset="42" sl="160" sc="13" el="160" ec="60" bec="0" bev="0" fileid="2" />
                <SequencePoint vc="1" uspid="101" ordinal="4" offset="54" sl="161" sc="13" el="161" ec="60" bec="0" bev="0" fileid="2" />
                <SequencePoint vc="1" uspid="102" ordinal="5" offset="66" sl="162" sc="13" el="162" ec="60" bec="0" bev="0" fileid="2" />
                <SequencePoint vc="1" uspid="103" ordinal="6" offset="78" sl="163" sc="13" el="163" ec="69" bec="0" bev="0" fileid="2" />
                <SequencePoint vc="1" uspid="104" ordinal="7" offset="96" sl="164" sc="13" el="164" ec="60" bec="0" bev="0" fileid="2" />
                <SequencePoint vc="1" uspid="105" ordinal="8" offset="108" sl="165" sc="13" el="165" ec="60" bec="0" bev="0" fileid="2" />
                <SequencePoint vc="1" uspid="106" ordinal="9" offset="120" sl="166" sc="13" el="166" ec="68" bec="0" bev="0" fileid="2" />
                <SequencePoint vc="1" uspid="107" ordinal="10" offset="138" sl="167" sc="9" el="167" ec="10" bec="0" bev="0" fileid="2" />
              </SequencePoints>
              <BranchPoints />
              <MethodPoint xsi:type="SequencePoint" vc="1" uspid="97" ordinal="0" offset="0" sl="157" sc="9" el="157" ec="10" bec="0" bev="0" fileid="2" />
            </Method>
            <Method visited="true" cyclomaticComplexity="1" nPathComplexity="0" sequenceCoverage="100" branchCoverage="100" crapScore="1" isConstructor="false" isStatic="false" isGetter="false" isSetter="false">
              <Summary numSequencePoints="9" visitedSequencePoints="9" numBranchPoints="1" visitedBranchPoints="1" sequenceCoverage="100" branchCoverage="100" maxCyclomaticComplexity="1" minCyclomaticComplexity="1" maxCrapScore="1" minCrapScore="1" visitedClasses="0" numClasses="0" visitedMethods="1" numMethods="1" />
              <MetadataToken>100663317</MetadataToken>
              <Name>System.Void Homework.PresentationModel.Tests.BookBorrowingFormPresentationModelTests::GetMessageTest()</Name>
              <FileRef uid="2" />
              <SequencePoints>
                <SequencePoint vc="1" uspid="108" ordinal="0" offset="0" sl="171" sc="9" el="171" ec="10" bec="0" bev="0" fileid="2" />
                <SequencePoint vc="1" uspid="109" ordinal="1" offset="1" sl="172" sc="13" el="172" ec="53" bec="0" bev="0" fileid="2" />
                <SequencePoint vc="1" uspid="110" ordinal="2" offset="7" sl="173" sc="13" el="173" ec="54" bec="0" bev="0" fileid="2" />
                <SequencePoint vc="1" uspid="111" ordinal="3" offset="13" sl="174" sc="13" el="174" ec="28" bec="0" bev="0" fileid="2" />
                <SequencePoint vc="1" uspid="112" ordinal="4" offset="25" sl="175" sc="13" el="175" ec="28" bec="0" bev="0" fileid="2" />
                <SequencePoint vc="1" uspid="113" ordinal="5" offset="37" sl="176" sc="13" el="176" ec="29" bec="0" bev="0" fileid="2" />
                <SequencePoint vc="1" uspid="114" ordinal="6" offset="49" sl="177" sc="13" el="177" ec="29" bec="0" bev="0" fileid="2" />
                <SequencePoint vc="1" uspid="115" ordinal="7" offset="61" sl="178" sc="13" el="178" ec="99" bec="0" bev="0" fileid="2" />
                <SequencePoint vc="1" uspid="116" ordinal="8" offset="85" sl="179" sc="9" el="179" ec="10" bec="0" bev="0" fileid="2" />
              </SequencePoints>
              <BranchPoints />
              <MethodPoint xsi:type="SequencePoint" vc="1" uspid="108" ordinal="0" offset="0" sl="171" sc="9" el="171" ec="10" bec="0" bev="0" fileid="2" />
            </Method>
            <Method visited="true" cyclomaticComplexity="1" nPathComplexity="0" sequenceCoverage="100" branchCoverage="100" crapScore="1" isConstructor="false" isStatic="false" isGetter="false" isSetter="false">
              <Summary numSequencePoints="22" visitedSequencePoints="22" numBranchPoints="1" visitedBranchPoints="1" sequenceCoverage="100" branchCoverage="100" maxCyclomaticComplexity="1" minCyclomaticComplexity="1" maxCrapScore="1" minCrapScore="1" visitedClasses="0" numClasses="0" visitedMethods="1" numMethods="1" />
              <MetadataToken>100663318</MetadataToken>
              <Name>System.Void Homework.PresentationModel.Tests.BookBorrowingFormPresentationModelTests::SetVisibleListTest()</Name>
              <FileRef uid="2" />
              <SequencePoints>
                <SequencePoint vc="1" uspid="117" ordinal="0" offset="0" sl="183" sc="9" el="183" ec="10" bec="0" bev="0" fileid="2" />
                <SequencePoint vc="1" uspid="118" ordinal="1" offset="1" sl="184" sc="13" el="184" ec="55" bec="0" bev="0" fileid="2" />
                <SequencePoint vc="1" uspid="119" ordinal="2" offset="18" sl="185" sc="13" el="185" ec="52" bec="0" bev="0" fileid="2" />
                <SequencePoint vc="1" uspid="120" ordinal="3" offset="24" sl="186" sc="13" el="186" ec="32" bec="0" bev="0" fileid="2" />
                <SequencePoint vc="1" uspid="121" ordinal="4" offset="32" sl="187" sc="13" el="187" ec="32" bec="0" bev="0" fileid="2" />
                <SequencePoint vc="1" uspid="122" ordinal="5" offset="40" sl="188" sc="13" el="188" ec="32" bec="0" bev="0" fileid="2" />
                <SequencePoint vc="1" uspid="123" ordinal="6" offset="48" sl="189" sc="13" el="189" ec="33" bec="0" bev="0" fileid="2" />
                <SequencePoint vc="1" uspid="124" ordinal="7" offset="56" sl="190" sc="13" el="190" ec="124" bec="0" bev="0" fileid="2" />
                <SequencePoint vc="1" uspid="125" ordinal="8" offset="90" sl="191" sc="13" el="191" ec="56" bec="0" bev="0" fileid="2" />
                <SequencePoint vc="1" uspid="126" ordinal="9" offset="107" sl="192" sc="13" el="192" ec="57" bec="0" bev="0" fileid="2" />
                <SequencePoint vc="1" uspid="127" ordinal="10" offset="124" sl="193" sc="13" el="193" ec="54" bec="0" bev="0" fileid="2" />
                <SequencePoint vc="1" uspid="128" ordinal="11" offset="141" sl="194" sc="13" el="194" ec="30" bec="0" bev="0" fileid="2" />
                <SequencePoint vc="1" uspid="129" ordinal="12" offset="148" sl="195" sc="13" el="195" ec="33" bec="0" bev="0" fileid="2" />
                <SequencePoint vc="1" uspid="130" ordinal="13" offset="156" sl="196" sc="13" el="196" ec="33" bec="0" bev="0" fileid="2" />
                <SequencePoint vc="1" uspid="131" ordinal="14" offset="164" sl="197" sc="13" el="197" ec="33" bec="0" bev="0" fileid="2" />
                <SequencePoint vc="1" uspid="132" ordinal="15" offset="172" sl="198" sc="13" el="198" ec="32" bec="0" bev="0" fileid="2" />
                <SequencePoint vc="1" uspid="133" ordinal="16" offset="180" sl="199" sc="13" el="199" ec="32" bec="0" bev="0" fileid="2" />
                <SequencePoint vc="1" uspid="134" ordinal="17" offset="188" sl="200" sc="13" el="200" ec="32" bec="0" bev="0" fileid="2" />
                <SequencePoint vc="1" uspid="135" ordinal="18" offset="196" sl="201" sc="13" el="201" ec="33" bec="0" bev="0" fileid="2" />
                <SequencePoint vc="1" uspid="136" ordinal="19" offset="204" sl="202" sc="13" el="202" ec="33" bec="0" bev="0" fileid="2" />
                <SequencePoint vc="1" uspid="137" ordinal="20" offset="212" sl="203" sc="13" el="203" ec="123" bec="0" bev="0" fileid="2" />
                <SequencePoint vc="1" uspid="138" ordinal="21" offset="246" sl="204" sc="9" el="204" ec="10" bec="0" bev="0" fileid="2" />
              </SequencePoints>
              <BranchPoints />
              <MethodPoint xsi:type="SequencePoint" vc="1" uspid="117" ordinal="0" offset="0" sl="183" sc="9" el="183" ec="10" bec="0" bev="0" fileid="2" />
            </Method>
            <Method visited="true" cyclomaticComplexity="1" nPathComplexity="0" sequenceCoverage="100" branchCoverage="100" crapScore="1" isConstructor="false" isStatic="false" isGetter="false" isSetter="false">
              <Summary numSequencePoints="11" visitedSequencePoints="11" numBranchPoints="1" visitedBranchPoints="1" sequenceCoverage="100" branchCoverage="100" maxCyclomaticComplexity="1" minCyclomaticComplexity="1" maxCrapScore="1" minCrapScore="1" visitedClasses="0" numClasses="0" visitedMethods="1" numMethods="1" />
              <MetadataToken>100663319</MetadataToken>
              <Name>System.Void Homework.PresentationModel.Tests.BookBorrowingFormPresentationModelTests::ReturnListTest()</Name>
              <FileRef uid="2" />
              <SequencePoints>
                <SequencePoint vc="1" uspid="139" ordinal="0" offset="0" sl="208" sc="9" el="208" ec="10" bec="0" bev="0" fileid="2" />
                <SequencePoint vc="1" uspid="140" ordinal="1" offset="1" sl="209" sc="13" el="209" ec="85" bec="0" bev="0" fileid="2" />
                <SequencePoint vc="1" uspid="141" ordinal="2" offset="30" sl="210" sc="13" el="210" ec="60" bec="0" bev="0" fileid="2" />
                <SequencePoint vc="1" uspid="142" ordinal="3" offset="42" sl="211" sc="13" el="211" ec="60" bec="0" bev="0" fileid="2" />
                <SequencePoint vc="1" uspid="143" ordinal="4" offset="54" sl="212" sc="13" el="212" ec="85" bec="0" bev="0" fileid="2" />
                <SequencePoint vc="1" uspid="144" ordinal="5" offset="83" sl="213" sc="13" el="213" ec="60" bec="0" bev="0" fileid="2" />
                <SequencePoint vc="1" uspid="145" ordinal="6" offset="95" sl="214" sc="13" el="214" ec="56" bec="0" bev="0" fileid="2" />
                <SequencePoint vc="1" uspid="146" ordinal="7" offset="101" sl="215" sc="13" el="215" ec="30" bec="0" bev="0" fileid="2" />
                <SequencePoint vc="1" uspid="147" ordinal="8" offset="114" sl="216" sc="13" el="216" ec="29" bec="0" bev="0" fileid="2" />
                <SequencePoint vc="1" uspid="148" ordinal="9" offset="127" sl="217" sc="13" el="217" ec="115" bec="0" bev="0" fileid="2" />
                <SequencePoint vc="1" uspid="149" ordinal="10" offset="161" sl="218" sc="9" el="218" ec="10" bec="0" bev="0" fileid="2" />
              </SequencePoints>
              <BranchPoints />
              <MethodPoint xsi:type="SequencePoint" vc="1" uspid="139" ordinal="0" offset="0" sl="208" sc="9" el="208" ec="10" bec="0" bev="0" fileid="2" />
            </Method>
            <Method visited="true" cyclomaticComplexity="1" nPathComplexity="0" sequenceCoverage="100" branchCoverage="100" crapScore="1" isConstructor="true" isStatic="false" isGetter="false" isSetter="false">
              <Summary numSequencePoints="4" visitedSequencePoints="4" numBranchPoints="1" visitedBranchPoints="1" sequenceCoverage="100" branchCoverage="100" maxCyclomaticComplexity="1" minCyclomaticComplexity="1" maxCrapScore="1" minCrapScore="1" visitedClasses="0" numClasses="0" visitedMethods="1" numMethods="1" />
              <MetadataToken>100663320</MetadataToken>
              <Name>System.Void Homework.PresentationModel.Tests.BookBorrowingFormPresentationModelTests::.ctor()</Name>
              <FileRef uid="2" />
              <SequencePoints>
                <SequencePoint vc="17" uspid="150" ordinal="0" offset="0" sl="16" sc="9" el="16" ec="71" bec="0" bev="0" fileid="2" />
                <SequencePoint vc="17" uspid="151" ordinal="1" offset="11" sl="17" sc="9" el="17" ec="35" bec="0" bev="0" fileid="2" />
                <SequencePoint vc="17" uspid="152" ordinal="2" offset="22" sl="19" sc="9" el="27" ec="11" bec="0" bev="0" fileid="2" />
                <SequencePoint vc="17" uspid="153" ordinal="3" offset="82" sl="29" sc="9" el="37" ec="11" bec="0" bev="0" fileid="2" />
              </SequencePoints>
              <BranchPoints />
              <MethodPoint xsi:type="SequencePoint" vc="17" uspid="150" ordinal="0" offset="0" sl="16" sc="9" el="16" ec="71" bec="0" bev="0" fileid="2" />
            </Method>
          </Methods>
        </Class>
        <Class>
          <Summary numSequencePoints="29" visitedSequencePoints="29" numBranchPoints="7" visitedBranchPoints="7" sequenceCoverage="100" branchCoverage="100" maxCyclomaticComplexity="1" minCyclomaticComplexity="1" maxCrapScore="1" minCrapScore="1" visitedClasses="1" numClasses="1" visitedMethods="7" numMethods="7" />
          <FullName>Homework.PresentationModel.Tests.BookInventoryFormPresentationModelTests</FullName>
          <Methods>
            <Method visited="true" cyclomaticComplexity="1" nPathComplexity="0" sequenceCoverage="100" branchCoverage="100" crapScore="1" isConstructor="false" isStatic="false" isGetter="false" isSetter="false">
              <Summary numSequencePoints="4" visitedSequencePoints="4" numBranchPoints="1" visitedBranchPoints="1" sequenceCoverage="100" branchCoverage="100" maxCyclomaticComplexity="1" minCyclomaticComplexity="1" maxCrapScore="1" minCrapScore="1" visitedClasses="0" numClasses="0" visitedMethods="1" numMethods="1" />
              <MetadataToken>100663321</MetadataToken>
              <Name>System.Void Homework.PresentationModel.Tests.BookInventoryFormPresentationModelTests::Initialize()</Name>
              <FileRef uid="3" />
              <SequencePoints>
                <SequencePoint vc="5" uspid="154" ordinal="0" offset="0" sl="22" sc="9" el="22" ec="10" bec="0" bev="0" fileid="3" />
                <SequencePoint vc="5" uspid="155" ordinal="1" offset="1" sl="23" sc="13" el="23" ec="55" bec="0" bev="0" fileid="3" />
                <SequencePoint vc="5" uspid="156" ordinal="2" offset="17" sl="24" sc="13" el="24" ec="79" bec="0" bev="0" fileid="3" />
                <SequencePoint vc="5" uspid="157" ordinal="3" offset="34" sl="25" sc="9" el="25" ec="10" bec="0" bev="0" fileid="3" />
              </SequencePoints>
              <BranchPoints />
              <MethodPoint xsi:type="SequencePoint" vc="5" uspid="154" ordinal="0" offset="0" sl="22" sc="9" el="22" ec="10" bec="0" bev="0" fileid="3" />
            </Method>
            <Method visited="true" cyclomaticComplexity="1" nPathComplexity="0" sequenceCoverage="100" branchCoverage="100" crapScore="1" isConstructor="false" isStatic="false" isGetter="false" isSetter="false">
              <Summary numSequencePoints="4" visitedSequencePoints="4" numBranchPoints="1" visitedBranchPoints="1" sequenceCoverage="100" branchCoverage="100" maxCyclomaticComplexity="1" minCyclomaticComplexity="1" maxCrapScore="1" minCrapScore="1" visitedClasses="0" numClasses="0" visitedMethods="1" numMethods="1" />
              <MetadataToken>100663322</MetadataToken>
              <Name>System.Void Homework.PresentationModel.Tests.BookInventoryFormPresentationModelTests::GetContentTest()</Name>
              <FileRef uid="3" />
              <SequencePoints>
                <SequencePoint vc="1" uspid="158" ordinal="0" offset="0" sl="29" sc="9" el="29" ec="10" bec="0" bev="0" fileid="3" />
                <SequencePoint vc="1" uspid="159" ordinal="1" offset="1" sl="30" sc="13" el="30" ec="54" bec="0" bev="0" fileid="3" />
                <SequencePoint vc="1" uspid="160" ordinal="2" offset="7" sl="31" sc="13" el="31" ec="80" bec="0" bev="0" fileid="3" />
                <SequencePoint vc="1" uspid="161" ordinal="3" offset="40" sl="32" sc="9" el="32" ec="10" bec="0" bev="0" fileid="3" />
              </SequencePoints>
              <BranchPoints />
              <MethodPoint xsi:type="SequencePoint" vc="1" uspid="158" ordinal="0" offset="0" sl="29" sc="9" el="29" ec="10" bec="0" bev="0" fileid="3" />
            </Method>
            <Method visited="true" cyclomaticComplexity="1" nPathComplexity="0" sequenceCoverage="100" branchCoverage="100" crapScore="1" isConstructor="false" isStatic="false" isGetter="false" isSetter="false">
              <Summary numSequencePoints="5" visitedSequencePoints="5" numBranchPoints="1" visitedBranchPoints="1" sequenceCoverage="100" branchCoverage="100" maxCyclomaticComplexity="1" minCyclomaticComplexity="1" maxCrapScore="1" minCrapScore="1" visitedClasses="0" numClasses="0" visitedMethods="1" numMethods="1" />
              <MetadataToken>100663323</MetadataToken>
              <Name>System.Void Homework.PresentationModel.Tests.BookInventoryFormPresentationModelTests::GetImageTest()</Name>
              <FileRef uid="3" />
              <SequencePoints>
                <SequencePoint vc="1" uspid="162" ordinal="0" offset="0" sl="36" sc="9" el="36" ec="10" bec="0" bev="0" fileid="3" />
                <SequencePoint vc="1" uspid="163" ordinal="1" offset="1" sl="37" sc="13" el="37" ec="76" bec="0" bev="0" fileid="3" />
                <SequencePoint vc="1" uspid="164" ordinal="2" offset="30" sl="38" sc="13" el="38" ec="83" bec="0" bev="0" fileid="3" />
                <SequencePoint vc="1" uspid="165" ordinal="3" offset="52" sl="39" sc="13" el="39" ec="95" bec="0" bev="0" fileid="3" />
                <SequencePoint vc="1" uspid="166" ordinal="4" offset="79" sl="40" sc="9" el="40" ec="10" bec="0" bev="0" fileid="3" />
              </SequencePoints>
              <BranchPoints />
              <MethodPoint xsi:type="SequencePoint" vc="1" uspid="162" ordinal="0" offset="0" sl="36" sc="9" el="36" ec="10" bec="0" bev="0" fileid="3" />
            </Method>
            <Method visited="true" cyclomaticComplexity="1" nPathComplexity="0" sequenceCoverage="100" branchCoverage="100" crapScore="1" isConstructor="false" isStatic="false" isGetter="false" isSetter="false">
              <Summary numSequencePoints="4" visitedSequencePoints="4" numBranchPoints="1" visitedBranchPoints="1" sequenceCoverage="100" branchCoverage="100" maxCyclomaticComplexity="1" minCyclomaticComplexity="1" maxCrapScore="1" minCrapScore="1" visitedClasses="0" numClasses="0" visitedMethods="1" numMethods="1" />
              <MetadataToken>100663324</MetadataToken>
              <Name>System.Void Homework.PresentationModel.Tests.BookInventoryFormPresentationModelTests::GetContentTextTest()</Name>
              <FileRef uid="3" />
              <SequencePoints>
                <SequencePoint vc="1" uspid="167" ordinal="0" offset="0" sl="44" sc="9" el="44" ec="10" bec="0" bev="0" fileid="3" />
                <SequencePoint vc="1" uspid="168" ordinal="1" offset="1" sl="45" sc="13" el="45" ec="76" bec="0" bev="0" fileid="3" />
                <SequencePoint vc="1" uspid="169" ordinal="2" offset="30" sl="46" sc="13" el="46" ec="75" bec="0" bev="0" fileid="3" />
                <SequencePoint vc="1" uspid="170" ordinal="3" offset="52" sl="47" sc="9" el="47" ec="10" bec="0" bev="0" fileid="3" />
              </SequencePoints>
              <BranchPoints />
              <MethodPoint xsi:type="SequencePoint" vc="1" uspid="167" ordinal="0" offset="0" sl="44" sc="9" el="44" ec="10" bec="0" bev="0" fileid="3" />
            </Method>
            <Method visited="true" cyclomaticComplexity="1" nPathComplexity="0" sequenceCoverage="100" branchCoverage="100" crapScore="1" isConstructor="false" isStatic="false" isGetter="false" isSetter="false">
              <Summary numSequencePoints="5" visitedSequencePoints="5" numBranchPoints="1" visitedBranchPoints="1" sequenceCoverage="100" branchCoverage="100" maxCyclomaticComplexity="1" minCyclomaticComplexity="1" maxCrapScore="1" minCrapScore="1" visitedClasses="0" numClasses="0" visitedMethods="1" numMethods="1" />
              <MetadataToken>100663325</MetadataToken>
              <Name>System.Void Homework.PresentationModel.Tests.BookInventoryFormPresentationModelTests::GetNameTest()</Name>
              <FileRef uid="3" />
              <SequencePoints>
                <SequencePoint vc="1" uspid="171" ordinal="0" offset="0" sl="51" sc="9" el="51" ec="10" bec="0" bev="0" fileid="3" />
                <SequencePoint vc="1" uspid="172" ordinal="1" offset="1" sl="52" sc="13" el="52" ec="62" bec="0" bev="0" fileid="3" />
                <SequencePoint vc="1" uspid="173" ordinal="2" offset="23" sl="53" sc="13" el="53" ec="76" bec="0" bev="0" fileid="3" />
                <SequencePoint vc="1" uspid="174" ordinal="3" offset="52" sl="54" sc="13" el="54" ec="69" bec="0" bev="0" fileid="3" />
                <SequencePoint vc="1" uspid="175" ordinal="4" offset="75" sl="55" sc="9" el="55" ec="10" bec="0" bev="0" fileid="3" />
              </SequencePoints>
              <BranchPoints />
              <MethodPoint xsi:type="SequencePoint" vc="1" uspid="171" ordinal="0" offset="0" sl="51" sc="9" el="51" ec="10" bec="0" bev="0" fileid="3" />
            </Method>
            <Method visited="true" cyclomaticComplexity="1" nPathComplexity="0" sequenceCoverage="100" branchCoverage="100" crapScore="1" isConstructor="false" isStatic="false" isGetter="false" isSetter="false">
              <Summary numSequencePoints="5" visitedSequencePoints="5" numBranchPoints="1" visitedBranchPoints="1" sequenceCoverage="100" branchCoverage="100" maxCyclomaticComplexity="1" minCyclomaticComplexity="1" maxCrapScore="1" minCrapScore="1" visitedClasses="0" numClasses="0" visitedMethods="1" numMethods="1" />
              <MetadataToken>100663326</MetadataToken>
              <Name>System.Void Homework.PresentationModel.Tests.BookInventoryFormPresentationModelTests::IsCurrentIndexTest()</Name>
              <FileRef uid="3" />
              <SequencePoints>
                <SequencePoint vc="1" uspid="176" ordinal="0" offset="0" sl="59" sc="9" el="59" ec="10" bec="0" bev="0" fileid="3" />
                <SequencePoint vc="1" uspid="177" ordinal="1" offset="1" sl="60" sc="13" el="60" ec="77" bec="0" bev="0" fileid="3" />
                <SequencePoint vc="1" uspid="178" ordinal="2" offset="24" sl="61" sc="13" el="61" ec="76" bec="0" bev="0" fileid="3" />
                <SequencePoint vc="1" uspid="179" ordinal="3" offset="53" sl="62" sc="13" el="62" ec="80" bec="0" bev="0" fileid="3" />
                <SequencePoint vc="1" uspid="180" ordinal="4" offset="77" sl="63" sc="9" el="63" ec="10" bec="0" bev="0" fileid="3" />
              </SequencePoints>
              <BranchPoints />
              <MethodPoint xsi:type="SequencePoint" vc="1" uspid="176" ordinal="0" offset="0" sl="59" sc="9" el="59" ec="10" bec="0" bev="0" fileid="3" />
            </Method>
            <Method visited="true" cyclomaticComplexity="1" nPathComplexity="0" sequenceCoverage="100" branchCoverage="100" crapScore="1" isConstructor="true" isStatic="false" isGetter="false" isSetter="false">
              <Summary numSequencePoints="2" visitedSequencePoints="2" numBranchPoints="1" visitedBranchPoints="1" sequenceCoverage="100" branchCoverage="100" maxCyclomaticComplexity="1" minCyclomaticComplexity="1" maxCrapScore="1" minCrapScore="1" visitedClasses="0" numClasses="0" visitedMethods="1" numMethods="1" />
              <MetadataToken>100663327</MetadataToken>
              <Name>System.Void Homework.PresentationModel.Tests.BookInventoryFormPresentationModelTests::.ctor()</Name>
              <FileRef uid="3" />
              <SequencePoints>
                <SequencePoint vc="5" uspid="181" ordinal="0" offset="0" sl="16" sc="9" el="16" ec="71" bec="0" bev="0" fileid="3" />
                <SequencePoint vc="5" uspid="182" ordinal="1" offset="11" sl="18" sc="9" el="18" ec="35" bec="0" bev="0" fileid="3" />
              </SequencePoints>
              <BranchPoints />
              <MethodPoint xsi:type="SequencePoint" vc="5" uspid="181" ordinal="0" offset="0" sl="16" sc="9" el="16" ec="71" bec="0" bev="0" fileid="3" />
            </Method>
          </Methods>
        </Class>
        <Class>
          <Summary numSequencePoints="8" visitedSequencePoints="8" numBranchPoints="2" visitedBranchPoints="2" sequenceCoverage="100" branchCoverage="100" maxCyclomaticComplexity="1" minCyclomaticComplexity="1" maxCrapScore="2" minCrapScore="1" visitedClasses="1" numClasses="1" visitedMethods="2" numMethods="2" />
          <FullName>Homework.PresentationModel.Tests.SupplementFormPresentationModelTests</FullName>
          <Methods>
            <Method visited="true" cyclomaticComplexity="1" nPathComplexity="0" sequenceCoverage="100" branchCoverage="100" crapScore="1" isConstructor="false" isStatic="false" isGetter="false" isSetter="false">
              <Summary numSequencePoints="4" visitedSequencePoints="4" numBranchPoints="1" visitedBranchPoints="1" sequenceCoverage="100" branchCoverage="100" maxCyclomaticComplexity="1" minCyclomaticComplexity="1" maxCrapScore="1" minCrapScore="1" visitedClasses="0" numClasses="0" visitedMethods="1" numMethods="1" />
              <MetadataToken>100663328</MetadataToken>
              <Name>System.Void Homework.PresentationModel.Tests.SupplementFormPresentationModelTests::Initialize()</Name>
              <FileRef uid="4" />
              <SequencePoints>
                <SequencePoint vc="1" uspid="183" ordinal="0" offset="0" sl="19" sc="9" el="19" ec="10" bec="0" bev="0" fileid="4" />
                <SequencePoint vc="1" uspid="184" ordinal="1" offset="1" sl="20" sc="13" el="20" ec="55" bec="0" bev="0" fileid="4" />
                <SequencePoint vc="1" uspid="185" ordinal="2" offset="17" sl="21" sc="13" el="21" ec="76" bec="0" bev="0" fileid="4" />
                <SequencePoint vc="1" uspid="186" ordinal="3" offset="34" sl="22" sc="9" el="22" ec="10" bec="0" bev="0" fileid="4" />
              </SequencePoints>
              <BranchPoints />
              <MethodPoint xsi:type="SequencePoint" vc="1" uspid="183" ordinal="0" offset="0" sl="19" sc="9" el="19" ec="10" bec="0" bev="0" fileid="4" />
            </Method>
            <Method visited="true" cyclomaticComplexity="1" nPathComplexity="0" sequenceCoverage="100" branchCoverage="100" crapScore="1" isConstructor="false" isStatic="false" isGetter="false" isSetter="false">
              <Summary numSequencePoints="4" visitedSequencePoints="4" numBranchPoints="1" visitedBranchPoints="1" sequenceCoverage="100" branchCoverage="100" maxCyclomaticComplexity="1" minCyclomaticComplexity="1" maxCrapScore="1" minCrapScore="1" visitedClasses="0" numClasses="0" visitedMethods="1" numMethods="1" />
              <MetadataToken>100663329</MetadataToken>
              <Name>System.Void Homework.PresentationModel.Tests.SupplementFormPresentationModelTests::ReturnCountTest()</Name>
              <FileRef uid="4" />
              <SequencePoints>
                <SequencePoint vc="1" uspid="187" ordinal="0" offset="0" sl="26" sc="9" el="26" ec="10" bec="0" bev="0" fileid="4" />
                <SequencePoint vc="1" uspid="188" ordinal="1" offset="1" sl="27" sc="13" el="27" ec="67" bec="0" bev="0" fileid="4" />
                <SequencePoint vc="1" uspid="189" ordinal="2" offset="24" sl="28" sc="13" el="28" ec="68" bec="0" bev="0" fileid="4" />
                <SequencePoint vc="1" uspid="190" ordinal="3" offset="47" sl="29" sc="9" el="29" ec="10" bec="0" bev="0" fileid="4" />
              </SequencePoints>
              <BranchPoints />
              <MethodPoint xsi:type="SequencePoint" vc="1" uspid="187" ordinal="0" offset="0" sl="26" sc="9" el="26" ec="10" bec="0" bev="0" fileid="4" />
            </Method>
            <Method visited="false" cyclomaticComplexity="1" nPathComplexity="0" sequenceCoverage="0" branchCoverage="0" crapScore="2" isConstructor="true" isStatic="false" isGetter="false" isSetter="false">
              <Summary numSequencePoints="0" visitedSequencePoints="0" numBranchPoints="0" visitedBranchPoints="0" sequenceCoverage="0" branchCoverage="0" maxCyclomaticComplexity="1" minCyclomaticComplexity="1" maxCrapScore="2" minCrapScore="2" visitedClasses="0" numClasses="0" visitedMethods="0" numMethods="0" />
              <MetadataToken>100663330</MetadataToken>
              <Name>System.Void Homework.PresentationModel.Tests.SupplementFormPresentationModelTests::.ctor()</Name>
              <SequencePoints />
              <BranchPoints />
              <MethodPoint vc="0" uspid="191" ordinal="0" offset="0" />
            </Method>
          </Methods>
        </Class>
        <Class>
          <Summary numSequencePoints="30" visitedSequencePoints="30" numBranchPoints="7" visitedBranchPoints="7" sequenceCoverage="100" branchCoverage="100" maxCyclomaticComplexity="1" minCyclomaticComplexity="1" maxCrapScore="1" minCrapScore="1" visitedClasses="1" numClasses="1" visitedMethods="7" numMethods="7" />
          <FullName>Homework.Tests.BookCategoryTests</FullName>
          <Methods>
            <Method visited="true" cyclomaticComplexity="1" nPathComplexity="0" sequenceCoverage="100" branchCoverage="100" crapScore="1" isConstructor="false" isStatic="false" isGetter="false" isSetter="false">
              <Summary numSequencePoints="5" visitedSequencePoints="5" numBranchPoints="1" visitedBranchPoints="1" sequenceCoverage="100" branchCoverage="100" maxCyclomaticComplexity="1" minCyclomaticComplexity="1" maxCrapScore="1" minCrapScore="1" visitedClasses="0" numClasses="0" visitedMethods="1" numMethods="1" />
              <MetadataToken>100663331</MetadataToken>
              <Name>System.Void Homework.Tests.BookCategoryTests::Initialize()</Name>
              <FileRef uid="5" />
              <SequencePoints>
                <SequencePoint vc="5" uspid="192" ordinal="0" offset="0" sl="22" sc="9" el="22" ec="10" bec="0" bev="0" fileid="5" />
                <SequencePoint vc="5" uspid="193" ordinal="1" offset="1" sl="23" sc="13" el="23" ec="29" bec="0" bev="0" fileid="5" />
                <SequencePoint vc="5" uspid="194" ordinal="2" offset="19" sl="24" sc="13" el="24" ec="47" bec="0" bev="0" fileid="5" />
                <SequencePoint vc="5" uspid="195" ordinal="3" offset="36" sl="25" sc="13" el="25" ec="55" bec="0" bev="0" fileid="5" />
                <SequencePoint vc="5" uspid="196" ordinal="4" offset="59" sl="26" sc="9" el="26" ec="10" bec="0" bev="0" fileid="5" />
              </SequencePoints>
              <BranchPoints />
              <MethodPoint xsi:type="SequencePoint" vc="5" uspid="192" ordinal="0" offset="0" sl="22" sc="9" el="22" ec="10" bec="0" bev="0" fileid="5" />
            </Method>
            <Method visited="true" cyclomaticComplexity="1" nPathComplexity="0" sequenceCoverage="100" branchCoverage="100" crapScore="1" isConstructor="false" isStatic="false" isGetter="false" isSetter="false">
              <Summary numSequencePoints="5" visitedSequencePoints="5" numBranchPoints="1" visitedBranchPoints="1" sequenceCoverage="100" branchCoverage="100" maxCyclomaticComplexity="1" minCyclomaticComplexity="1" maxCrapScore="1" minCrapScore="1" visitedClasses="0" numClasses="0" visitedMethods="1" numMethods="1" />
              <MetadataToken>100663332</MetadataToken>
              <Name>System.Void Homework.Tests.BookCategoryTests::BookCategoryTest()</Name>
              <FileRef uid="5" />
              <SequencePoints>
                <SequencePoint vc="1" uspid="197" ordinal="0" offset="0" sl="30" sc="9" el="30" ec="10" bec="0" bev="0" fileid="5" />
                <SequencePoint vc="1" uspid="198" ordinal="1" offset="1" sl="31" sc="13" el="31" ec="63" bec="0" bev="0" fileid="5" />
                <SequencePoint vc="1" uspid="199" ordinal="2" offset="24" sl="32" sc="13" el="32" ec="64" bec="0" bev="0" fileid="5" />
                <SequencePoint vc="1" uspid="200" ordinal="3" offset="47" sl="33" sc="13" el="33" ec="110" bec="0" bev="0" fileid="5" />
                <SequencePoint vc="1" uspid="201" ordinal="4" offset="86" sl="34" sc="9" el="34" ec="10" bec="0" bev="0" fileid="5" />
              </SequencePoints>
              <BranchPoints />
              <MethodPoint xsi:type="SequencePoint" vc="1" uspid="197" ordinal="0" offset="0" sl="30" sc="9" el="30" ec="10" bec="0" bev="0" fileid="5" />
            </Method>
            <Method visited="true" cyclomaticComplexity="1" nPathComplexity="0" sequenceCoverage="100" branchCoverage="100" crapScore="1" isConstructor="false" isStatic="false" isGetter="false" isSetter="false">
              <Summary numSequencePoints="4" visitedSequencePoints="4" numBranchPoints="1" visitedBranchPoints="1" sequenceCoverage="100" branchCoverage="100" maxCyclomaticComplexity="1" minCyclomaticComplexity="1" maxCrapScore="1" minCrapScore="1" visitedClasses="0" numClasses="0" visitedMethods="1" numMethods="1" />
              <MetadataToken>100663333</MetadataToken>
              <Name>System.Void Homework.Tests.BookCategoryTests::AddBookTest()</Name>
              <FileRef uid="5" />
              <SequencePoints>
                <SequencePoint vc="1" uspid="202" ordinal="0" offset="0" sl="38" sc="9" el="38" ec="10" bec="0" bev="0" fileid="5" />
                <SequencePoint vc="1" uspid="203" ordinal="1" offset="1" sl="39" sc="13" el="39" ec="36" bec="0" bev="0" fileid="5" />
                <SequencePoint vc="1" uspid="204" ordinal="2" offset="19" sl="40" sc="13" el="40" ec="110" bec="0" bev="0" fileid="5" />
                <SequencePoint vc="1" uspid="205" ordinal="3" offset="58" sl="41" sc="9" el="41" ec="10" bec="0" bev="0" fileid="5" />
              </SequencePoints>
              <BranchPoints />
              <MethodPoint xsi:type="SequencePoint" vc="1" uspid="202" ordinal="0" offset="0" sl="38" sc="9" el="38" ec="10" bec="0" bev="0" fileid="5" />
            </Method>
            <Method visited="true" cyclomaticComplexity="1" nPathComplexity="0" sequenceCoverage="100" branchCoverage="100" crapScore="1" isConstructor="false" isStatic="false" isGetter="false" isSetter="false">
              <Summary numSequencePoints="6" visitedSequencePoints="6" numBranchPoints="1" visitedBranchPoints="1" sequenceCoverage="100" branchCoverage="100" maxCyclomaticComplexity="1" minCyclomaticComplexity="1" maxCrapScore="1" minCrapScore="1" visitedClasses="0" numClasses="0" visitedMethods="1" numMethods="1" />
              <MetadataToken>100663334</MetadataToken>
              <Name>System.Void Homework.Tests.BookCategoryTests::DeleteBookTest()</Name>
              <FileRef uid="5" />
              <SequencePoints>
                <SequencePoint vc="1" uspid="206" ordinal="0" offset="0" sl="45" sc="9" el="45" ec="10" bec="0" bev="0" fileid="5" />
                <SequencePoint vc="1" uspid="207" ordinal="1" offset="1" sl="46" sc="13" el="46" ec="70" bec="0" bev="0" fileid="5" />
                <SequencePoint vc="1" uspid="208" ordinal="2" offset="32" sl="47" sc="13" el="47" ec="38" bec="0" bev="0" fileid="5" />
                <SequencePoint vc="1" uspid="209" ordinal="3" offset="45" sl="48" sc="13" el="48" ec="41" bec="0" bev="0" fileid="5" />
                <SequencePoint vc="1" uspid="210" ordinal="4" offset="58" sl="49" sc="13" el="49" ec="110" bec="0" bev="0" fileid="5" />
                <SequencePoint vc="1" uspid="211" ordinal="5" offset="97" sl="50" sc="9" el="50" ec="10" bec="0" bev="0" fileid="5" />
              </SequencePoints>
              <BranchPoints />
              <MethodPoint xsi:type="SequencePoint" vc="1" uspid="206" ordinal="0" offset="0" sl="45" sc="9" el="45" ec="10" bec="0" bev="0" fileid="5" />
            </Method>
            <Method visited="true" cyclomaticComplexity="1" nPathComplexity="0" sequenceCoverage="100" branchCoverage="100" crapScore="1" isConstructor="false" isStatic="false" isGetter="false" isSetter="false">
              <Summary numSequencePoints="4" visitedSequencePoints="4" numBranchPoints="1" visitedBranchPoints="1" sequenceCoverage="100" branchCoverage="100" maxCyclomaticComplexity="1" minCyclomaticComplexity="1" maxCrapScore="1" minCrapScore="1" visitedClasses="0" numClasses="0" visitedMethods="1" numMethods="1" />
              <MetadataToken>100663335</MetadataToken>
              <Name>System.Void Homework.Tests.BookCategoryTests::SetCategoryNameTest()</Name>
              <FileRef uid="5" />
              <SequencePoints>
                <SequencePoint vc="1" uspid="212" ordinal="0" offset="0" sl="54" sc="9" el="54" ec="10" bec="0" bev="0" fileid="5" />
                <SequencePoint vc="1" uspid="213" ordinal="1" offset="1" sl="55" sc="13" el="55" ec="47" bec="0" bev="0" fileid="5" />
                <SequencePoint vc="1" uspid="214" ordinal="2" offset="18" sl="56" sc="13" el="56" ec="66" bec="0" bev="0" fileid="5" />
                <SequencePoint vc="1" uspid="215" ordinal="3" offset="40" sl="57" sc="9" el="57" ec="10" bec="0" bev="0" fileid="5" />
              </SequencePoints>
              <BranchPoints />
              <MethodPoint xsi:type="SequencePoint" vc="1" uspid="212" ordinal="0" offset="0" sl="54" sc="9" el="54" ec="10" bec="0" bev="0" fileid="5" />
            </Method>
            <Method visited="true" cyclomaticComplexity="1" nPathComplexity="0" sequenceCoverage="100" branchCoverage="100" crapScore="1" isConstructor="false" isStatic="false" isGetter="false" isSetter="false">
              <Summary numSequencePoints="3" visitedSequencePoints="3" numBranchPoints="1" visitedBranchPoints="1" sequenceCoverage="100" branchCoverage="100" maxCyclomaticComplexity="1" minCyclomaticComplexity="1" maxCrapScore="1" minCrapScore="1" visitedClasses="0" numClasses="0" visitedMethods="1" numMethods="1" />
              <MetadataToken>100663336</MetadataToken>
              <Name>System.Void Homework.Tests.BookCategoryTests::GetBookCountTest()</Name>
              <FileRef uid="5" />
              <SequencePoints>
                <SequencePoint vc="1" uspid="216" ordinal="0" offset="0" sl="61" sc="9" el="61" ec="10" bec="0" bev="0" fileid="5" />
                <SequencePoint vc="1" uspid="217" ordinal="1" offset="1" sl="62" sc="13" el="62" ec="58" bec="0" bev="0" fileid="5" />
                <SequencePoint vc="1" uspid="218" ordinal="2" offset="19" sl="63" sc="9" el="63" ec="10" bec="0" bev="0" fileid="5" />
              </SequencePoints>
              <BranchPoints />
              <MethodPoint xsi:type="SequencePoint" vc="1" uspid="216" ordinal="0" offset="0" sl="61" sc="9" el="61" ec="10" bec="0" bev="0" fileid="5" />
            </Method>
            <Method visited="true" cyclomaticComplexity="1" nPathComplexity="0" sequenceCoverage="100" branchCoverage="100" crapScore="1" isConstructor="true" isStatic="false" isGetter="false" isSetter="false">
              <Summary numSequencePoints="3" visitedSequencePoints="3" numBranchPoints="1" visitedBranchPoints="1" sequenceCoverage="100" branchCoverage="100" maxCyclomaticComplexity="1" minCyclomaticComplexity="1" maxCrapScore="1" minCrapScore="1" visitedClasses="0" numClasses="0" visitedMethods="1" numMethods="1" />
              <MetadataToken>100663337</MetadataToken>
              <Name>System.Void Homework.Tests.BookCategoryTests::.ctor()</Name>
              <FileRef uid="5" />
              <SequencePoints>
                <SequencePoint vc="5" uspid="219" ordinal="0" offset="0" sl="16" sc="9" el="16" ec="29" bec="0" bev="0" fileid="5" />
                <SequencePoint vc="5" uspid="220" ordinal="1" offset="11" sl="17" sc="9" el="17" ec="55" bec="0" bev="0" fileid="5" />
                <SequencePoint vc="5" uspid="221" ordinal="2" offset="47" sl="18" sc="9" el="18" ec="53" bec="0" bev="0" fileid="5" />
              </SequencePoints>
              <BranchPoints />
              <MethodPoint xsi:type="SequencePoint" vc="5" uspid="219" ordinal="0" offset="0" sl="16" sc="9" el="16" ec="29" bec="0" bev="0" fileid="5" />
            </Method>
          </Methods>
        </Class>
        <Class>
          <Summary numSequencePoints="29" visitedSequencePoints="29" numBranchPoints="7" visitedBranchPoints="7" sequenceCoverage="100" branchCoverage="100" maxCyclomaticComplexity="1" minCyclomaticComplexity="1" maxCrapScore="2" minCrapScore="1" visitedClasses="1" numClasses="1" visitedMethods="7" numMethods="7" />
          <FullName>Homework.Tests.BookItemTests</FullName>
          <Methods>
            <Method visited="true" cyclomaticComplexity="1" nPathComplexity="0" sequenceCoverage="100" branchCoverage="100" crapScore="1" isConstructor="false" isStatic="false" isGetter="false" isSetter="false">
              <Summary numSequencePoints="5" visitedSequencePoints="5" numBranchPoints="1" visitedBranchPoints="1" sequenceCoverage="100" branchCoverage="100" maxCyclomaticComplexity="1" minCyclomaticComplexity="1" maxCrapScore="1" minCrapScore="1" visitedClasses="0" numClasses="0" visitedMethods="1" numMethods="1" />
              <MetadataToken>100663338</MetadataToken>
              <Name>System.Void Homework.Tests.BookItemTests::Initialize()</Name>
              <FileRef uid="6" />
              <SequencePoints>
                <SequencePoint vc="6" uspid="222" ordinal="0" offset="0" sl="20" sc="9" el="20" ec="10" bec="0" bev="0" fileid="6" />
                <SequencePoint vc="6" uspid="223" ordinal="1" offset="1" sl="21" sc="13" el="21" ec="49" bec="0" bev="0" fileid="6" />
                <SequencePoint vc="6" uspid="224" ordinal="2" offset="37" sl="22" sc="13" el="22" ec="39" bec="0" bev="0" fileid="6" />
                <SequencePoint vc="6" uspid="225" ordinal="3" offset="48" sl="23" sc="13" el="23" ec="47" bec="0" bev="0" fileid="6" />
                <SequencePoint vc="6" uspid="226" ordinal="4" offset="66" sl="24" sc="9" el="24" ec="10" bec="0" bev="0" fileid="6" />
              </SequencePoints>
              <BranchPoints />
              <MethodPoint xsi:type="SequencePoint" vc="6" uspid="222" ordinal="0" offset="0" sl="20" sc="9" el="20" ec="10" bec="0" bev="0" fileid="6" />
            </Method>
            <Method visited="true" cyclomaticComplexity="1" nPathComplexity="0" sequenceCoverage="100" branchCoverage="100" crapScore="1" isConstructor="false" isStatic="false" isGetter="false" isSetter="false">
              <Summary numSequencePoints="4" visitedSequencePoints="4" numBranchPoints="1" visitedBranchPoints="1" sequenceCoverage="100" branchCoverage="100" maxCyclomaticComplexity="1" minCyclomaticComplexity="1" maxCrapScore="1" minCrapScore="1" visitedClasses="0" numClasses="0" visitedMethods="1" numMethods="1" />
              <MetadataToken>100663339</MetadataToken>
              <Name>System.Void Homework.Tests.BookItemTests::BookItemTest()</Name>
              <FileRef uid="6" />
              <SequencePoints>
                <SequencePoint vc="1" uspid="227" ordinal="0" offset="0" sl="28" sc="9" el="28" ec="10" bec="0" bev="0" fileid="6" />
                <SequencePoint vc="1" uspid="228" ordinal="1" offset="1" sl="29" sc="13" el="29" ec="57" bec="0" bev="0" fileid="6" />
                <SequencePoint vc="1" uspid="229" ordinal="2" offset="19" sl="30" sc="13" el="30" ec="55" bec="0" bev="0" fileid="6" />
[...]
              <MethodPoint xsi:type="SequencePoint" vc="2" uspid="2733" ordinal="0" offset="0" sl="234" sc="37" el="234" ec="46" bec="0" bev="0" fileid="58" />
            </Method>
            <Method visited="true" cyclomaticComplexity="1" nPathComplexity="0" sequenceCoverage="100" branchCoverage="100" crapScore="1" isConstructor="false" isStatic="false" isGetter="false" isSetter="false">
              <Summary numSequencePoints="1" visitedSequencePoints="1" numBranchPoints="1" visitedBranchPoints="1" sequenceCoverage="100" branchCoverage="100" maxCyclomaticComplexity="1" minCyclomaticComplexity="1" maxCrapScore="1" minCrapScore="1" visitedClasses="0" numClasses="0" visitedMethods="1" numMethods="1" />
              <MetadataToken>100663575</MetadataToken>
              <Name>System.Boolean Homework.PresentationModel.BookBorrowingFormPresentationModel/&lt;&gt;c__DisplayClass33_0::&lt;ReturnList&gt;b__0(Homework.Book)</Name>
              <FileRef uid="58" />
              <SequencePoints>
                <SequencePoint vc="6" uspid="2734" ordinal="0" offset="0" sl="238" sc="68" el="238" ec="77" bec="0" bev="0" fileid="58" />
              </SequencePoints>
              <BranchPoints />
              <MethodPoint xsi:type="SequencePoint" vc="6" uspid="2734" ordinal="0" offset="0" sl="238" sc="68" el="238" ec="77" bec="0" bev="0" fileid="58" />
            </Method>
          </Methods>
        </Class>
        <Class>
          <Summary numSequencePoints="29" visitedSequencePoints="29" numBranchPoints="12" visitedBranchPoints="12" sequenceCoverage="100" branchCoverage="100" maxCyclomaticComplexity="2" minCyclomaticComplexity="1" maxCrapScore="2" minCrapScore="1" visitedClasses="1" numClasses="1" visitedMethods="8" numMethods="8" />
          <FullName>Homework.PresentationModel.BookInventoryFormPresentationModel</FullName>
          <Methods>
            <Method visited="true" cyclomaticComplexity="1" nPathComplexity="0" sequenceCoverage="100" branchCoverage="100" crapScore="1" isConstructor="false" isStatic="false" isGetter="true" isSetter="false">
              <Summary numSequencePoints="3" visitedSequencePoints="3" numBranchPoints="1" visitedBranchPoints="1" sequenceCoverage="100" branchCoverage="100" maxCyclomaticComplexity="1" minCyclomaticComplexity="1" maxCrapScore="1" minCrapScore="1" visitedClasses="0" numClasses="0" visitedMethods="1" numMethods="1" />
              <MetadataToken>100663534</MetadataToken>
              <Name>Homework.Book Homework.PresentationModel.BookInventoryFormPresentationModel::get_CurrentBook()</Name>
              <FileRef uid="60" />
              <SequencePoints>
                <SequencePoint vc="1" uspid="2735" ordinal="0" offset="0" sl="33" sc="13" el="33" ec="14" bec="0" bev="0" fileid="60" />
                <SequencePoint vc="1" uspid="2736" ordinal="1" offset="1" sl="34" sc="17" el="34" ec="37" bec="0" bev="0" fileid="60" />
                <SequencePoint vc="1" uspid="2737" ordinal="2" offset="10" sl="35" sc="13" el="35" ec="14" bec="0" bev="0" fileid="60" />
              </SequencePoints>
              <BranchPoints />
              <MethodPoint xsi:type="SequencePoint" vc="1" uspid="2735" ordinal="0" offset="0" sl="33" sc="13" el="33" ec="14" bec="0" bev="0" fileid="60" />
            </Method>
            <Method visited="true" cyclomaticComplexity="1" nPathComplexity="0" sequenceCoverage="100" branchCoverage="100" crapScore="1" isConstructor="false" isStatic="false" isGetter="false" isSetter="true">
              <Summary numSequencePoints="3" visitedSequencePoints="3" numBranchPoints="1" visitedBranchPoints="1" sequenceCoverage="100" branchCoverage="100" maxCyclomaticComplexity="1" minCyclomaticComplexity="1" maxCrapScore="1" minCrapScore="1" visitedClasses="0" numClasses="0" visitedMethods="1" numMethods="1" />
              <MetadataToken>100663535</MetadataToken>
              <Name>System.Void Homework.PresentationModel.BookInventoryFormPresentationModel::set_CurrentBook(Homework.Book)</Name>
              <FileRef uid="60" />
              <SequencePoints>
                <SequencePoint vc="4" uspid="2738" ordinal="0" offset="0" sl="37" sc="13" el="37" ec="14" bec="0" bev="0" fileid="60" />
                <SequencePoint vc="4" uspid="2739" ordinal="1" offset="1" sl="38" sc="17" el="38" ec="38" bec="0" bev="0" fileid="60" />
                <SequencePoint vc="4" uspid="2740" ordinal="2" offset="8" sl="39" sc="13" el="39" ec="14" bec="0" bev="0" fileid="60" />
              </SequencePoints>
              <BranchPoints />
              <MethodPoint xsi:type="SequencePoint" vc="4" uspid="2738" ordinal="0" offset="0" sl="37" sc="13" el="37" ec="14" bec="0" bev="0" fileid="60" />
            </Method>
            <Method visited="true" cyclomaticComplexity="1" nPathComplexity="0" sequenceCoverage="100" branchCoverage="100" crapScore="1" isConstructor="true" isStatic="false" isGetter="false" isSetter="false">
              <Summary numSequencePoints="4" visitedSequencePoints="4" numBranchPoints="1" visitedBranchPoints="1" sequenceCoverage="100" branchCoverage="100" maxCyclomaticComplexity="1" minCyclomaticComplexity="1" maxCrapScore="1" minCrapScore="1" visitedClasses="0" numClasses="0" visitedMethods="1" numMethods="1" />
              <MetadataToken>100663532</MetadataToken>
              <Name>System.Void Homework.PresentationModel.BookInventoryFormPresentationModel::.ctor(Homework.Model)</Name>
              <FileRef uid="60" />
              <SequencePoints>
                <SequencePoint vc="5" uspid="2741" ordinal="0" offset="0" sl="15" sc="9" el="15" ec="63" bec="0" bev="0" fileid="60" />
                <SequencePoint vc="5" uspid="2742" ordinal="1" offset="7" sl="16" sc="9" el="16" ec="10" bec="0" bev="0" fileid="60" />
                <SequencePoint vc="5" uspid="2743" ordinal="2" offset="8" sl="17" sc="13" el="17" ec="33" bec="0" bev="0" fileid="60" />
                <SequencePoint vc="5" uspid="2744" ordinal="3" offset="15" sl="18" sc="9" el="18" ec="10" bec="0" bev="0" fileid="60" />
              </SequencePoints>
              <BranchPoints />
              <MethodPoint xsi:type="SequencePoint" vc="5" uspid="2741" ordinal="0" offset="0" sl="15" sc="9" el="15" ec="63" bec="0" bev="0" fileid="60" />
            </Method>
            <Method visited="true" cyclomaticComplexity="1" nPathComplexity="0" sequenceCoverage="100" branchCoverage="100" crapScore="1" isConstructor="false" isStatic="false" isGetter="false" isSetter="false">
              <Summary numSequencePoints="3" visitedSequencePoints="3" numBranchPoints="1" visitedBranchPoints="1" sequenceCoverage="100" branchCoverage="100" maxCyclomaticComplexity="1" minCyclomaticComplexity="1" maxCrapScore="1" minCrapScore="1" visitedClasses="0" numClasses="0" visitedMethods="1" numMethods="1" />
              <MetadataToken>100663533</MetadataToken>
              <Name>System.String Homework.PresentationModel.BookInventoryFormPresentationModel::GetContent(System.String,System.String,System.String)</Name>
              <FileRef uid="60" />
              <SequencePoints>
                <SequencePoint vc="1" uspid="2745" ordinal="0" offset="0" sl="22" sc="9" el="22" ec="10" bec="0" bev="0" fileid="60" />
                <SequencePoint vc="1" uspid="2746" ordinal="1" offset="1" sl="27" sc="13" el="27" ec="121" bec="0" bev="0" fileid="60" />
                <SequencePoint vc="1" uspid="2747" ordinal="2" offset="51" sl="28" sc="9" el="28" ec="10" bec="0" bev="0" fileid="60" />
              </SequencePoints>
              <BranchPoints />
              <MethodPoint xsi:type="SequencePoint" vc="1" uspid="2745" ordinal="0" offset="0" sl="22" sc="9" el="22" ec="10" bec="0" bev="0" fileid="60" />
            </Method>
            <Method visited="true" cyclomaticComplexity="1" nPathComplexity="0" sequenceCoverage="100" branchCoverage="100" crapScore="1" isConstructor="false" isStatic="false" isGetter="false" isSetter="false">
              <Summary numSequencePoints="3" visitedSequencePoints="3" numBranchPoints="1" visitedBranchPoints="1" sequenceCoverage="100" branchCoverage="100" maxCyclomaticComplexity="1" minCyclomaticComplexity="1" maxCrapScore="1" minCrapScore="1" visitedClasses="0" numClasses="0" visitedMethods="1" numMethods="1" />
              <MetadataToken>100663536</MetadataToken>
              <Name>System.String Homework.PresentationModel.BookInventoryFormPresentationModel::GetImage()</Name>
              <FileRef uid="60" />
              <SequencePoints>
                <SequencePoint vc="1" uspid="2748" ordinal="0" offset="0" sl="44" sc="9" el="44" ec="10" bec="0" bev="0" fileid="60" />
                <SequencePoint vc="1" uspid="2749" ordinal="1" offset="1" sl="45" sc="13" el="45" ec="44" bec="0" bev="0" fileid="60" />
                <SequencePoint vc="1" uspid="2750" ordinal="2" offset="15" sl="46" sc="9" el="46" ec="10" bec="0" bev="0" fileid="60" />
              </SequencePoints>
              <BranchPoints />
              <MethodPoint xsi:type="SequencePoint" vc="1" uspid="2748" ordinal="0" offset="0" sl="44" sc="9" el="44" ec="10" bec="0" bev="0" fileid="60" />
            </Method>
            <Method visited="true" cyclomaticComplexity="1" nPathComplexity="0" sequenceCoverage="100" branchCoverage="100" crapScore="1" isConstructor="false" isStatic="false" isGetter="false" isSetter="false">
              <Summary numSequencePoints="3" visitedSequencePoints="3" numBranchPoints="1" visitedBranchPoints="1" sequenceCoverage="100" branchCoverage="100" maxCyclomaticComplexity="1" minCyclomaticComplexity="1" maxCrapScore="1" minCrapScore="1" visitedClasses="0" numClasses="0" visitedMethods="1" numMethods="1" />
              <MetadataToken>100663537</MetadataToken>
              <Name>System.String Homework.PresentationModel.BookInventoryFormPresentationModel::GetContentText()</Name>
              <FileRef uid="60" />
              <SequencePoints>
                <SequencePoint vc="1" uspid="2751" ordinal="0" offset="0" sl="50" sc="9" el="50" ec="10" bec="0" bev="0" fileid="60" />
                <SequencePoint vc="1" uspid="2752" ordinal="1" offset="1" sl="51" sc="13" el="51" ec="49" bec="0" bev="0" fileid="60" />
                <SequencePoint vc="1" uspid="2753" ordinal="2" offset="15" sl="52" sc="9" el="52" ec="10" bec="0" bev="0" fileid="60" />
              </SequencePoints>
              <BranchPoints />
              <MethodPoint xsi:type="SequencePoint" vc="1" uspid="2751" ordinal="0" offset="0" sl="50" sc="9" el="50" ec="10" bec="0" bev="0" fileid="60" />
            </Method>
            <Method visited="true" cyclomaticComplexity="2" nPathComplexity="2" sequenceCoverage="100" branchCoverage="100" crapScore="2" isConstructor="false" isStatic="false" isGetter="false" isSetter="false">
              <Summary numSequencePoints="5" visitedSequencePoints="5" numBranchPoints="3" visitedBranchPoints="3" sequenceCoverage="100" branchCoverage="100" maxCyclomaticComplexity="2" minCyclomaticComplexity="2" maxCrapScore="2" minCrapScore="2" visitedClasses="0" numClasses="0" visitedMethods="1" numMethods="1" />
              <MetadataToken>100663538</MetadataToken>
              <Name>System.String Homework.PresentationModel.BookInventoryFormPresentationModel::GetName()</Name>
              <FileRef uid="60" />
              <SequencePoints>
                <SequencePoint vc="4" uspid="2754" ordinal="0" offset="0" sl="56" sc="9" el="56" ec="10" bec="0" bev="0" fileid="60" />
                <SequencePoint vc="4" uspid="2755" ordinal="1" offset="1" sl="57" sc="13" el="57" ec="38" bec="2" bev="2" fileid="60" />
                <SequencePoint vc="2" uspid="2756" ordinal="2" offset="14" sl="58" sc="17" el="58" ec="47" bec="0" bev="0" fileid="60" />
                <SequencePoint vc="2" uspid="2757" ordinal="3" offset="28" sl="60" sc="17" el="60" ec="27" bec="0" bev="0" fileid="60" />
                <SequencePoint vc="4" uspid="2758" ordinal="4" offset="36" sl="61" sc="9" el="61" ec="10" bec="0" bev="0" fileid="60" />
              </SequencePoints>
              <BranchPoints>
                <BranchPoint vc="2" uspid="2759" ordinal="0" offset="12" sl="57" path="0" offsetend="14" fileid="60" />
                <BranchPoint vc="2" uspid="2760" ordinal="1" offset="12" sl="57" path="1" offsetend="28" fileid="60" />
              </BranchPoints>
              <MethodPoint xsi:type="SequencePoint" vc="4" uspid="2754" ordinal="0" offset="0" sl="56" sc="9" el="56" ec="10" bec="0" bev="0" fileid="60" />
            </Method>
            <Method visited="true" cyclomaticComplexity="2" nPathComplexity="2" sequenceCoverage="100" branchCoverage="100" crapScore="2" isConstructor="false" isStatic="false" isGetter="false" isSetter="false">
              <Summary numSequencePoints="5" visitedSequencePoints="5" numBranchPoints="3" visitedBranchPoints="3" sequenceCoverage="100" branchCoverage="100" maxCyclomaticComplexity="2" minCyclomaticComplexity="2" maxCrapScore="2" minCrapScore="2" visitedClasses="0" numClasses="0" visitedMethods="1" numMethods="1" />
              <MetadataToken>100663539</MetadataToken>
              <Name>System.Boolean Homework.PresentationModel.BookInventoryFormPresentationModel::IsCurrentIndex(System.String)</Name>
              <FileRef uid="60" />
              <SequencePoints>
                <SequencePoint vc="2" uspid="2761" ordinal="0" offset="0" sl="65" sc="9" el="65" ec="10" bec="0" bev="0" fileid="60" />
                <SequencePoint vc="2" uspid="2762" ordinal="1" offset="1" sl="66" sc="13" el="66" ec="39" bec="2" bev="2" fileid="60" />
                <SequencePoint vc="1" uspid="2763" ordinal="2" offset="17" sl="67" sc="17" el="67" ec="29" bec="0" bev="0" fileid="60" />
                <SequencePoint vc="1" uspid="2764" ordinal="3" offset="21" sl="69" sc="17" el="69" ec="30" bec="0" bev="0" fileid="60" />
                <SequencePoint vc="2" uspid="2765" ordinal="4" offset="25" sl="70" sc="9" el="70" ec="10" bec="0" bev="0" fileid="60" />
              </SequencePoints>
              <BranchPoints>
                <BranchPoint vc="1" uspid="2766" ordinal="0" offset="15" sl="66" path="0" offsetend="17" fileid="60" />
                <BranchPoint vc="1" uspid="2767" ordinal="1" offset="15" sl="66" path="1" offsetend="21" fileid="60" />
              </BranchPoints>
              <MethodPoint xsi:type="SequencePoint" vc="2" uspid="2761" ordinal="0" offset="0" sl="65" sc="9" el="65" ec="10" bec="0" bev="0" fileid="60" />
            </Method>
          </Methods>
        </Class>
        <Class>
          <Summary numSequencePoints="0" visitedSequencePoints="0" numBranchPoints="0" visitedBranchPoints="0" sequenceCoverage="0" branchCoverage="0" maxCyclomaticComplexity="1" minCyclomaticComplexity="1" maxCrapScore="2" minCrapScore="2" visitedClasses="0" numClasses="0" visitedMethods="0" numMethods="0" />
          <FullName>Homework.PresentationModel.MenuFormPresentationModel</FullName>
          <Methods>
            <Method visited="false" cyclomaticComplexity="1" nPathComplexity="0" sequenceCoverage="0" branchCoverage="0" crapScore="2" isConstructor="true" isStatic="false" isGetter="false" isSetter="false">
              <Summary numSequencePoints="0" visitedSequencePoints="0" numBranchPoints="0" visitedBranchPoints="0" sequenceCoverage="0" branchCoverage="0" maxCyclomaticComplexity="1" minCyclomaticComplexity="1" maxCrapScore="2" minCrapScore="2" visitedClasses="0" numClasses="0" visitedMethods="0" numMethods="0" />
              <MetadataToken>100663540</MetadataToken>
              <Name>System.Void Homework.PresentationModel.MenuFormPresentationModel::.ctor()</Name>
              <SequencePoints />
              <BranchPoints />
              <MethodPoint vc="0" uspid="2768" ordinal="0" offset="0" />
            </Method>
          </Methods>
        </Class>
        <Class>
          <Summary numSequencePoints="9" visitedSequencePoints="9" numBranchPoints="4" visitedBranchPoints="4" sequenceCoverage="100" branchCoverage="100" maxCyclomaticComplexity="2" minCyclomaticComplexity="1" maxCrapScore="2" minCrapScore="1" visitedClasses="1" numClasses="1" visitedMethods="2" numMethods="2" />
          <FullName>Homework.PresentationModel.SupplementFormPresentationModel</FullName>
          <Methods>
            <Method visited="true" cyclomaticComplexity="1" nPathComplexity="0" sequenceCoverage="100" branchCoverage="100" crapScore="1" isConstructor="true" isStatic="false" isGetter="false" isSetter="false">
              <Summary numSequencePoints="4" visitedSequencePoints="4" numBranchPoints="1" visitedBranchPoints="1" sequenceCoverage="100" branchCoverage="100" maxCyclomaticComplexity="1" minCyclomaticComplexity="1" maxCrapScore="1" minCrapScore="1" visitedClasses="0" numClasses="0" visitedMethods="1" numMethods="1" />
              <MetadataToken>100663541</MetadataToken>
              <Name>System.Void Homework.PresentationModel.SupplementFormPresentationModel::.ctor(Homework.Model)</Name>
              <FileRef uid="61" />
              <SequencePoints>
                <SequencePoint vc="1" uspid="2769" ordinal="0" offset="0" sl="13" sc="9" el="13" ec="60" bec="0" bev="0" fileid="61" />
                <SequencePoint vc="1" uspid="2770" ordinal="1" offset="7" sl="14" sc="9" el="14" ec="10" bec="0" bev="0" fileid="61" />
                <SequencePoint vc="1" uspid="2771" ordinal="2" offset="8" sl="15" sc="13" el="15" ec="28" bec="0" bev="0" fileid="61" />
                <SequencePoint vc="1" uspid="2772" ordinal="3" offset="15" sl="16" sc="9" el="16" ec="10" bec="0" bev="0" fileid="61" />
              </SequencePoints>
              <BranchPoints />
              <MethodPoint xsi:type="SequencePoint" vc="1" uspid="2769" ordinal="0" offset="0" sl="13" sc="9" el="13" ec="60" bec="0" bev="0" fileid="61" />
            </Method>
            <Method visited="true" cyclomaticComplexity="2" nPathComplexity="2" sequenceCoverage="100" branchCoverage="100" crapScore="2" isConstructor="false" isStatic="false" isGetter="false" isSetter="false">
              <Summary numSequencePoints="5" visitedSequencePoints="5" numBranchPoints="3" visitedBranchPoints="3" sequenceCoverage="100" branchCoverage="100" maxCyclomaticComplexity="2" minCyclomaticComplexity="2" maxCrapScore="2" minCrapScore="2" visitedClasses="0" numClasses="0" visitedMethods="1" numMethods="1" />
              <MetadataToken>100663542</MetadataToken>
              <Name>System.Int32 Homework.PresentationModel.SupplementFormPresentationModel::ReturnCount(System.String)</Name>
              <FileRef uid="61" />
              <SequencePoints>
                <SequencePoint vc="2" uspid="2773" ordinal="0" offset="0" sl="20" sc="9" el="20" ec="10" bec="0" bev="0" fileid="61" />
                <SequencePoint vc="2" uspid="2774" ordinal="1" offset="1" sl="21" sc="13" el="21" ec="30" bec="2" bev="2" fileid="61" />
                <SequencePoint vc="1" uspid="2775" ordinal="2" offset="16" sl="22" sc="17" el="22" ec="26" bec="0" bev="0" fileid="61" />
                <SequencePoint vc="1" uspid="2776" ordinal="3" offset="20" sl="24" sc="17" el="24" ec="42" bec="0" bev="0" fileid="61" />
                <SequencePoint vc="2" uspid="2777" ordinal="4" offset="29" sl="25" sc="9" el="25" ec="10" bec="0" bev="0" fileid="61" />
              </SequencePoints>
              <BranchPoints>
                <BranchPoint vc="1" uspid="2778" ordinal="0" offset="14" sl="21" path="0" offsetend="16" fileid="61" />
                <BranchPoint vc="1" uspid="2779" ordinal="1" offset="14" sl="21" path="1" offsetend="20" fileid="61" />
              </BranchPoints>
              <MethodPoint xsi:type="SequencePoint" vc="2" uspid="2773" ordinal="0" offset="0" sl="20" sc="9" el="20" ec="10" bec="0" bev="0" fileid="61" />
            </Method>
          </Methods>
        </Class>
      </Classes>
    </Module>
  </Modules>
</CoverageSession>