TpTrace Verbose: 0 : 45512, 1, 2022/12/05, 18:09:37.539, 10225281061904, vstest.console.dll, Version: 16.11.0
TpTrace Information: 0 : 45512, 1, 2022/12/05, 18:09:37.544, 10225281106155, vstest.console.dll, FilePatternParser: The given file C:\Users\kerueilin9\Desktop\Document\window_design\HW6_f\DrawingForm\ClassLibraryTests\bin\Debug\.netcoreapp,version=v3.1\fine-code-coverage\build-output\ClassLibraryTests.dll is a full path.
TpTrace Verbose: 0 : 45512, 1, 2022/12/05, 18:09:37.547, 10225281130852, vstest.console.dll, TestPluginCache.DiscoverTestExtensions: finding test extensions in assemblies ends with: RuntimeProvider.dll TPluginInfo: Microsoft.VisualStudio.TestPlatform.Common.ExtensionFramework.Utilities.TestRuntimePluginInformation TExtension: Microsoft.VisualStudio.TestPlatform.ObjectModel.Host.ITestRuntimeProvider
TpTrace Verbose: 0 : 45512, 1, 2022/12/05, 18:09:37.547, 10225281134521, vstest.console.dll, TestPluginCache.GetExtensionPaths: Filtered extension paths: 
TpTrace Verbose: 0 : 45512, 1, 2022/12/05, 18:09:37.547, 10225281135011, vstest.console.dll, TestPluginCache.GetExtensionPaths: Added default extension paths: C:\Program Files\dotnet\sdk\5.0.414\Extensions\Microsoft.Diagnostics.NETCore.Client.dll
C:\Program Files\dotnet\sdk\5.0.414\Extensions\Microsoft.TestPlatform.Extensions.BlameDataCollector.dll
C:\Program Files\dotnet\sdk\5.0.414\Extensions\Microsoft.TestPlatform.Extensions.EventLogCollector.dll
C:\Program Files\dotnet\sdk\5.0.414\Extensions\Microsoft.TestPlatform.TestHostRuntimeProvider.dll
C:\Program Files\dotnet\sdk\5.0.414\Extensions\Microsoft.VisualStudio.TestPlatform.Extensions.Html.TestLogger.dll
C:\Program Files\dotnet\sdk\5.0.414\Extensions\Microsoft.VisualStudio.TestPlatform.Extensions.Trx.TestLogger.dll
TpTrace Verbose: 0 : 45512, 1, 2022/12/05, 18:09:37.547, 10225281135159, vstest.console.dll, TestPluginCache.GetExtensionPaths: Added unfilterableExtensionPaths: 
TpTrace Information: 0 : 45512, 1, 2022/12/05, 18:09:37.548, 10225281138959, vstest.console.dll, AssemblyResolver.ctor: Creating AssemblyResolver with searchDirectories C:\Program Files\dotnet\sdk\5.0.414\Extensions,C:\Program Files\dotnet\sdk\5.0.414
TpTrace Verbose: 0 : 45512, 1, 2022/12/05, 18:09:37.548, 10225281145453, vstest.console.dll, TestPluginCache.DiscoverTestExtensions: Discovering the extensions using extension path.
TpTrace Verbose: 0 : 45512, 1, 2022/12/05, 18:09:37.548, 10225281146104, vstest.console.dll, TestPluginCache.GetExtensionPaths: Filtered extension paths: 
TpTrace Verbose: 0 : 45512, 1, 2022/12/05, 18:09:37.548, 10225281146278, vstest.console.dll, TestPluginCache.GetExtensionPaths: Added default extension paths: C:\Program Files\dotnet\sdk\5.0.414\Extensions\Microsoft.Diagnostics.NETCore.Client.dll
C:\Program Files\dotnet\sdk\5.0.414\Extensions\Microsoft.TestPlatform.Extensions.BlameDataCollector.dll
C:\Program Files\dotnet\sdk\5.0.414\Extensions\Microsoft.TestPlatform.Extensions.EventLogCollector.dll
C:\Program Files\dotnet\sdk\5.0.414\Extensions\Microsoft.TestPlatform.TestHostRuntimeProvider.dll
C:\Program Files\dotnet\sdk\5.0.414\Extensions\Microsoft.VisualStudio.TestPlatform.Extensions.Html.TestLogger.dll
C:\Program Files\dotnet\sdk\5.0.414\Extensions\Microsoft.VisualStudio.TestPlatform.Extensions.Trx.TestLogger.dll
TpTrace Verbose: 0 : 45512, 1, 2022/12/05, 18:09:37.548, 10225281146386, vstest.console.dll, TestPluginCache.GetExtensionPaths: Added unfilterableExtensionPaths: 
TpTrace Verbose: 0 : 45512, 1, 2022/12/05, 18:09:37.548, 10225281146623, vstest.console.dll, TestPluginCache.DiscoverTestExtensions: Discovering the extensions using allExtensionPaths: C:\Program Files\dotnet\sdk\5.0.414\Extensions\Microsoft.Diagnostics.NETCore.Client.dll
C:\Program Files\dotnet\sdk\5.0.414\Extensions\Microsoft.TestPlatform.Extensions.BlameDataCollector.dll
C:\Program Files\dotnet\sdk\5.0.414\Extensions\Microsoft.TestPlatform.Extensions.EventLogCollector.dll
C:\Program Files\dotnet\sdk\5.0.414\Extensions\Microsoft.TestPlatform.TestHostRuntimeProvider.dll
C:\Program Files\dotnet\sdk\5.0.414\Extensions\Microsoft.VisualStudio.TestPlatform.Extensions.Html.TestLogger.dll
C:\Program Files\dotnet\sdk\5.0.414\Extensions\Microsoft.VisualStudio.TestPlatform.Extensions.Trx.TestLogger.dll
TpTrace Information: 0 : 45512, 1, 2022/12/05, 18:09:37.548, 10225281147289, vstest.console.dll, AssemblyResolver.AddSearchDirectories: Adding more searchDirectories C:\Program Files\dotnet\sdk\5.0.414\Extensions,C:\Program Files\dotnet\sdk\5.0.414
TpTrace Information: 0 : 45512, 1, 2022/12/05, 18:09:37.548, 10225281147488, vstest.console.dll, AssemblyResolver.AddSearchDirectories: Adding more searchDirectories C:\Program Files\dotnet\sdk\5.0.414\Extensions,C:\Program Files\dotnet\sdk\5.0.414
TpTrace Information: 0 : 45512, 1, 2022/12/05, 18:09:37.548, 10225281147586, vstest.console.dll, AssemblyResolver.AddSearchDirectories: Adding more searchDirectories C:\Program Files\dotnet\sdk\5.0.414\Extensions,C:\Program Files\dotnet\sdk\5.0.414
TpTrace Information: 0 : 45512, 1, 2022/12/05, 18:09:37.548, 10225281147678, vstest.console.dll, AssemblyResolver.AddSearchDirectories: Adding more searchDirectories C:\Program Files\dotnet\sdk\5.0.414\Extensions,C:\Program Files\dotnet\sdk\5.0.414
TpTrace Information: 0 : 45512, 1, 2022/12/05, 18:09:37.548, 10225281147769, vstest.console.dll, AssemblyResolver.AddSearchDirectories: Adding more searchDirectories C:\Program Files\dotnet\sdk\5.0.414\Extensions,C:\Program Files\dotnet\sdk\5.0.414
TpTrace Information: 0 : 45512, 1, 2022/12/05, 18:09:37.548, 10225281147885, vstest.console.dll, AssemblyResolver.AddSearchDirectories: Adding more searchDirectories C:\Program Files\dotnet\sdk\5.0.414\Extensions,C:\Program Files\dotnet\sdk\5.0.414
TpTrace Information: 0 : 45512, 1, 2022/12/05, 18:09:37.549, 10225281149419, vstest.console.dll, AssemblyResolver.OnResolve: Microsoft.Diagnostics.NETCore.Client: Resolving assembly.
TpTrace Information: 0 : 45512, 1, 2022/12/05, 18:09:37.549, 10225281149660, vstest.console.dll, AssemblyResolver.OnResolve: Microsoft.Diagnostics.NETCore.Client: Searching in: 'C:\Program Files\dotnet\sdk\5.0.414\Extensions'.
TpTrace Information: 0 : 45512, 1, 2022/12/05, 18:09:37.549, 10225281153630, vstest.console.dll, AssemblyResolver.OnResolve: Microsoft.Diagnostics.NETCore.Client: Loading assembly 'C:\Program Files\dotnet\sdk\5.0.414\Extensions\Microsoft.Diagnostics.NETCore.Client.dll'.
TpTrace Information: 0 : 45512, 1, 2022/12/05, 18:09:37.549, 10225281157979, vstest.console.dll, AssemblyResolver.OnResolve: Resolved assembly: Microsoft.Diagnostics.NETCore.Client, from path: C:\Program Files\dotnet\sdk\5.0.414\Extensions\Microsoft.Diagnostics.NETCore.Client.dll
TpTrace Information: 0 : 45512, 1, 2022/12/05, 18:09:37.552, 10225281185695, vstest.console.dll, AssemblyResolver.OnResolve: Microsoft.Bcl.AsyncInterfaces: Resolving assembly.
TpTrace Information: 0 : 45512, 1, 2022/12/05, 18:09:37.552, 10225281186064, vstest.console.dll, AssemblyResolver.OnResolve: Microsoft.Bcl.AsyncInterfaces: Searching in: 'C:\Program Files\dotnet\sdk\5.0.414\Extensions'.
TpTrace Information: 0 : 45512, 1, 2022/12/05, 18:09:37.552, 10225281186466, vstest.console.dll, AssemblyResolver.OnResolve: Microsoft.Bcl.AsyncInterfaces: Assembly path does not exist: 'C:\Program Files\dotnet\sdk\5.0.414\Extensions\Microsoft.Bcl.AsyncInterfaces.dll', returning.
TpTrace Information: 0 : 45512, 1, 2022/12/05, 18:09:37.552, 10225281186690, vstest.console.dll, AssemblyResolver.OnResolve: Microsoft.Bcl.AsyncInterfaces: Assembly path does not exist: 'C:\Program Files\dotnet\sdk\5.0.414\Extensions\Microsoft.Bcl.AsyncInterfaces.exe', returning.
TpTrace Information: 0 : 45512, 1, 2022/12/05, 18:09:37.552, 10225281186801, vstest.console.dll, AssemblyResolver.OnResolve: Microsoft.Bcl.AsyncInterfaces: Searching in: 'C:\Program Files\dotnet\sdk\5.0.414'.
TpTrace Information: 0 : 45512, 1, 2022/12/05, 18:09:37.552, 10225281187043, vstest.console.dll, AssemblyResolver.OnResolve: Microsoft.Bcl.AsyncInterfaces: Assembly path does not exist: 'C:\Program Files\dotnet\sdk\5.0.414\Microsoft.Bcl.AsyncInterfaces.dll', returning.
TpTrace Information: 0 : 45512, 1, 2022/12/05, 18:09:37.552, 10225281187458, vstest.console.dll, AssemblyResolver.OnResolve: Microsoft.Bcl.AsyncInterfaces: Assembly path does not exist: 'C:\Program Files\dotnet\sdk\5.0.414\Microsoft.Bcl.AsyncInterfaces.exe', returning.
TpTrace Information: 0 : 45512, 1, 2022/12/05, 18:09:37.552, 10225281187567, vstest.console.dll, AssemblyResolver.OnResolve: Microsoft.Bcl.AsyncInterfaces: Failed to load assembly.
TpTrace Verbose: 0 : 45512, 1, 2022/12/05, 18:09:37.552, 10225281187716, vstest.console.dll, CurrentDomainAssemblyResolve: Resolving assembly 'Microsoft.Bcl.AsyncInterfaces'.
TpTrace Information: 0 : 45512, 1, 2022/12/05, 18:09:37.552, 10225281187971, vstest.console.dll, AssemblyResolver.OnResolve: Microsoft.Bcl.AsyncInterfaces: Resolving assembly.
TpTrace Information: 0 : 45512, 1, 2022/12/05, 18:09:37.552, 10225281188096, vstest.console.dll, AssemblyResolver.OnResolve: Microsoft.Bcl.AsyncInterfaces: Resolved from cache.
TpTrace Verbose: 0 : 45512, 1, 2022/12/05, 18:09:37.552, 10225281188191, vstest.console.dll, CurrentDomainAssemblyResolve: Resolving assembly 'Microsoft.Bcl.AsyncInterfaces'.
TpTrace Verbose: 0 : 45512, 1, 2022/12/05, 18:09:37.552, 10225281188320, vstest.console.dll, CurrentDomainAssemblyResolve: Failed to resolve assembly 'Microsoft.Bcl.AsyncInterfaces'.
TpTrace Verbose: 0 : 45512, 1, 2022/12/05, 18:09:37.553, 10225281190315, vstest.console.dll, CurrentDomainAssemblyResolve: Failed to resolve assembly 'Microsoft.Bcl.AsyncInterfaces'.
TpTrace Warning: 0 : 45512, 1, 2022/12/05, 18:09:37.560, 10225281267302, vstest.console.dll, TestPluginDiscoverer: Failed to get types from assembly 'Microsoft.Diagnostics.NETCore.Client, Version=0.2.2.41902, Culture=neutral, PublicKeyToken=31bf3856ad364e35'.  Skipping test extension scan for this assembly.  Error: System.Reflection.ReflectionTypeLoadException: Unable to load one or more of the requested types.
Could not load file or assembly 'Microsoft.Bcl.AsyncInterfaces, Version=1.0.0.0, Culture=neutral, PublicKeyToken=cc7b13ffcd2ddd51'. 系統找不到指定的檔案。
   at System.Reflection.RuntimeModule.GetTypes(RuntimeModule module)
   at System.Reflection.Assembly.GetTypes()
   at Microsoft.VisualStudio.TestPlatform.Common.ExtensionFramework.TestPluginDiscoverer.GetTestExtensionsFromAssembly[TPluginInfo,TExtension](Assembly assembly, Dictionary`2 pluginInfos)
System.IO.FileNotFoundException: Could not load file or assembly 'Microsoft.Bcl.AsyncInterfaces, Version=1.0.0.0, Culture=neutral, PublicKeyToken=cc7b13ffcd2ddd51'. 系統找不到指定的檔案。
File name: 'Microsoft.Bcl.AsyncInterfaces, Version=1.0.0.0, Culture=neutral, PublicKeyToken=cc7b13ffcd2ddd51'
 ---> System.IO.FileNotFoundException: Could not load file or assembly 'Microsoft.Bcl.AsyncInterfaces, Culture=neutral, PublicKeyToken=null'. 系統找不到指定的檔案。
File name: 'Microsoft.Bcl.AsyncInterfaces, Culture=neutral, PublicKeyToken=null'
   at System.Reflection.RuntimeAssembly.InternalLoad(ObjectHandleOnStack assemblyName, ObjectHandleOnStack requestingAssembly, StackCrawlMarkHandle stackMark, Boolean throwOnFileNotFound, ObjectHandleOnStack assemblyLoadContext, ObjectHandleOnStack retAssembly)
   at System.Reflection.RuntimeAssembly.InternalLoad(AssemblyName assemblyName, RuntimeAssembly requestingAssembly, StackCrawlMark& stackMark, Boolean throwOnFileNotFound, AssemblyLoadContext assemblyLoadContext)
   at System.Reflection.Assembly.Load(AssemblyName assemblyRef)
   at Microsoft.VisualStudio.TestPlatform.Common.ExtensionFramework.TestPluginCache.CurrentDomainAssemblyResolve(Object sender, AssemblyResolveEventArgs args)
   at Microsoft.VisualStudio.TestPlatform.PlatformAbstractions.PlatformAssemblyResolver.AssemblyResolverEvent(Object sender, Object eventArgs)
   at System.Runtime.Loader.AssemblyLoadContext.GetFirstResolvedAssemblyFromResolvingEvent(AssemblyName assemblyName)
   at System.Runtime.Loader.AssemblyLoadContext.ResolveUsingEvent(AssemblyName assemblyName)
   at System.Runtime.Loader.AssemblyLoadContext.ResolveUsingResolvingEvent(IntPtr gchManagedAssemblyLoadContext, AssemblyName assemblyName)
TpTrace Warning: 0 : 45512, 1, 2022/12/05, 18:09:37.560, 10225281268302, vstest.console.dll, LoaderExceptions: System.IO.FileNotFoundException: Could not load file or assembly 'Microsoft.Bcl.AsyncInterfaces, Version=1.0.0.0, Culture=neutral, PublicKeyToken=cc7b13ffcd2ddd51'. 系統找不到指定的檔案。
File name: 'Microsoft.Bcl.AsyncInterfaces, Version=1.0.0.0, Culture=neutral, PublicKeyToken=cc7b13ffcd2ddd51'
 ---> System.IO.FileNotFoundException: Could not load file or assembly 'Microsoft.Bcl.AsyncInterfaces, Culture=neutral, PublicKeyToken=null'. 系統找不到指定的檔案。
File name: 'Microsoft.Bcl.AsyncInterfaces, Culture=neutral, PublicKeyToken=null'
   at System.Reflection.RuntimeAssembly.InternalLoad(ObjectHandleOnStack assemblyName, ObjectHandleOnStack requestingAssembly, StackCrawlMarkHandle stackMark, Boolean throwOnFileNotFound, ObjectHandleOnStack assemblyLoadContext, ObjectHandleOnStack retAssembly)
   at System.Reflection.RuntimeAssembly.InternalLoad(AssemblyName assemblyName, RuntimeAssembly requestingAssembly, StackCrawlMark& stackMark, Boolean throwOnFileNotFound, AssemblyLoadContext assemblyLoadContext)
   at System.Reflection.Assembly.Load(AssemblyName assemblyRef)
   at Microsoft.VisualStudio.TestPlatform.Common.ExtensionFramework.TestPluginCache.CurrentDomainAssemblyResolve(Object sender, AssemblyResolveEventArgs args)
   at Microsoft.VisualStudio.TestPlatform.PlatformAbstractions.PlatformAssemblyResolver.AssemblyResolverEvent(Object sender, Object eventArgs)
   at System.Runtime.Loader.AssemblyLoadContext.GetFirstResolvedAssemblyFromResolvingEvent(AssemblyName assemblyName)
   at System.Runtime.Loader.AssemblyLoadContext.ResolveUsingEvent(AssemblyName assemblyName)
   at System.Runtime.Loader.AssemblyLoadContext.ResolveUsingResolvingEvent(IntPtr gchManagedAssemblyLoadContext, AssemblyName assemblyName)
TpTrace Information: 0 : 45512, 1, 2022/12/05, 18:09:37.561, 10225281268771, vstest.console.dll, AssemblyResolver.OnResolve: Microsoft.TestPlatform.Extensions.BlameDataCollector: Resolving assembly.
TpTrace Information: 0 : 45512, 1, 2022/12/05, 18:09:37.561, 10225281268904, vstest.console.dll, AssemblyResolver.OnResolve: Microsoft.TestPlatform.Extensions.BlameDataCollector: Searching in: 'C:\Program Files\dotnet\sdk\5.0.414\Extensions'.
TpTrace Information: 0 : 45512, 1, 2022/12/05, 18:09:37.561, 10225281271464, vstest.console.dll, AssemblyResolver.OnResolve: Microsoft.TestPlatform.Extensions.BlameDataCollector: Loading assembly 'C:\Program Files\dotnet\sdk\5.0.414\Extensions\Microsoft.TestPlatform.Extensions.BlameDataCollector.dll'.
TpTrace Information: 0 : 45512, 1, 2022/12/05, 18:09:37.561, 10225281274326, vstest.console.dll, AssemblyResolver.OnResolve: Resolved assembly: Microsoft.TestPlatform.Extensions.BlameDataCollector, from path: C:\Program Files\dotnet\sdk\5.0.414\Extensions\Microsoft.TestPlatform.Extensions.BlameDataCollector.dll
TpTrace Information: 0 : 45512, 1, 2022/12/05, 18:09:37.561, 10225281277197, vstest.console.dll, AssemblyResolver.OnResolve: Microsoft.TestPlatform.Extensions.EventLogCollector: Resolving assembly.
TpTrace Information: 0 : 45512, 1, 2022/12/05, 18:09:37.561, 10225281277465, vstest.console.dll, AssemblyResolver.OnResolve: Microsoft.TestPlatform.Extensions.EventLogCollector: Searching in: 'C:\Program Files\dotnet\sdk\5.0.414\Extensions'.
TpTrace Information: 0 : 45512, 1, 2022/12/05, 18:09:37.562, 10225281280092, vstest.console.dll, AssemblyResolver.OnResolve: Microsoft.TestPlatform.Extensions.EventLogCollector: Loading assembly 'C:\Program Files\dotnet\sdk\5.0.414\Extensions\Microsoft.TestPlatform.Extensions.EventLogCollector.dll'.
TpTrace Information: 0 : 45512, 1, 2022/12/05, 18:09:37.562, 10225281283050, vstest.console.dll, AssemblyResolver.OnResolve: Resolved assembly: Microsoft.TestPlatform.Extensions.EventLogCollector, from path: C:\Program Files\dotnet\sdk\5.0.414\Extensions\Microsoft.TestPlatform.Extensions.EventLogCollector.dll
TpTrace Information: 0 : 45512, 1, 2022/12/05, 18:09:37.564, 10225281298958, vstest.console.dll, AssemblyResolver.OnResolve: Microsoft.TestPlatform.TestHostRuntimeProvider: Resolving assembly.
TpTrace Information: 0 : 45512, 1, 2022/12/05, 18:09:37.564, 10225281299314, vstest.console.dll, AssemblyResolver.OnResolve: Microsoft.TestPlatform.TestHostRuntimeProvider: Searching in: 'C:\Program Files\dotnet\sdk\5.0.414\Extensions'.
TpTrace Information: 0 : 45512, 1, 2022/12/05, 18:09:37.564, 10225281301635, vstest.console.dll, AssemblyResolver.OnResolve: Microsoft.TestPlatform.TestHostRuntimeProvider: Loading assembly 'C:\Program Files\dotnet\sdk\5.0.414\Extensions\Microsoft.TestPlatform.TestHostRuntimeProvider.dll'.
TpTrace Information: 0 : 45512, 1, 2022/12/05, 18:09:37.564, 10225281305894, vstest.console.dll, AssemblyResolver.OnResolve: Resolved assembly: Microsoft.TestPlatform.TestHostRuntimeProvider, from path: C:\Program Files\dotnet\sdk\5.0.414\Extensions\Microsoft.TestPlatform.TestHostRuntimeProvider.dll
TpTrace Information: 0 : 45512, 1, 2022/12/05, 18:09:37.565, 10225281312873, vstest.console.dll, AssemblyResolver.OnResolve: Microsoft.VisualStudio.TestPlatform.Extensions.Html.TestLogger: Resolving assembly.
TpTrace Information: 0 : 45512, 1, 2022/12/05, 18:09:37.565, 10225281313216, vstest.console.dll, AssemblyResolver.OnResolve: Microsoft.VisualStudio.TestPlatform.Extensions.Html.TestLogger: Searching in: 'C:\Program Files\dotnet\sdk\5.0.414\Extensions'.
TpTrace Information: 0 : 45512, 1, 2022/12/05, 18:09:37.565, 10225281315430, vstest.console.dll, AssemblyResolver.OnResolve: Microsoft.VisualStudio.TestPlatform.Extensions.Html.TestLogger: Loading assembly 'C:\Program Files\dotnet\sdk\5.0.414\Extensions\Microsoft.VisualStudio.TestPlatform.Extensions.Html.TestLogger.dll'.
TpTrace Information: 0 : 45512, 1, 2022/12/05, 18:09:37.566, 10225281318856, vstest.console.dll, AssemblyResolver.OnResolve: Resolved assembly: Microsoft.VisualStudio.TestPlatform.Extensions.Html.TestLogger, from path: C:\Program Files\dotnet\sdk\5.0.414\Extensions\Microsoft.VisualStudio.TestPlatform.Extensions.Html.TestLogger.dll
TpTrace Information: 0 : 45512, 1, 2022/12/05, 18:09:37.566, 10225281320381, vstest.console.dll, AssemblyResolver.OnResolve: Microsoft.VisualStudio.TestPlatform.Extensions.Trx.TestLogger: Resolving assembly.
TpTrace Information: 0 : 45512, 1, 2022/12/05, 18:09:37.566, 10225281320593, vstest.console.dll, AssemblyResolver.OnResolve: Microsoft.VisualStudio.TestPlatform.Extensions.Trx.TestLogger: Searching in: 'C:\Program Files\dotnet\sdk\5.0.414\Extensions'.
TpTrace Information: 0 : 45512, 1, 2022/12/05, 18:09:37.566, 10225281323686, vstest.console.dll, AssemblyResolver.OnResolve: Microsoft.VisualStudio.TestPlatform.Extensions.Trx.TestLogger: Loading assembly 'C:\Program Files\dotnet\sdk\5.0.414\Extensions\Microsoft.VisualStudio.TestPlatform.Extensions.Trx.TestLogger.dll'.
TpTrace Information: 0 : 45512, 1, 2022/12/05, 18:09:37.566, 10225281327181, vstest.console.dll, AssemblyResolver.OnResolve: Resolved assembly: Microsoft.VisualStudio.TestPlatform.Extensions.Trx.TestLogger, from path: C:\Program Files\dotnet\sdk\5.0.414\Extensions\Microsoft.VisualStudio.TestPlatform.Extensions.Trx.TestLogger.dll
TpTrace Verbose: 0 : 45512, 1, 2022/12/05, 18:09:37.567, 10225281329635, vstest.console.dll, TestPluginCache: Discovered the extensions using extension path ''.
TpTrace Verbose: 0 : 45512, 1, 2022/12/05, 18:09:37.567, 10225281329888, vstest.console.dll, TestPluginCache: Discoverers are ''.
TpTrace Verbose: 0 : 45512, 1, 2022/12/05, 18:09:37.567, 10225281329983, vstest.console.dll, TestPluginCache: Executors are ''.
TpTrace Verbose: 0 : 45512, 1, 2022/12/05, 18:09:37.567, 10225281330067, vstest.console.dll, TestPluginCache: Executors2 are ''.
TpTrace Verbose: 0 : 45512, 1, 2022/12/05, 18:09:37.567, 10225281330170, vstest.console.dll, TestPluginCache: Setting providers are ''.
TpTrace Verbose: 0 : 45512, 1, 2022/12/05, 18:09:37.567, 10225281330252, vstest.console.dll, TestPluginCache: Loggers are ''.
TpTrace Information: 0 : 45512, 1, 2022/12/05, 18:09:37.570, 10225281367001, vstest.console.dll, RunTestsArgumentProcessor:Execute: Test run is starting.
TpTrace Verbose: 0 : 45512, 1, 2022/12/05, 18:09:37.570, 10225281367607, vstest.console.dll, RunTestsArgumentProcessor:Execute: Queuing Test run.
TpTrace Information: 0 : 45512, 1, 2022/12/05, 18:09:37.570, 10225281368489, vstest.console.dll, TestRequestManager.RunTests: run tests started.
TpTrace Information: 0 : 45512, 1, 2022/12/05, 18:09:37.572, 10225281384663, vstest.console.dll, AssemblyMetadataProvider.GetFrameWork: Determined framework:'.NETCoreApp,Version=v3.1' for source: 'C:\Users\kerueilin9\Desktop\Document\window_design\HW6_f\DrawingForm\ClassLibraryTests\bin\Debug\.netcoreapp,version=v3.1\fine-code-coverage\build-output\ClassLibraryTests.dll'
TpTrace Information: 0 : 45512, 1, 2022/12/05, 18:09:37.572, 10225281385415, vstest.console.dll, Determined framework for all sources: .NETCoreApp,Version=v3.1
TpTrace Information: 0 : 45512, 1, 2022/12/05, 18:09:37.572, 10225281387712, vstest.console.dll, AssemblyMetadataProvider.GetArchitecture: Determined architecture:AnyCPU info for assembly: C:\Users\kerueilin9\Desktop\Document\window_design\HW6_f\DrawingForm\ClassLibraryTests\bin\Debug\.netcoreapp,version=v3.1\fine-code-coverage\build-output\ClassLibraryTests.dll
TpTrace Information: 0 : 45512, 1, 2022/12/05, 18:09:37.573, 10225281397013, vstest.console.dll, Determined platform for all sources: X64
TpTrace Information: 0 : 45512, 1, 2022/12/05, 18:09:37.575, 10225281409551, vstest.console.dll, Compatible sources list : 
TpTrace Information: 0 : 45512, 1, 2022/12/05, 18:09:37.575, 10225281409962, vstest.console.dll, C:\Users\kerueilin9\Desktop\Document\window_design\HW6_f\DrawingForm\ClassLibraryTests\bin\Debug\.netcoreapp,version=v3.1\fine-code-coverage\build-output\ClassLibraryTests.dll
TpTrace Information: 0 : 45512, 1, 2022/12/05, 18:09:37.576, 10225281420666, vstest.console.dll, InferRunSettingsHelper.IsTestSettingsEnabled: Unable to navigate to RunSettings/MSTest. Current node: RunSettings
TpTrace Information: 0 : 45512, 1, 2022/12/05, 18:09:37.576, 10225281423932, vstest.console.dll, AssemblyResolver.OnResolve: Microsoft.VisualStudio.TestPlatform.Fakes: Resolving assembly.
TpTrace Information: 0 : 45512, 1, 2022/12/05, 18:09:37.576, 10225281424254, vstest.console.dll, AssemblyResolver.OnResolve: Microsoft.VisualStudio.TestPlatform.Fakes: Searching in: 'C:\Program Files\dotnet\sdk\5.0.414\Extensions'.
TpTrace Information: 0 : 45512, 1, 2022/12/05, 18:09:37.576, 10225281424733, vstest.console.dll, AssemblyResolver.OnResolve: Microsoft.VisualStudio.TestPlatform.Fakes: Assembly path does not exist: 'C:\Program Files\dotnet\sdk\5.0.414\Extensions\Microsoft.VisualStudio.TestPlatform.Fakes.dll', returning.
TpTrace Information: 0 : 45512, 1, 2022/12/05, 18:09:37.576, 10225281424966, vstest.console.dll, AssemblyResolver.OnResolve: Microsoft.VisualStudio.TestPlatform.Fakes: Assembly path does not exist: 'C:\Program Files\dotnet\sdk\5.0.414\Extensions\Microsoft.VisualStudio.TestPlatform.Fakes.exe', returning.
TpTrace Information: 0 : 45512, 1, 2022/12/05, 18:09:37.576, 10225281425078, vstest.console.dll, AssemblyResolver.OnResolve: Microsoft.VisualStudio.TestPlatform.Fakes: Searching in: 'C:\Program Files\dotnet\sdk\5.0.414'.
TpTrace Information: 0 : 45512, 1, 2022/12/05, 18:09:37.576, 10225281425339, vstest.console.dll, AssemblyResolver.OnResolve: Microsoft.VisualStudio.TestPlatform.Fakes: Assembly path does not exist: 'C:\Program Files\dotnet\sdk\5.0.414\Microsoft.VisualStudio.TestPlatform.Fakes.dll', returning.
TpTrace Information: 0 : 45512, 1, 2022/12/05, 18:09:37.576, 10225281425540, vstest.console.dll, AssemblyResolver.OnResolve: Microsoft.VisualStudio.TestPlatform.Fakes: Assembly path does not exist: 'C:\Program Files\dotnet\sdk\5.0.414\Microsoft.VisualStudio.TestPlatform.Fakes.exe', returning.
TpTrace Information: 0 : 45512, 1, 2022/12/05, 18:09:37.576, 10225281425631, vstest.console.dll, AssemblyResolver.OnResolve: Microsoft.VisualStudio.TestPlatform.Fakes: Failed to load assembly.
TpTrace Information: 0 : 45512, 1, 2022/12/05, 18:09:37.576, 10225281426887, vstest.console.dll, Failed to create newly implemented Fakes Configurator. Reason:System.IO.FileNotFoundException: Could not load file or assembly 'Microsoft.VisualStudio.TestPlatform.Fakes, Version=16.0.0.0, Culture=neutral, PublicKeyToken=null'. 系統找不到指定的檔案。
File name: 'Microsoft.VisualStudio.TestPlatform.Fakes, Version=16.0.0.0, Culture=neutral, PublicKeyToken=null'
   at System.Reflection.RuntimeAssembly.InternalLoad(ObjectHandleOnStack assemblyName, ObjectHandleOnStack requestingAssembly, StackCrawlMarkHandle stackMark, Boolean throwOnFileNotFound, ObjectHandleOnStack assemblyLoadContext, ObjectHandleOnStack retAssembly)
   at System.Reflection.RuntimeAssembly.InternalLoad(AssemblyName assemblyName, RuntimeAssembly requestingAssembly, StackCrawlMark& stackMark, Boolean throwOnFileNotFound, AssemblyLoadContext assemblyLoadContext)
   at System.Reflection.Assembly.Load(AssemblyName assemblyRef)
   at Microsoft.VisualStudio.TestPlatform.Common.Utilities.FakesUtilities.TryGetFakesCrossPlatformDataCollectorConfigurator() 
TpTrace Verbose: 0 : 45512, 1, 2022/12/05, 18:09:37.578, 10225281444512, vstest.console.dll, TestPluginCache.DiscoverTestExtensions: finding test extensions in assemblies ends with: TestLogger.dll TPluginInfo: Microsoft.VisualStudio.TestPlatform.Common.ExtensionFramework.Utilities.TestLoggerPluginInformation TExtension: Microsoft.VisualStudio.TestPlatform.ObjectModel.Client.ITestLogger
TpTrace Verbose: 0 : 45512, 1, 2022/12/05, 18:09:37.578, 10225281444951, vstest.console.dll, TestPluginCache.GetExtensionPaths: Filtered extension paths: 
TpTrace Verbose: 0 : 45512, 1, 2022/12/05, 18:09:37.578, 10225281445074, vstest.console.dll, TestPluginCache.GetExtensionPaths: Added default extension paths: C:\Program Files\dotnet\sdk\5.0.414\Extensions\Microsoft.Diagnostics.NETCore.Client.dll
C:\Program Files\dotnet\sdk\5.0.414\Extensions\Microsoft.TestPlatform.Extensions.BlameDataCollector.dll
C:\Program Files\dotnet\sdk\5.0.414\Extensions\Microsoft.TestPlatform.Extensions.EventLogCollector.dll
C:\Program Files\dotnet\sdk\5.0.414\Extensions\Microsoft.TestPlatform.TestHostRuntimeProvider.dll
C:\Program Files\dotnet\sdk\5.0.414\Extensions\Microsoft.VisualStudio.TestPlatform.Extensions.Html.TestLogger.dll
C:\Program Files\dotnet\sdk\5.0.414\Extensions\Microsoft.VisualStudio.TestPlatform.Extensions.Trx.TestLogger.dll
TpTrace Verbose: 0 : 45512, 1, 2022/12/05, 18:09:37.578, 10225281445206, vstest.console.dll, TestPluginCache.GetExtensionPaths: Added unfilterableExtensionPaths: 
TpTrace Information: 0 : 45512, 1, 2022/12/05, 18:09:37.578, 10225281445895, vstest.console.dll, AssemblyResolver.AddSearchDirectories: Adding more searchDirectories C:\Program Files\dotnet\sdk\5.0.414\Extensions,C:\Program Files\dotnet\sdk\5.0.414
TpTrace Verbose: 0 : 45512, 1, 2022/12/05, 18:09:37.578, 10225281446062, vstest.console.dll, TestPluginCache.DiscoverTestExtensions: Discovering the extensions using extension path.
TpTrace Verbose: 0 : 45512, 1, 2022/12/05, 18:09:37.578, 10225281446191, vstest.console.dll, TestPluginCache.GetExtensionPaths: Filtered extension paths: 
TpTrace Verbose: 0 : 45512, 1, 2022/12/05, 18:09:37.578, 10225281446295, vstest.console.dll, TestPluginCache.GetExtensionPaths: Added default extension paths: C:\Program Files\dotnet\sdk\5.0.414\Extensions\Microsoft.Diagnostics.NETCore.Client.dll
C:\Program Files\dotnet\sdk\5.0.414\Extensions\Microsoft.TestPlatform.Extensions.BlameDataCollector.dll
C:\Program Files\dotnet\sdk\5.0.414\Extensions\Microsoft.TestPlatform.Extensions.EventLogCollector.dll
C:\Program Files\dotnet\sdk\5.0.414\Extensions\Microsoft.TestPlatform.TestHostRuntimeProvider.dll
C:\Program Files\dotnet\sdk\5.0.414\Extensions\Microsoft.VisualStudio.TestPlatform.Extensions.Html.TestLogger.dll
C:\Program Files\dotnet\sdk\5.0.414\Extensions\Microsoft.VisualStudio.TestPlatform.Extensions.Trx.TestLogger.dll
TpTrace Verbose: 0 : 45512, 1, 2022/12/05, 18:09:37.578, 10225281446396, vstest.console.dll, TestPluginCache.GetExtensionPaths: Added unfilterableExtensionPaths: 
TpTrace Verbose: 0 : 45512, 1, 2022/12/05, 18:09:37.578, 10225281446544, vstest.console.dll, TestPluginCache.DiscoverTestExtensions: Discovering the extensions using allExtensionPaths: C:\Program Files\dotnet\sdk\5.0.414\Extensions\Microsoft.Diagnostics.NETCore.Client.dll
C:\Program Files\dotnet\sdk\5.0.414\Extensions\Microsoft.TestPlatform.Extensions.BlameDataCollector.dll
C:\Program Files\dotnet\sdk\5.0.414\Extensions\Microsoft.TestPlatform.Extensions.EventLogCollector.dll
C:\Program Files\dotnet\sdk\5.0.414\Extensions\Microsoft.TestPlatform.TestHostRuntimeProvider.dll
C:\Program Files\dotnet\sdk\5.0.414\Extensions\Microsoft.VisualStudio.TestPlatform.Extensions.Html.TestLogger.dll
C:\Program Files\dotnet\sdk\5.0.414\Extensions\Microsoft.VisualStudio.TestPlatform.Extensions.Trx.TestLogger.dll
TpTrace Information: 0 : 45512, 1, 2022/12/05, 18:09:37.578, 10225281446703, vstest.console.dll, AssemblyResolver.AddSearchDirectories: Adding more searchDirectories C:\Program Files\dotnet\sdk\5.0.414\Extensions,C:\Program Files\dotnet\sdk\5.0.414
TpTrace Information: 0 : 45512, 1, 2022/12/05, 18:09:37.578, 10225281446818, vstest.console.dll, AssemblyResolver.AddSearchDirectories: Adding more searchDirectories C:\Program Files\dotnet\sdk\5.0.414\Extensions,C:\Program Files\dotnet\sdk\5.0.414
TpTrace Information: 0 : 45512, 1, 2022/12/05, 18:09:37.578, 10225281446912, vstest.console.dll, AssemblyResolver.AddSearchDirectories: Adding more searchDirectories C:\Program Files\dotnet\sdk\5.0.414\Extensions,C:\Program Files\dotnet\sdk\5.0.414
TpTrace Information: 0 : 45512, 1, 2022/12/05, 18:09:37.578, 10225281447002, vstest.console.dll, AssemblyResolver.AddSearchDirectories: Adding more searchDirectories C:\Program Files\dotnet\sdk\5.0.414\Extensions,C:\Program Files\dotnet\sdk\5.0.414
TpTrace Information: 0 : 45512, 1, 2022/12/05, 18:09:37.578, 10225281447109, vstest.console.dll, AssemblyResolver.AddSearchDirectories: Adding more searchDirectories C:\Program Files\dotnet\sdk\5.0.414\Extensions,C:\Program Files\dotnet\sdk\5.0.414
TpTrace Information: 0 : 45512, 1, 2022/12/05, 18:09:37.578, 10225281447200, vstest.console.dll, AssemblyResolver.AddSearchDirectories: Adding more searchDirectories C:\Program Files\dotnet\sdk\5.0.414\Extensions,C:\Program Files\dotnet\sdk\5.0.414
TpTrace Information: 0 : 45512, 1, 2022/12/05, 18:09:37.578, 10225281448176, vstest.console.dll, AssemblyResolver.OnResolve: Microsoft.Bcl.AsyncInterfaces: Resolving assembly.
TpTrace Information: 0 : 45512, 1, 2022/12/05, 18:09:37.578, 10225281448320, vstest.console.dll, AssemblyResolver.OnResolve: Microsoft.Bcl.AsyncInterfaces: Resolved from cache.
TpTrace Verbose: 0 : 45512, 1, 2022/12/05, 18:09:37.578, 10225281448459, vstest.console.dll, CurrentDomainAssemblyResolve: Resolving assembly 'Microsoft.Bcl.AsyncInterfaces'.
TpTrace Information: 0 : 45512, 1, 2022/12/05, 18:09:37.579, 10225281448603, vstest.console.dll, AssemblyResolver.OnResolve: Microsoft.Bcl.AsyncInterfaces: Resolving assembly.
TpTrace Information: 0 : 45512, 1, 2022/12/05, 18:09:37.579, 10225281448690, vstest.console.dll, AssemblyResolver.OnResolve: Microsoft.Bcl.AsyncInterfaces: Resolved from cache.
TpTrace Verbose: 0 : 45512, 1, 2022/12/05, 18:09:37.579, 10225281448781, vstest.console.dll, CurrentDomainAssemblyResolve: Resolving assembly 'Microsoft.Bcl.AsyncInterfaces'.
TpTrace Verbose: 0 : 45512, 1, 2022/12/05, 18:09:37.579, 10225281448864, vstest.console.dll, CurrentDomainAssemblyResolve: Failed to resolve assembly 'Microsoft.Bcl.AsyncInterfaces'.
TpTrace Verbose: 0 : 45512, 1, 2022/12/05, 18:09:37.579, 10225281449504, vstest.console.dll, CurrentDomainAssemblyResolve: Failed to resolve assembly 'Microsoft.Bcl.AsyncInterfaces'.
TpTrace Warning: 0 : 45512, 1, 2022/12/05, 18:09:37.579, 10225281450924, vstest.console.dll, TestPluginDiscoverer: Failed to get types from assembly 'Microsoft.Diagnostics.NETCore.Client, Version=0.2.2.41902, Culture=neutral, PublicKeyToken=31bf3856ad364e35'.  Skipping test extension scan for this assembly.  Error: System.Reflection.ReflectionTypeLoadException: Unable to load one or more of the requested types.
Could not load file or assembly 'Microsoft.Bcl.AsyncInterfaces, Version=1.0.0.0, Culture=neutral, PublicKeyToken=cc7b13ffcd2ddd51'. 系統找不到指定的檔案。
   at System.Reflection.RuntimeModule.GetTypes(RuntimeModule module)
   at System.Reflection.Assembly.GetTypes()
   at Microsoft.VisualStudio.TestPlatform.Common.ExtensionFramework.TestPluginDiscoverer.GetTestExtensionsFromAssembly[TPluginInfo,TExtension](Assembly assembly, Dictionary`2 pluginInfos)
System.IO.FileNotFoundException: Could not load file or assembly 'Microsoft.Bcl.AsyncInterfaces, Version=1.0.0.0, Culture=neutral, PublicKeyToken=cc7b13ffcd2ddd51'. 系統找不到指定的檔案。
File name: 'Microsoft.Bcl.AsyncInterfaces, Version=1.0.0.0, Culture=neutral, PublicKeyToken=cc7b13ffcd2ddd51'
 ---> System.IO.FileNotFoundException: Could not load file or assembly 'Microsoft.Bcl.AsyncInterfaces, Culture=neutral, PublicKeyToken=null'. 系統找不到指定的檔案。
File name: 'Microsoft.Bcl.AsyncInterfaces, Culture=neutral, PublicKeyToken=null'
   at System.Reflection.RuntimeAssembly.InternalLoad(ObjectHandleOnStack assemblyName, ObjectHandleOnStack requestingAssembly, StackCrawlMarkHandle stackMark, Boolean throwOnFileNotFound, ObjectHandleOnStack assemblyLoadContext, ObjectHandleOnStack retAssembly)
   at System.Reflection.RuntimeAssembly.InternalLoad(AssemblyName assemblyName, RuntimeAssembly requestingAssembly, StackCrawlMark& stackMark, Boolean throwOnFileNotFound, AssemblyLoadContext assemblyLoadContext)
   at System.Reflection.Assembly.Load(AssemblyName assemblyRef)
   at Microsoft.VisualStudio.TestPlatform.Common.ExtensionFramework.TestPluginCache.CurrentDomainAssemblyResolve(Object sender, AssemblyResolveEventArgs args)
   at Microsoft.VisualStudio.TestPlatform.PlatformAbstractions.PlatformAssemblyResolver.AssemblyResolverEvent(Object sender, Object eventArgs)
   at System.Runtime.Loader.AssemblyLoadContext.GetFirstResolvedAssemblyFromResolvingEvent(AssemblyName assemblyName)
   at System.Runtime.Loader.AssemblyLoadContext.ResolveUsingEvent(AssemblyName assemblyName)
   at System.Runtime.Loader.AssemblyLoadContext.ResolveUsingResolvingEvent(IntPtr gchManagedAssemblyLoadContext, AssemblyName assemblyName)
TpTrace Warning: 0 : 45512, 1, 2022/12/05, 18:09:37.579, 10225281451760, vstest.console.dll, LoaderExceptions: System.IO.FileNotFoundException: Could not load file or assembly 'Microsoft.Bcl.AsyncInterfaces, Version=1.0.0.0, Culture=neutral, PublicKeyToken=cc7b13ffcd2ddd51'. 系統找不到指定的檔案。
File name: 'Microsoft.Bcl.AsyncInterfaces, Version=1.0.0.0, Culture=neutral, PublicKeyToken=cc7b13ffcd2ddd51'
 ---> System.IO.FileNotFoundException: Could not load file or assembly 'Microsoft.Bcl.AsyncInterfaces, Culture=neutral, PublicKeyToken=null'. 系統找不到指定的檔案。
File name: 'Microsoft.Bcl.AsyncInterfaces, Culture=neutral, PublicKeyToken=null'
   at System.Reflection.RuntimeAssembly.InternalLoad(ObjectHandleOnStack assemblyName, ObjectHandleOnStack requestingAssembly, StackCrawlMarkHandle stackMark, Boolean throwOnFileNotFound, ObjectHandleOnStack assemblyLoadContext, ObjectHandleOnStack retAssembly)
   at System.Reflection.RuntimeAssembly.InternalLoad(AssemblyName assemblyName, RuntimeAssembly requestingAssembly, StackCrawlMark& stackMark, Boolean throwOnFileNotFound, AssemblyLoadContext assemblyLoadContext)
   at System.Reflection.Assembly.Load(AssemblyName assemblyRef)
   at Microsoft.VisualStudio.TestPlatform.Common.ExtensionFramework.TestPluginCache.CurrentDomainAssemblyResolve(Object sender, AssemblyResolveEventArgs args)
   at Microsoft.VisualStudio.TestPlatform.PlatformAbstractions.PlatformAssemblyResolver.AssemblyResolverEvent(Object sender, Object eventArgs)
   at System.Runtime.Loader.AssemblyLoadContext.GetFirstResolvedAssemblyFromResolvingEvent(AssemblyName assemblyName)
   at System.Runtime.Loader.AssemblyLoadContext.ResolveUsingEvent(AssemblyName assemblyName)
   at System.Runtime.Loader.AssemblyLoadContext.ResolveUsingResolvingEvent(IntPtr gchManagedAssemblyLoadContext, AssemblyName assemblyName)
TpTrace Verbose: 0 : 45512, 1, 2022/12/05, 18:09:37.579, 10225281453233, vstest.console.dll, TestPluginCache: Discovered the extensions using extension path ''.
TpTrace Verbose: 0 : 45512, 1, 2022/12/05, 18:09:37.579, 10225281453412, vstest.console.dll, TestPluginCache: Discoverers are ''.
TpTrace Verbose: 0 : 45512, 1, 2022/12/05, 18:09:37.579, 10225281453502, vstest.console.dll, TestPluginCache: Executors are ''.
TpTrace Verbose: 0 : 45512, 1, 2022/12/05, 18:09:37.579, 10225281453602, vstest.console.dll, TestPluginCache: Executors2 are ''.
TpTrace Verbose: 0 : 45512, 1, 2022/12/05, 18:09:37.579, 10225281453685, vstest.console.dll, TestPluginCache: Setting providers are ''.
TpTrace Verbose: 0 : 45512, 1, 2022/12/05, 18:09:37.579, 10225281453951, vstest.console.dll, TestPluginCache: Loggers are 'logger://Microsoft/TestPlatform/Extensions/Blame/v1,logger://Microsoft/TestPlatform/HtmlLogger/v1,logger://Microsoft/TestPlatform/TrxLogger/v1'.
TpTrace Information: 0 : 45512, 1, 2022/12/05, 18:09:37.580, 10225281458591, vstest.console.dll, TestPluginManager.CreateTestExtension: Attempting to load test extension: Microsoft.TestPlatform.Extensions.BlameDataCollector.BlameLogger
TpTrace Information: 0 : 45512, 1, 2022/12/05, 18:09:37.582, 10225281486599, vstest.console.dll, TestPluginManager.CreateTestExtension: Attempting to load test extension: Microsoft.VisualStudio.TestPlatform.CrossPlatEngine.Hosting.DefaultTestHostManager
TpTrace Information: 0 : 45512, 1, 2022/12/05, 18:09:37.582, 10225281487813, vstest.console.dll, TestPluginManager.CreateTestExtension: Attempting to load test extension: Microsoft.VisualStudio.TestPlatform.CrossPlatEngine.Hosting.DotnetTestHostManager
TpTrace Verbose: 0 : 45512, 1, 2022/12/05, 18:09:37.583, 10225281490042, vstest.console.dll, TestEngine: Initializing Parallel Execution as MaxCpuCount is set to: 1
TpTrace Information: 0 : 45512, 1, 2022/12/05, 18:09:37.583, 10225281492616, vstest.console.dll, InferRunSettingsHelper.IsTestSettingsEnabled: Unable to navigate to RunSettings/MSTest. Current node: RunSettings
TpTrace Verbose: 0 : 45512, 1, 2022/12/05, 18:09:37.590, 10225281558696, vstest.console.dll, TestRequestSender is acting as server
TpTrace Verbose: 0 : 45512, 5, 2022/12/05, 18:09:37.592, 10225281578939, vstest.console.dll, DataCollectionRequestSender.InitializeCommunication : Initialize communication. 
TpTrace Information: 0 : 45512, 5, 2022/12/05, 18:09:37.594, 10225281608380, vstest.console.dll, Listening on Endpoint : 127.0.0.1:50234
TpTrace Verbose: 0 : 45512, 5, 2022/12/05, 18:09:37.600, 10225281666745, vstest.console.dll, DotnetDataCollectionLauncher: Full path of dotnet.exe is C:\Program Files\dotnet\dotnet.exe
TpTrace Verbose: 0 : 45512, 5, 2022/12/05, 18:09:37.600, 10225281668007, vstest.console.dll, DotnetDataCollectionLauncher: Adding  --runtimeconfig "C:\Program Files\dotnet\sdk\5.0.414\datacollector.runtimeconfig.json" in args
TpTrace Verbose: 0 : 45512, 5, 2022/12/05, 18:09:37.600, 10225281668428, vstest.console.dll, DotnetDataCollectionLauncher: Adding  --depsfile "C:\Program Files\dotnet\sdk\5.0.414\datacollector.deps.json" in args
TpTrace Information: 0 : 45512, 5, 2022/12/05, 18:09:37.607, 10225281734491, vstest.console.dll, ProxyDataCollectionManager.Initialize: Launched datacollector processId: 53444 port: 50234
TpTrace Information: 0 : 45512, 5, 2022/12/05, 18:09:37.607, 10225281735306, vstest.console.dll, ProxyDataCollectionManager.Initialize: waiting for connection with timeout: 90 seconds
TpTrace Verbose: 0 : 45512, 5, 2022/12/05, 18:09:37.607, 10225281735510, vstest.console.dll, DataCollectionRequestSender.WaitForRequestHandlerConnection : Waiting for connection with timeout: 90000
TpTrace Information: 0 : 45512, 8, 2022/12/05, 18:09:37.682, 10225282486495, vstest.console.dll, Using the buffer size of 16384 bytes
TpTrace Verbose: 0 : 45512, 5, 2022/12/05, 18:09:37.682, 10225282487027, vstest.console.dll, ProxyDataCollectionManager.InvokeDataCollectionServiceAction: Starting.
TpTrace Information: 0 : 45512, 5, 2022/12/05, 18:09:37.682, 10225282487457, vstest.console.dll, ProxyDataCollectionManager.BeforeTestRunStart: Get environment variable and port for datacollector processId: 53444 port: 50234
TpTrace Information: 0 : 45512, 8, 2022/12/05, 18:09:37.682, 10225282487453, vstest.console.dll, Accepted Client request and set the flag
TpTrace Verbose: 0 : 45512, 5, 2022/12/05, 18:09:37.682, 10225282487996, vstest.console.dll, DataCollectionRequestSender.SendBeforeTestRunStartAndGetResult : Send BeforeTestRunStart message with settingsXml <RunSettings><RunConfiguration><ResultsDirectory>C:\Users\kerueilin9\Desktop\Document\window_design\HW6_f\DrawingForm\ClassLibraryTests\bin\Debug\.netcoreapp,version=v3.1\fine-code-coverage\coverage-tool-output</ResultsDirectory><TargetPlatform>X64</TargetPlatform><TargetFrameworkVersion>.NETCoreApp,Version=v3.1</TargetFrameworkVersion><DesignMode>False</DesignMode><CollectSourceInformation>False</CollectSourceInformation><TestAdaptersPaths>C:\Program Files\dotnet\sdk\5.0.414\Extensions</TestAdaptersPaths></RunConfiguration><LoggerRunSettings><Loggers><Logger friendlyName="blame" enabled="True" /><Logger friendlyName="Console" uri="logger://microsoft/TestPlatform/ConsoleLogger/v1" assemblyQualifiedName="Microsoft.VisualStudio.TestPlatform.CommandLine.Internal.ConsoleLogger, vstest.console, Version=15.0.0.0, Culture=neutral, PublicKeyToken=b03f5f7f11d50a3a" codeBase="C:\Program Files\dotnet\sdk\5.0.414\vstest.console.dll" enabled="True" /></Loggers></LoggerRunSettings><DataCollectionRunSettings><DataCollectors><DataCollector friendlyName="blame" enabled="True"><Configuration><ResultsDirectory>C:\Users\kerueilin9\Desktop\Document\window_design\HW6_f\DrawingForm\ClassLibraryTests\bin\Debug\.netcoreapp,version=v3.1\fine-code-coverage\coverage-tool-output</ResultsDirectory></Configuration></DataCollector></DataCollectors></DataCollectionRunSettings></RunSettings> and sources System.Linq.Enumerable+Concat2Iterator`1[System.String]: 
TpTrace Verbose: 0 : 45512, 5, 2022/12/05, 18:09:37.729, 10225282953184, vstest.console.dll, DataCollectionRequestSender.SendBeforeTestRunStartAndGetResult : Received message: (DataCollection.SendMessage) -> {
  "FriendlyName": null,
  "Uri": null,
  "TestCaseId": "00000000-0000-0000-0000-000000000000",
  "Message": "Logging DataCollector Diagnostics in file: C:\\Users\\kerueilin9\\Desktop\\Document\\window_design\\HW6_f\\DrawingForm\\ClassLibraryTests\\bin\\Debug\\.netcoreapp,version=v3.1\\fine-code-coverage\\coverage-tool-output\\diagnostics.datacollector.22-12-05_18-09-37_59881_5.log",
  "Level": 0
}
TpTrace Information: 0 : 45512, 5, 2022/12/05, 18:09:37.732, 10225282982571, vstest.console.dll, AssemblyResolver.OnResolve: Microsoft.VisualStudio.TestPlatform.Common.resources: Resolving assembly.
TpTrace Information: 0 : 45512, 5, 2022/12/05, 18:09:37.732, 10225282983005, vstest.console.dll, AssemblyResolver.OnResolve: Microsoft.VisualStudio.TestPlatform.Common.resources: Searching in: 'C:\Program Files\dotnet\sdk\5.0.414\Extensions'.
TpTrace Information: 0 : 45512, 5, 2022/12/05, 18:09:37.732, 10225282983356, vstest.console.dll, AssemblyResolver.OnResolve: Microsoft.VisualStudio.TestPlatform.Common.resources: Assembly path does not exist: 'C:\Program Files\dotnet\sdk\5.0.414\Extensions\Microsoft.VisualStudio.TestPlatform.Common.resources.dll', returning.
TpTrace Information: 0 : 45512, 5, 2022/12/05, 18:09:37.732, 10225282983585, vstest.console.dll, AssemblyResolver.OnResolve: Microsoft.VisualStudio.TestPlatform.Common.resources: Assembly path does not exist: 'C:\Program Files\dotnet\sdk\5.0.414\Extensions\Microsoft.VisualStudio.TestPlatform.Common.resources.exe', returning.
TpTrace Information: 0 : 45512, 5, 2022/12/05, 18:09:37.732, 10225282983685, vstest.console.dll, AssemblyResolver.OnResolve: Microsoft.VisualStudio.TestPlatform.Common.resources: Searching in: 'C:\Program Files\dotnet\sdk\5.0.414'.
TpTrace Information: 0 : 45512, 5, 2022/12/05, 18:09:37.732, 10225282983981, vstest.console.dll, AssemblyResolver.OnResolve: Microsoft.VisualStudio.TestPlatform.Common.resources: Assembly path does not exist: 'C:\Program Files\dotnet\sdk\5.0.414\Microsoft.VisualStudio.TestPlatform.Common.resources.dll', returning.
TpTrace Information: 0 : 45512, 5, 2022/12/05, 18:09:37.732, 10225282984511, vstest.console.dll, AssemblyResolver.OnResolve: Microsoft.VisualStudio.TestPlatform.Common.resources: Assembly path does not exist: 'C:\Program Files\dotnet\sdk\5.0.414\Microsoft.VisualStudio.TestPlatform.Common.resources.exe', returning.
TpTrace Information: 0 : 45512, 5, 2022/12/05, 18:09:37.732, 10225282984615, vstest.console.dll, AssemblyResolver.OnResolve: Microsoft.VisualStudio.TestPlatform.Common.resources: Failed to load assembly.
TpTrace Verbose: 0 : 45512, 5, 2022/12/05, 18:09:37.848, 10225284138747, vstest.console.dll, DataCollectionRequestSender.SendBeforeTestRunStartAndGetResult : Received message: (DataCollection.BeforeTestRunStartResult) -> {
  "EnvironmentVariables": {},
  "DataCollectionEventsPort": 50236
}
TpTrace Information: 0 : 45512, 5, 2022/12/05, 18:09:37.850, 10225284165703, vstest.console.dll, ProxyDataCollectionManager.BeforeTestRunStart: SendBeforeTestRunStartAndGetResult successful, env variable from datacollector:   and testhost port: 50236
TpTrace Information: 0 : 45512, 5, 2022/12/05, 18:09:37.850, 10225284166112, vstest.console.dll, ProxyDataCollectionManager.InvokeDataCollectionServiceAction: Completed.
TpTrace Verbose: 0 : 45512, 1, 2022/12/05, 18:09:37.850, 10225284166747, vstest.console.dll, TestRunRequest.ExecuteAsync: Creating test run request.
TpTrace Verbose: 0 : 45512, 1, 2022/12/05, 18:09:37.850, 10225284168264, vstest.console.dll, TestRunRequest.ExecuteAsync: Starting.
TpTrace Information: 0 : 45512, 1, 2022/12/05, 18:09:37.851, 10225284169830, vstest.console.dll, TestRunRequest.ExecuteAsync: Starting run with settings:TestRunCriteria:
   KeepAlive=False,FrequencyOfRunStatsChangeEvent=10,RunStatsChangeEventTimeout=00:00:01.5000000,TestCaseFilter=,TestExecutorLauncher=
   Settingsxml=<RunSettings>
  <RunConfiguration>
    <ResultsDirectory>C:\Users\kerueilin9\Desktop\Document\window_design\HW6_f\DrawingForm\ClassLibraryTests\bin\Debug\.netcoreapp,version=v3.1\fine-code-coverage\coverage-tool-output</ResultsDirectory>
    <TargetPlatform>X64</TargetPlatform>
    <TargetFrameworkVersion>.NETCoreApp,Version=v3.1</TargetFrameworkVersion>
    <DesignMode>False</DesignMode>
    <CollectSourceInformation>False</CollectSourceInformation>
  </RunConfiguration>
  <LoggerRunSettings>
    <Loggers>
      <Logger friendlyName="blame" enabled="True" />
      <Logger friendlyName="Console" uri="logger://microsoft/TestPlatform/ConsoleLogger/v1" assemblyQualifiedName="Microsoft.VisualStudio.TestPlatform.CommandLine.Internal.ConsoleLogger, vstest.console, Version=15.0.0.0, Culture=neutral, PublicKeyToken=b03f5f7f11d50a3a" codeBase="C:\Program Files\dotnet\sdk\5.0.414\vstest.console.dll" enabled="True" />
    </Loggers>
  </LoggerRunSettings>
  <DataCollectionRunSettings>
    <DataCollectors>
      <DataCollector friendlyName="blame" enabled="True">
        <Configuration>
          <ResultsDirectory>C:\Users\kerueilin9\Desktop\Document\window_design\HW6_f\DrawingForm\ClassLibraryTests\bin\Debug\.netcoreapp,version=v3.1\fine-code-coverage\coverage-tool-output</ResultsDirectory>
        </Configuration>
      </DataCollector>
    </DataCollectors>
  </DataCollectionRunSettings>
</RunSettings>

TpTrace Verbose: 0 : 45512, 1, 2022/12/05, 18:09:37.851, 10225284170044, vstest.console.dll, TestRunRequest.ExecuteAsync: Wait for the first run request is over.
TpTrace Verbose: 0 : 45512, 1, 2022/12/05, 18:09:37.851, 10225284172004, vstest.console.dll, ParallelProxyExecutionManager: Start execution. Total sources: 1
TpTrace Information: 0 : 45512, 1, 2022/12/05, 18:09:37.851, 10225284176293, vstest.console.dll, ProxyParallelExecutionManager: Triggering test run for next source: C:\Users\kerueilin9\Desktop\Document\window_design\HW6_f\DrawingForm\ClassLibraryTests\bin\Debug\.netcoreapp,version=v3.1\fine-code-coverage\build-output\ClassLibraryTests.dll
TpTrace Verbose: 0 : 45512, 5, 2022/12/05, 18:09:37.851, 10225284177069, vstest.console.dll, ParallelProxyExecutionManager: Execution started. Started clients: 1
TpTrace Verbose: 0 : 45512, 1, 2022/12/05, 18:09:37.851, 10225284177232, vstest.console.dll, ProxyParallelExecutionManager: No sources available for execution.
TpTrace Information: 0 : 45512, 1, 2022/12/05, 18:09:37.851, 10225284177552, vstest.console.dll, TestRunRequest.ExecuteAsync: Started.
TpTrace Verbose: 0 : 45512, 1, 2022/12/05, 18:09:37.851, 10225284177802, vstest.console.dll, TestRunRequest.WaitForCompletion: Waiting with timeout -1.
TpTrace Verbose: 0 : 45512, 5, 2022/12/05, 18:09:37.851, 10225284178435, vstest.console.dll, TestRunRequest:SendTestRunMessage: Starting.
TpTrace Information: 0 : 45512, 5, 2022/12/05, 18:09:37.852, 10225284178941, vstest.console.dll, TestRunRequest:SendTestRunMessage: Completed.
TpTrace Verbose: 0 : 45512, 5, 2022/12/05, 18:09:37.852, 10225284179881, vstest.console.dll, ProxyExecutionManager: Test host is always Lazy initialize.
TpTrace Verbose: 0 : 45512, 5, 2022/12/05, 18:09:37.852, 10225284180837, vstest.console.dll, TestRequestSender.InitializeCommunication: initialize communication. 
TpTrace Information: 0 : 45512, 5, 2022/12/05, 18:09:37.852, 10225284183300, vstest.console.dll, SocketServer.Start: Listening on endpoint : 127.0.0.1:50237
TpTrace Verbose: 0 : 45512, 5, 2022/12/05, 18:09:37.852, 10225284186870, vstest.console.dll, DotnetTestHostmanager: Adding  --runtimeconfig "C:\Users\kerueilin9\Desktop\Document\window_design\HW6_f\DrawingForm\ClassLibraryTests\bin\Debug\.netcoreapp,version=v3.1\fine-code-coverage\build-output\ClassLibraryTests.runtimeconfig.json" in args
TpTrace Verbose: 0 : 45512, 5, 2022/12/05, 18:09:37.852, 10225284187373, vstest.console.dll, DotnetTestHostmanager: Adding  --depsfile "C:\Users\kerueilin9\Desktop\Document\window_design\HW6_f\DrawingForm\ClassLibraryTests\bin\Debug\.netcoreapp,version=v3.1\fine-code-coverage\build-output\ClassLibraryTests.deps.json" in args
TpTrace Verbose: 0 : 45512, 5, 2022/12/05, 18:09:37.852, 10225284188332, vstest.console.dll, DotnetTestHostManager: Testhost.exe/testhost.x86.exe found at path: C:\Users\kerueilin9\Desktop\Document\window_design\HW6_f\DrawingForm\ClassLibraryTests\bin\Debug\.netcoreapp,version=v3.1\fine-code-coverage\build-output\testhost.exe
TpTrace Verbose: 0 : 45512, 5, 2022/12/05, 18:09:37.852, 10225284188534, vstest.console.dll, DotnetTestHostmanager: Full path of host exe is C:\Users\kerueilin9\Desktop\Document\window_design\HW6_f\DrawingForm\ClassLibraryTests\bin\Debug\.netcoreapp,version=v3.1\fine-code-coverage\build-output\testhost.exe
TpTrace Verbose: 0 : 45512, 7, 2022/12/05, 18:09:37.853, 10225284192298, vstest.console.dll, DotnetTestHostManager: Starting process 'C:\Users\kerueilin9\Desktop\Document\window_design\HW6_f\DrawingForm\ClassLibraryTests\bin\Debug\.netcoreapp,version=v3.1\fine-code-coverage\build-output\testhost.exe' with command line ' --runtimeconfig "C:\Users\kerueilin9\Desktop\Document\window_design\HW6_f\DrawingForm\ClassLibraryTests\bin\Debug\.netcoreapp,version=v3.1\fine-code-coverage\build-output\ClassLibraryTests.runtimeconfig.json" --depsfile "C:\Users\kerueilin9\Desktop\Document\window_design\HW6_f\DrawingForm\ClassLibraryTests\bin\Debug\.netcoreapp,version=v3.1\fine-code-coverage\build-output\ClassLibraryTests.deps.json" --port 50237 --endpoint 127.0.0.1:050237 --role client --parentprocessid 45512 --diag "C:\Users\kerueilin9\Desktop\Document\window_design\HW6_f\DrawingForm\ClassLibraryTests\bin\Debug\.netcoreapp,version=v3.1\fine-code-coverage\coverage-tool-output\diagnostics.host.22-12-05_18-09-37_85262_5.log" --tracelevel 4 --datacollectionport 50236 --telemetryoptedin false'
TpTrace Verbose: 0 : 45512, 7, 2022/12/05, 18:09:37.856, 10225284221126, vstest.console.dll, Test Runtime launched
TpTrace Verbose: 0 : 45512, 5, 2022/12/05, 18:09:37.856, 10225284224333, vstest.console.dll, TestRequestSender.WaitForRequestHandlerConnection: waiting for connection with timeout: 90000
TpTrace Verbose: 0 : 45512, 7, 2022/12/05, 18:09:37.953, 10225285191950, vstest.console.dll, SocketServer.OnClientConnected: Client connected for endPoint: 127.0.0.1:50237, starting MessageLoopAsync:
TpTrace Verbose: 0 : 45512, 14, 2022/12/05, 18:09:37.953, 10225285194015, vstest.console.dll, TcpClientExtensions.MessageLoopAsync: Polling on remoteEndPoint: 127.0.0.1:50238 localEndPoint: 127.0.0.1:50237
TpTrace Verbose: 0 : 45512, 14, 2022/12/05, 18:09:38.037, 10225286036354, vstest.console.dll, TcpClientExtensions.MessageLoopAsync: NotifyDataAvailable remoteEndPoint: 127.0.0.1:50238 localEndPoint: 127.0.0.1:50237
TpTrace Verbose: 0 : 45512, 14, 2022/12/05, 18:09:38.037, 10225286038162, vstest.console.dll, TestRequestSender.CheckVersionWithTestHost: onMessageReceived received message: (ProtocolVersion) -> 5
TpTrace Verbose: 0 : 45512, 14, 2022/12/05, 18:09:38.038, 10225286040571, vstest.console.dll, TcpClientExtensions.MessageLoopAsync: Polling on remoteEndPoint: 127.0.0.1:50238 localEndPoint: 127.0.0.1:50237
TpTrace Verbose: 0 : 45512, 5, 2022/12/05, 18:09:38.038, 10225286041201, vstest.console.dll, TestPluginCache.GetExtensionPaths: Filtered extension paths: 
TpTrace Verbose: 0 : 45512, 5, 2022/12/05, 18:09:38.038, 10225286041823, vstest.console.dll, TestPluginCache.GetExtensionPaths: Added default extension paths: C:\Program Files\dotnet\sdk\5.0.414\Extensions\Microsoft.Diagnostics.NETCore.Client.dll
C:\Program Files\dotnet\sdk\5.0.414\Extensions\Microsoft.TestPlatform.Extensions.BlameDataCollector.dll
C:\Program Files\dotnet\sdk\5.0.414\Extensions\Microsoft.TestPlatform.Extensions.EventLogCollector.dll
C:\Program Files\dotnet\sdk\5.0.414\Extensions\Microsoft.TestPlatform.TestHostRuntimeProvider.dll
C:\Program Files\dotnet\sdk\5.0.414\Extensions\Microsoft.VisualStudio.TestPlatform.Extensions.Html.TestLogger.dll
C:\Program Files\dotnet\sdk\5.0.414\Extensions\Microsoft.VisualStudio.TestPlatform.Extensions.Trx.TestLogger.dll
TpTrace Verbose: 0 : 45512, 5, 2022/12/05, 18:09:38.038, 10225286042006, vstest.console.dll, TestPluginCache.GetExtensionPaths: Added unfilterableExtensionPaths: 
TpTrace Verbose: 0 : 45512, 5, 2022/12/05, 18:09:38.040, 10225286058830, vstest.console.dll, TestRequestSender.InitializeExecution: Sending initializing execution with message: {"Version":5,"MessageType":"TestExecution.Initialize","Payload":["C:\\Users\\kerueilin9\\Desktop\\Document\\window_design\\HW6_f\\DrawingForm\\ClassLibraryTests\\bin\\Debug\\.netcoreapp,version=v3.1\\fine-code-coverage\\build-output\\Microsoft.VisualStudio.TestPlatform.MSTest.TestAdapter.dll"]}
TpTrace Verbose: 0 : 45512, 5, 2022/12/05, 18:09:38.044, 10225286100346, vstest.console.dll, TestRequestSender.StartTestRun: Sending test run with message: {"Version":5,"MessageType":"TestExecution.StartWithSources","Payload":{"AdapterSourceMap":{"_none_":["C:\\Users\\kerueilin9\\Desktop\\Document\\window_design\\HW6_f\\DrawingForm\\ClassLibraryTests\\bin\\Debug\\.netcoreapp,version=v3.1\\fine-code-coverage\\build-output\\ClassLibraryTests.dll"]},"RunSettings":"<RunSettings>\r\n  <RunConfiguration>\r\n    <ResultsDirectory>C:\\Users\\kerueilin9\\Desktop\\Document\\window_design\\HW6_f\\DrawingForm\\ClassLibraryTests\\bin\\Debug\\.netcoreapp,version=v3.1\\fine-code-coverage\\coverage-tool-output</ResultsDirectory>\r\n    <TargetPlatform>X64</TargetPlatform>\r\n    <TargetFrameworkVersion>.NETCoreApp,Version=v3.1</TargetFrameworkVersion>\r\n    <DesignMode>False</DesignMode>\r\n    <CollectSourceInformation>False</CollectSourceInformation>\r\n  </RunConfiguration>\r\n  <LoggerRunSettings>\r\n    <Loggers>\r\n      <Logger friendlyName=\"blame\" enabled=\"True\" />\r\n      <Logger friendlyName=\"Console\" uri=\"logger://microsoft/TestPlatform/ConsoleLogger/v1\" assemblyQualifiedName=\"Microsoft.VisualStudio.TestPlatform.CommandLine.Internal.ConsoleLogger, vstest.console, Version=15.0.0.0, Culture=neutral, PublicKeyToken=b03f5f7f11d50a3a\" codeBase=\"C:\\Program Files\\dotnet\\sdk\\5.0.414\\vstest.console.dll\" enabled=\"True\" />\r\n    </Loggers>\r\n  </LoggerRunSettings>\r\n  <DataCollectionRunSettings>\r\n    <DataCollectors>\r\n      <DataCollector friendlyName=\"blame\" enabled=\"True\">\r\n        <Configuration>\r\n          <ResultsDirectory>C:\\Users\\kerueilin9\\Desktop\\Document\\window_design\\HW6_f\\DrawingForm\\ClassLibraryTests\\bin\\Debug\\.netcoreapp,version=v3.1\\fine-code-coverage\\coverage-tool-output</ResultsDirectory>\r\n        </Configuration>\r\n      </DataCollector>\r\n    </DataCollectors>\r\n  </DataCollectionRunSettings>\r\n</RunSettings>","TestExecutionContext":{"FrequencyOfRunStatsChangeEvent":10,"RunStatsChangeEventTimeout":"00:00:01.5000000","InIsolation":false,"KeepAlive":false,"AreTestCaseLevelEventsRequired":false,"IsDebug":false,"TestCaseFilter":null,"FilterOptions":null},"Package":null}}
TpTrace Verbose: 0 : 45512, 14, 2022/12/05, 18:09:38.044, 10225286104322, vstest.console.dll, TcpClientExtensions.MessageLoopAsync: NotifyDataAvailable remoteEndPoint: 127.0.0.1:50238 localEndPoint: 127.0.0.1:50237
TpTrace Verbose: 0 : 45512, 14, 2022/12/05, 18:09:38.044, 10225286104779, vstest.console.dll, TestRequestSender.OnExecutionMessageReceived: Received message: {"Version":5,"MessageType":"TestSession.Message","Payload":{"MessageLevel":0,"Message":"在檔案 C:\\Users\\kerueilin9\\Desktop\\Document\\window_design\\HW6_f\\DrawingForm\\ClassLibraryTests\\bin\\Debug\\.netcoreapp,version=v3.1\\fine-code-coverage\\coverage-tool-output\\diagnostics.host.22-12-05_18-09-37_85262_5.log 中記錄 TestHost 診斷"}}
TpTrace Verbose: 0 : 45512, 14, 2022/12/05, 18:09:38.045, 10225286113122, vstest.console.dll, TestRunRequest:SendTestRunMessage: Starting.
TpTrace Information: 0 : 45512, 14, 2022/12/05, 18:09:38.045, 10225286113646, vstest.console.dll, TestRunRequest:SendTestRunMessage: Completed.
TpTrace Verbose: 0 : 45512, 14, 2022/12/05, 18:09:38.045, 10225286113781, vstest.console.dll, TcpClientExtensions.MessageLoopAsync: Polling on remoteEndPoint: 127.0.0.1:50238 localEndPoint: 127.0.0.1:50237
TpTrace Verbose: 0 : 45512, 14, 2022/12/05, 18:09:38.288, 10225288538840, vstest.console.dll, TcpClientExtensions.MessageLoopAsync: NotifyDataAvailable remoteEndPoint: 127.0.0.1:50238 localEndPoint: 127.0.0.1:50237
TpTrace Verbose: 0 : 45512, 14, 2022/12/05, 18:09:38.288, 10225288542342, vstest.console.dll, TestRequestSender.OnExecutionMessageReceived: Received message: {"Version":5,"MessageType":"TestExecution.StatsChange","Payload":{"NewTestResults":[{"TestCase":{"Id":"3d375ef7-2896-1888-41c2-bbb1fd2d8983","FullyQualifiedName":"ClassLibrary.Tests.ModelTests.SetTypeTest","DisplayName":"SetTypeTest","ExecutorUri":"executor://MSTestAdapter/v2","Source":"C:\\Users\\kerueilin9\\Desktop\\Document\\window_design\\HW6_f\\DrawingForm\\ClassLibraryTests\\bin\\Debug\\.netcoreapp,version=v3.1\\fine-code-coverage\\build-output\\ClassLibraryTests.dll","CodeFilePath":null,"LineNumber":-1,"Properties":[{"Key":{"Id":"TestCase.ManagedType","Label":"ManagedType","Category":"","Description":"","Attributes":1,"ValueType":"System.String"},"Value":"ClassLibrary.Tests.ModelTests"},{"Key":{"Id":"TestCase.ManagedMethod","Label":"ManagedMethod","Category":"","Description":"","Attributes":1,"ValueType":"System.String"},"Value":"SetTypeTest"},{"Key":{"Id":"MSTestDiscoverer.TestClassName","Label":"ClassName","Category":"","Description":"","Attributes":1,"ValueType":"System.String"},"Value":"ClassLibrary.Tests.ModelTests"},{"Key":{"Id":"TestObject.Traits","Label":"Traits","Category":"","Description":"","Attributes":5,"ValueType":"System.Collections.Generic.KeyValuePair`2[[System.String],[System.String]][]"},"Value":[]}]},"Attachments":[],"Outcome":1,"ErrorMessage":null,"ErrorStackTrace":null,"DisplayName":null,"Messages":[],"ComputerName":null,"Duration":"00:00:00.0057989","StartTime":"2022-12-05T18:09:38.1908931+08:00","EndTime":"2022-12-05T18:09:38.2128532+08:00","Properties":[{"Key":{"Id":"ExecutionId","Label":"ExecutionId","Category":"","Description":"","Attributes":1,"ValueType":"System.Guid"},"Value":"00000000-0000-0000-0000-000000000000"},{"Key":{"Id":"ParentExecId","Label":"ParentExecId","Category":"","Description":"","Attributes":1,"ValueType":"System.Guid"},"Value":"00000000-0000-0000-0000-000000000000"},{"Key":{"Id":"InnerResultsCount","Label":"InnerResultsCount","Category":"","Description":"","Attributes":1,"ValueType":"System.Int32"},"Value":0}]},{"TestCase":{"Id":"11d9eb1a-168d-d241-fc33-0664e7f4da30","FullyQualifiedName":"ClassLibrary.Tests.ModelTests.PressedPointerTest","DisplayName":"PressedPointerTest","ExecutorUri":"executor://MSTestAdapter/v2","Source":"C:\\Users\\kerueilin9\\Desktop\\Document\\window_design\\HW6_f\\DrawingForm\\ClassLibraryTests\\bin\\Debug\\.netcoreapp,version=v3.1\\fine-code-coverage\\build-output\\ClassLibraryTests.dll","CodeFilePath":null,"LineNumber":-1,"Properties":[{"Key":{"Id":"TestCase.ManagedType","Label":"ManagedType","Category":"","Description":"","Attributes":1,"ValueType":"System.String"},"Value":"ClassLibrary.Tests.ModelTests"},{"Key":{"Id":"TestCase.ManagedMethod","Label":"ManagedMethod","Category":"","Description":"","Attributes":1,"ValueType":"System.String"},"Value":"PressedPointerTest"},{"Key":{"Id":"MSTestDiscoverer.TestClassName","Label":"ClassName","Category":"","Description":"","Attributes":1,"ValueType":"System.String"},"Value":"ClassLibrary.Tests.ModelTests"},{"Key":{"Id":"TestObject.Traits","Label":"Traits","Category":"","Description":"","Attributes":5,"ValueType":"System.Collections.Generic.KeyValuePair`2[[System.String],[System.String]][]"},"Value":[]}]},"Attachments":[],"Outcome":1,"ErrorMessage":null,"ErrorStackTrace":null,"DisplayName":null,"Messages":[],"ComputerName":null,"Duration":"00:00:00.0006350","StartTime":"2022-12-05T18:09:38.224061+08:00","EndTime":"2022-12-05T18:09:38.2248439+08:00","Properties":[{"Key":{"Id":"ExecutionId","Label":"ExecutionId","Category":"","Description":"","Attributes":1,"ValueType":"System.Guid"},"Value":"00000000-0000-0000-0000-000000000000"},{"Key":{"Id":"ParentExecId","Label":"ParentExecId","Category":"","Description":"","Attributes":1,"ValueType":"System.Guid"},"Value":"00000000-0000-0000-0000-000000000000"},{"Key":{"Id":"InnerResultsCount","Label":"InnerResultsCount","Category":"","Description":"","Attributes":1,"ValueType":"System.Int32"},"Value":0}]},{"TestCase":{"Id":"27ce6d55-04b1-b8f8-9178-2c5026129bc7","FullyQualifiedName":"ClassLibrary.Tests.ModelTests.MovedPointerTest","DisplayName":"MovedPointerTest","ExecutorUri":"executor://MSTestAdapter/v2","Source":"C:\\Users\\kerueilin9\\Desktop\\Document\\window_design\\HW6_f\\DrawingForm\\ClassLibraryTests\\bin\\Debug\\.netcoreapp,version=v3.1\\fine-code-coverage\\build-output\\ClassLibraryTests.dll","CodeFilePath":null,"LineNumber":-1,"Properties":[{"Key":{"Id":"TestCase.ManagedType","Label":"ManagedType","Category":"","Description":"","Attributes":1,"ValueType":"System.String"},"Value":"ClassLibrary.Tests.ModelTests"},{"Key":{"Id":"TestCase.ManagedMethod","Label":"ManagedMethod","Category":"","Description":"","Attributes":1,"ValueType":"System.String"},"Value":"MovedPointerTest"},{"Key":{"Id":"MSTestDiscoverer.TestClassName","Label":"ClassName","Category":"","Description":"","Attributes":1,"ValueType":"System.String"},"Value":"ClassLibrary.Tests.ModelTests"},{"Key":{"Id":"TestObject.Traits","Label":"Traits","Category":"","Description":"","Attributes":5,"ValueType":"System.Collections.Generic.KeyValuePair`2[[System.String],[System.String]][]"},"Value":[]}]},"Attachments":[],"Outcome":1,"ErrorMessage":null,"ErrorStackTrace":null,"DisplayName":null,"Messages":[],"ComputerName":null,"Duration":"00:00:00.0003120","StartTime":"2022-12-05T18:09:38.2259865+08:00","EndTime":"2022-12-05T18:09:38.2264701+08:00","Properties":[{"Key":{"Id":"ExecutionId","Label":"ExecutionId","Category":"","Description":"","Attributes":1,"ValueType":"System.Guid"},"Value":"00000000-0000-0000-0000-000000000000"},{"Key":{"Id":"ParentExecId","Label":"ParentExecId","Category":"","Description":"","Attributes":1,"ValueType":"System.Guid"},"Value":"00000000-0000-0000-0000-000000000000"},{"Key":{"Id":"InnerResultsCount","Label":"InnerResultsCount","Category":"","Description":"","Attributes":1,"ValueType":"System.Int32"},"Value":0}]},{"TestCase":{"Id":"60e5d850-f592-5b28-3a89-cbfc1401ddf8","FullyQualifiedName":"ClassLibrary.Tests.ModelTests.ReleasedPointerTest","DisplayName":"ReleasedPointerTest","ExecutorUri":"executor://MSTestAdapter/v2","Source":"C:\\Users\\kerueilin9\\Desktop\\Document\\window_design\\HW6_f\\DrawingForm\\ClassLibraryTests\\bin\\Debug\\.netcoreapp,version=v3.1\\fine-code-coverage\\build-output\\ClassLibraryTests.dll","CodeFilePath":null,"LineNumber":-1,"Properties":[{"Key":{"Id":"TestCase.ManagedType","Label":"ManagedType","Category":"","Description":"","Attributes":1,"ValueType":"System.String"},"Value":"ClassLibrary.Tests.ModelTests"},{"Key":{"Id":"TestCase.ManagedMethod","Label":"ManagedMethod","Category":"","Description":"","Attributes":1,"ValueType":"System.String"},"Value":"ReleasedPointerTest"},{"Key":{"Id":"MSTestDiscoverer.TestClassName","Label":"ClassName","Category":"","Description":"","Attributes":1,"ValueType":"System.String"},"Value":"ClassLibrary.Tests.ModelTests"},{"Key":{"Id":"TestObject.Traits","Label":"Traits","Category":"","Description":"","Attributes":5,"ValueType":"System.Collections.Generic.KeyValuePair`2[[System.String],[System.String]][]"},"Value":[]}]},"Attachments":[],"Outcome":1,"ErrorMessage":null,"ErrorStackTrace":null,"DisplayName":null,"Messages":[],"ComputerName":null,"Duration":"00:00:00.0004170","StartTime":"2022-12-05T18:09:38.2273177+08:00","EndTime":"2022-12-05T18:09:38.2278629+08:00","Properties":[{"Key":{"Id":"ExecutionId","Label":"ExecutionId","Category":"","Description":"","Attributes":1,"ValueType":"System.Guid"},"Value":"00000000-0000-0000-0000-000000000000"},{"Key":{"Id":"ParentExecId","Label":"ParentExecId","Category":"","Description":"","Attributes":1,"ValueType":"System.Guid"},"Value":"00000000-0000-0000-0000-000000000000"},{"Key":{"Id":"InnerResultsCount","Label":"InnerResultsCount","Category":"","Description":"","Attributes":1,"ValueType":"System.Int32"},"Value":0}]},{"TestCase":{"Id":"8b06b6dd-8a07-9e4c-8079-9ccc7e50b81b","FullyQualifiedName":"ClassLibrary.Tests.ModelTests.ClearTest","DisplayName":"ClearTest","ExecutorUri":"executor://MSTestAdapter/v2","Source":"C:\\Users\\kerueilin9\\Desktop\\Document\\window_design\\HW6_f\\DrawingForm\\ClassLibraryTests\\bin\\Debug\\.netcoreapp,version=v3.1\\fine-code-coverage\\build-output\\ClassLibraryTests.dll","CodeFilePath":null,"LineNumber":-1,"Properties":[{"Key":{"Id":"TestCase.ManagedType","Label":"ManagedType","Category":"","Description":"","Attributes":1,"ValueType":"System.String"},"Value":"ClassLibrary.Tests.ModelTests"},{"Key":{"Id":"TestCase.ManagedMethod","Label":"ManagedMethod","Category":"","Description":"","Attributes":1,"ValueType":"System.String"},"Value":"ClearTest"},{"Key":{"Id":"MSTestDiscoverer.TestClassName","Label":"ClassName","Category":"","Description":"","Attributes":1,"ValueType":"System.String"},"Value":"ClassLibrary.Tests.ModelTests"},{"Key":{"Id":"TestObject.Traits","Label":"Traits","Category":"","Description":"","Attributes":5,"ValueType":"System.Collections.Generic.KeyValuePair`2[[System.String],[System.String]][]"},"Value":[]}]},"Attachments":[],"Outcome":1,"ErrorMessage":null,"ErrorStackTrace":null,"DisplayName":null,"Messages":[],"ComputerName":null,"Duration":"00:00:00.0006233","StartTime":"2022-12-05T18:09:38.2286804+08:00","EndTime":"2022-12-05T18:09:38.2295255+08:00","Properties":[{"Key":{"Id":"ExecutionId","Label":"ExecutionId","Category":"","Description":"","Attributes":1,"ValueType":"System.Guid"},"Value":"00000000-0000-0000-0000-000000000000"},{"Key":{"Id":"ParentExecId","Label":"ParentExecId","Category":"","Description":"","Attributes":1,"ValueType":"System.Guid"},"Value":"00000000-0000-0000-0000-000000000000"},{"Key":{"Id":"InnerResultsCount","Label":"InnerResultsCount","Category":"","Description":"","Attributes":1,"ValueType":"System.Int32"},"Value":0}]},{"TestCase":{"Id":"451ce7e0-6773-aa46-3898-4a69e40a5256","FullyQualifiedName":"ClassLibrary.Tests.ModelTests.DrawTest","DisplayName":"DrawTest","ExecutorUri":"executor://MSTestAdapter/v2","Source":"C:\\Users\\kerueilin9\\Desktop\\Document\\window_design\\HW6_f\\DrawingForm\\ClassLibraryTests\\bin\\Debug\\.netcoreapp,version=v3.1\\fine-code-coverage\\build-output\\ClassLibraryTests.dll","CodeFilePath":null,"LineNumber":-1,"Properties":[{"Key":{"Id":"TestCase.ManagedType","Label":"ManagedType","Category":"","Description":"","Attributes":1,"ValueType":"System.String"},"Value":"ClassLibrary.Tests.ModelTests"},{"Key":{"Id":"TestCase.ManagedMethod","Label":"ManagedMethod","Category":"","Description":"","Attributes":1,"ValueType":"System.String"},"Value":"DrawTest"},{"Key":{"Id":"MSTestDiscoverer.TestClassName","Label":"ClassName","Category":"","Description":"","Attributes":1,"ValueType":"System.String"},"Value":"ClassLibrary.Tests.ModelTests"},{"Key":{"Id":"TestObject.Traits","Label":"Traits","Category":"","Description":"","Attributes":5,"ValueType":"System.Collections.Generic.KeyValuePair`2[[System.String],[System.String]][]"},"Value":[]}]},"Attachments":[],"Outcome":1,"ErrorMessage":null,"ErrorStackTrace":null,"DisplayName":null,"Messages":[],"ComputerName":null,"Duration":"00:00:00.0354515","StartTime":"2022-12-05T18:09:38.2314706+08:00","EndTime":"2022-12-05T18:09:38.2671346+08:00","Properties":[{"Key":{"Id":"ExecutionId","Label":"ExecutionId","Category":"","Description":"","Attributes":1,"ValueType":"System.Guid"},"Value":"00000000-0000-0000-0000-000000000000"},{"Key":{"Id":"ParentExecId","Label":"ParentExecId","Category":"","Description":"","Attributes":1,"ValueType":"System.Guid"},"Value":"00000000-0000-0000-0000-000000000000"},{"Key":{"Id":"InnerResultsCount","Label":"InnerResultsCount","Category":"","Description":"","Attributes":1,"ValueType":"System.Int32"},"Value":0}]},{"TestCase":{"Id":"67ac0053-a59e-29ac-90c8-7f7f87bc4e5f","FullyQualifiedName":"ClassLibrary.Tests.RectangleTests.DrawTest","DisplayName":"DrawTest","ExecutorUri":"executor://MSTestAdapter/v2","Source":"C:\\Users\\kerueilin9\\Desktop\\Document\\window_design\\HW6_f\\DrawingForm\\ClassLibraryTests\\bin\\Debug\\.netcoreapp,version=v3.1\\fine-code-coverage\\build-output\\ClassLibraryTests.dll","CodeFilePath":null,"LineNumber":-1,"Properties":[{"Key":{"Id":"TestCase.ManagedType","Label":"ManagedType","Category":"","Description":"","Attributes":1,"ValueType":"System.String"},"Value":"ClassLibrary.Tests.RectangleTests"},{"Key":{"Id":"TestCase.ManagedMethod","Label":"ManagedMethod","Category":"","Description":"","Attributes":1,"ValueType":"System.String"},"Value":"DrawTest"},{"Key":{"Id":"MSTestDiscoverer.TestClassName","Label":"ClassName","Category":"","Description":"","Attributes":1,"ValueType":"System.String"},"Value":"ClassLibrary.Tests.RectangleTests"},{"Key":{"Id":"TestObject.Traits","Label":"Traits","Category":"","Description":"","Attributes":5,"ValueType":"System.Collections.Generic.KeyValuePair`2[[System.String],[System.String]][]"},"Value":[]}]},"Attachments":[],"Outcome":1,"ErrorMessage":null,"ErrorStackTrace":null,"DisplayName":null,"Messages":[],"ComputerName":null,"Duration":"00:00:00.0011514","StartTime":"2022-12-05T18:09:38.2687163+08:00","EndTime":"2022-12-05T18:09:38.2704119+08:00","Properties":[{"Key":{"Id":"ExecutionId","Label":"ExecutionId","Category":"","Description":"","Attributes":1,"ValueType":"System.Guid"},"Value":"00000000-0000-0000-0000-000000000000"},{"Key":{"Id":"ParentExecId","Label":"ParentExecId","Category":"","Description":"","Attributes":1,"ValueType":"System.Guid"},"Value":"00000000-0000-0000-0000-000000000000"},{"Key":{"Id":"InnerResultsCount","Label":"InnerResultsCount","Category":"","Description":"","Attributes":1,"ValueType":"System.Int32"},"Value":0}]},{"TestCase":{"Id":"21804aae-c320-55db-decc-a94f5cb4bc26","FullyQualifiedName":"ClassLibrary.Tests.RectangleTests.GetShapeTypeTest","DisplayName":"GetShapeTypeTest","ExecutorUri":"executor://MSTestAdapter/v2","Source":"C:\\Users\\kerueilin9\\Desktop\\Document\\window_design\\HW6_f\\DrawingForm\\ClassLibraryTests\\bin\\Debug\\.netcoreapp,version=v3.1\\fine-code-coverage\\build-output\\ClassLibraryTests.dll","CodeFilePath":null,"LineNumber":-1,"Properties":[{"Key":{"Id":"TestCase.ManagedType","Label":"ManagedType","Category":"","Description":"","Attributes":1,"ValueType":"System.String"},"Value":"ClassLibrary.Tests.RectangleTests"},{"Key":{"Id":"TestCase.ManagedMethod","Label":"ManagedMethod","Category":"","Description":"","Attributes":1,"ValueType":"System.String"},"Value":"GetShapeTypeTest"},{"Key":{"Id":"MSTestDiscoverer.TestClassName","Label":"ClassName","Category":"","Description":"","Attributes":1,"ValueType":"System.String"},"Value":"ClassLibrary.Tests.RectangleTests"},{"Key":{"Id":"TestObject.Traits","Label":"Traits","Category":"","Description":"","Attributes":5,"ValueType":"System.Collections.Generic.KeyValuePair`2[[System.String],[System.String]][]"},"Value":[]}]},"Attachments":[],"Outcome":1,"ErrorMessage":null,"ErrorStackTrace":null,"DisplayName":null,"Messages":[],"ComputerName":null,"Duration":"00:00:00.0001084","StartTime":"2022-12-05T18:09:38.2715495+08:00","EndTime":"2022-12-05T18:09:38.2717729+08:00","Properties":[{"Key":{"Id":"ExecutionId","Label":"ExecutionId","Category":"","Description":"","Attributes":1,"ValueType":"System.Guid"},"Value":"00000000-0000-0000-0000-000000000000"},{"Key":{"Id":"ParentExecId","Label":"ParentExecId","Category":"","Description":"","Attributes":1,"ValueType":"System.Guid"},"Value":"00000000-0000-0000-0000-000000000000"},{"Key":{"Id":"InnerResultsCount","Label":"InnerResultsCount","Category":"","Description":"","Attributes":1,"ValueType":"System.Int32"},"Value":0}]},{"TestCase":{"Id":"080fa038-1b8a-78cf-1630-2b732e0b2150","FullyQualifiedName":"ClassLibrary.Tests.ShapeFactoryTests.CreateShapeTest","DisplayName":"CreateShapeTest","ExecutorUri":"executor://MSTestAdapter/v2","Source":"C:\\Users\\kerueilin9\\Desktop\\Document\\window_design\\HW6_f\\DrawingForm\\ClassLibraryTests\\bin\\Debug\\.netcoreapp,version=v3.1\\fine-code-coverage\\build-output\\ClassLibraryTests.dll","CodeFilePath":null,"LineNumber":-1,"Properties":[{"Key":{"Id":"TestCase.ManagedType","Label":"ManagedType","Category":"","Description":"","Attributes":1,"ValueType":"System.String"},"Value":"ClassLibrary.Tests.ShapeFactoryTests"},{"Key":{"Id":"TestCase.ManagedMethod","Label":"ManagedMethod","Category":"","Description":"","Attributes":1,"ValueType":"System.String"},"Value":"CreateShapeTest"},{"Key":{"Id":"MSTestDiscoverer.TestClassName","Label":"ClassName","Category":"","Description":"","Attributes":1,"ValueType":"System.String"},"Value":"ClassLibrary.Tests.ShapeFactoryTests"},{"Key":{"Id":"TestObject.Traits","Label":"Traits","Category":"","Description":"","Attributes":5,"ValueType":"System.Collections.Generic.KeyValuePair`2[[System.String],[System.String]][]"},"Value":[]}]},"Attachments":[],"Outcome":1,"ErrorMessage":null,"ErrorStackTrace":null,"DisplayName":null,"Messages":[],"ComputerName":null,"Duration":"00:00:00.0001539","StartTime":"2022-12-05T18:09:38.2725401+08:00","EndTime":"2022-12-05T18:09:38.2728384+08:00","Properties":[{"Key":{"Id":"ExecutionId","Label":"ExecutionId","Category":"","Description":"","Attributes":1,"ValueType":"System.Guid"},"Value":"00000000-0000-0000-0000-000000000000"},{"Key":{"Id":"ParentExecId","Label":"ParentExecId","Category":"","Description":"","Attributes":1,"ValueType":"System.Guid"},"Value":"00000000-0000-0000-0000-000000000000"},{"Key":{"Id":"InnerResultsCount","Label":"InnerResultsCount","Category":"","Description":"","Attributes":1,"ValueType":"System.Int32"},"Value":0}]}],"TestRunStatistics":{"ExecutedTests":9,"Stats":{"Passed":9}},"ActiveTests":[{"Id":"6e024220-a9a3-3732-31fc-6e6abd0afc28","FullyQualifiedName":"ClassLibrary.Tests.ShapesTests.CreateShapeHintTest","DisplayName":"CreateShapeHintTest","ExecutorUri":"executor://MSTestAdapter/v2","Source":"C:\\Users\\kerueilin9\\Desktop\\Document\\window_design\\HW6_f\\DrawingForm\\ClassLibraryTests\\bin\\Debug\\.netcoreapp,version=v3.1\\fine-code-coverage\\build-output\\ClassLibraryTests.dll","CodeFilePath":null,"LineNumber":-1,"Properties":[{"Key":{"Id":"TestCase.ManagedType","Label":"ManagedType","Category":"","Description":"","Attributes":1,"ValueType":"System.String"},"Value":"ClassLibrary.Tests.ShapesTests"},{"Key":{"Id":"TestCase.ManagedMethod","Label":"ManagedMethod","Category":"","Description":"","Attributes":1,"ValueType":"System.String"},"Value":"CreateShapeHintTest"},{"Key":{"Id":"MSTestDiscoverer.TestClassName","Label":"ClassName","Category":"","Description":"","Attributes":1,"ValueType":"System.String"},"Value":"ClassLibrary.Tests.ShapesTests"},{"Key":{"Id":"TestObject.Traits","Label":"Traits","Category":"","Description":"","Attributes":5,"ValueType":"System.Collections.Generic.KeyValuePair`2[[System.String],[System.String]][]"},"Value":[]}]}]}}
TpTrace Verbose: 0 : 45512, 14, 2022/12/05, 18:09:38.322, 10225288879982, vstest.console.dll, TestRunRequest:SendTestRunStatsChange: Starting.
TpTrace Verbose: 0 : 45512, 14, 2022/12/05, 18:09:38.322, 10225288880837, vstest.console.dll, InProgress is CreateShapeHintTest
TpTrace Information: 0 : 45512, 14, 2022/12/05, 18:09:38.322, 10225288881924, vstest.console.dll, TestRunRequest:SendTestRunStatsChange: Completed.
TpTrace Verbose: 0 : 45512, 14, 2022/12/05, 18:09:38.322, 10225288882188, vstest.console.dll, TcpClientExtensions.MessageLoopAsync: Polling on remoteEndPoint: 127.0.0.1:50238 localEndPoint: 127.0.0.1:50237
TpTrace Verbose: 0 : 45512, 14, 2022/12/05, 18:09:38.322, 10225288882381, vstest.console.dll, TcpClientExtensions.MessageLoopAsync: NotifyDataAvailable remoteEndPoint: 127.0.0.1:50238 localEndPoint: 127.0.0.1:50237
TpTrace Verbose: 0 : 45512, 14, 2022/12/05, 18:09:38.322, 10225288883256, vstest.console.dll, TestRequestSender.OnExecutionMessageReceived: Received message: {"Version":5,"MessageType":"TestExecution.Completed","Payload":{"TestRunCompleteArgs":{"TestRunStatistics":{"ExecutedTests":15,"Stats":{"Passed":15}},"IsCanceled":false,"IsAborted":false,"Error":null,"AttachmentSets":[],"ElapsedTimeInRunningTests":"00:00:00.1901755","Metrics":{}},"LastRunTests":{"NewTestResults":[{"TestCase":{"Id":"6e024220-a9a3-3732-31fc-6e6abd0afc28","FullyQualifiedName":"ClassLibrary.Tests.ShapesTests.CreateShapeHintTest","DisplayName":"CreateShapeHintTest","ExecutorUri":"executor://MSTestAdapter/v2","Source":"C:\\Users\\kerueilin9\\Desktop\\Document\\window_design\\HW6_f\\DrawingForm\\ClassLibraryTests\\bin\\Debug\\.netcoreapp,version=v3.1\\fine-code-coverage\\build-output\\ClassLibraryTests.dll","CodeFilePath":null,"LineNumber":-1,"Properties":[{"Key":{"Id":"TestCase.ManagedType","Label":"ManagedType","Category":"","Description":"","Attributes":1,"ValueType":"System.String"},"Value":"ClassLibrary.Tests.ShapesTests"},{"Key":{"Id":"TestCase.ManagedMethod","Label":"ManagedMethod","Category":"","Description":"","Attributes":1,"ValueType":"System.String"},"Value":"CreateShapeHintTest"},{"Key":{"Id":"MSTestDiscoverer.TestClassName","Label":"ClassName","Category":"","Description":"","Attributes":1,"ValueType":"System.String"},"Value":"ClassLibrary.Tests.ShapesTests"},{"Key":{"Id":"TestObject.Traits","Label":"Traits","Category":"","Description":"","Attributes":5,"ValueType":"System.Collections.Generic.KeyValuePair`2[[System.String],[System.String]][]"},"Value":[]}]},"Attachments":[],"Outcome":1,"ErrorMessage":null,"ErrorStackTrace":null,"DisplayName":null,"Messages":[],"ComputerName":null,"Duration":"00:00:00.0006075","StartTime":"2022-12-05T18:09:38.2891048+08:00","EndTime":"2022-12-05T18:09:38.2899497+08:00","Properties":[{"Key":{"Id":"ExecutionId","Label":"ExecutionId","Category":"","Description":"","Attributes":1,"ValueType":"System.Guid"},"Value":"00000000-0000-0000-0000-000000000000"},{"Key":{"Id":"ParentExecId","Label":"ParentExecId","Category":"","Description":"","Attributes":1,"ValueType":"System.Guid"},"Value":"00000000-0000-0000-0000-000000000000"},{"Key":{"Id":"InnerResultsCount","Label":"InnerResultsCount","Category":"","Description":"","Attributes":1,"ValueType":"System.Int32"},"Value":0}]},{"TestCase":{"Id":"c729c740-0104-6cb5-cf4a-6a541fe611d9","FullyQualifiedName":"ClassLibrary.Tests.ShapesTests.CreateShapeTest","DisplayName":"CreateShapeTest","ExecutorUri":"executor://MSTestAdapter/v2","Source":"C:\\Users\\kerueilin9\\Desktop\\Document\\window_design\\HW6_f\\DrawingForm\\ClassLibraryTests\\bin\\Debug\\.netcoreapp,version=v3.1\\fine-code-coverage\\build-output\\ClassLibraryTests.dll","CodeFilePath":null,"LineNumber":-1,"Properties":[{"Key":{"Id":"TestCase.ManagedType","Label":"ManagedType","Category":"","Description":"","Attributes":1,"ValueType":"System.String"},"Value":"ClassLibrary.Tests.ShapesTests"},{"Key":{"Id":"TestCase.ManagedMethod","Label":"ManagedMethod","Category":"","Description":"","Attributes":1,"ValueType":"System.String"},"Value":"CreateShapeTest"},{"Key":{"Id":"MSTestDiscoverer.TestClassName","Label":"ClassName","Category":"","Description":"","Attributes":1,"ValueType":"System.String"},"Value":"ClassLibrary.Tests.ShapesTests"},{"Key":{"Id":"TestObject.Traits","Label":"Traits","Category":"","Description":"","Attributes":5,"ValueType":"System.Collections.Generic.KeyValuePair`2[[System.String],[System.String]][]"},"Value":[]}]},"Attachments":[],"Outcome":1,"ErrorMessage":null,"ErrorStackTrace":null,"DisplayName":null,"Messages":[],"ComputerName":null,"Duration":"00:00:00.0002072","StartTime":"2022-12-05T18:09:38.2914567+08:00","EndTime":"2022-12-05T18:09:38.291796+08:00","Properties":[{"Key":{"Id":"ExecutionId","Label":"ExecutionId","Category":"","Description":"","Attributes":1,"ValueType":"System.Guid"},"Value":"00000000-0000-0000-0000-000000000000"},{"Key":{"Id":"ParentExecId","Label":"ParentExecId","Category":"","Description":"","Attributes":1,"ValueType":"System.Guid"},"Value":"00000000-0000-0000-0000-000000000000"},{"Key":{"Id":"InnerResultsCount","Label":"InnerResultsCount","Category":"","Description":"","Attributes":1,"ValueType":"System.Int32"},"Value":0}]},{"TestCase":{"Id":"f151bb35-4b3f-5eac-b520-db379e04b576","FullyQualifiedName":"ClassLibrary.Tests.ShapesTests.DrawTest","DisplayName":"DrawTest","ExecutorUri":"executor://MSTestAdapter/v2","Source":"C:\\Users\\kerueilin9\\Desktop\\Document\\window_design\\HW6_f\\DrawingForm\\ClassLibraryTests\\bin\\Debug\\.netcoreapp,version=v3.1\\fine-code-coverage\\build-output\\ClassLibraryTests.dll","CodeFilePath":null,"LineNumber":-1,"Properties":[{"Key":{"Id":"TestCase.ManagedType","Label":"ManagedType","Category":"","Description":"","Attributes":1,"ValueType":"System.String"},"Value":"ClassLibrary.Tests.ShapesTests"},{"Key":{"Id":"TestCase.ManagedMethod","Label":"ManagedMethod","Category":"","Description":"","Attributes":1,"ValueType":"System.String"},"Value":"DrawTest"},{"Key":{"Id":"MSTestDiscoverer.TestClassName","Label":"ClassName","Category":"","Description":"","Attributes":1,"ValueType":"System.String"},"Value":"ClassLibrary.Tests.ShapesTests"},{"Key":{"Id":"TestObject.Traits","Label":"Traits","Category":"","Description":"","Attributes":5,"ValueType":"System.Collections.Generic.KeyValuePair`2[[System.String],[System.String]][]"},"Value":[]}]},"Attachments":[],"Outcome":1,"ErrorMessage":null,"ErrorStackTrace":null,"DisplayName":null,"Messages":[],"ComputerName":null,"Duration":"00:00:00.0001084","StartTime":"2022-12-05T18:09:38.2930013+08:00","EndTime":"2022-12-05T18:09:38.293227+08:00","Properties":[{"Key":{"Id":"ExecutionId","Label":"ExecutionId","Category":"","Description":"","Attributes":1,"ValueType":"System.Guid"},"Value":"00000000-0000-0000-0000-000000000000"},{"Key":{"Id":"ParentExecId","Label":"ParentExecId","Category":"","Description":"","Attributes":1,"ValueType":"System.Guid"},"Value":"00000000-0000-0000-0000-000000000000"},{"Key":{"Id":"InnerResultsCount","Label":"InnerResultsCount","Category":"","Description":"","Attributes":1,"ValueType":"System.Int32"},"Value":0}]},{"TestCase":{"Id":"588d7ec7-1174-ff9a-574a-7d5a54891e5e","FullyQualifiedName":"ClassLibrary.Tests.ShapesTests.ClearTest","DisplayName":"ClearTest","ExecutorUri":"executor://MSTestAdapter/v2","Source":"C:\\Users\\kerueilin9\\Desktop\\Document\\window_design\\HW6_f\\DrawingForm\\ClassLibraryTests\\bin\\Debug\\.netcoreapp,version=v3.1\\fine-code-coverage\\build-output\\ClassLibraryTests.dll","CodeFilePath":null,"LineNumber":-1,"Properties":[{"Key":{"Id":"TestCase.ManagedType","Label":"ManagedType","Category":"","Description":"","Attributes":1,"ValueType":"System.String"},"Value":"ClassLibrary.Tests.ShapesTests"},{"Key":{"Id":"TestCase.ManagedMethod","Label":"ManagedMethod","Category":"","Description":"","Attributes":1,"ValueType":"System.String"},"Value":"ClearTest"},{"Key":{"Id":"MSTestDiscoverer.TestClassName","Label":"ClassName","Category":"","Description":"","Attributes":1,"ValueType":"System.String"},"Value":"ClassLibrary.Tests.ShapesTests"},{"Key":{"Id":"TestObject.Traits","Label":"Traits","Category":"","Description":"","Attributes":5,"ValueType":"System.Collections.Generic.KeyValuePair`2[[System.String],[System.String]][]"},"Value":[]}]},"Attachments":[],"Outcome":1,"ErrorMessage":null,"ErrorStackTrace":null,"DisplayName":null,"Messages":[],"ComputerName":null,"Duration":"00:00:00.0001230","StartTime":"2022-12-05T18:09:38.2942326+08:00","EndTime":"2022-12-05T18:09:38.2944651+08:00","Properties":[{"Key":{"Id":"ExecutionId","Label":"ExecutionId","Category":"","Description":"","Attributes":1,"ValueType":"System.Guid"},"Value":"00000000-0000-0000-0000-000000000000"},{"Key":{"Id":"ParentExecId","Label":"ParentExecId","Category":"","Description":"","Attributes":1,"ValueType":"System.Guid"},"Value":"00000000-0000-0000-0000-000000000000"},{"Key":{"Id":"InnerResultsCount","Label":"InnerResultsCount","Category":"","Description":"","Attributes":1,"ValueType":"System.Int32"},"Value":0}]},{"TestCase":{"Id":"3b9ba426-7ec1-7f57-0402-30f726be1890","FullyQualifiedName":"ClassLibrary.Tests.TriangleTests.DrawTest","DisplayName":"DrawTest","ExecutorUri":"executor://MSTestAdapter/v2","Source":"C:\\Users\\kerueilin9\\Desktop\\Document\\window_design\\HW6_f\\DrawingForm\\ClassLibraryTests\\bin\\Debug\\.netcoreapp,version=v3.1\\fine-code-coverage\\build-output\\ClassLibraryTests.dll","CodeFilePath":null,"LineNumber":-1,"Properties":[{"Key":{"Id":"TestCase.ManagedType","Label":"ManagedType","Category":"","Description":"","Attributes":1,"ValueType":"System.String"},"Value":"ClassLibrary.Tests.TriangleTests"},{"Key":{"Id":"TestCase.ManagedMethod","Label":"ManagedMethod","Category":"","Description":"","Attributes":1,"ValueType":"System.String"},"Value":"DrawTest"},{"Key":{"Id":"MSTestDiscoverer.TestClassName","Label":"ClassName","Category":"","Description":"","Attributes":1,"ValueType":"System.String"},"Value":"ClassLibrary.Tests.TriangleTests"},{"Key":{"Id":"TestObject.Traits","Label":"Traits","Category":"","Description":"","Attributes":5,"ValueType":"System.Collections.Generic.KeyValuePair`2[[System.String],[System.String]][]"},"Value":[]}]},"Attachments":[],"Outcome":1,"ErrorMessage":null,"ErrorStackTrace":null,"DisplayName":null,"Messages":[],"ComputerName":null,"Duration":"00:00:00.0002770","StartTime":"2022-12-05T18:09:38.2953976+08:00","EndTime":"2022-12-05T18:09:38.2958655+08:00","Properties":[{"Key":{"Id":"ExecutionId","Label":"ExecutionId","Category":"","Description":"","Attributes":1,"ValueType":"System.Guid"},"Value":"00000000-0000-0000-0000-000000000000"},{"Key":{"Id":"ParentExecId","Label":"ParentExecId","Category":"","Description":"","Attributes":1,"ValueType":"System.Guid"},"Value":"00000000-0000-0000-0000-000000000000"},{"Key":{"Id":"InnerResultsCount","Label":"InnerResultsCount","Category":"","Description":"","Attributes":1,"ValueType":"System.Int32"},"Value":0}]},{"TestCase":{"Id":"6d738490-45a7-f5f0-0d5b-11a36e60be6d","FullyQualifiedName":"ClassLibrary.Tests.TriangleTests.GetShapeTypeTest","DisplayName":"GetShapeTypeTest","ExecutorUri":"executor://MSTestAdapter/v2","Source":"C:\\Users\\kerueilin9\\Desktop\\Document\\window_design\\HW6_f\\DrawingForm\\ClassLibraryTests\\bin\\Debug\\.netcoreapp,version=v3.1\\fine-code-coverage\\build-output\\ClassLibraryTests.dll","CodeFilePath":null,"LineNumber":-1,"Properties":[{"Key":{"Id":"TestCase.ManagedType","Label":"ManagedType","Category":"","Description":"","Attributes":1,"ValueType":"System.String"},"Value":"ClassLibrary.Tests.TriangleTests"},{"Key":{"Id":"TestCase.ManagedMethod","Label":"ManagedMethod","Category":"","Description":"","Attributes":1,"ValueType":"System.String"},"Value":"GetShapeTypeTest"},{"Key":{"Id":"MSTestDiscoverer.TestClassName","Label":"ClassName","Category":"","Description":"","Attributes":1,"ValueType":"System.String"},"Value":"ClassLibrary.Tests.TriangleTests"},{"Key":{"Id":"TestObject.Traits","Label":"Traits","Category":"","Description":"","Attributes":5,"ValueType":"System.Collections.Generic.KeyValuePair`2[[System.String],[System.String]][]"},"Value":[]}]},"Attachments":[],"Outcome":1,"ErrorMessage":null,"ErrorStackTrace":null,"DisplayName":null,"Messages":[],"ComputerName":null,"Duration":"00:00:00.0000754","StartTime":"2022-12-05T18:09:38.2970401+08:00","EndTime":"2022-12-05T18:09:38.2972173+08:00","Properties":[{"Key":{"Id":"ExecutionId","Label":"ExecutionId","Category":"","Description":"","Attributes":1,"ValueType":"System.Guid"},"Value":"00000000-0000-0000-0000-000000000000"},{"Key":{"Id":"ParentExecId","Label":"ParentExecId","Category":"","Description":"","Attributes":1,"ValueType":"System.Guid"},"Value":"00000000-0000-0000-0000-000000000000"},{"Key":{"Id":"InnerResultsCount","Label":"InnerResultsCount","Category":"","Description":"","Attributes":1,"ValueType":"System.Int32"},"Value":0}]}],"TestRunStatistics":{"ExecutedTests":15,"Stats":{"Passed":15}},"ActiveTests":[]},"RunAttachments":[],"ExecutorUris":["executor://mstestadapter/v2"]}}
TpTrace Verbose: 0 : 45512, 14, 2022/12/05, 18:09:38.322, 10225288887368, vstest.console.dll, TestRequestSender.EndSession: Sending end session.
TpTrace Verbose: 0 : 45512, 14, 2022/12/05, 18:09:38.322, 10225288888028, vstest.console.dll, ProxyOperationManager.Close: waiting for test host to exit for 100 ms
TpTrace Warning: 0 : 45512, 11, 2022/12/05, 18:09:38.332, 10225288983308, vstest.console.dll, TestHostManagerCallbacks.ErrorReceivedCallback Test host standard error line: 
TpTrace Verbose: 0 : 45512, 8, 2022/12/05, 18:09:38.335, 10225289018022, vstest.console.dll, TestHostProvider.ExitCallBack: Host exited starting callback.
TpTrace Information: 0 : 45512, 8, 2022/12/05, 18:09:38.336, 10225289022824, vstest.console.dll, TestHostManagerCallbacks.ExitCallBack: Testhost processId: 58920 exited with exitcode: 0 error: ''
TpTrace Verbose: 0 : 45512, 8, 2022/12/05, 18:09:38.336, 10225289023393, vstest.console.dll, DotnetTestHostManager.OnHostExited: invoking OnHostExited callback
TpTrace Verbose: 0 : 45512, 8, 2022/12/05, 18:09:38.336, 10225289023645, vstest.console.dll, CrossPlatEngine.TestHostManagerHostExited: calling on client process exit callback.
TpTrace Information: 0 : 45512, 8, 2022/12/05, 18:09:38.336, 10225289023951, vstest.console.dll, TestRequestSender.OnClientProcessExit: Test host process exited. Standard error: 
TpTrace Information: 0 : 45512, 8, 2022/12/05, 18:09:38.336, 10225289024116, vstest.console.dll, SocketServer.Stop: Stop server endPoint: 127.0.0.1:50237
TpTrace Warning: 0 : 45512, 14, 2022/12/05, 18:09:38.336, 10225289024017, vstest.console.dll, ProxyOperationManager: Timed out waiting for test host to exit. Will terminate process.
TpTrace Information: 0 : 45512, 8, 2022/12/05, 18:09:38.336, 10225289024222, vstest.console.dll, SocketServer.Stop: Cancellation requested. Stopping message loop.
TpTrace Verbose: 0 : 45512, 14, 2022/12/05, 18:09:38.337, 10225289030450, vstest.console.dll, ProxyDataCollectionManager.InvokeDataCollectionServiceAction: Starting.
TpTrace Information: 0 : 45512, 14, 2022/12/05, 18:09:38.337, 10225289030832, vstest.console.dll, ProxyDataCollectionManager.AfterTestRunEnd: Get attachment set for datacollector processId: 53444 port: 50234
TpTrace Verbose: 0 : 45512, 14, 2022/12/05, 18:09:38.337, 10225289031123, vstest.console.dll, DataCollectionRequestSender.SendAfterTestRunStartAndGetResult : Send AfterTestRunEnd message with isCancelled: False
TpTrace Verbose: 0 : 45512, 14, 2022/12/05, 18:09:38.339, 10225289053833, vstest.console.dll, DataCollectionRequestSender.SendAfterTestRunStartAndGetResult : Received message: (DataCollection.AfterTestRunEndResult) -> {
  "AttachmentSets": [],
  "Metrics": {}
}
TpTrace Information: 0 : 45512, 14, 2022/12/05, 18:09:38.340, 10225289067200, vstest.console.dll, ProxyDataCollectionManager.InvokeDataCollectionServiceAction: Completed.
TpTrace Warning: 0 : 45512, 10, 2022/12/05, 18:09:38.358, 10225289244861, vstest.console.dll, DataCollectionLauncher.ErrorReceivedCallback datacollector standard error line: 
TpTrace Information: 0 : 45512, 8, 2022/12/05, 18:09:38.358, 10225289244986, vstest.console.dll, DataCollectionLauncher.ExitCallBack: Data collector exited with exitcode: 0 error: ''
TpTrace Verbose: 0 : 45512, 14, 2022/12/05, 18:09:38.358, 10225289246885, vstest.console.dll, TestRunRequest:SendTestRunStatsChange: Starting.
TpTrace Information: 0 : 45512, 14, 2022/12/05, 18:09:38.358, 10225289247502, vstest.console.dll, TestRunRequest:SendTestRunStatsChange: Completed.
TpTrace Verbose: 0 : 45512, 14, 2022/12/05, 18:09:38.358, 10225289248538, vstest.console.dll, ParallelProxyExecutionManager: HandlePartialRunComplete: Total completed clients = 1, Run complete = True, Run canceled: False.
TpTrace Verbose: 0 : 45512, 14, 2022/12/05, 18:09:38.371, 10225289376565, vstest.console.dll, TestRunRequest:TestRunComplete: Starting. IsAborted:False IsCanceled:False.
TpTrace Verbose: 0 : 45512, 14, 2022/12/05, 18:09:38.371, 10225289378090, vstest.console.dll, TestLoggerManager.HandleTestRunComplete: Ignoring as the object is disposed.
TpTrace Information: 0 : 45512, 14, 2022/12/05, 18:09:38.372, 10225289379460, vstest.console.dll, TestRunRequest:TestRunComplete: Completed.
TpTrace Verbose: 0 : 45512, 14, 2022/12/05, 18:09:38.372, 10225289379717, vstest.console.dll, TestRequestSender.SetOperationComplete: Setting operation complete.
TpTrace Verbose: 0 : 45512, 1, 2022/12/05, 18:09:38.372, 10225289379651, vstest.console.dll, TestRunRequest.Dispose: Starting.
TpTrace Information: 0 : 45512, 14, 2022/12/05, 18:09:38.372, 10225289379856, vstest.console.dll, SocketServer.Stop: Stop server endPoint: 127.0.0.1:50237
TpTrace Information: 0 : 45512, 1, 2022/12/05, 18:09:38.372, 10225289380292, vstest.console.dll, TestRunRequest.Dispose: Completed.
TpTrace Information: 0 : 45512, 14, 2022/12/05, 18:09:38.372, 10225289380674, vstest.console.dll, SocketServer.Stop: Cancellation requested. Stopping message loop.
TpTrace Information: 0 : 45512, 1, 2022/12/05, 18:09:38.372, 10225289380842, vstest.console.dll, TestRequestManager.RunTests: run tests completed.
TpTrace Information: 0 : 45512, 14, 2022/12/05, 18:09:38.372, 10225289381037, vstest.console.dll, SocketServer.PrivateStop: Stop server endPoint: 127.0.0.1:50237 error: 
TpTrace Information: 0 : 45512, 1, 2022/12/05, 18:09:38.372, 10225289381241, vstest.console.dll, RunTestsArgumentProcessor:Execute: Test run is completed.
TpTrace Verbose: 0 : 45512, 1, 2022/12/05, 18:09:38.372, 10225289382079, vstest.console.dll, Executor.Execute: Exiting with exit code of 0
TpTrace Verbose: 0 : 45512, 14, 2022/12/05, 18:09:38.372, 10225289383634, vstest.console.dll, LengthPrefixCommunicationChannel.Dispose: Dispose reader and writer.
TpTrace Information: 0 : 45512, 14, 2022/12/05, 18:09:38.372, 10225289384097, vstest.console.dll, SocketServer.Stop: Raise disconnected event endPoint: 127.0.0.1:50237 error: 
