TpTrace Verbose: 0 : 18248, 1, 2022/12/05, 04:18:47.394, 9726748557070, vstest.console.dll, Version: 16.11.0
TpTrace Information: 0 : 18248, 1, 2022/12/05, 04:18:47.400, 9726748602429, vstest.console.dll, FilePatternParser: The given file C:\Users\kerueilin9\Desktop\Document\window_design\HW6\ClassLibrary\ClassLibraryTests\bin\Debug\.netcoreapp,version=v3.1\fine-code-coverage\build-output\ClassLibraryTests.dll is a full path.
TpTrace Verbose: 0 : 18248, 1, 2022/12/05, 04:18:47.402, 9726748623650, vstest.console.dll, TestPluginCache.DiscoverTestExtensions: finding test extensions in assemblies ends with: RuntimeProvider.dll TPluginInfo: Microsoft.VisualStudio.TestPlatform.Common.ExtensionFramework.Utilities.TestRuntimePluginInformation TExtension: Microsoft.VisualStudio.TestPlatform.ObjectModel.Host.ITestRuntimeProvider
TpTrace Verbose: 0 : 18248, 1, 2022/12/05, 04:18:47.402, 9726748625693, vstest.console.dll, TestPluginCache.GetExtensionPaths: Filtered extension paths: 
TpTrace Verbose: 0 : 18248, 1, 2022/12/05, 04:18:47.402, 9726748626123, vstest.console.dll, TestPluginCache.GetExtensionPaths: Added default extension paths: C:\Program Files\dotnet\sdk\5.0.412\Extensions\Microsoft.Diagnostics.NETCore.Client.dll
C:\Program Files\dotnet\sdk\5.0.412\Extensions\Microsoft.TestPlatform.Extensions.BlameDataCollector.dll
C:\Program Files\dotnet\sdk\5.0.412\Extensions\Microsoft.TestPlatform.Extensions.EventLogCollector.dll
C:\Program Files\dotnet\sdk\5.0.412\Extensions\Microsoft.TestPlatform.TestHostRuntimeProvider.dll
C:\Program Files\dotnet\sdk\5.0.412\Extensions\Microsoft.VisualStudio.TestPlatform.Extensions.Html.TestLogger.dll
C:\Program Files\dotnet\sdk\5.0.412\Extensions\Microsoft.VisualStudio.TestPlatform.Extensions.Trx.TestLogger.dll
TpTrace Verbose: 0 : 18248, 1, 2022/12/05, 04:18:47.402, 9726748626248, vstest.console.dll, TestPluginCache.GetExtensionPaths: Added unfilterableExtensionPaths: 
TpTrace Information: 0 : 18248, 1, 2022/12/05, 04:18:47.403, 9726748630279, vstest.console.dll, AssemblyResolver.ctor: Creating AssemblyResolver with searchDirectories C:\Program Files\dotnet\sdk\5.0.412\Extensions,C:\Program Files\dotnet\sdk\5.0.412
TpTrace Verbose: 0 : 18248, 1, 2022/12/05, 04:18:47.403, 9726748635855, vstest.console.dll, TestPluginCache.DiscoverTestExtensions: Discovering the extensions using extension path.
TpTrace Verbose: 0 : 18248, 1, 2022/12/05, 04:18:47.403, 9726748636532, vstest.console.dll, TestPluginCache.GetExtensionPaths: Filtered extension paths: 
TpTrace Verbose: 0 : 18248, 1, 2022/12/05, 04:18:47.403, 9726748636709, vstest.console.dll, TestPluginCache.GetExtensionPaths: Added default extension paths: C:\Program Files\dotnet\sdk\5.0.412\Extensions\Microsoft.Diagnostics.NETCore.Client.dll
C:\Program Files\dotnet\sdk\5.0.412\Extensions\Microsoft.TestPlatform.Extensions.BlameDataCollector.dll
C:\Program Files\dotnet\sdk\5.0.412\Extensions\Microsoft.TestPlatform.Extensions.EventLogCollector.dll
C:\Program Files\dotnet\sdk\5.0.412\Extensions\Microsoft.TestPlatform.TestHostRuntimeProvider.dll
C:\Program Files\dotnet\sdk\5.0.412\Extensions\Microsoft.VisualStudio.TestPlatform.Extensions.Html.TestLogger.dll
C:\Program Files\dotnet\sdk\5.0.412\Extensions\Microsoft.VisualStudio.TestPlatform.Extensions.Trx.TestLogger.dll
TpTrace Verbose: 0 : 18248, 1, 2022/12/05, 04:18:47.403, 9726748636820, vstest.console.dll, TestPluginCache.GetExtensionPaths: Added unfilterableExtensionPaths: 
TpTrace Verbose: 0 : 18248, 1, 2022/12/05, 04:18:47.403, 9726748637055, vstest.console.dll, TestPluginCache.DiscoverTestExtensions: Discovering the extensions using allExtensionPaths: C:\Program Files\dotnet\sdk\5.0.412\Extensions\Microsoft.Diagnostics.NETCore.Client.dll
C:\Program Files\dotnet\sdk\5.0.412\Extensions\Microsoft.TestPlatform.Extensions.BlameDataCollector.dll
C:\Program Files\dotnet\sdk\5.0.412\Extensions\Microsoft.TestPlatform.Extensions.EventLogCollector.dll
C:\Program Files\dotnet\sdk\5.0.412\Extensions\Microsoft.TestPlatform.TestHostRuntimeProvider.dll
C:\Program Files\dotnet\sdk\5.0.412\Extensions\Microsoft.VisualStudio.TestPlatform.Extensions.Html.TestLogger.dll
C:\Program Files\dotnet\sdk\5.0.412\Extensions\Microsoft.VisualStudio.TestPlatform.Extensions.Trx.TestLogger.dll
TpTrace Information: 0 : 18248, 1, 2022/12/05, 04:18:47.403, 9726748637693, vstest.console.dll, AssemblyResolver.AddSearchDirectories: Adding more searchDirectories C:\Program Files\dotnet\sdk\5.0.412\Extensions,C:\Program Files\dotnet\sdk\5.0.412
TpTrace Information: 0 : 18248, 1, 2022/12/05, 04:18:47.403, 9726748637874, vstest.console.dll, AssemblyResolver.AddSearchDirectories: Adding more searchDirectories C:\Program Files\dotnet\sdk\5.0.412\Extensions,C:\Program Files\dotnet\sdk\5.0.412
TpTrace Information: 0 : 18248, 1, 2022/12/05, 04:18:47.403, 9726748637992, vstest.console.dll, AssemblyResolver.AddSearchDirectories: Adding more searchDirectories C:\Program Files\dotnet\sdk\5.0.412\Extensions,C:\Program Files\dotnet\sdk\5.0.412
TpTrace Information: 0 : 18248, 1, 2022/12/05, 04:18:47.403, 9726748638084, vstest.console.dll, AssemblyResolver.AddSearchDirectories: Adding more searchDirectories C:\Program Files\dotnet\sdk\5.0.412\Extensions,C:\Program Files\dotnet\sdk\5.0.412
TpTrace Information: 0 : 18248, 1, 2022/12/05, 04:18:47.403, 9726748638177, vstest.console.dll, AssemblyResolver.AddSearchDirectories: Adding more searchDirectories C:\Program Files\dotnet\sdk\5.0.412\Extensions,C:\Program Files\dotnet\sdk\5.0.412
TpTrace Information: 0 : 18248, 1, 2022/12/05, 04:18:47.403, 9726748638290, vstest.console.dll, AssemblyResolver.AddSearchDirectories: Adding more searchDirectories C:\Program Files\dotnet\sdk\5.0.412\Extensions,C:\Program Files\dotnet\sdk\5.0.412
TpTrace Information: 0 : 18248, 1, 2022/12/05, 04:18:47.403, 9726748639675, vstest.console.dll, AssemblyResolver.OnResolve: Microsoft.Diagnostics.NETCore.Client: Resolving assembly.
TpTrace Information: 0 : 18248, 1, 2022/12/05, 04:18:47.403, 9726748639912, vstest.console.dll, AssemblyResolver.OnResolve: Microsoft.Diagnostics.NETCore.Client: Searching in: 'C:\Program Files\dotnet\sdk\5.0.412\Extensions'.
TpTrace Information: 0 : 18248, 1, 2022/12/05, 04:18:47.404, 9726748642417, vstest.console.dll, AssemblyResolver.OnResolve: Microsoft.Diagnostics.NETCore.Client: Loading assembly 'C:\Program Files\dotnet\sdk\5.0.412\Extensions\Microsoft.Diagnostics.NETCore.Client.dll'.
TpTrace Information: 0 : 18248, 1, 2022/12/05, 04:18:47.404, 9726748645580, vstest.console.dll, AssemblyResolver.OnResolve: Resolved assembly: Microsoft.Diagnostics.NETCore.Client, from path: C:\Program Files\dotnet\sdk\5.0.412\Extensions\Microsoft.Diagnostics.NETCore.Client.dll
TpTrace Information: 0 : 18248, 1, 2022/12/05, 04:18:47.407, 9726748671689, vstest.console.dll, AssemblyResolver.OnResolve: Microsoft.Bcl.AsyncInterfaces: Resolving assembly.
TpTrace Information: 0 : 18248, 1, 2022/12/05, 04:18:47.407, 9726748672046, vstest.console.dll, AssemblyResolver.OnResolve: Microsoft.Bcl.AsyncInterfaces: Searching in: 'C:\Program Files\dotnet\sdk\5.0.412\Extensions'.
TpTrace Information: 0 : 18248, 1, 2022/12/05, 04:18:47.407, 9726748672437, vstest.console.dll, AssemblyResolver.OnResolve: Microsoft.Bcl.AsyncInterfaces: Assembly path does not exist: 'C:\Program Files\dotnet\sdk\5.0.412\Extensions\Microsoft.Bcl.AsyncInterfaces.dll', returning.
TpTrace Information: 0 : 18248, 1, 2022/12/05, 04:18:47.407, 9726748672655, vstest.console.dll, AssemblyResolver.OnResolve: Microsoft.Bcl.AsyncInterfaces: Assembly path does not exist: 'C:\Program Files\dotnet\sdk\5.0.412\Extensions\Microsoft.Bcl.AsyncInterfaces.exe', returning.
TpTrace Information: 0 : 18248, 1, 2022/12/05, 04:18:47.407, 9726748672746, vstest.console.dll, AssemblyResolver.OnResolve: Microsoft.Bcl.AsyncInterfaces: Searching in: 'C:\Program Files\dotnet\sdk\5.0.412'.
TpTrace Information: 0 : 18248, 1, 2022/12/05, 04:18:47.407, 9726748673009, vstest.console.dll, AssemblyResolver.OnResolve: Microsoft.Bcl.AsyncInterfaces: Assembly path does not exist: 'C:\Program Files\dotnet\sdk\5.0.412\Microsoft.Bcl.AsyncInterfaces.dll', returning.
TpTrace Information: 0 : 18248, 1, 2022/12/05, 04:18:47.407, 9726748673198, vstest.console.dll, AssemblyResolver.OnResolve: Microsoft.Bcl.AsyncInterfaces: Assembly path does not exist: 'C:\Program Files\dotnet\sdk\5.0.412\Microsoft.Bcl.AsyncInterfaces.exe', returning.
TpTrace Information: 0 : 18248, 1, 2022/12/05, 04:18:47.407, 9726748673477, vstest.console.dll, AssemblyResolver.OnResolve: Microsoft.Bcl.AsyncInterfaces: Failed to load assembly.
TpTrace Verbose: 0 : 18248, 1, 2022/12/05, 04:18:47.407, 9726748673644, vstest.console.dll, CurrentDomainAssemblyResolve: Resolving assembly 'Microsoft.Bcl.AsyncInterfaces'.
TpTrace Information: 0 : 18248, 1, 2022/12/05, 04:18:47.407, 9726748673877, vstest.console.dll, AssemblyResolver.OnResolve: Microsoft.Bcl.AsyncInterfaces: Resolving assembly.
TpTrace Information: 0 : 18248, 1, 2022/12/05, 04:18:47.407, 9726748674002, vstest.console.dll, AssemblyResolver.OnResolve: Microsoft.Bcl.AsyncInterfaces: Resolved from cache.
TpTrace Verbose: 0 : 18248, 1, 2022/12/05, 04:18:47.407, 9726748674098, vstest.console.dll, CurrentDomainAssemblyResolve: Resolving assembly 'Microsoft.Bcl.AsyncInterfaces'.
TpTrace Verbose: 0 : 18248, 1, 2022/12/05, 04:18:47.407, 9726748674225, vstest.console.dll, CurrentDomainAssemblyResolve: Failed to resolve assembly 'Microsoft.Bcl.AsyncInterfaces'.
TpTrace Verbose: 0 : 18248, 1, 2022/12/05, 04:18:47.407, 9726748676206, vstest.console.dll, CurrentDomainAssemblyResolve: Failed to resolve assembly 'Microsoft.Bcl.AsyncInterfaces'.
TpTrace Warning: 0 : 18248, 1, 2022/12/05, 04:18:47.417, 9726748774940, vstest.console.dll, TestPluginDiscoverer: Failed to get types from assembly 'Microsoft.Diagnostics.NETCore.Client, Version=0.2.2.41902, Culture=neutral, PublicKeyToken=31bf3856ad364e35'.  Skipping test extension scan for this assembly.  Error: System.Reflection.ReflectionTypeLoadException: Unable to load one or more of the requested types.
Could not load file or assembly 'Microsoft.Bcl.AsyncInterfaces, Version=1.0.0.0, Culture=neutral, PublicKeyToken=cc7b13ffcd2ddd51'. 系統找不到指定的檔案。
   at System.Reflection.RuntimeModule.GetTypes(RuntimeModule module)
   at System.Reflection.Assembly.GetTypes()
   at Microsoft.VisualStudio.TestPlatform.Common.ExtensionFramework.TestPluginDiscoverer.GetTestExtensionsFromAssembly[TPluginInfo,TExtension](Assembly assembly, Dictionary`2 pluginInfos)
System.IO.FileNotFoundException: Could not load file or assembly 'Microsoft.Bcl.AsyncInterfaces, Version=1.0.0.0, Culture=neutral, PublicKeyToken=cc7b13ffcd2ddd51'. 系統找不到指定的檔案。
File name: 'Microsoft.Bcl.AsyncInterfaces, Version=1.0.0.0, Culture=neutral, PublicKeyToken=cc7b13ffcd2ddd51'
 ---> System.IO.FileNotFoundException: Could not load file or assembly 'Microsoft.Bcl.AsyncInterfaces, Culture=neutral, PublicKeyToken=null'. 系統找不到指定的檔案。
File name: 'Microsoft.Bcl.AsyncInterfaces, Culture=neutral, PublicKeyToken=null'
   at System.Reflection.RuntimeAssembly.InternalLoad(ObjectHandleOnStack assemblyName, ObjectHandleOnStack requestingAssembly, StackCrawlMarkHandle stackMark, Boolean throwOnFileNotFound, ObjectHandleOnStack assemblyLoadContext, ObjectHandleOnStack retAssembly)
   at System.Reflection.RuntimeAssembly.InternalLoad(AssemblyName assemblyName, RuntimeAssembly requestingAssembly, StackCrawlMark& stackMark, Boolean throwOnFileNotFound, AssemblyLoadContext assemblyLoadContext)
   at System.Reflection.Assembly.Load(AssemblyName assemblyRef)
   at Microsoft.VisualStudio.TestPlatform.Common.ExtensionFramework.TestPluginCache.CurrentDomainAssemblyResolve(Object sender, AssemblyResolveEventArgs args)
   at Microsoft.VisualStudio.TestPlatform.PlatformAbstractions.PlatformAssemblyResolver.AssemblyResolverEvent(Object sender, Object eventArgs)
   at System.Runtime.Loader.AssemblyLoadContext.GetFirstResolvedAssemblyFromResolvingEvent(AssemblyName assemblyName)
   at System.Runtime.Loader.AssemblyLoadContext.ResolveUsingEvent(AssemblyName assemblyName)
   at System.Runtime.Loader.AssemblyLoadContext.ResolveUsingResolvingEvent(IntPtr gchManagedAssemblyLoadContext, AssemblyName assemblyName)
TpTrace Warning: 0 : 18248, 1, 2022/12/05, 04:18:47.417, 9726748776097, vstest.console.dll, LoaderExceptions: System.IO.FileNotFoundException: Could not load file or assembly 'Microsoft.Bcl.AsyncInterfaces, Version=1.0.0.0, Culture=neutral, PublicKeyToken=cc7b13ffcd2ddd51'. 系統找不到指定的檔案。
File name: 'Microsoft.Bcl.AsyncInterfaces, Version=1.0.0.0, Culture=neutral, PublicKeyToken=cc7b13ffcd2ddd51'
 ---> System.IO.FileNotFoundException: Could not load file or assembly 'Microsoft.Bcl.AsyncInterfaces, Culture=neutral, PublicKeyToken=null'. 系統找不到指定的檔案。
File name: 'Microsoft.Bcl.AsyncInterfaces, Culture=neutral, PublicKeyToken=null'
   at System.Reflection.RuntimeAssembly.InternalLoad(ObjectHandleOnStack assemblyName, ObjectHandleOnStack requestingAssembly, StackCrawlMarkHandle stackMark, Boolean throwOnFileNotFound, ObjectHandleOnStack assemblyLoadContext, ObjectHandleOnStack retAssembly)
   at System.Reflection.RuntimeAssembly.InternalLoad(AssemblyName assemblyName, RuntimeAssembly requestingAssembly, StackCrawlMark& stackMark, Boolean throwOnFileNotFound, AssemblyLoadContext assemblyLoadContext)
   at System.Reflection.Assembly.Load(AssemblyName assemblyRef)
   at Microsoft.VisualStudio.TestPlatform.Common.ExtensionFramework.TestPluginCache.CurrentDomainAssemblyResolve(Object sender, AssemblyResolveEventArgs args)
   at Microsoft.VisualStudio.TestPlatform.PlatformAbstractions.PlatformAssemblyResolver.AssemblyResolverEvent(Object sender, Object eventArgs)
   at System.Runtime.Loader.AssemblyLoadContext.GetFirstResolvedAssemblyFromResolvingEvent(AssemblyName assemblyName)
   at System.Runtime.Loader.AssemblyLoadContext.ResolveUsingEvent(AssemblyName assemblyName)
   at System.Runtime.Loader.AssemblyLoadContext.ResolveUsingResolvingEvent(IntPtr gchManagedAssemblyLoadContext, AssemblyName assemblyName)
TpTrace Information: 0 : 18248, 1, 2022/12/05, 04:18:47.417, 9726748776578, vstest.console.dll, AssemblyResolver.OnResolve: Microsoft.TestPlatform.Extensions.BlameDataCollector: Resolving assembly.
TpTrace Information: 0 : 18248, 1, 2022/12/05, 04:18:47.417, 9726748776707, vstest.console.dll, AssemblyResolver.OnResolve: Microsoft.TestPlatform.Extensions.BlameDataCollector: Searching in: 'C:\Program Files\dotnet\sdk\5.0.412\Extensions'.
TpTrace Information: 0 : 18248, 1, 2022/12/05, 04:18:47.417, 9726748779046, vstest.console.dll, AssemblyResolver.OnResolve: Microsoft.TestPlatform.Extensions.BlameDataCollector: Loading assembly 'C:\Program Files\dotnet\sdk\5.0.412\Extensions\Microsoft.TestPlatform.Extensions.BlameDataCollector.dll'.
TpTrace Information: 0 : 18248, 1, 2022/12/05, 04:18:47.418, 9726748781770, vstest.console.dll, AssemblyResolver.OnResolve: Resolved assembly: Microsoft.TestPlatform.Extensions.BlameDataCollector, from path: C:\Program Files\dotnet\sdk\5.0.412\Extensions\Microsoft.TestPlatform.Extensions.BlameDataCollector.dll
TpTrace Information: 0 : 18248, 1, 2022/12/05, 04:18:47.418, 9726748784608, vstest.console.dll, AssemblyResolver.OnResolve: Microsoft.TestPlatform.Extensions.EventLogCollector: Resolving assembly.
TpTrace Information: 0 : 18248, 1, 2022/12/05, 04:18:47.418, 9726748784878, vstest.console.dll, AssemblyResolver.OnResolve: Microsoft.TestPlatform.Extensions.EventLogCollector: Searching in: 'C:\Program Files\dotnet\sdk\5.0.412\Extensions'.
TpTrace Information: 0 : 18248, 1, 2022/12/05, 04:18:47.418, 9726748787293, vstest.console.dll, AssemblyResolver.OnResolve: Microsoft.TestPlatform.Extensions.EventLogCollector: Loading assembly 'C:\Program Files\dotnet\sdk\5.0.412\Extensions\Microsoft.TestPlatform.Extensions.EventLogCollector.dll'.
TpTrace Information: 0 : 18248, 1, 2022/12/05, 04:18:47.418, 9726748789490, vstest.console.dll, AssemblyResolver.OnResolve: Resolved assembly: Microsoft.TestPlatform.Extensions.EventLogCollector, from path: C:\Program Files\dotnet\sdk\5.0.412\Extensions\Microsoft.TestPlatform.Extensions.EventLogCollector.dll
TpTrace Information: 0 : 18248, 1, 2022/12/05, 04:18:47.419, 9726748798005, vstest.console.dll, AssemblyResolver.OnResolve: Microsoft.TestPlatform.TestHostRuntimeProvider: Resolving assembly.
TpTrace Information: 0 : 18248, 1, 2022/12/05, 04:18:47.419, 9726748798642, vstest.console.dll, AssemblyResolver.OnResolve: Microsoft.TestPlatform.TestHostRuntimeProvider: Searching in: 'C:\Program Files\dotnet\sdk\5.0.412\Extensions'.
TpTrace Information: 0 : 18248, 1, 2022/12/05, 04:18:47.420, 9726748800448, vstest.console.dll, AssemblyResolver.OnResolve: Microsoft.TestPlatform.TestHostRuntimeProvider: Loading assembly 'C:\Program Files\dotnet\sdk\5.0.412\Extensions\Microsoft.TestPlatform.TestHostRuntimeProvider.dll'.
TpTrace Information: 0 : 18248, 1, 2022/12/05, 04:18:47.420, 9726748802670, vstest.console.dll, AssemblyResolver.OnResolve: Resolved assembly: Microsoft.TestPlatform.TestHostRuntimeProvider, from path: C:\Program Files\dotnet\sdk\5.0.412\Extensions\Microsoft.TestPlatform.TestHostRuntimeProvider.dll
TpTrace Information: 0 : 18248, 1, 2022/12/05, 04:18:47.420, 9726748807608, vstest.console.dll, AssemblyResolver.OnResolve: Microsoft.VisualStudio.TestPlatform.Extensions.Html.TestLogger: Resolving assembly.
TpTrace Information: 0 : 18248, 1, 2022/12/05, 04:18:47.420, 9726748807919, vstest.console.dll, AssemblyResolver.OnResolve: Microsoft.VisualStudio.TestPlatform.Extensions.Html.TestLogger: Searching in: 'C:\Program Files\dotnet\sdk\5.0.412\Extensions'.
TpTrace Information: 0 : 18248, 1, 2022/12/05, 04:18:47.420, 9726748810050, vstest.console.dll, AssemblyResolver.OnResolve: Microsoft.VisualStudio.TestPlatform.Extensions.Html.TestLogger: Loading assembly 'C:\Program Files\dotnet\sdk\5.0.412\Extensions\Microsoft.VisualStudio.TestPlatform.Extensions.Html.TestLogger.dll'.
TpTrace Information: 0 : 18248, 1, 2022/12/05, 04:18:47.421, 9726748812347, vstest.console.dll, AssemblyResolver.OnResolve: Resolved assembly: Microsoft.VisualStudio.TestPlatform.Extensions.Html.TestLogger, from path: C:\Program Files\dotnet\sdk\5.0.412\Extensions\Microsoft.VisualStudio.TestPlatform.Extensions.Html.TestLogger.dll
TpTrace Information: 0 : 18248, 1, 2022/12/05, 04:18:47.421, 9726748813754, vstest.console.dll, AssemblyResolver.OnResolve: Microsoft.VisualStudio.TestPlatform.Extensions.Trx.TestLogger: Resolving assembly.
TpTrace Information: 0 : 18248, 1, 2022/12/05, 04:18:47.421, 9726748813967, vstest.console.dll, AssemblyResolver.OnResolve: Microsoft.VisualStudio.TestPlatform.Extensions.Trx.TestLogger: Searching in: 'C:\Program Files\dotnet\sdk\5.0.412\Extensions'.
TpTrace Information: 0 : 18248, 1, 2022/12/05, 04:18:47.421, 9726748816551, vstest.console.dll, AssemblyResolver.OnResolve: Microsoft.VisualStudio.TestPlatform.Extensions.Trx.TestLogger: Loading assembly 'C:\Program Files\dotnet\sdk\5.0.412\Extensions\Microsoft.VisualStudio.TestPlatform.Extensions.Trx.TestLogger.dll'.
TpTrace Information: 0 : 18248, 1, 2022/12/05, 04:18:47.421, 9726748819224, vstest.console.dll, AssemblyResolver.OnResolve: Resolved assembly: Microsoft.VisualStudio.TestPlatform.Extensions.Trx.TestLogger, from path: C:\Program Files\dotnet\sdk\5.0.412\Extensions\Microsoft.VisualStudio.TestPlatform.Extensions.Trx.TestLogger.dll
TpTrace Verbose: 0 : 18248, 1, 2022/12/05, 04:18:47.422, 9726748821582, vstest.console.dll, TestPluginCache: Discovered the extensions using extension path ''.
TpTrace Verbose: 0 : 18248, 1, 2022/12/05, 04:18:47.422, 9726748821837, vstest.console.dll, TestPluginCache: Discoverers are ''.
TpTrace Verbose: 0 : 18248, 1, 2022/12/05, 04:18:47.422, 9726748821936, vstest.console.dll, TestPluginCache: Executors are ''.
TpTrace Verbose: 0 : 18248, 1, 2022/12/05, 04:18:47.422, 9726748822021, vstest.console.dll, TestPluginCache: Executors2 are ''.
TpTrace Verbose: 0 : 18248, 1, 2022/12/05, 04:18:47.422, 9726748822122, vstest.console.dll, TestPluginCache: Setting providers are ''.
TpTrace Verbose: 0 : 18248, 1, 2022/12/05, 04:18:47.422, 9726748822206, vstest.console.dll, TestPluginCache: Loggers are ''.
TpTrace Information: 0 : 18248, 1, 2022/12/05, 04:18:47.424, 9726748842955, vstest.console.dll, RunTestsArgumentProcessor:Execute: Test run is starting.
TpTrace Verbose: 0 : 18248, 1, 2022/12/05, 04:18:47.424, 9726748843294, vstest.console.dll, RunTestsArgumentProcessor:Execute: Queuing Test run.
TpTrace Information: 0 : 18248, 1, 2022/12/05, 04:18:47.424, 9726748844125, vstest.console.dll, TestRequestManager.RunTests: run tests started.
TpTrace Information: 0 : 18248, 1, 2022/12/05, 04:18:47.425, 9726748858402, vstest.console.dll, AssemblyMetadataProvider.GetFrameWork: Determined framework:'.NETCoreApp,Version=v3.1' for source: 'C:\Users\kerueilin9\Desktop\Document\window_design\HW6\ClassLibrary\ClassLibraryTests\bin\Debug\.netcoreapp,version=v3.1\fine-code-coverage\build-output\ClassLibraryTests.dll'
TpTrace Information: 0 : 18248, 1, 2022/12/05, 04:18:47.425, 9726748859061, vstest.console.dll, Determined framework for all sources: .NETCoreApp,Version=v3.1
TpTrace Information: 0 : 18248, 1, 2022/12/05, 04:18:47.426, 9726748860828, vstest.console.dll, AssemblyMetadataProvider.GetArchitecture: Determined architecture:AnyCPU info for assembly: C:\Users\kerueilin9\Desktop\Document\window_design\HW6\ClassLibrary\ClassLibraryTests\bin\Debug\.netcoreapp,version=v3.1\fine-code-coverage\build-output\ClassLibraryTests.dll
TpTrace Information: 0 : 18248, 1, 2022/12/05, 04:18:47.426, 9726748870012, vstest.console.dll, Determined platform for all sources: X64
TpTrace Information: 0 : 18248, 1, 2022/12/05, 04:18:47.428, 9726748883510, vstest.console.dll, Compatible sources list : 
TpTrace Information: 0 : 18248, 1, 2022/12/05, 04:18:47.428, 9726748883938, vstest.console.dll, C:\Users\kerueilin9\Desktop\Document\window_design\HW6\ClassLibrary\ClassLibraryTests\bin\Debug\.netcoreapp,version=v3.1\fine-code-coverage\build-output\ClassLibraryTests.dll
TpTrace Information: 0 : 18248, 1, 2022/12/05, 04:18:47.429, 9726748894398, vstest.console.dll, InferRunSettingsHelper.IsTestSettingsEnabled: Unable to navigate to RunSettings/MSTest. Current node: RunSettings
TpTrace Information: 0 : 18248, 1, 2022/12/05, 04:18:47.429, 9726748897383, vstest.console.dll, AssemblyResolver.OnResolve: Microsoft.VisualStudio.TestPlatform.Fakes: Resolving assembly.
TpTrace Information: 0 : 18248, 1, 2022/12/05, 04:18:47.429, 9726748897720, vstest.console.dll, AssemblyResolver.OnResolve: Microsoft.VisualStudio.TestPlatform.Fakes: Searching in: 'C:\Program Files\dotnet\sdk\5.0.412\Extensions'.
TpTrace Information: 0 : 18248, 1, 2022/12/05, 04:18:47.429, 9726748898142, vstest.console.dll, AssemblyResolver.OnResolve: Microsoft.VisualStudio.TestPlatform.Fakes: Assembly path does not exist: 'C:\Program Files\dotnet\sdk\5.0.412\Extensions\Microsoft.VisualStudio.TestPlatform.Fakes.dll', returning.
TpTrace Information: 0 : 18248, 1, 2022/12/05, 04:18:47.429, 9726748898369, vstest.console.dll, AssemblyResolver.OnResolve: Microsoft.VisualStudio.TestPlatform.Fakes: Assembly path does not exist: 'C:\Program Files\dotnet\sdk\5.0.412\Extensions\Microsoft.VisualStudio.TestPlatform.Fakes.exe', returning.
TpTrace Information: 0 : 18248, 1, 2022/12/05, 04:18:47.429, 9726748898462, vstest.console.dll, AssemblyResolver.OnResolve: Microsoft.VisualStudio.TestPlatform.Fakes: Searching in: 'C:\Program Files\dotnet\sdk\5.0.412'.
TpTrace Information: 0 : 18248, 1, 2022/12/05, 04:18:47.429, 9726748898724, vstest.console.dll, AssemblyResolver.OnResolve: Microsoft.VisualStudio.TestPlatform.Fakes: Assembly path does not exist: 'C:\Program Files\dotnet\sdk\5.0.412\Microsoft.VisualStudio.TestPlatform.Fakes.dll', returning.
TpTrace Information: 0 : 18248, 1, 2022/12/05, 04:18:47.429, 9726748898940, vstest.console.dll, AssemblyResolver.OnResolve: Microsoft.VisualStudio.TestPlatform.Fakes: Assembly path does not exist: 'C:\Program Files\dotnet\sdk\5.0.412\Microsoft.VisualStudio.TestPlatform.Fakes.exe', returning.
TpTrace Information: 0 : 18248, 1, 2022/12/05, 04:18:47.429, 9726748899029, vstest.console.dll, AssemblyResolver.OnResolve: Microsoft.VisualStudio.TestPlatform.Fakes: Failed to load assembly.
TpTrace Information: 0 : 18248, 1, 2022/12/05, 04:18:47.429, 9726748900184, vstest.console.dll, Failed to create newly implemented Fakes Configurator. Reason:System.IO.FileNotFoundException: Could not load file or assembly 'Microsoft.VisualStudio.TestPlatform.Fakes, Version=16.0.0.0, Culture=neutral, PublicKeyToken=null'. 系統找不到指定的檔案。
File name: 'Microsoft.VisualStudio.TestPlatform.Fakes, Version=16.0.0.0, Culture=neutral, PublicKeyToken=null'
   at System.Reflection.RuntimeAssembly.InternalLoad(ObjectHandleOnStack assemblyName, ObjectHandleOnStack requestingAssembly, StackCrawlMarkHandle stackMark, Boolean throwOnFileNotFound, ObjectHandleOnStack assemblyLoadContext, ObjectHandleOnStack retAssembly)
   at System.Reflection.RuntimeAssembly.InternalLoad(AssemblyName assemblyName, RuntimeAssembly requestingAssembly, StackCrawlMark& stackMark, Boolean throwOnFileNotFound, AssemblyLoadContext assemblyLoadContext)
   at System.Reflection.Assembly.Load(AssemblyName assemblyRef)
   at Microsoft.VisualStudio.TestPlatform.Common.Utilities.FakesUtilities.TryGetFakesCrossPlatformDataCollectorConfigurator() 
TpTrace Verbose: 0 : 18248, 1, 2022/12/05, 04:18:47.431, 9726748916010, vstest.console.dll, TestPluginCache.DiscoverTestExtensions: finding test extensions in assemblies ends with: TestLogger.dll TPluginInfo: Microsoft.VisualStudio.TestPlatform.Common.ExtensionFramework.Utilities.TestLoggerPluginInformation TExtension: Microsoft.VisualStudio.TestPlatform.ObjectModel.Client.ITestLogger
TpTrace Verbose: 0 : 18248, 1, 2022/12/05, 04:18:47.431, 9726748916411, vstest.console.dll, TestPluginCache.GetExtensionPaths: Filtered extension paths: 
TpTrace Verbose: 0 : 18248, 1, 2022/12/05, 04:18:47.431, 9726748916533, vstest.console.dll, TestPluginCache.GetExtensionPaths: Added default extension paths: C:\Program Files\dotnet\sdk\5.0.412\Extensions\Microsoft.Diagnostics.NETCore.Client.dll
C:\Program Files\dotnet\sdk\5.0.412\Extensions\Microsoft.TestPlatform.Extensions.BlameDataCollector.dll
C:\Program Files\dotnet\sdk\5.0.412\Extensions\Microsoft.TestPlatform.Extensions.EventLogCollector.dll
C:\Program Files\dotnet\sdk\5.0.412\Extensions\Microsoft.TestPlatform.TestHostRuntimeProvider.dll
C:\Program Files\dotnet\sdk\5.0.412\Extensions\Microsoft.VisualStudio.TestPlatform.Extensions.Html.TestLogger.dll
C:\Program Files\dotnet\sdk\5.0.412\Extensions\Microsoft.VisualStudio.TestPlatform.Extensions.Trx.TestLogger.dll
TpTrace Verbose: 0 : 18248, 1, 2022/12/05, 04:18:47.431, 9726748916657, vstest.console.dll, TestPluginCache.GetExtensionPaths: Added unfilterableExtensionPaths: 
TpTrace Information: 0 : 18248, 1, 2022/12/05, 04:18:47.431, 9726748917307, vstest.console.dll, AssemblyResolver.AddSearchDirectories: Adding more searchDirectories C:\Program Files\dotnet\sdk\5.0.412\Extensions,C:\Program Files\dotnet\sdk\5.0.412
TpTrace Verbose: 0 : 18248, 1, 2022/12/05, 04:18:47.431, 9726748917477, vstest.console.dll, TestPluginCache.DiscoverTestExtensions: Discovering the extensions using extension path.
TpTrace Verbose: 0 : 18248, 1, 2022/12/05, 04:18:47.431, 9726748917602, vstest.console.dll, TestPluginCache.GetExtensionPaths: Filtered extension paths: 
TpTrace Verbose: 0 : 18248, 1, 2022/12/05, 04:18:47.431, 9726748917693, vstest.console.dll, TestPluginCache.GetExtensionPaths: Added default extension paths: C:\Program Files\dotnet\sdk\5.0.412\Extensions\Microsoft.Diagnostics.NETCore.Client.dll
C:\Program Files\dotnet\sdk\5.0.412\Extensions\Microsoft.TestPlatform.Extensions.BlameDataCollector.dll
C:\Program Files\dotnet\sdk\5.0.412\Extensions\Microsoft.TestPlatform.Extensions.EventLogCollector.dll
C:\Program Files\dotnet\sdk\5.0.412\Extensions\Microsoft.TestPlatform.TestHostRuntimeProvider.dll
C:\Program Files\dotnet\sdk\5.0.412\Extensions\Microsoft.VisualStudio.TestPlatform.Extensions.Html.TestLogger.dll
C:\Program Files\dotnet\sdk\5.0.412\Extensions\Microsoft.VisualStudio.TestPlatform.Extensions.Trx.TestLogger.dll
TpTrace Verbose: 0 : 18248, 1, 2022/12/05, 04:18:47.431, 9726748917809, vstest.console.dll, TestPluginCache.GetExtensionPaths: Added unfilterableExtensionPaths: 
TpTrace Verbose: 0 : 18248, 1, 2022/12/05, 04:18:47.431, 9726748917927, vstest.console.dll, TestPluginCache.DiscoverTestExtensions: Discovering the extensions using allExtensionPaths: C:\Program Files\dotnet\sdk\5.0.412\Extensions\Microsoft.Diagnostics.NETCore.Client.dll
C:\Program Files\dotnet\sdk\5.0.412\Extensions\Microsoft.TestPlatform.Extensions.BlameDataCollector.dll
C:\Program Files\dotnet\sdk\5.0.412\Extensions\Microsoft.TestPlatform.Extensions.EventLogCollector.dll
C:\Program Files\dotnet\sdk\5.0.412\Extensions\Microsoft.TestPlatform.TestHostRuntimeProvider.dll
C:\Program Files\dotnet\sdk\5.0.412\Extensions\Microsoft.VisualStudio.TestPlatform.Extensions.Html.TestLogger.dll
C:\Program Files\dotnet\sdk\5.0.412\Extensions\Microsoft.VisualStudio.TestPlatform.Extensions.Trx.TestLogger.dll
TpTrace Information: 0 : 18248, 1, 2022/12/05, 04:18:47.431, 9726748918109, vstest.console.dll, AssemblyResolver.AddSearchDirectories: Adding more searchDirectories C:\Program Files\dotnet\sdk\5.0.412\Extensions,C:\Program Files\dotnet\sdk\5.0.412
TpTrace Information: 0 : 18248, 1, 2022/12/05, 04:18:47.431, 9726748918209, vstest.console.dll, AssemblyResolver.AddSearchDirectories: Adding more searchDirectories C:\Program Files\dotnet\sdk\5.0.412\Extensions,C:\Program Files\dotnet\sdk\5.0.412
TpTrace Information: 0 : 18248, 1, 2022/12/05, 04:18:47.431, 9726748918301, vstest.console.dll, AssemblyResolver.AddSearchDirectories: Adding more searchDirectories C:\Program Files\dotnet\sdk\5.0.412\Extensions,C:\Program Files\dotnet\sdk\5.0.412
TpTrace Information: 0 : 18248, 1, 2022/12/05, 04:18:47.431, 9726748918412, vstest.console.dll, AssemblyResolver.AddSearchDirectories: Adding more searchDirectories C:\Program Files\dotnet\sdk\5.0.412\Extensions,C:\Program Files\dotnet\sdk\5.0.412
TpTrace Information: 0 : 18248, 1, 2022/12/05, 04:18:47.431, 9726748918503, vstest.console.dll, AssemblyResolver.AddSearchDirectories: Adding more searchDirectories C:\Program Files\dotnet\sdk\5.0.412\Extensions,C:\Program Files\dotnet\sdk\5.0.412
TpTrace Information: 0 : 18248, 1, 2022/12/05, 04:18:47.431, 9726748918594, vstest.console.dll, AssemblyResolver.AddSearchDirectories: Adding more searchDirectories C:\Program Files\dotnet\sdk\5.0.412\Extensions,C:\Program Files\dotnet\sdk\5.0.412
TpTrace Information: 0 : 18248, 1, 2022/12/05, 04:18:47.431, 9726748919535, vstest.console.dll, AssemblyResolver.OnResolve: Microsoft.Bcl.AsyncInterfaces: Resolving assembly.
TpTrace Information: 0 : 18248, 1, 2022/12/05, 04:18:47.431, 9726748919678, vstest.console.dll, AssemblyResolver.OnResolve: Microsoft.Bcl.AsyncInterfaces: Resolved from cache.
TpTrace Verbose: 0 : 18248, 1, 2022/12/05, 04:18:47.431, 9726748919800, vstest.console.dll, CurrentDomainAssemblyResolve: Resolving assembly 'Microsoft.Bcl.AsyncInterfaces'.
TpTrace Information: 0 : 18248, 1, 2022/12/05, 04:18:47.431, 9726748919948, vstest.console.dll, AssemblyResolver.OnResolve: Microsoft.Bcl.AsyncInterfaces: Resolving assembly.
TpTrace Information: 0 : 18248, 1, 2022/12/05, 04:18:47.431, 9726748920036, vstest.console.dll, AssemblyResolver.OnResolve: Microsoft.Bcl.AsyncInterfaces: Resolved from cache.
TpTrace Verbose: 0 : 18248, 1, 2022/12/05, 04:18:47.431, 9726748920129, vstest.console.dll, CurrentDomainAssemblyResolve: Resolving assembly 'Microsoft.Bcl.AsyncInterfaces'.
TpTrace Verbose: 0 : 18248, 1, 2022/12/05, 04:18:47.431, 9726748920235, vstest.console.dll, CurrentDomainAssemblyResolve: Failed to resolve assembly 'Microsoft.Bcl.AsyncInterfaces'.
TpTrace Verbose: 0 : 18248, 1, 2022/12/05, 04:18:47.432, 9726748920849, vstest.console.dll, CurrentDomainAssemblyResolve: Failed to resolve assembly 'Microsoft.Bcl.AsyncInterfaces'.
TpTrace Warning: 0 : 18248, 1, 2022/12/05, 04:18:47.432, 9726748922246, vstest.console.dll, TestPluginDiscoverer: Failed to get types from assembly 'Microsoft.Diagnostics.NETCore.Client, Version=0.2.2.41902, Culture=neutral, PublicKeyToken=31bf3856ad364e35'.  Skipping test extension scan for this assembly.  Error: System.Reflection.ReflectionTypeLoadException: Unable to load one or more of the requested types.
Could not load file or assembly 'Microsoft.Bcl.AsyncInterfaces, Version=1.0.0.0, Culture=neutral, PublicKeyToken=cc7b13ffcd2ddd51'. 系統找不到指定的檔案。
   at System.Reflection.RuntimeModule.GetTypes(RuntimeModule module)
   at System.Reflection.Assembly.GetTypes()
   at Microsoft.VisualStudio.TestPlatform.Common.ExtensionFramework.TestPluginDiscoverer.GetTestExtensionsFromAssembly[TPluginInfo,TExtension](Assembly assembly, Dictionary`2 pluginInfos)
System.IO.FileNotFoundException: Could not load file or assembly 'Microsoft.Bcl.AsyncInterfaces, Version=1.0.0.0, Culture=neutral, PublicKeyToken=cc7b13ffcd2ddd51'. 系統找不到指定的檔案。
File name: 'Microsoft.Bcl.AsyncInterfaces, Version=1.0.0.0, Culture=neutral, PublicKeyToken=cc7b13ffcd2ddd51'
 ---> System.IO.FileNotFoundException: Could not load file or assembly 'Microsoft.Bcl.AsyncInterfaces, Culture=neutral, PublicKeyToken=null'. 系統找不到指定的檔案。
File name: 'Microsoft.Bcl.AsyncInterfaces, Culture=neutral, PublicKeyToken=null'
   at System.Reflection.RuntimeAssembly.InternalLoad(ObjectHandleOnStack assemblyName, ObjectHandleOnStack requestingAssembly, StackCrawlMarkHandle stackMark, Boolean throwOnFileNotFound, ObjectHandleOnStack assemblyLoadContext, ObjectHandleOnStack retAssembly)
   at System.Reflection.RuntimeAssembly.InternalLoad(AssemblyName assemblyName, RuntimeAssembly requestingAssembly, StackCrawlMark& stackMark, Boolean throwOnFileNotFound, AssemblyLoadContext assemblyLoadContext)
   at System.Reflection.Assembly.Load(AssemblyName assemblyRef)
   at Microsoft.VisualStudio.TestPlatform.Common.ExtensionFramework.TestPluginCache.CurrentDomainAssemblyResolve(Object sender, AssemblyResolveEventArgs args)
   at Microsoft.VisualStudio.TestPlatform.PlatformAbstractions.PlatformAssemblyResolver.AssemblyResolverEvent(Object sender, Object eventArgs)
   at System.Runtime.Loader.AssemblyLoadContext.GetFirstResolvedAssemblyFromResolvingEvent(AssemblyName assemblyName)
   at System.Runtime.Loader.AssemblyLoadContext.ResolveUsingEvent(AssemblyName assemblyName)
   at System.Runtime.Loader.AssemblyLoadContext.ResolveUsingResolvingEvent(IntPtr gchManagedAssemblyLoadContext, AssemblyName assemblyName)
TpTrace Warning: 0 : 18248, 1, 2022/12/05, 04:18:47.432, 9726748923043, vstest.console.dll, LoaderExceptions: System.IO.FileNotFoundException: Could not load file or assembly 'Microsoft.Bcl.AsyncInterfaces, Version=1.0.0.0, Culture=neutral, PublicKeyToken=cc7b13ffcd2ddd51'. 系統找不到指定的檔案。
File name: 'Microsoft.Bcl.AsyncInterfaces, Version=1.0.0.0, Culture=neutral, PublicKeyToken=cc7b13ffcd2ddd51'
 ---> System.IO.FileNotFoundException: Could not load file or assembly 'Microsoft.Bcl.AsyncInterfaces, Culture=neutral, PublicKeyToken=null'. 系統找不到指定的檔案。
File name: 'Microsoft.Bcl.AsyncInterfaces, Culture=neutral, PublicKeyToken=null'
   at System.Reflection.RuntimeAssembly.InternalLoad(ObjectHandleOnStack assemblyName, ObjectHandleOnStack requestingAssembly, StackCrawlMarkHandle stackMark, Boolean throwOnFileNotFound, ObjectHandleOnStack assemblyLoadContext, ObjectHandleOnStack retAssembly)
   at System.Reflection.RuntimeAssembly.InternalLoad(AssemblyName assemblyName, RuntimeAssembly requestingAssembly, StackCrawlMark& stackMark, Boolean throwOnFileNotFound, AssemblyLoadContext assemblyLoadContext)
   at System.Reflection.Assembly.Load(AssemblyName assemblyRef)
   at Microsoft.VisualStudio.TestPlatform.Common.ExtensionFramework.TestPluginCache.CurrentDomainAssemblyResolve(Object sender, AssemblyResolveEventArgs args)
   at Microsoft.VisualStudio.TestPlatform.PlatformAbstractions.PlatformAssemblyResolver.AssemblyResolverEvent(Object sender, Object eventArgs)
   at System.Runtime.Loader.AssemblyLoadContext.GetFirstResolvedAssemblyFromResolvingEvent(AssemblyName assemblyName)
   at System.Runtime.Loader.AssemblyLoadContext.ResolveUsingEvent(AssemblyName assemblyName)
   at System.Runtime.Loader.AssemblyLoadContext.ResolveUsingResolvingEvent(IntPtr gchManagedAssemblyLoadContext, AssemblyName assemblyName)
TpTrace Verbose: 0 : 18248, 1, 2022/12/05, 04:18:47.432, 9726748924437, vstest.console.dll, TestPluginCache: Discovered the extensions using extension path ''.
TpTrace Verbose: 0 : 18248, 1, 2022/12/05, 04:18:47.432, 9726748924629, vstest.console.dll, TestPluginCache: Discoverers are ''.
TpTrace Verbose: 0 : 18248, 1, 2022/12/05, 04:18:47.432, 9726748924720, vstest.console.dll, TestPluginCache: Executors are ''.
TpTrace Verbose: 0 : 18248, 1, 2022/12/05, 04:18:47.432, 9726748924803, vstest.console.dll, TestPluginCache: Executors2 are ''.
TpTrace Verbose: 0 : 18248, 1, 2022/12/05, 04:18:47.432, 9726748924885, vstest.console.dll, TestPluginCache: Setting providers are ''.
TpTrace Verbose: 0 : 18248, 1, 2022/12/05, 04:18:47.432, 9726748925154, vstest.console.dll, TestPluginCache: Loggers are 'logger://Microsoft/TestPlatform/Extensions/Blame/v1,logger://Microsoft/TestPlatform/HtmlLogger/v1,logger://Microsoft/TestPlatform/TrxLogger/v1'.
TpTrace Information: 0 : 18248, 1, 2022/12/05, 04:18:47.432, 9726748927766, vstest.console.dll, TestPluginManager.CreateTestExtension: Attempting to load test extension: Microsoft.TestPlatform.Extensions.BlameDataCollector.BlameLogger
TpTrace Information: 0 : 18248, 1, 2022/12/05, 04:18:47.435, 9726748954322, vstest.console.dll, TestPluginManager.CreateTestExtension: Attempting to load test extension: Microsoft.VisualStudio.TestPlatform.CrossPlatEngine.Hosting.DefaultTestHostManager
TpTrace Information: 0 : 18248, 1, 2022/12/05, 04:18:47.435, 9726748955460, vstest.console.dll, TestPluginManager.CreateTestExtension: Attempting to load test extension: Microsoft.VisualStudio.TestPlatform.CrossPlatEngine.Hosting.DotnetTestHostManager
TpTrace Verbose: 0 : 18248, 1, 2022/12/05, 04:18:47.435, 9726748957542, vstest.console.dll, TestEngine: Initializing Parallel Execution as MaxCpuCount is set to: 1
TpTrace Information: 0 : 18248, 1, 2022/12/05, 04:18:47.435, 9726748960078, vstest.console.dll, InferRunSettingsHelper.IsTestSettingsEnabled: Unable to navigate to RunSettings/MSTest. Current node: RunSettings
TpTrace Verbose: 0 : 18248, 1, 2022/12/05, 04:18:47.442, 9726749022308, vstest.console.dll, TestRequestSender is acting as server
TpTrace Verbose: 0 : 18248, 5, 2022/12/05, 04:18:47.444, 9726749042413, vstest.console.dll, DataCollectionRequestSender.InitializeCommunication : Initialize communication. 
TpTrace Information: 0 : 18248, 5, 2022/12/05, 04:18:47.446, 9726749069017, vstest.console.dll, Listening on Endpoint : 127.0.0.1:63951
TpTrace Verbose: 0 : 18248, 5, 2022/12/05, 04:18:47.451, 9726749117985, vstest.console.dll, DotnetDataCollectionLauncher: Full path of dotnet.exe is C:\Program Files\dotnet\dotnet.exe
TpTrace Verbose: 0 : 18248, 5, 2022/12/05, 04:18:47.451, 9726749118745, vstest.console.dll, DotnetDataCollectionLauncher: Adding  --runtimeconfig "C:\Program Files\dotnet\sdk\5.0.412\datacollector.runtimeconfig.json" in args
TpTrace Verbose: 0 : 18248, 5, 2022/12/05, 04:18:47.451, 9726749119091, vstest.console.dll, DotnetDataCollectionLauncher: Adding  --depsfile "C:\Program Files\dotnet\sdk\5.0.412\datacollector.deps.json" in args
TpTrace Information: 0 : 18248, 5, 2022/12/05, 04:18:47.456, 9726749161838, vstest.console.dll, ProxyDataCollectionManager.Initialize: Launched datacollector processId: 57304 port: 63951
TpTrace Information: 0 : 18248, 5, 2022/12/05, 04:18:47.456, 9726749162680, vstest.console.dll, ProxyDataCollectionManager.Initialize: waiting for connection with timeout: 90 seconds
TpTrace Verbose: 0 : 18248, 5, 2022/12/05, 04:18:47.456, 9726749162893, vstest.console.dll, DataCollectionRequestSender.WaitForRequestHandlerConnection : Waiting for connection with timeout: 90000
TpTrace Information: 0 : 18248, 8, 2022/12/05, 04:18:47.525, 9726749859096, vstest.console.dll, Using the buffer size of 16384 bytes
TpTrace Information: 0 : 18248, 8, 2022/12/05, 04:18:47.525, 9726749859586, vstest.console.dll, Accepted Client request and set the flag
TpTrace Verbose: 0 : 18248, 5, 2022/12/05, 04:18:47.525, 9726749859710, vstest.console.dll, ProxyDataCollectionManager.InvokeDataCollectionServiceAction: Starting.
TpTrace Information: 0 : 18248, 5, 2022/12/05, 04:18:47.526, 9726749860688, vstest.console.dll, ProxyDataCollectionManager.BeforeTestRunStart: Get environment variable and port for datacollector processId: 57304 port: 63951
TpTrace Verbose: 0 : 18248, 5, 2022/12/05, 04:18:47.526, 9726749861279, vstest.console.dll, DataCollectionRequestSender.SendBeforeTestRunStartAndGetResult : Send BeforeTestRunStart message with settingsXml <RunSettings><RunConfiguration><ResultsDirectory>C:\Users\kerueilin9\Desktop\Document\window_design\HW6\ClassLibrary\ClassLibraryTests\bin\Debug\.netcoreapp,version=v3.1\fine-code-coverage\coverage-tool-output</ResultsDirectory><TargetPlatform>X64</TargetPlatform><TargetFrameworkVersion>.NETCoreApp,Version=v3.1</TargetFrameworkVersion><DesignMode>False</DesignMode><CollectSourceInformation>False</CollectSourceInformation><TestAdaptersPaths>C:\Program Files\dotnet\sdk\5.0.412\Extensions</TestAdaptersPaths></RunConfiguration><LoggerRunSettings><Loggers><Logger friendlyName="blame" enabled="True" /><Logger friendlyName="Console" uri="logger://microsoft/TestPlatform/ConsoleLogger/v1" assemblyQualifiedName="Microsoft.VisualStudio.TestPlatform.CommandLine.Internal.ConsoleLogger, vstest.console, Version=15.0.0.0, Culture=neutral, PublicKeyToken=b03f5f7f11d50a3a" codeBase="C:\Program Files\dotnet\sdk\5.0.412\vstest.console.dll" enabled="True" /></Loggers></LoggerRunSettings><DataCollectionRunSettings><DataCollectors><DataCollector friendlyName="blame" enabled="True"><Configuration><ResultsDirectory>C:\Users\kerueilin9\Desktop\Document\window_design\HW6\ClassLibrary\ClassLibraryTests\bin\Debug\.netcoreapp,version=v3.1\fine-code-coverage\coverage-tool-output</ResultsDirectory></Configuration></DataCollector></DataCollectors></DataCollectionRunSettings></RunSettings> and sources System.Linq.Enumerable+Concat2Iterator`1[System.String]: 
TpTrace Verbose: 0 : 18248, 5, 2022/12/05, 04:18:47.570, 9726750306733, vstest.console.dll, DataCollectionRequestSender.SendBeforeTestRunStartAndGetResult : Received message: (DataCollection.SendMessage) -> {
  "FriendlyName": null,
  "Uri": null,
  "TestCaseId": "00000000-0000-0000-0000-000000000000",
  "Message": "Logging DataCollector Diagnostics in file: C:\\Users\\kerueilin9\\Desktop\\Document\\window_design\\HW6\\ClassLibrary\\ClassLibraryTests\\bin\\Debug\\.netcoreapp,version=v3.1\\fine-code-coverage\\coverage-tool-output\\diagnostics.datacollector.22-12-05_04-18-47_45016_5.log",
  "Level": 0
}
TpTrace Information: 0 : 18248, 5, 2022/12/05, 04:18:47.573, 9726750336641, vstest.console.dll, AssemblyResolver.OnResolve: Microsoft.VisualStudio.TestPlatform.Common.resources: Resolving assembly.
TpTrace Information: 0 : 18248, 5, 2022/12/05, 04:18:47.573, 9726750337062, vstest.console.dll, AssemblyResolver.OnResolve: Microsoft.VisualStudio.TestPlatform.Common.resources: Searching in: 'C:\Program Files\dotnet\sdk\5.0.412\Extensions'.
TpTrace Information: 0 : 18248, 5, 2022/12/05, 04:18:47.573, 9726750337399, vstest.console.dll, AssemblyResolver.OnResolve: Microsoft.VisualStudio.TestPlatform.Common.resources: Assembly path does not exist: 'C:\Program Files\dotnet\sdk\5.0.412\Extensions\Microsoft.VisualStudio.TestPlatform.Common.resources.dll', returning.
TpTrace Information: 0 : 18248, 5, 2022/12/05, 04:18:47.573, 9726750337623, vstest.console.dll, AssemblyResolver.OnResolve: Microsoft.VisualStudio.TestPlatform.Common.resources: Assembly path does not exist: 'C:\Program Files\dotnet\sdk\5.0.412\Extensions\Microsoft.VisualStudio.TestPlatform.Common.resources.exe', returning.
TpTrace Information: 0 : 18248, 5, 2022/12/05, 04:18:47.573, 9726750337718, vstest.console.dll, AssemblyResolver.OnResolve: Microsoft.VisualStudio.TestPlatform.Common.resources: Searching in: 'C:\Program Files\dotnet\sdk\5.0.412'.
TpTrace Information: 0 : 18248, 5, 2022/12/05, 04:18:47.573, 9726750337977, vstest.console.dll, AssemblyResolver.OnResolve: Microsoft.VisualStudio.TestPlatform.Common.resources: Assembly path does not exist: 'C:\Program Files\dotnet\sdk\5.0.412\Microsoft.VisualStudio.TestPlatform.Common.resources.dll', returning.
TpTrace Information: 0 : 18248, 5, 2022/12/05, 04:18:47.573, 9726750338224, vstest.console.dll, AssemblyResolver.OnResolve: Microsoft.VisualStudio.TestPlatform.Common.resources: Assembly path does not exist: 'C:\Program Files\dotnet\sdk\5.0.412\Microsoft.VisualStudio.TestPlatform.Common.resources.exe', returning.
TpTrace Information: 0 : 18248, 5, 2022/12/05, 04:18:47.573, 9726750338335, vstest.console.dll, AssemblyResolver.OnResolve: Microsoft.VisualStudio.TestPlatform.Common.resources: Failed to load assembly.
TpTrace Verbose: 0 : 18248, 5, 2022/12/05, 04:18:47.683, 9726751436420, vstest.console.dll, DataCollectionRequestSender.SendBeforeTestRunStartAndGetResult : Received message: (DataCollection.BeforeTestRunStartResult) -> {
  "EnvironmentVariables": {},
  "DataCollectionEventsPort": 63953
}
TpTrace Information: 0 : 18248, 5, 2022/12/05, 04:18:47.686, 9726751462202, vstest.console.dll, ProxyDataCollectionManager.BeforeTestRunStart: SendBeforeTestRunStartAndGetResult successful, env variable from datacollector:   and testhost port: 63953
TpTrace Information: 0 : 18248, 5, 2022/12/05, 04:18:47.686, 9726751462624, vstest.console.dll, ProxyDataCollectionManager.InvokeDataCollectionServiceAction: Completed.
TpTrace Verbose: 0 : 18248, 1, 2022/12/05, 04:18:47.686, 9726751463396, vstest.console.dll, TestRunRequest.ExecuteAsync: Creating test run request.
TpTrace Verbose: 0 : 18248, 1, 2022/12/05, 04:18:47.686, 9726751464554, vstest.console.dll, TestRunRequest.ExecuteAsync: Starting.
TpTrace Information: 0 : 18248, 1, 2022/12/05, 04:18:47.686, 9726751466004, vstest.console.dll, TestRunRequest.ExecuteAsync: Starting run with settings:TestRunCriteria:
   KeepAlive=False,FrequencyOfRunStatsChangeEvent=10,RunStatsChangeEventTimeout=00:00:01.5000000,TestCaseFilter=,TestExecutorLauncher=
   Settingsxml=<RunSettings>
  <RunConfiguration>
    <ResultsDirectory>C:\Users\kerueilin9\Desktop\Document\window_design\HW6\ClassLibrary\ClassLibraryTests\bin\Debug\.netcoreapp,version=v3.1\fine-code-coverage\coverage-tool-output</ResultsDirectory>
    <TargetPlatform>X64</TargetPlatform>
    <TargetFrameworkVersion>.NETCoreApp,Version=v3.1</TargetFrameworkVersion>
    <DesignMode>False</DesignMode>
    <CollectSourceInformation>False</CollectSourceInformation>
  </RunConfiguration>
  <LoggerRunSettings>
    <Loggers>
      <Logger friendlyName="blame" enabled="True" />
      <Logger friendlyName="Console" uri="logger://microsoft/TestPlatform/ConsoleLogger/v1" assemblyQualifiedName="Microsoft.VisualStudio.TestPlatform.CommandLine.Internal.ConsoleLogger, vstest.console, Version=15.0.0.0, Culture=neutral, PublicKeyToken=b03f5f7f11d50a3a" codeBase="C:\Program Files\dotnet\sdk\5.0.412\vstest.console.dll" enabled="True" />
    </Loggers>
  </LoggerRunSettings>
  <DataCollectionRunSettings>
    <DataCollectors>
      <DataCollector friendlyName="blame" enabled="True">
        <Configuration>
          <ResultsDirectory>C:\Users\kerueilin9\Desktop\Document\window_design\HW6\ClassLibrary\ClassLibraryTests\bin\Debug\.netcoreapp,version=v3.1\fine-code-coverage\coverage-tool-output</ResultsDirectory>
        </Configuration>
      </DataCollector>
    </DataCollectors>
  </DataCollectionRunSettings>
</RunSettings>

TpTrace Verbose: 0 : 18248, 1, 2022/12/05, 04:18:47.686, 9726751466214, vstest.console.dll, TestRunRequest.ExecuteAsync: Wait for the first run request is over.
TpTrace Verbose: 0 : 18248, 1, 2022/12/05, 04:18:47.686, 9726751468080, vstest.console.dll, ParallelProxyExecutionManager: Start execution. Total sources: 1
TpTrace Information: 0 : 18248, 1, 2022/12/05, 04:18:47.687, 9726751470381, vstest.console.dll, ProxyParallelExecutionManager: Triggering test run for next source: C:\Users\kerueilin9\Desktop\Document\window_design\HW6\ClassLibrary\ClassLibraryTests\bin\Debug\.netcoreapp,version=v3.1\fine-code-coverage\build-output\ClassLibraryTests.dll
TpTrace Verbose: 0 : 18248, 1, 2022/12/05, 04:18:47.687, 9726751471168, vstest.console.dll, ProxyParallelExecutionManager: No sources available for execution.
TpTrace Verbose: 0 : 18248, 5, 2022/12/05, 04:18:47.687, 9726751471119, vstest.console.dll, ParallelProxyExecutionManager: Execution started. Started clients: 1
TpTrace Information: 0 : 18248, 1, 2022/12/05, 04:18:47.687, 9726751471330, vstest.console.dll, TestRunRequest.ExecuteAsync: Started.
TpTrace Verbose: 0 : 18248, 1, 2022/12/05, 04:18:47.687, 9726751472667, vstest.console.dll, TestRunRequest.WaitForCompletion: Waiting with timeout -1.
TpTrace Verbose: 0 : 18248, 5, 2022/12/05, 04:18:47.687, 9726751472965, vstest.console.dll, TestRunRequest:SendTestRunMessage: Starting.
TpTrace Information: 0 : 18248, 5, 2022/12/05, 04:18:47.687, 9726751473423, vstest.console.dll, TestRunRequest:SendTestRunMessage: Completed.
TpTrace Verbose: 0 : 18248, 5, 2022/12/05, 04:18:47.687, 9726751474292, vstest.console.dll, ProxyExecutionManager: Test host is always Lazy initialize.
TpTrace Verbose: 0 : 18248, 5, 2022/12/05, 04:18:47.687, 9726751475220, vstest.console.dll, TestRequestSender.InitializeCommunication: initialize communication. 
TpTrace Information: 0 : 18248, 5, 2022/12/05, 04:18:47.687, 9726751477320, vstest.console.dll, SocketServer.Start: Listening on endpoint : 127.0.0.1:63954
TpTrace Verbose: 0 : 18248, 5, 2022/12/05, 04:18:47.688, 9726751480683, vstest.console.dll, DotnetTestHostmanager: Adding  --runtimeconfig "C:\Users\kerueilin9\Desktop\Document\window_design\HW6\ClassLibrary\ClassLibraryTests\bin\Debug\.netcoreapp,version=v3.1\fine-code-coverage\build-output\ClassLibraryTests.runtimeconfig.json" in args
TpTrace Verbose: 0 : 18248, 5, 2022/12/05, 04:18:47.688, 9726751481174, vstest.console.dll, DotnetTestHostmanager: Adding  --depsfile "C:\Users\kerueilin9\Desktop\Document\window_design\HW6\ClassLibrary\ClassLibraryTests\bin\Debug\.netcoreapp,version=v3.1\fine-code-coverage\build-output\ClassLibraryTests.deps.json" in args
TpTrace Verbose: 0 : 18248, 5, 2022/12/05, 04:18:47.688, 9726751482083, vstest.console.dll, DotnetTestHostManager: Testhost.exe/testhost.x86.exe found at path: C:\Users\kerueilin9\Desktop\Document\window_design\HW6\ClassLibrary\ClassLibraryTests\bin\Debug\.netcoreapp,version=v3.1\fine-code-coverage\build-output\testhost.exe
TpTrace Verbose: 0 : 18248, 5, 2022/12/05, 04:18:47.688, 9726751482267, vstest.console.dll, DotnetTestHostmanager: Full path of host exe is C:\Users\kerueilin9\Desktop\Document\window_design\HW6\ClassLibrary\ClassLibraryTests\bin\Debug\.netcoreapp,version=v3.1\fine-code-coverage\build-output\testhost.exe
TpTrace Verbose: 0 : 18248, 7, 2022/12/05, 04:18:47.688, 9726751486226, vstest.console.dll, DotnetTestHostManager: Starting process 'C:\Users\kerueilin9\Desktop\Document\window_design\HW6\ClassLibrary\ClassLibraryTests\bin\Debug\.netcoreapp,version=v3.1\fine-code-coverage\build-output\testhost.exe' with command line ' --runtimeconfig "C:\Users\kerueilin9\Desktop\Document\window_design\HW6\ClassLibrary\ClassLibraryTests\bin\Debug\.netcoreapp,version=v3.1\fine-code-coverage\build-output\ClassLibraryTests.runtimeconfig.json" --depsfile "C:\Users\kerueilin9\Desktop\Document\window_design\HW6\ClassLibrary\ClassLibraryTests\bin\Debug\.netcoreapp,version=v3.1\fine-code-coverage\build-output\ClassLibraryTests.deps.json" --port 63954 --endpoint 127.0.0.1:063954 --role client --parentprocessid 18248 --diag "C:\Users\kerueilin9\Desktop\Document\window_design\HW6\ClassLibrary\ClassLibraryTests\bin\Debug\.netcoreapp,version=v3.1\fine-code-coverage\coverage-tool-output\diagnostics.host.22-12-05_04-18-47_68785_5.log" --tracelevel 4 --datacollectionport 63953 --telemetryoptedin false'
TpTrace Verbose: 0 : 18248, 7, 2022/12/05, 04:18:47.692, 9726751520329, vstest.console.dll, Test Runtime launched
TpTrace Verbose: 0 : 18248, 5, 2022/12/05, 04:18:47.692, 9726751525300, vstest.console.dll, TestRequestSender.WaitForRequestHandlerConnection: waiting for connection with timeout: 90000
TpTrace Verbose: 0 : 18248, 7, 2022/12/05, 04:18:47.789, 9726752498881, vstest.console.dll, SocketServer.OnClientConnected: Client connected for endPoint: 127.0.0.1:63954, starting MessageLoopAsync:
TpTrace Verbose: 0 : 18248, 14, 2022/12/05, 04:18:47.790, 9726752500679, vstest.console.dll, TcpClientExtensions.MessageLoopAsync: Polling on remoteEndPoint: 127.0.0.1:63955 localEndPoint: 127.0.0.1:63954
TpTrace Verbose: 0 : 18248, 14, 2022/12/05, 04:18:47.862, 9726753229232, vstest.console.dll, TcpClientExtensions.MessageLoopAsync: NotifyDataAvailable remoteEndPoint: 127.0.0.1:63955 localEndPoint: 127.0.0.1:63954
TpTrace Verbose: 0 : 18248, 14, 2022/12/05, 04:18:47.863, 9726753230707, vstest.console.dll, TestRequestSender.CheckVersionWithTestHost: onMessageReceived received message: (ProtocolVersion) -> 5
TpTrace Verbose: 0 : 18248, 14, 2022/12/05, 04:18:47.863, 9726753232784, vstest.console.dll, TcpClientExtensions.MessageLoopAsync: Polling on remoteEndPoint: 127.0.0.1:63955 localEndPoint: 127.0.0.1:63954
TpTrace Verbose: 0 : 18248, 5, 2022/12/05, 04:18:47.863, 9726753233797, vstest.console.dll, TestPluginCache.GetExtensionPaths: Filtered extension paths: 
TpTrace Verbose: 0 : 18248, 5, 2022/12/05, 04:18:47.863, 9726753234460, vstest.console.dll, TestPluginCache.GetExtensionPaths: Added default extension paths: C:\Program Files\dotnet\sdk\5.0.412\Extensions\Microsoft.Diagnostics.NETCore.Client.dll
C:\Program Files\dotnet\sdk\5.0.412\Extensions\Microsoft.TestPlatform.Extensions.BlameDataCollector.dll
C:\Program Files\dotnet\sdk\5.0.412\Extensions\Microsoft.TestPlatform.Extensions.EventLogCollector.dll
C:\Program Files\dotnet\sdk\5.0.412\Extensions\Microsoft.TestPlatform.TestHostRuntimeProvider.dll
C:\Program Files\dotnet\sdk\5.0.412\Extensions\Microsoft.VisualStudio.TestPlatform.Extensions.Html.TestLogger.dll
C:\Program Files\dotnet\sdk\5.0.412\Extensions\Microsoft.VisualStudio.TestPlatform.Extensions.Trx.TestLogger.dll
TpTrace Verbose: 0 : 18248, 5, 2022/12/05, 04:18:47.863, 9726753234761, vstest.console.dll, TestPluginCache.GetExtensionPaths: Added unfilterableExtensionPaths: 
TpTrace Verbose: 0 : 18248, 5, 2022/12/05, 04:18:47.865, 9726753250821, vstest.console.dll, TestRequestSender.InitializeExecution: Sending initializing execution with message: {"Version":5,"MessageType":"TestExecution.Initialize","Payload":["C:\\Users\\kerueilin9\\Desktop\\Document\\window_design\\HW6\\ClassLibrary\\ClassLibraryTests\\bin\\Debug\\.netcoreapp,version=v3.1\\fine-code-coverage\\build-output\\Microsoft.VisualStudio.TestPlatform.MSTest.TestAdapter.dll"]}
TpTrace Verbose: 0 : 18248, 5, 2022/12/05, 04:18:47.868, 9726753284731, vstest.console.dll, TestRequestSender.StartTestRun: Sending test run with message: {"Version":5,"MessageType":"TestExecution.StartWithSources","Payload":{"AdapterSourceMap":{"_none_":["C:\\Users\\kerueilin9\\Desktop\\Document\\window_design\\HW6\\ClassLibrary\\ClassLibraryTests\\bin\\Debug\\.netcoreapp,version=v3.1\\fine-code-coverage\\build-output\\ClassLibraryTests.dll"]},"RunSettings":"<RunSettings>\r\n  <RunConfiguration>\r\n    <ResultsDirectory>C:\\Users\\kerueilin9\\Desktop\\Document\\window_design\\HW6\\ClassLibrary\\ClassLibraryTests\\bin\\Debug\\.netcoreapp,version=v3.1\\fine-code-coverage\\coverage-tool-output</ResultsDirectory>\r\n    <TargetPlatform>X64</TargetPlatform>\r\n    <TargetFrameworkVersion>.NETCoreApp,Version=v3.1</TargetFrameworkVersion>\r\n    <DesignMode>False</DesignMode>\r\n    <CollectSourceInformation>False</CollectSourceInformation>\r\n  </RunConfiguration>\r\n  <LoggerRunSettings>\r\n    <Loggers>\r\n      <Logger friendlyName=\"blame\" enabled=\"True\" />\r\n      <Logger friendlyName=\"Console\" uri=\"logger://microsoft/TestPlatform/ConsoleLogger/v1\" assemblyQualifiedName=\"Microsoft.VisualStudio.TestPlatform.CommandLine.Internal.ConsoleLogger, vstest.console, Version=15.0.0.0, Culture=neutral, PublicKeyToken=b03f5f7f11d50a3a\" codeBase=\"C:\\Program Files\\dotnet\\sdk\\5.0.412\\vstest.console.dll\" enabled=\"True\" />\r\n    </Loggers>\r\n  </LoggerRunSettings>\r\n  <DataCollectionRunSettings>\r\n    <DataCollectors>\r\n      <DataCollector friendlyName=\"blame\" enabled=\"True\">\r\n        <Configuration>\r\n          <ResultsDirectory>C:\\Users\\kerueilin9\\Desktop\\Document\\window_design\\HW6\\ClassLibrary\\ClassLibraryTests\\bin\\Debug\\.netcoreapp,version=v3.1\\fine-code-coverage\\coverage-tool-output</ResultsDirectory>\r\n        </Configuration>\r\n      </DataCollector>\r\n    </DataCollectors>\r\n  </DataCollectionRunSettings>\r\n</RunSettings>","TestExecutionContext":{"FrequencyOfRunStatsChangeEvent":10,"RunStatsChangeEventTimeout":"00:00:01.5000000","InIsolation":false,"KeepAlive":false,"AreTestCaseLevelEventsRequired":false,"IsDebug":false,"TestCaseFilter":null,"FilterOptions":null},"Package":null}}
TpTrace Verbose: 0 : 18248, 14, 2022/12/05, 04:18:47.868, 9726753288171, vstest.console.dll, TcpClientExtensions.MessageLoopAsync: NotifyDataAvailable remoteEndPoint: 127.0.0.1:63955 localEndPoint: 127.0.0.1:63954
TpTrace Verbose: 0 : 18248, 14, 2022/12/05, 04:18:47.868, 9726753288622, vstest.console.dll, TestRequestSender.OnExecutionMessageReceived: Received message: {"Version":5,"MessageType":"TestSession.Message","Payload":{"MessageLevel":0,"Message":"在檔案 C:\\Users\\kerueilin9\\Desktop\\Document\\window_design\\HW6\\ClassLibrary\\ClassLibraryTests\\bin\\Debug\\.netcoreapp,version=v3.1\\fine-code-coverage\\coverage-tool-output\\diagnostics.host.22-12-05_04-18-47_68785_5.log 中記錄 TestHost 診斷"}}
TpTrace Verbose: 0 : 18248, 14, 2022/12/05, 04:18:47.869, 9726753296605, vstest.console.dll, TestRunRequest:SendTestRunMessage: Starting.
TpTrace Information: 0 : 18248, 14, 2022/12/05, 04:18:47.869, 9726753297047, vstest.console.dll, TestRunRequest:SendTestRunMessage: Completed.
TpTrace Verbose: 0 : 18248, 14, 2022/12/05, 04:18:47.869, 9726753297205, vstest.console.dll, TcpClientExtensions.MessageLoopAsync: Polling on remoteEndPoint: 127.0.0.1:63955 localEndPoint: 127.0.0.1:63954
TpTrace Verbose: 0 : 18248, 14, 2022/12/05, 04:18:48.102, 9726755627372, vstest.console.dll, TcpClientExtensions.MessageLoopAsync: NotifyDataAvailable remoteEndPoint: 127.0.0.1:63955 localEndPoint: 127.0.0.1:63954
TpTrace Verbose: 0 : 18248, 14, 2022/12/05, 04:18:48.102, 9726755629602, vstest.console.dll, TestRequestSender.OnExecutionMessageReceived: Received message: {"Version":5,"MessageType":"TestExecution.StatsChange","Payload":{"NewTestResults":[{"TestCase":{"Id":"3d375ef7-2896-1888-41c2-bbb1fd2d8983","FullyQualifiedName":"ClassLibrary.Tests.ModelTests.SetTypeTest","DisplayName":"SetTypeTest","ExecutorUri":"executor://MSTestAdapter/v2","Source":"C:\\Users\\kerueilin9\\Desktop\\Document\\window_design\\HW6\\ClassLibrary\\ClassLibraryTests\\bin\\Debug\\.netcoreapp,version=v3.1\\fine-code-coverage\\build-output\\ClassLibraryTests.dll","CodeFilePath":null,"LineNumber":-1,"Properties":[{"Key":{"Id":"TestCase.ManagedType","Label":"ManagedType","Category":"","Description":"","Attributes":1,"ValueType":"System.String"},"Value":"ClassLibrary.Tests.ModelTests"},{"Key":{"Id":"TestCase.ManagedMethod","Label":"ManagedMethod","Category":"","Description":"","Attributes":1,"ValueType":"System.String"},"Value":"SetTypeTest"},{"Key":{"Id":"MSTestDiscoverer.TestClassName","Label":"ClassName","Category":"","Description":"","Attributes":1,"ValueType":"System.String"},"Value":"ClassLibrary.Tests.ModelTests"},{"Key":{"Id":"TestObject.Traits","Label":"Traits","Category":"","Description":"","Attributes":5,"ValueType":"System.Collections.Generic.KeyValuePair`2[[System.String],[System.String]][]"},"Value":[]}]},"Attachments":[],"Outcome":1,"ErrorMessage":null,"ErrorStackTrace":null,"DisplayName":null,"Messages":[],"ComputerName":null,"Duration":"00:00:00.0061574","StartTime":"2022-12-05T04:18:48.0085445+08:00","EndTime":"2022-12-05T04:18:48.0299056+08:00","Properties":[{"Key":{"Id":"ExecutionId","Label":"ExecutionId","Category":"","Description":"","Attributes":1,"ValueType":"System.Guid"},"Value":"00000000-0000-0000-0000-000000000000"},{"Key":{"Id":"ParentExecId","Label":"ParentExecId","Category":"","Description":"","Attributes":1,"ValueType":"System.Guid"},"Value":"00000000-0000-0000-0000-000000000000"},{"Key":{"Id":"InnerResultsCount","Label":"InnerResultsCount","Category":"","Description":"","Attributes":1,"ValueType":"System.Int32"},"Value":0}]},{"TestCase":{"Id":"11d9eb1a-168d-d241-fc33-0664e7f4da30","FullyQualifiedName":"ClassLibrary.Tests.ModelTests.PressedPointerTest","DisplayName":"PressedPointerTest","ExecutorUri":"executor://MSTestAdapter/v2","Source":"C:\\Users\\kerueilin9\\Desktop\\Document\\window_design\\HW6\\ClassLibrary\\ClassLibraryTests\\bin\\Debug\\.netcoreapp,version=v3.1\\fine-code-coverage\\build-output\\ClassLibraryTests.dll","CodeFilePath":null,"LineNumber":-1,"Properties":[{"Key":{"Id":"TestCase.ManagedType","Label":"ManagedType","Category":"","Description":"","Attributes":1,"ValueType":"System.String"},"Value":"ClassLibrary.Tests.ModelTests"},{"Key":{"Id":"TestCase.ManagedMethod","Label":"ManagedMethod","Category":"","Description":"","Attributes":1,"ValueType":"System.String"},"Value":"PressedPointerTest"},{"Key":{"Id":"MSTestDiscoverer.TestClassName","Label":"ClassName","Category":"","Description":"","Attributes":1,"ValueType":"System.String"},"Value":"ClassLibrary.Tests.ModelTests"},{"Key":{"Id":"TestObject.Traits","Label":"Traits","Category":"","Description":"","Attributes":5,"ValueType":"System.Collections.Generic.KeyValuePair`2[[System.String],[System.String]][]"},"Value":[]}]},"Attachments":[],"Outcome":1,"ErrorMessage":null,"ErrorStackTrace":null,"DisplayName":null,"Messages":[],"ComputerName":null,"Duration":"00:00:00.0005499","StartTime":"2022-12-05T04:18:48.0412154+08:00","EndTime":"2022-12-05T04:18:48.0419019+08:00","Properties":[{"Key":{"Id":"ExecutionId","Label":"ExecutionId","Category":"","Description":"","Attributes":1,"ValueType":"System.Guid"},"Value":"00000000-0000-0000-0000-000000000000"},{"Key":{"Id":"ParentExecId","Label":"ParentExecId","Category":"","Description":"","Attributes":1,"ValueType":"System.Guid"},"Value":"00000000-0000-0000-0000-000000000000"},{"Key":{"Id":"InnerResultsCount","Label":"InnerResultsCount","Category":"","Description":"","Attributes":1,"ValueType":"System.Int32"},"Value":0}]},{"TestCase":{"Id":"27ce6d55-04b1-b8f8-9178-2c5026129bc7","FullyQualifiedName":"ClassLibrary.Tests.ModelTests.MovedPointerTest","DisplayName":"MovedPointerTest","ExecutorUri":"executor://MSTestAdapter/v2","Source":"C:\\Users\\kerueilin9\\Desktop\\Document\\window_design\\HW6\\ClassLibrary\\ClassLibraryTests\\bin\\Debug\\.netcoreapp,version=v3.1\\fine-code-coverage\\build-output\\ClassLibraryTests.dll","CodeFilePath":null,"LineNumber":-1,"Properties":[{"Key":{"Id":"TestCase.ManagedType","Label":"ManagedType","Category":"","Description":"","Attributes":1,"ValueType":"System.String"},"Value":"ClassLibrary.Tests.ModelTests"},{"Key":{"Id":"TestCase.ManagedMethod","Label":"ManagedMethod","Category":"","Description":"","Attributes":1,"ValueType":"System.String"},"Value":"MovedPointerTest"},{"Key":{"Id":"MSTestDiscoverer.TestClassName","Label":"ClassName","Category":"","Description":"","Attributes":1,"ValueType":"System.String"},"Value":"ClassLibrary.Tests.ModelTests"},{"Key":{"Id":"TestObject.Traits","Label":"Traits","Category":"","Description":"","Attributes":5,"ValueType":"System.Collections.Generic.KeyValuePair`2[[System.String],[System.String]][]"},"Value":[]}]},"Attachments":[],"Outcome":1,"ErrorMessage":null,"ErrorStackTrace":null,"DisplayName":null,"Messages":[],"ComputerName":null,"Duration":"00:00:00.0002704","StartTime":"2022-12-05T04:18:48.0430899+08:00","EndTime":"2022-12-05T04:18:48.0434986+08:00","Properties":[{"Key":{"Id":"ExecutionId","Label":"ExecutionId","Category":"","Description":"","Attributes":1,"ValueType":"System.Guid"},"Value":"00000000-0000-0000-0000-000000000000"},{"Key":{"Id":"ParentExecId","Label":"ParentExecId","Category":"","Description":"","Attributes":1,"ValueType":"System.Guid"},"Value":"00000000-0000-0000-0000-000000000000"},{"Key":{"Id":"InnerResultsCount","Label":"InnerResultsCount","Category":"","Description":"","Attributes":1,"ValueType":"System.Int32"},"Value":0}]},{"TestCase":{"Id":"60e5d850-f592-5b28-3a89-cbfc1401ddf8","FullyQualifiedName":"ClassLibrary.Tests.ModelTests.ReleasedPointerTest","DisplayName":"ReleasedPointerTest","ExecutorUri":"executor://MSTestAdapter/v2","Source":"C:\\Users\\kerueilin9\\Desktop\\Document\\window_design\\HW6\\ClassLibrary\\ClassLibraryTests\\bin\\Debug\\.netcoreapp,version=v3.1\\fine-code-coverage\\build-output\\ClassLibraryTests.dll","CodeFilePath":null,"LineNumber":-1,"Properties":[{"Key":{"Id":"TestCase.ManagedType","Label":"ManagedType","Category":"","Description":"","Attributes":1,"ValueType":"System.String"},"Value":"ClassLibrary.Tests.ModelTests"},{"Key":{"Id":"TestCase.ManagedMethod","Label":"ManagedMethod","Category":"","Description":"","Attributes":1,"ValueType":"System.String"},"Value":"ReleasedPointerTest"},{"Key":{"Id":"MSTestDiscoverer.TestClassName","Label":"ClassName","Category":"","Description":"","Attributes":1,"ValueType":"System.String"},"Value":"ClassLibrary.Tests.ModelTests"},{"Key":{"Id":"TestObject.Traits","Label":"Traits","Category":"","Description":"","Attributes":5,"ValueType":"System.Collections.Generic.KeyValuePair`2[[System.String],[System.String]][]"},"Value":[]}]},"Attachments":[],"Outcome":1,"ErrorMessage":null,"ErrorStackTrace":null,"DisplayName":null,"Messages":[],"ComputerName":null,"Duration":"00:00:00.0005322","StartTime":"2022-12-05T04:18:48.0447263+08:00","EndTime":"2022-12-05T04:18:48.0454111+08:00","Properties":[{"Key":{"Id":"ExecutionId","Label":"ExecutionId","Category":"","Description":"","Attributes":1,"ValueType":"System.Guid"},"Value":"00000000-0000-0000-0000-000000000000"},{"Key":{"Id":"ParentExecId","Label":"ParentExecId","Category":"","Description":"","Attributes":1,"ValueType":"System.Guid"},"Value":"00000000-0000-0000-0000-000000000000"},{"Key":{"Id":"InnerResultsCount","Label":"InnerResultsCount","Category":"","Description":"","Attributes":1,"ValueType":"System.Int32"},"Value":0}]},{"TestCase":{"Id":"8b06b6dd-8a07-9e4c-8079-9ccc7e50b81b","FullyQualifiedName":"ClassLibrary.Tests.ModelTests.ClearTest","DisplayName":"ClearTest","ExecutorUri":"executor://MSTestAdapter/v2","Source":"C:\\Users\\kerueilin9\\Desktop\\Document\\window_design\\HW6\\ClassLibrary\\ClassLibraryTests\\bin\\Debug\\.netcoreapp,version=v3.1\\fine-code-coverage\\build-output\\ClassLibraryTests.dll","CodeFilePath":null,"LineNumber":-1,"Properties":[{"Key":{"Id":"TestCase.ManagedType","Label":"ManagedType","Category":"","Description":"","Attributes":1,"ValueType":"System.String"},"Value":"ClassLibrary.Tests.ModelTests"},{"Key":{"Id":"TestCase.ManagedMethod","Label":"ManagedMethod","Category":"","Description":"","Attributes":1,"ValueType":"System.String"},"Value":"ClearTest"},{"Key":{"Id":"MSTestDiscoverer.TestClassName","Label":"ClassName","Category":"","Description":"","Attributes":1,"ValueType":"System.String"},"Value":"ClassLibrary.Tests.ModelTests"},{"Key":{"Id":"TestObject.Traits","Label":"Traits","Category":"","Description":"","Attributes":5,"ValueType":"System.Collections.Generic.KeyValuePair`2[[System.String],[System.String]][]"},"Value":[]}]},"Attachments":[],"Outcome":1,"ErrorMessage":null,"ErrorStackTrace":null,"DisplayName":null,"Messages":[],"ComputerName":null,"Duration":"00:00:00.0005599","StartTime":"2022-12-05T04:18:48.046594+08:00","EndTime":"2022-12-05T04:18:48.0473884+08:00","Properties":[{"Key":{"Id":"ExecutionId","Label":"ExecutionId","Category":"","Description":"","Attributes":1,"ValueType":"System.Guid"},"Value":"00000000-0000-0000-0000-000000000000"},{"Key":{"Id":"ParentExecId","Label":"ParentExecId","Category":"","Description":"","Attributes":1,"ValueType":"System.Guid"},"Value":"00000000-0000-0000-0000-000000000000"},{"Key":{"Id":"InnerResultsCount","Label":"InnerResultsCount","Category":"","Description":"","Attributes":1,"ValueType":"System.Int32"},"Value":0}]},{"TestCase":{"Id":"451ce7e0-6773-aa46-3898-4a69e40a5256","FullyQualifiedName":"ClassLibrary.Tests.ModelTests.DrawTest","DisplayName":"DrawTest","ExecutorUri":"executor://MSTestAdapter/v2","Source":"C:\\Users\\kerueilin9\\Desktop\\Document\\window_design\\HW6\\ClassLibrary\\ClassLibraryTests\\bin\\Debug\\.netcoreapp,version=v3.1\\fine-code-coverage\\build-output\\ClassLibraryTests.dll","CodeFilePath":null,"LineNumber":-1,"Properties":[{"Key":{"Id":"TestCase.ManagedType","Label":"ManagedType","Category":"","Description":"","Attributes":1,"ValueType":"System.String"},"Value":"ClassLibrary.Tests.ModelTests"},{"Key":{"Id":"TestCase.ManagedMethod","Label":"ManagedMethod","Category":"","Description":"","Attributes":1,"ValueType":"System.String"},"Value":"DrawTest"},{"Key":{"Id":"MSTestDiscoverer.TestClassName","Label":"ClassName","Category":"","Description":"","Attributes":1,"ValueType":"System.String"},"Value":"ClassLibrary.Tests.ModelTests"},{"Key":{"Id":"TestObject.Traits","Label":"Traits","Category":"","Description":"","Attributes":5,"ValueType":"System.Collections.Generic.KeyValuePair`2[[System.String],[System.String]][]"},"Value":[]}]},"Attachments":[],"Outcome":1,"ErrorMessage":null,"ErrorStackTrace":null,"DisplayName":null,"Messages":[],"ComputerName":null,"Duration":"00:00:00.0336495","StartTime":"2022-12-05T04:18:48.0486091+08:00","EndTime":"2022-12-05T04:18:48.0824328+08:00","Properties":[{"Key":{"Id":"ExecutionId","Label":"ExecutionId","Category":"","Description":"","Attributes":1,"ValueType":"System.Guid"},"Value":"00000000-0000-0000-0000-000000000000"},{"Key":{"Id":"ParentExecId","Label":"ParentExecId","Category":"","Description":"","Attributes":1,"ValueType":"System.Guid"},"Value":"00000000-0000-0000-0000-000000000000"},{"Key":{"Id":"InnerResultsCount","Label":"InnerResultsCount","Category":"","Description":"","Attributes":1,"ValueType":"System.Int32"},"Value":0}]},{"TestCase":{"Id":"67ac0053-a59e-29ac-90c8-7f7f87bc4e5f","FullyQualifiedName":"ClassLibrary.Tests.RectangleTests.DrawTest","DisplayName":"DrawTest","ExecutorUri":"executor://MSTestAdapter/v2","Source":"C:\\Users\\kerueilin9\\Desktop\\Document\\window_design\\HW6\\ClassLibrary\\ClassLibraryTests\\bin\\Debug\\.netcoreapp,version=v3.1\\fine-code-coverage\\build-output\\ClassLibraryTests.dll","CodeFilePath":null,"LineNumber":-1,"Properties":[{"Key":{"Id":"TestCase.ManagedType","Label":"ManagedType","Category":"","Description":"","Attributes":1,"ValueType":"System.String"},"Value":"ClassLibrary.Tests.RectangleTests"},{"Key":{"Id":"TestCase.ManagedMethod","Label":"ManagedMethod","Category":"","Description":"","Attributes":1,"ValueType":"System.String"},"Value":"DrawTest"},{"Key":{"Id":"MSTestDiscoverer.TestClassName","Label":"ClassName","Category":"","Description":"","Attributes":1,"ValueType":"System.String"},"Value":"ClassLibrary.Tests.RectangleTests"},{"Key":{"Id":"TestObject.Traits","Label":"Traits","Category":"","Description":"","Attributes":5,"ValueType":"System.Collections.Generic.KeyValuePair`2[[System.String],[System.String]][]"},"Value":[]}]},"Attachments":[],"Outcome":1,"ErrorMessage":null,"ErrorStackTrace":null,"DisplayName":null,"Messages":[],"ComputerName":null,"Duration":"00:00:00.0006214","StartTime":"2022-12-05T04:18:48.0835704+08:00","EndTime":"2022-12-05T04:18:48.0844289+08:00","Properties":[{"Key":{"Id":"ExecutionId","Label":"ExecutionId","Category":"","Description":"","Attributes":1,"ValueType":"System.Guid"},"Value":"00000000-0000-0000-0000-000000000000"},{"Key":{"Id":"ParentExecId","Label":"ParentExecId","Category":"","Description":"","Attributes":1,"ValueType":"System.Guid"},"Value":"00000000-0000-0000-0000-000000000000"},{"Key":{"Id":"InnerResultsCount","Label":"InnerResultsCount","Category":"","Description":"","Attributes":1,"ValueType":"System.Int32"},"Value":0}]},{"TestCase":{"Id":"21804aae-c320-55db-decc-a94f5cb4bc26","FullyQualifiedName":"ClassLibrary.Tests.RectangleTests.GetShapeTypeTest","DisplayName":"GetShapeTypeTest","ExecutorUri":"executor://MSTestAdapter/v2","Source":"C:\\Users\\kerueilin9\\Desktop\\Document\\window_design\\HW6\\ClassLibrary\\ClassLibraryTests\\bin\\Debug\\.netcoreapp,version=v3.1\\fine-code-coverage\\build-output\\ClassLibraryTests.dll","CodeFilePath":null,"LineNumber":-1,"Properties":[{"Key":{"Id":"TestCase.ManagedType","Label":"ManagedType","Category":"","Description":"","Attributes":1,"ValueType":"System.String"},"Value":"ClassLibrary.Tests.RectangleTests"},{"Key":{"Id":"TestCase.ManagedMethod","Label":"ManagedMethod","Category":"","Description":"","Attributes":1,"ValueType":"System.String"},"Value":"GetShapeTypeTest"},{"Key":{"Id":"MSTestDiscoverer.TestClassName","Label":"ClassName","Category":"","Description":"","Attributes":1,"ValueType":"System.String"},"Value":"ClassLibrary.Tests.RectangleTests"},{"Key":{"Id":"TestObject.Traits","Label":"Traits","Category":"","Description":"","Attributes":5,"ValueType":"System.Collections.Generic.KeyValuePair`2[[System.String],[System.String]][]"},"Value":[]}]},"Attachments":[],"Outcome":1,"ErrorMessage":null,"ErrorStackTrace":null,"DisplayName":null,"Messages":[],"ComputerName":null,"Duration":"00:00:00.0000936","StartTime":"2022-12-05T04:18:48.0853299+08:00","EndTime":"2022-12-05T04:18:48.0855869+08:00","Properties":[{"Key":{"Id":"ExecutionId","Label":"ExecutionId","Category":"","Description":"","Attributes":1,"ValueType":"System.Guid"},"Value":"00000000-0000-0000-0000-000000000000"},{"Key":{"Id":"ParentExecId","Label":"ParentExecId","Category":"","Description":"","Attributes":1,"ValueType":"System.Guid"},"Value":"00000000-0000-0000-0000-000000000000"},{"Key":{"Id":"InnerResultsCount","Label":"InnerResultsCount","Category":"","Description":"","Attributes":1,"ValueType":"System.Int32"},"Value":0}]},{"TestCase":{"Id":"080fa038-1b8a-78cf-1630-2b732e0b2150","FullyQualifiedName":"ClassLibrary.Tests.ShapeFactoryTests.CreateShapeTest","DisplayName":"CreateShapeTest","ExecutorUri":"executor://MSTestAdapter/v2","Source":"C:\\Users\\kerueilin9\\Desktop\\Document\\window_design\\HW6\\ClassLibrary\\ClassLibraryTests\\bin\\Debug\\.netcoreapp,version=v3.1\\fine-code-coverage\\build-output\\ClassLibraryTests.dll","CodeFilePath":null,"LineNumber":-1,"Properties":[{"Key":{"Id":"TestCase.ManagedType","Label":"ManagedType","Category":"","Description":"","Attributes":1,"ValueType":"System.String"},"Value":"ClassLibrary.Tests.ShapeFactoryTests"},{"Key":{"Id":"TestCase.ManagedMethod","Label":"ManagedMethod","Category":"","Description":"","Attributes":1,"ValueType":"System.String"},"Value":"CreateShapeTest"},{"Key":{"Id":"MSTestDiscoverer.TestClassName","Label":"ClassName","Category":"","Description":"","Attributes":1,"ValueType":"System.String"},"Value":"ClassLibrary.Tests.ShapeFactoryTests"},{"Key":{"Id":"TestObject.Traits","Label":"Traits","Category":"","Description":"","Attributes":5,"ValueType":"System.Collections.Generic.KeyValuePair`2[[System.String],[System.String]][]"},"Value":[]}]},"Attachments":[],"Outcome":1,"ErrorMessage":null,"ErrorStackTrace":null,"DisplayName":null,"Messages":[],"ComputerName":null,"Duration":"00:00:00.0001671","StartTime":"2022-12-05T04:18:48.0866199+08:00","EndTime":"2022-12-05T04:18:48.0869359+08:00","Properties":[{"Key":{"Id":"ExecutionId","Label":"ExecutionId","Category":"","Description":"","Attributes":1,"ValueType":"System.Guid"},"Value":"00000000-0000-0000-0000-000000000000"},{"Key":{"Id":"ParentExecId","Label":"ParentExecId","Category":"","Description":"","Attributes":1,"ValueType":"System.Guid"},"Value":"00000000-0000-0000-0000-000000000000"},{"Key":{"Id":"InnerResultsCount","Label":"InnerResultsCount","Category":"","Description":"","Attributes":1,"ValueType":"System.Int32"},"Value":0}]}],"TestRunStatistics":{"ExecutedTests":9,"Stats":{"Passed":9}},"ActiveTests":[{"Id":"6e024220-a9a3-3732-31fc-6e6abd0afc28","FullyQualifiedName":"ClassLibrary.Tests.ShapesTests.CreateShapeHintTest","DisplayName":"CreateShapeHintTest","ExecutorUri":"executor://MSTestAdapter/v2","Source":"C:\\Users\\kerueilin9\\Desktop\\Document\\window_design\\HW6\\ClassLibrary\\ClassLibraryTests\\bin\\Debug\\.netcoreapp,version=v3.1\\fine-code-coverage\\build-output\\ClassLibraryTests.dll","CodeFilePath":null,"LineNumber":-1,"Properties":[{"Key":{"Id":"TestCase.ManagedType","Label":"ManagedType","Category":"","Description":"","Attributes":1,"ValueType":"System.String"},"Value":"ClassLibrary.Tests.ShapesTests"},{"Key":{"Id":"TestCase.ManagedMethod","Label":"ManagedMethod","Category":"","Description":"","Attributes":1,"ValueType":"System.String"},"Value":"CreateShapeHintTest"},{"Key":{"Id":"MSTestDiscoverer.TestClassName","Label":"ClassName","Category":"","Description":"","Attributes":1,"ValueType":"System.String"},"Value":"ClassLibrary.Tests.ShapesTests"},{"Key":{"Id":"TestObject.Traits","Label":"Traits","Category":"","Description":"","Attributes":5,"ValueType":"System.Collections.Generic.KeyValuePair`2[[System.String],[System.String]][]"},"Value":[]}]}]}}
TpTrace Verbose: 0 : 18248, 14, 2022/12/05, 04:18:48.137, 9726755972890, vstest.console.dll, TestRunRequest:SendTestRunStatsChange: Starting.
TpTrace Verbose: 0 : 18248, 14, 2022/12/05, 04:18:48.137, 9726755973591, vstest.console.dll, InProgress is CreateShapeHintTest
TpTrace Information: 0 : 18248, 14, 2022/12/05, 04:18:48.137, 9726755974401, vstest.console.dll, TestRunRequest:SendTestRunStatsChange: Completed.
TpTrace Verbose: 0 : 18248, 14, 2022/12/05, 04:18:48.137, 9726755974601, vstest.console.dll, TcpClientExtensions.MessageLoopAsync: Polling on remoteEndPoint: 127.0.0.1:63955 localEndPoint: 127.0.0.1:63954
TpTrace Verbose: 0 : 18248, 14, 2022/12/05, 04:18:48.137, 9726755974827, vstest.console.dll, TcpClientExtensions.MessageLoopAsync: NotifyDataAvailable remoteEndPoint: 127.0.0.1:63955 localEndPoint: 127.0.0.1:63954
TpTrace Verbose: 0 : 18248, 14, 2022/12/05, 04:18:48.137, 9726755975702, vstest.console.dll, TestRequestSender.OnExecutionMessageReceived: Received message: {"Version":5,"MessageType":"TestExecution.Completed","Payload":{"TestRunCompleteArgs":{"TestRunStatistics":{"ExecutedTests":15,"Stats":{"Passed":15}},"IsCanceled":false,"IsAborted":false,"Error":null,"AttachmentSets":[],"ElapsedTimeInRunningTests":"00:00:00.1892563","Metrics":{}},"LastRunTests":{"NewTestResults":[{"TestCase":{"Id":"6e024220-a9a3-3732-31fc-6e6abd0afc28","FullyQualifiedName":"ClassLibrary.Tests.ShapesTests.CreateShapeHintTest","DisplayName":"CreateShapeHintTest","ExecutorUri":"executor://MSTestAdapter/v2","Source":"C:\\Users\\kerueilin9\\Desktop\\Document\\window_design\\HW6\\ClassLibrary\\ClassLibraryTests\\bin\\Debug\\.netcoreapp,version=v3.1\\fine-code-coverage\\build-output\\ClassLibraryTests.dll","CodeFilePath":null,"LineNumber":-1,"Properties":[{"Key":{"Id":"TestCase.ManagedType","Label":"ManagedType","Category":"","Description":"","Attributes":1,"ValueType":"System.String"},"Value":"ClassLibrary.Tests.ShapesTests"},{"Key":{"Id":"TestCase.ManagedMethod","Label":"ManagedMethod","Category":"","Description":"","Attributes":1,"ValueType":"System.String"},"Value":"CreateShapeHintTest"},{"Key":{"Id":"MSTestDiscoverer.TestClassName","Label":"ClassName","Category":"","Description":"","Attributes":1,"ValueType":"System.String"},"Value":"ClassLibrary.Tests.ShapesTests"},{"Key":{"Id":"TestObject.Traits","Label":"Traits","Category":"","Description":"","Attributes":5,"ValueType":"System.Collections.Generic.KeyValuePair`2[[System.String],[System.String]][]"},"Value":[]}]},"Attachments":[],"Outcome":1,"ErrorMessage":null,"ErrorStackTrace":null,"DisplayName":null,"Messages":[],"ComputerName":null,"Duration":"00:00:00.0003074","StartTime":"2022-12-05T04:18:48.1037731+08:00","EndTime":"2022-12-05T04:18:48.1044081+08:00","Properties":[{"Key":{"Id":"ExecutionId","Label":"ExecutionId","Category":"","Description":"","Attributes":1,"ValueType":"System.Guid"},"Value":"00000000-0000-0000-0000-000000000000"},{"Key":{"Id":"ParentExecId","Label":"ParentExecId","Category":"","Description":"","Attributes":1,"ValueType":"System.Guid"},"Value":"00000000-0000-0000-0000-000000000000"},{"Key":{"Id":"InnerResultsCount","Label":"InnerResultsCount","Category":"","Description":"","Attributes":1,"ValueType":"System.Int32"},"Value":0}]},{"TestCase":{"Id":"c729c740-0104-6cb5-cf4a-6a541fe611d9","FullyQualifiedName":"ClassLibrary.Tests.ShapesTests.CreateShapeTest","DisplayName":"CreateShapeTest","ExecutorUri":"executor://MSTestAdapter/v2","Source":"C:\\Users\\kerueilin9\\Desktop\\Document\\window_design\\HW6\\ClassLibrary\\ClassLibraryTests\\bin\\Debug\\.netcoreapp,version=v3.1\\fine-code-coverage\\build-output\\ClassLibraryTests.dll","CodeFilePath":null,"LineNumber":-1,"Properties":[{"Key":{"Id":"TestCase.ManagedType","Label":"ManagedType","Category":"","Description":"","Attributes":1,"ValueType":"System.String"},"Value":"ClassLibrary.Tests.ShapesTests"},{"Key":{"Id":"TestCase.ManagedMethod","Label":"ManagedMethod","Category":"","Description":"","Attributes":1,"ValueType":"System.String"},"Value":"CreateShapeTest"},{"Key":{"Id":"MSTestDiscoverer.TestClassName","Label":"ClassName","Category":"","Description":"","Attributes":1,"ValueType":"System.String"},"Value":"ClassLibrary.Tests.ShapesTests"},{"Key":{"Id":"TestObject.Traits","Label":"Traits","Category":"","Description":"","Attributes":5,"ValueType":"System.Collections.Generic.KeyValuePair`2[[System.String],[System.String]][]"},"Value":[]}]},"Attachments":[],"Outcome":1,"ErrorMessage":null,"ErrorStackTrace":null,"DisplayName":null,"Messages":[],"ComputerName":null,"Duration":"00:00:00.0002963","StartTime":"2022-12-05T04:18:48.1064711+08:00","EndTime":"2022-12-05T04:18:48.1069816+08:00","Properties":[{"Key":{"Id":"ExecutionId","Label":"ExecutionId","Category":"","Description":"","Attributes":1,"ValueType":"System.Guid"},"Value":"00000000-0000-0000-0000-000000000000"},{"Key":{"Id":"ParentExecId","Label":"ParentExecId","Category":"","Description":"","Attributes":1,"ValueType":"System.Guid"},"Value":"00000000-0000-0000-0000-000000000000"},{"Key":{"Id":"InnerResultsCount","Label":"InnerResultsCount","Category":"","Description":"","Attributes":1,"ValueType":"System.Int32"},"Value":0}]},{"TestCase":{"Id":"f151bb35-4b3f-5eac-b520-db379e04b576","FullyQualifiedName":"ClassLibrary.Tests.ShapesTests.DrawTest","DisplayName":"DrawTest","ExecutorUri":"executor://MSTestAdapter/v2","Source":"C:\\Users\\kerueilin9\\Desktop\\Document\\window_design\\HW6\\ClassLibrary\\ClassLibraryTests\\bin\\Debug\\.netcoreapp,version=v3.1\\fine-code-coverage\\build-output\\ClassLibraryTests.dll","CodeFilePath":null,"LineNumber":-1,"Properties":[{"Key":{"Id":"TestCase.ManagedType","Label":"ManagedType","Category":"","Description":"","Attributes":1,"ValueType":"System.String"},"Value":"ClassLibrary.Tests.ShapesTests"},{"Key":{"Id":"TestCase.ManagedMethod","Label":"ManagedMethod","Category":"","Description":"","Attributes":1,"ValueType":"System.String"},"Value":"DrawTest"},{"Key":{"Id":"MSTestDiscoverer.TestClassName","Label":"ClassName","Category":"","Description":"","Attributes":1,"ValueType":"System.String"},"Value":"ClassLibrary.Tests.ShapesTests"},{"Key":{"Id":"TestObject.Traits","Label":"Traits","Category":"","Description":"","Attributes":5,"ValueType":"System.Collections.Generic.KeyValuePair`2[[System.String],[System.String]][]"},"Value":[]}]},"Attachments":[],"Outcome":1,"ErrorMessage":null,"ErrorStackTrace":null,"DisplayName":null,"Messages":[],"ComputerName":null,"Duration":"00:00:00.0001498","StartTime":"2022-12-05T04:18:48.1090102+08:00","EndTime":"2022-12-05T04:18:48.1093607+08:00","Properties":[{"Key":{"Id":"ExecutionId","Label":"ExecutionId","Category":"","Description":"","Attributes":1,"ValueType":"System.Guid"},"Value":"00000000-0000-0000-0000-000000000000"},{"Key":{"Id":"ParentExecId","Label":"ParentExecId","Category":"","Description":"","Attributes":1,"ValueType":"System.Guid"},"Value":"00000000-0000-0000-0000-000000000000"},{"Key":{"Id":"InnerResultsCount","Label":"InnerResultsCount","Category":"","Description":"","Attributes":1,"ValueType":"System.Int32"},"Value":0}]},{"TestCase":{"Id":"588d7ec7-1174-ff9a-574a-7d5a54891e5e","FullyQualifiedName":"ClassLibrary.Tests.ShapesTests.ClearTest","DisplayName":"ClearTest","ExecutorUri":"executor://MSTestAdapter/v2","Source":"C:\\Users\\kerueilin9\\Desktop\\Document\\window_design\\HW6\\ClassLibrary\\ClassLibraryTests\\bin\\Debug\\.netcoreapp,version=v3.1\\fine-code-coverage\\build-output\\ClassLibraryTests.dll","CodeFilePath":null,"LineNumber":-1,"Properties":[{"Key":{"Id":"TestCase.ManagedType","Label":"ManagedType","Category":"","Description":"","Attributes":1,"ValueType":"System.String"},"Value":"ClassLibrary.Tests.ShapesTests"},{"Key":{"Id":"TestCase.ManagedMethod","Label":"ManagedMethod","Category":"","Description":"","Attributes":1,"ValueType":"System.String"},"Value":"ClearTest"},{"Key":{"Id":"MSTestDiscoverer.TestClassName","Label":"ClassName","Category":"","Description":"","Attributes":1,"ValueType":"System.String"},"Value":"ClassLibrary.Tests.ShapesTests"},{"Key":{"Id":"TestObject.Traits","Label":"Traits","Category":"","Description":"","Attributes":5,"ValueType":"System.Collections.Generic.KeyValuePair`2[[System.String],[System.String]][]"},"Value":[]}]},"Attachments":[],"Outcome":1,"ErrorMessage":null,"ErrorStackTrace":null,"DisplayName":null,"Messages":[],"ComputerName":null,"Duration":"00:00:00.0001740","StartTime":"2022-12-05T04:18:48.1111964+08:00","EndTime":"2022-12-05T04:18:48.1115674+08:00","Properties":[{"Key":{"Id":"ExecutionId","Label":"ExecutionId","Category":"","Description":"","Attributes":1,"ValueType":"System.Guid"},"Value":"00000000-0000-0000-0000-000000000000"},{"Key":{"Id":"ParentExecId","Label":"ParentExecId","Category":"","Description":"","Attributes":1,"ValueType":"System.Guid"},"Value":"00000000-0000-0000-0000-000000000000"},{"Key":{"Id":"InnerResultsCount","Label":"InnerResultsCount","Category":"","Description":"","Attributes":1,"ValueType":"System.Int32"},"Value":0}]},{"TestCase":{"Id":"3b9ba426-7ec1-7f57-0402-30f726be1890","FullyQualifiedName":"ClassLibrary.Tests.TriangleTests.DrawTest","DisplayName":"DrawTest","ExecutorUri":"executor://MSTestAdapter/v2","Source":"C:\\Users\\kerueilin9\\Desktop\\Document\\window_design\\HW6\\ClassLibrary\\ClassLibraryTests\\bin\\Debug\\.netcoreapp,version=v3.1\\fine-code-coverage\\build-output\\ClassLibraryTests.dll","CodeFilePath":null,"LineNumber":-1,"Properties":[{"Key":{"Id":"TestCase.ManagedType","Label":"ManagedType","Category":"","Description":"","Attributes":1,"ValueType":"System.String"},"Value":"ClassLibrary.Tests.TriangleTests"},{"Key":{"Id":"TestCase.ManagedMethod","Label":"ManagedMethod","Category":"","Description":"","Attributes":1,"ValueType":"System.String"},"Value":"DrawTest"},{"Key":{"Id":"MSTestDiscoverer.TestClassName","Label":"ClassName","Category":"","Description":"","Attributes":1,"ValueType":"System.String"},"Value":"ClassLibrary.Tests.TriangleTests"},{"Key":{"Id":"TestObject.Traits","Label":"Traits","Category":"","Description":"","Attributes":5,"ValueType":"System.Collections.Generic.KeyValuePair`2[[System.String],[System.String]][]"},"Value":[]}]},"Attachments":[],"Outcome":1,"ErrorMessage":null,"ErrorStackTrace":null,"DisplayName":null,"Messages":[],"ComputerName":null,"Duration":"00:00:00.0004909","StartTime":"2022-12-05T04:18:48.1134168+08:00","EndTime":"2022-12-05T04:18:48.1141997+08:00","Properties":[{"Key":{"Id":"ExecutionId","Label":"ExecutionId","Category":"","Description":"","Attributes":1,"ValueType":"System.Guid"},"Value":"00000000-0000-0000-0000-000000000000"},{"Key":{"Id":"ParentExecId","Label":"ParentExecId","Category":"","Description":"","Attributes":1,"ValueType":"System.Guid"},"Value":"00000000-0000-0000-0000-000000000000"},{"Key":{"Id":"InnerResultsCount","Label":"InnerResultsCount","Category":"","Description":"","Attributes":1,"ValueType":"System.Int32"},"Value":0}]},{"TestCase":{"Id":"6d738490-45a7-f5f0-0d5b-11a36e60be6d","FullyQualifiedName":"ClassLibrary.Tests.TriangleTests.GetShapeTypeTest","DisplayName":"GetShapeTypeTest","ExecutorUri":"executor://MSTestAdapter/v2","Source":"C:\\Users\\kerueilin9\\Desktop\\Document\\window_design\\HW6\\ClassLibrary\\ClassLibraryTests\\bin\\Debug\\.netcoreapp,version=v3.1\\fine-code-coverage\\build-output\\ClassLibraryTests.dll","CodeFilePath":null,"LineNumber":-1,"Properties":[{"Key":{"Id":"TestCase.ManagedType","Label":"ManagedType","Category":"","Description":"","Attributes":1,"ValueType":"System.String"},"Value":"ClassLibrary.Tests.TriangleTests"},{"Key":{"Id":"TestCase.ManagedMethod","Label":"ManagedMethod","Category":"","Description":"","Attributes":1,"ValueType":"System.String"},"Value":"GetShapeTypeTest"},{"Key":{"Id":"MSTestDiscoverer.TestClassName","Label":"ClassName","Category":"","Description":"","Attributes":1,"ValueType":"System.String"},"Value":"ClassLibrary.Tests.TriangleTests"},{"Key":{"Id":"TestObject.Traits","Label":"Traits","Category":"","Description":"","Attributes":5,"ValueType":"System.Collections.Generic.KeyValuePair`2[[System.String],[System.String]][]"},"Value":[]}]},"Attachments":[],"Outcome":1,"ErrorMessage":null,"ErrorStackTrace":null,"DisplayName":null,"Messages":[],"ComputerName":null,"Duration":"00:00:00.0001215","StartTime":"2022-12-05T04:18:48.1160833+08:00","EndTime":"2022-12-05T04:18:48.1164103+08:00","Properties":[{"Key":{"Id":"ExecutionId","Label":"ExecutionId","Category":"","Description":"","Attributes":1,"ValueType":"System.Guid"},"Value":"00000000-0000-0000-0000-000000000000"},{"Key":{"Id":"ParentExecId","Label":"ParentExecId","Category":"","Description":"","Attributes":1,"ValueType":"System.Guid"},"Value":"00000000-0000-0000-0000-000000000000"},{"Key":{"Id":"InnerResultsCount","Label":"InnerResultsCount","Category":"","Description":"","Attributes":1,"ValueType":"System.Int32"},"Value":0}]}],"TestRunStatistics":{"ExecutedTests":15,"Stats":{"Passed":15}},"ActiveTests":[]},"RunAttachments":[],"ExecutorUris":["executor://mstestadapter/v2"]}}
TpTrace Verbose: 0 : 18248, 14, 2022/12/05, 04:18:48.137, 9726755980030, vstest.console.dll, TestRequestSender.EndSession: Sending end session.
TpTrace Verbose: 0 : 18248, 14, 2022/12/05, 04:18:48.138, 9726755980609, vstest.console.dll, ProxyOperationManager.Close: waiting for test host to exit for 100 ms
TpTrace Warning: 0 : 18248, 13, 2022/12/05, 04:18:48.147, 9726756077955, vstest.console.dll, TestHostManagerCallbacks.ErrorReceivedCallback Test host standard error line: 
TpTrace Verbose: 0 : 18248, 8, 2022/12/05, 04:18:48.150, 9726756105437, vstest.console.dll, TestHostProvider.ExitCallBack: Host exited starting callback.
TpTrace Information: 0 : 18248, 8, 2022/12/05, 04:18:48.150, 9726756108070, vstest.console.dll, TestHostManagerCallbacks.ExitCallBack: Testhost processId: 44852 exited with exitcode: 0 error: ''
TpTrace Verbose: 0 : 18248, 8, 2022/12/05, 04:18:48.150, 9726756108515, vstest.console.dll, DotnetTestHostManager.OnHostExited: invoking OnHostExited callback
TpTrace Verbose: 0 : 18248, 8, 2022/12/05, 04:18:48.150, 9726756108724, vstest.console.dll, CrossPlatEngine.TestHostManagerHostExited: calling on client process exit callback.
TpTrace Information: 0 : 18248, 8, 2022/12/05, 04:18:48.150, 9726756108983, vstest.console.dll, TestRequestSender.OnClientProcessExit: Test host process exited. Standard error: 
TpTrace Information: 0 : 18248, 8, 2022/12/05, 04:18:48.150, 9726756109122, vstest.console.dll, SocketServer.Stop: Stop server endPoint: 127.0.0.1:63954
TpTrace Information: 0 : 18248, 8, 2022/12/05, 04:18:48.150, 9726756109213, vstest.console.dll, SocketServer.Stop: Cancellation requested. Stopping message loop.
TpTrace Warning: 0 : 18248, 14, 2022/12/05, 04:18:48.150, 9726756109333, vstest.console.dll, ProxyOperationManager: Timed out waiting for test host to exit. Will terminate process.
TpTrace Verbose: 0 : 18248, 14, 2022/12/05, 04:18:48.151, 9726756114175, vstest.console.dll, ProxyDataCollectionManager.InvokeDataCollectionServiceAction: Starting.
TpTrace Information: 0 : 18248, 14, 2022/12/05, 04:18:48.151, 9726756114417, vstest.console.dll, ProxyDataCollectionManager.AfterTestRunEnd: Get attachment set for datacollector processId: 57304 port: 63951
TpTrace Verbose: 0 : 18248, 14, 2022/12/05, 04:18:48.151, 9726756114637, vstest.console.dll, DataCollectionRequestSender.SendAfterTestRunStartAndGetResult : Send AfterTestRunEnd message with isCancelled: False
TpTrace Verbose: 0 : 18248, 14, 2022/12/05, 04:18:48.153, 9726756132506, vstest.console.dll, DataCollectionRequestSender.SendAfterTestRunStartAndGetResult : Received message: (DataCollection.AfterTestRunEndResult) -> {
  "AttachmentSets": [],
  "Metrics": {}
}
TpTrace Information: 0 : 18248, 14, 2022/12/05, 04:18:48.154, 9726756147780, vstest.console.dll, ProxyDataCollectionManager.InvokeDataCollectionServiceAction: Completed.
TpTrace Verbose: 0 : 18248, 14, 2022/12/05, 04:18:48.171, 9726756312490, vstest.console.dll, TestRunRequest:SendTestRunStatsChange: Starting.
TpTrace Information: 0 : 18248, 14, 2022/12/05, 04:18:48.171, 9726756313104, vstest.console.dll, TestRunRequest:SendTestRunStatsChange: Completed.
TpTrace Verbose: 0 : 18248, 14, 2022/12/05, 04:18:48.171, 9726756313951, vstest.console.dll, ParallelProxyExecutionManager: HandlePartialRunComplete: Total completed clients = 1, Run complete = True, Run canceled: False.
TpTrace Warning: 0 : 18248, 10, 2022/12/05, 04:18:48.179, 9726756398242, vstest.console.dll, DataCollectionLauncher.ErrorReceivedCallback datacollector standard error line: 
TpTrace Information: 0 : 18248, 8, 2022/12/05, 04:18:48.182, 9726756428710, vstest.console.dll, DataCollectionLauncher.ExitCallBack: Data collector exited with exitcode: 0 error: ''
TpTrace Verbose: 0 : 18248, 14, 2022/12/05, 04:18:48.183, 9726756438439, vstest.console.dll, TestRunRequest:TestRunComplete: Starting. IsAborted:False IsCanceled:False.
TpTrace Verbose: 0 : 18248, 14, 2022/12/05, 04:18:48.183, 9726756439707, vstest.console.dll, TestLoggerManager.HandleTestRunComplete: Ignoring as the object is disposed.
TpTrace Information: 0 : 18248, 14, 2022/12/05, 04:18:48.184, 9726756441232, vstest.console.dll, TestRunRequest:TestRunComplete: Completed.
TpTrace Verbose: 0 : 18248, 14, 2022/12/05, 04:18:48.184, 9726756441505, vstest.console.dll, TestRequestSender.SetOperationComplete: Setting operation complete.
TpTrace Verbose: 0 : 18248, 1, 2022/12/05, 04:18:48.184, 9726756441486, vstest.console.dll, TestRunRequest.Dispose: Starting.
TpTrace Information: 0 : 18248, 14, 2022/12/05, 04:18:48.184, 9726756441648, vstest.console.dll, SocketServer.Stop: Stop server endPoint: 127.0.0.1:63954
TpTrace Information: 0 : 18248, 1, 2022/12/05, 04:18:48.184, 9726756442081, vstest.console.dll, TestRunRequest.Dispose: Completed.
TpTrace Information: 0 : 18248, 14, 2022/12/05, 04:18:48.184, 9726756442241, vstest.console.dll, SocketServer.Stop: Cancellation requested. Stopping message loop.
TpTrace Information: 0 : 18248, 1, 2022/12/05, 04:18:48.184, 9726756442502, vstest.console.dll, TestRequestManager.RunTests: run tests completed.
TpTrace Information: 0 : 18248, 14, 2022/12/05, 04:18:48.184, 9726756442515, vstest.console.dll, SocketServer.PrivateStop: Stop server endPoint: 127.0.0.1:63954 error: 
TpTrace Information: 0 : 18248, 1, 2022/12/05, 04:18:48.184, 9726756442959, vstest.console.dll, RunTestsArgumentProcessor:Execute: Test run is completed.
TpTrace Verbose: 0 : 18248, 1, 2022/12/05, 04:18:48.184, 9726756443875, vstest.console.dll, Executor.Execute: Exiting with exit code of 0
TpTrace Verbose: 0 : 18248, 14, 2022/12/05, 04:18:48.184, 9726756444736, vstest.console.dll, LengthPrefixCommunicationChannel.Dispose: Dispose reader and writer.
TpTrace Information: 0 : 18248, 14, 2022/12/05, 04:18:48.184, 9726756445117, vstest.console.dll, SocketServer.Stop: Raise disconnected event endPoint: 127.0.0.1:63954 error: 
TpTrace Verbose: 0 : 18248, 14, 2022/12/05, 04:18:48.184, 9726756445405, vstest.console.dll, TestRequestSender: OnTestRunAbort: Operation is already complete. Skip error message.
TpTrace Verbose: 0 : 18248, 14, 2022/12/05, 04:18:48.184, 9726756445513, vstest.console.dll, TcpClientExtensions.MessageLoopAsync: exiting MessageLoopAsync remoteEndPoint: 127.0.0.1:63955 localEndPoint: 127.0.0.1:63954
