<?xml version="1.0" encoding="utf-8"?>
<CoverageSession xmlns:xsd="http://www.w3.org/2001/XMLSchema" xmlns:xsi="http://www.w3.org/2001/XMLSchema-instance" Version="4.7.922.0">
  <Summary numSequencePoints="174" visitedSequencePoints="17" numBranchPoints="41" visitedBranchPoints="4" sequenceCoverage="9.77" branchCoverage="9.76" maxCyclomaticComplexity="5" minCyclomaticComplexity="1" maxCrapScore="30" minCrapScore="1.00" visitedClasses="2" numClasses="2" visitedMethods="4" numMethods="27" />
  <Modules>
    <Module hash="9B-66-18-90-D5-07-69-47-D1-D7-66-F9-F4-20-6D-D8-9A-30-C7-08">
      <Summary numSequencePoints="174" visitedSequencePoints="17" numBranchPoints="41" visitedBranchPoints="4" sequenceCoverage="9.77" branchCoverage="9.76" maxCyclomaticComplexity="5" minCyclomaticComplexity="1" maxCrapScore="30" minCrapScore="1.00" visitedClasses="2" numClasses="2" visitedMethods="4" numMethods="27" />
      <ModulePath>C:\Users\USER\Desktop\Document\Window_design\HW7\DrawingForm\DrawingFormUITest\bin\Debug\fine-code-coverage\build-output\DrawingFormUITest.dll</ModulePath>
      <ModuleTime>2022-12-21T03:59:36.974064Z</ModuleTime>
      <ModuleName>DrawingFormUITest</ModuleName>
      <Files>
        <File uid="1" fullPath="C:\Users\USER\Desktop\Document\Window_design\HW7\DrawingForm\DrawingFormUITest\Robot.cs" />
        <File uid="2" fullPath="C:\Users\USER\Desktop\Document\Window_design\HW7\DrawingForm\DrawingFormUITest\UnitTest1.cs" />
      </Files>
      <Classes>
        <Class>
          <Summary numSequencePoints="141" visitedSequencePoints="10" numBranchPoints="36" visitedBranchPoints="2" sequenceCoverage="7.09" branchCoverage="5.56" maxCyclomaticComplexity="5" minCyclomaticComplexity="1" maxCrapScore="30" minCrapScore="1.02" visitedClasses="1" numClasses="1" visitedMethods="2" numMethods="22" />
          <FullName>DrawingFormUITest.Robot</FullName>
          <Methods>
            <Method visited="true" cyclomaticComplexity="1" nPathComplexity="0" sequenceCoverage="75" branchCoverage="100" crapScore="1.02" isConstructor="true" isStatic="false" isGetter="false" isSetter="false">
              <Summary numSequencePoints="4" visitedSequencePoints="3" numBranchPoints="1" visitedBranchPoints="1" sequenceCoverage="75" branchCoverage="100" maxCyclomaticComplexity="1" minCyclomaticComplexity="1" maxCrapScore="1.02" minCrapScore="1.02" visitedClasses="0" numClasses="0" visitedMethods="1" numMethods="1" />
              <MetadataToken>100663297</MetadataToken>
              <Name>System.Void DrawingFormUITest.Robot::.ctor(System.String,System.String)</Name>
              <FileRef uid="1" />
              <SequencePoints>
                <SequencePoint vc="3" uspid="1" ordinal="0" offset="0" sl="25" sc="9" el="25" ec="56" bec="0" bev="0" fileid="1" />
                <SequencePoint vc="3" uspid="2" ordinal="1" offset="7" sl="26" sc="9" el="26" ec="10" bec="0" bev="0" fileid="1" />
                <SequencePoint vc="3" uspid="3" ordinal="2" offset="8" sl="27" sc="13" el="27" ec="50" bec="0" bev="0" fileid="1" />
                <SequencePoint vc="0" uspid="4" ordinal="3" offset="17" sl="28" sc="9" el="28" ec="10" bec="0" bev="0" fileid="1" />
              </SequencePoints>
              <BranchPoints />
              <MethodPoint xsi:type="SequencePoint" vc="3" uspid="1" ordinal="0" offset="0" sl="25" sc="9" el="25" ec="56" bec="0" bev="0" fileid="1" />
            </Method>
            <Method visited="true" cyclomaticComplexity="1" nPathComplexity="0" sequenceCoverage="70" branchCoverage="100" crapScore="1.03" isConstructor="false" isStatic="false" isGetter="false" isSetter="false">
              <Summary numSequencePoints="10" visitedSequencePoints="7" numBranchPoints="1" visitedBranchPoints="1" sequenceCoverage="70" branchCoverage="100" maxCyclomaticComplexity="1" minCyclomaticComplexity="1" maxCrapScore="1.03" minCrapScore="1.03" visitedClasses="0" numClasses="0" visitedMethods="1" numMethods="1" />
              <MetadataToken>100663298</MetadataToken>
              <Name>System.Void DrawingFormUITest.Robot::Initialize(System.String,System.String)</Name>
              <FileRef uid="1" />
              <SequencePoints>
                <SequencePoint vc="3" uspid="5" ordinal="0" offset="0" sl="32" sc="9" el="32" ec="10" bec="0" bev="0" fileid="1" />
                <SequencePoint vc="3" uspid="6" ordinal="1" offset="1" sl="33" sc="13" el="33" ec="26" bec="0" bev="0" fileid="1" />
                <SequencePoint vc="3" uspid="7" ordinal="2" offset="8" sl="34" sc="13" el="34" ec="47" bec="0" bev="0" fileid="1" />
                <SequencePoint vc="3" uspid="8" ordinal="3" offset="14" sl="35" sc="13" el="35" ec="67" bec="0" bev="0" fileid="1" />
                <SequencePoint vc="3" uspid="9" ordinal="4" offset="27" sl="36" sc="13" el="36" ec="72" bec="0" bev="0" fileid="1" />
                <SequencePoint vc="3" uspid="10" ordinal="5" offset="44" sl="37" sc="13" el="37" ec="107" bec="0" bev="0" fileid="1" />
                <SequencePoint vc="3" uspid="11" ordinal="6" offset="67" sl="38" sc="13" el="38" ec="95" bec="0" bev="0" fileid="1" />
                <SequencePoint vc="0" uspid="12" ordinal="7" offset="89" sl="39" sc="13" el="39" ec="80" bec="0" bev="0" fileid="1" />
                <SequencePoint vc="0" uspid="13" ordinal="8" offset="125" sl="40" sc="13" el="43" ec="15" bec="0" bev="0" fileid="1" />
                <SequencePoint vc="0" uspid="14" ordinal="9" offset="160" sl="44" sc="9" el="44" ec="10" bec="0" bev="0" fileid="1" />
              </SequencePoints>
              <BranchPoints />
              <MethodPoint xsi:type="SequencePoint" vc="3" uspid="5" ordinal="0" offset="0" sl="32" sc="9" el="32" ec="10" bec="0" bev="0" fileid="1" />
            </Method>
            <Method visited="false" cyclomaticComplexity="1" nPathComplexity="0" sequenceCoverage="0" branchCoverage="0" crapScore="2" isConstructor="false" isStatic="false" isGetter="false" isSetter="false">
              <Summary numSequencePoints="5" visitedSequencePoints="0" numBranchPoints="1" visitedBranchPoints="0" sequenceCoverage="0" branchCoverage="0" maxCyclomaticComplexity="1" minCyclomaticComplexity="1" maxCrapScore="2" minCrapScore="2" visitedClasses="0" numClasses="0" visitedMethods="0" numMethods="1" />
              <MetadataToken>100663299</MetadataToken>
              <Name>System.Void DrawingFormUITest.Robot::CleanUp()</Name>
              <FileRef uid="1" />
              <SequencePoints>
                <SequencePoint vc="0" uspid="15" ordinal="0" offset="0" sl="48" sc="9" el="48" ec="10" bec="0" bev="0" fileid="1" />
                <SequencePoint vc="0" uspid="16" ordinal="1" offset="1" sl="49" sc="13" el="49" ec="29" bec="0" bev="0" fileid="1" />
                <SequencePoint vc="0" uspid="17" ordinal="2" offset="14" sl="50" sc="13" el="50" ec="32" bec="0" bev="0" fileid="1" />
                <SequencePoint vc="0" uspid="18" ordinal="3" offset="26" sl="51" sc="13" el="51" ec="31" bec="0" bev="0" fileid="1" />
                <SequencePoint vc="0" uspid="19" ordinal="4" offset="38" sl="52" sc="9" el="52" ec="10" bec="0" bev="0" fileid="1" />
              </SequencePoints>
              <BranchPoints />
              <MethodPoint xsi:type="SequencePoint" vc="0" uspid="15" ordinal="0" offset="0" sl="48" sc="9" el="48" ec="10" bec="0" bev="0" fileid="1" />
            </Method>
            <Method visited="false" cyclomaticComplexity="4" nPathComplexity="2" sequenceCoverage="0" branchCoverage="0" crapScore="20" isConstructor="false" isStatic="false" isGetter="false" isSetter="false">
              <Summary numSequencePoints="22" visitedSequencePoints="0" numBranchPoints="3" visitedBranchPoints="0" sequenceCoverage="0" branchCoverage="0" maxCyclomaticComplexity="4" minCyclomaticComplexity="4" maxCrapScore="20" minCrapScore="20" visitedClasses="0" numClasses="0" visitedMethods="0" numMethods="1" />
              <MetadataToken>100663300</MetadataToken>
              <Name>System.Void DrawingFormUITest.Robot::SwitchTo(System.String)</Name>
              <FileRef uid="1" />
              <SequencePoints>
                <SequencePoint vc="0" uspid="20" ordinal="0" offset="0" sl="56" sc="9" el="56" ec="10" bec="0" bev="0" fileid="1" />
                <SequencePoint vc="0" uspid="21" ordinal="1" offset="1" sl="57" sc="13" el="57" ec="54" bec="2" bev="0" fileid="1" />
                <SequencePoint vc="0" uspid="22" ordinal="2" offset="17" sl="58" sc="13" el="58" ec="14" bec="0" bev="0" fileid="1" />
                <SequencePoint vc="0" uspid="23" ordinal="3" offset="18" sl="59" sc="17" el="59" ec="69" bec="0" bev="0" fileid="1" />
                <SequencePoint vc="0" uspid="24" ordinal="4" offset="47" sl="60" sc="13" el="60" ec="14" bec="0" bev="0" fileid="1" />
                <SequencePoint vc="0" uspid="25" ordinal="5" offset="50" sl="62" sc="13" el="62" ec="14" bec="0" bev="0" fileid="1" />
                <SequencePoint vc="0" uspid="26" ordinal="6" offset="51" sl="63" sc="17" el="63" ec="24" bec="0" bev="0" fileid="1" />
                <SequencePoint vc="0" uspid="27" ordinal="7" offset="52" sl="63" sc="46" el="63" ec="67" bec="0" bev="0" fileid="1" />
                <SequencePoint vc="0" uspid="28" ordinal="8" offset="71" sl="63" sc="26" el="63" ec="42" bec="0" bev="0" fileid="1" />
                <SequencePoint vc="0" uspid="29" ordinal="9" offset="78" sl="64" sc="17" el="64" ec="18" bec="0" bev="0" fileid="1" />
                <SequencePoint vc="0" uspid="30" ordinal="10" offset="79" sl="65" sc="21" el="65" ec="61" bec="0" bev="0" fileid="1" />
                <SequencePoint vc="0" uspid="31" ordinal="11" offset="97" sl="67" sc="21" el="67" ec="22" bec="0" bev="0" fileid="1" />
                <SequencePoint vc="0" uspid="32" ordinal="12" offset="98" sl="68" sc="25" el="68" ec="72" bec="0" bev="0" fileid="1" />
                <SequencePoint vc="0" uspid="33" ordinal="13" offset="111" sl="69" sc="25" el="69" ec="68" bec="0" bev="0" fileid="1" />
                <SequencePoint vc="0" uspid="34" ordinal="14" offset="125" sl="70" sc="25" el="70" ec="32" bec="0" bev="0" fileid="1" />
                <SequencePoint vc="0" uspid="35" ordinal="15" offset="127" sl="72" sc="21" el="72" ec="26" bec="0" bev="0" fileid="1" />
                <SequencePoint vc="0" uspid="36" ordinal="16" offset="128" sl="73" sc="21" el="73" ec="22" bec="0" bev="0" fileid="1" />
                <SequencePoint vc="0" uspid="37" ordinal="17" offset="129" sl="75" sc="21" el="75" ec="22" bec="0" bev="0" fileid="1" />
                <SequencePoint vc="0" uspid="38" ordinal="18" offset="132" sl="76" sc="17" el="76" ec="18" bec="0" bev="0" fileid="1" />
                <SequencePoint vc="0" uspid="39" ordinal="19" offset="133" sl="63" sc="43" el="63" ec="45" bec="0" bev="0" fileid="1" />
                <SequencePoint vc="0" uspid="40" ordinal="20" offset="154" sl="77" sc="13" el="77" ec="14" bec="0" bev="0" fileid="1" />
                <SequencePoint vc="0" uspid="41" ordinal="21" offset="155" sl="78" sc="9" el="78" ec="10" bec="0" bev="0" fileid="1" />
              </SequencePoints>
              <BranchPoints>
                <BranchPoint vc="0" uspid="42" ordinal="0" offset="15" sl="57" path="0" offsetend="17" fileid="1" />
                <BranchPoint vc="0" uspid="43" ordinal="1" offset="15" sl="57" path="1" offsetend="50" fileid="1" />
              </BranchPoints>
              <MethodPoint xsi:type="SequencePoint" vc="0" uspid="20" ordinal="0" offset="0" sl="56" sc="9" el="56" ec="10" bec="0" bev="0" fileid="1" />
            </Method>
            <Method visited="false" cyclomaticComplexity="1" nPathComplexity="0" sequenceCoverage="0" branchCoverage="0" crapScore="2" isConstructor="false" isStatic="false" isGetter="false" isSetter="false">
              <Summary numSequencePoints="3" visitedSequencePoints="0" numBranchPoints="1" visitedBranchPoints="0" sequenceCoverage="0" branchCoverage="0" maxCyclomaticComplexity="1" minCyclomaticComplexity="1" maxCrapScore="2" minCrapScore="2" visitedClasses="0" numClasses="0" visitedMethods="0" numMethods="1" />
              <MetadataToken>100663301</MetadataToken>
              <Name>System.Void DrawingFormUITest.Robot::ClickElementById(System.String)</Name>
              <FileRef uid="1" />
              <SequencePoints>
                <SequencePoint vc="0" uspid="46" ordinal="0" offset="0" sl="82" sc="9" el="82" ec="10" bec="0" bev="0" fileid="1" />
                <SequencePoint vc="0" uspid="47" ordinal="1" offset="1" sl="83" sc="13" el="83" ec="64" bec="0" bev="0" fileid="1" />
                <SequencePoint vc="0" uspid="48" ordinal="2" offset="19" sl="84" sc="9" el="84" ec="10" bec="0" bev="0" fileid="1" />
              </SequencePoints>
              <BranchPoints />
              <MethodPoint xsi:type="SequencePoint" vc="0" uspid="46" ordinal="0" offset="0" sl="82" sc="9" el="82" ec="10" bec="0" bev="0" fileid="1" />
            </Method>
            <Method visited="false" cyclomaticComplexity="1" nPathComplexity="0" sequenceCoverage="0" branchCoverage="0" crapScore="2" isConstructor="false" isStatic="false" isGetter="false" isSetter="false">
              <Summary numSequencePoints="3" visitedSequencePoints="0" numBranchPoints="1" visitedBranchPoints="0" sequenceCoverage="0" branchCoverage="0" maxCyclomaticComplexity="1" minCyclomaticComplexity="1" maxCrapScore="2" minCrapScore="2" visitedClasses="0" numClasses="0" visitedMethods="0" numMethods="1" />
              <MetadataToken>100663302</MetadataToken>
              <Name>System.Void DrawingFormUITest.Robot::Sleep(System.Double)</Name>
              <FileRef uid="1" />
              <SequencePoints>
                <SequencePoint vc="0" uspid="49" ordinal="0" offset="0" sl="88" sc="9" el="88" ec="10" bec="0" bev="0" fileid="1" />
                <SequencePoint vc="0" uspid="50" ordinal="1" offset="1" sl="89" sc="13" el="89" ec="54" bec="0" bev="0" fileid="1" />
                <SequencePoint vc="0" uspid="51" ordinal="2" offset="13" sl="90" sc="9" el="90" ec="10" bec="0" bev="0" fileid="1" />
              </SequencePoints>
              <BranchPoints />
              <MethodPoint xsi:type="SequencePoint" vc="0" uspid="49" ordinal="0" offset="0" sl="88" sc="9" el="88" ec="10" bec="0" bev="0" fileid="1" />
            </Method>
            <Method visited="false" cyclomaticComplexity="1" nPathComplexity="0" sequenceCoverage="0" branchCoverage="0" crapScore="2" isConstructor="false" isStatic="false" isGetter="false" isSetter="false">
              <Summary numSequencePoints="3" visitedSequencePoints="0" numBranchPoints="1" visitedBranchPoints="0" sequenceCoverage="0" branchCoverage="0" maxCyclomaticComplexity="1" minCyclomaticComplexity="1" maxCrapScore="2" minCrapScore="2" visitedClasses="0" numClasses="0" visitedMethods="0" numMethods="1" />
              <MetadataToken>100663303</MetadataToken>
              <Name>System.Void DrawingFormUITest.Robot::ClickButton(System.String)</Name>
              <FileRef uid="1" />
              <SequencePoints>
                <SequencePoint vc="0" uspid="52" ordinal="0" offset="0" sl="94" sc="9" el="94" ec="10" bec="0" bev="0" fileid="1" />
                <SequencePoint vc="0" uspid="53" ordinal="1" offset="1" sl="95" sc="13" el="95" ec="53" bec="0" bev="0" fileid="1" />
                <SequencePoint vc="0" uspid="54" ordinal="2" offset="19" sl="96" sc="9" el="96" ec="10" bec="0" bev="0" fileid="1" />
              </SequencePoints>
              <BranchPoints />
              <MethodPoint xsi:type="SequencePoint" vc="0" uspid="52" ordinal="0" offset="0" sl="94" sc="9" el="94" ec="10" bec="0" bev="0" fileid="1" />
            </Method>
            <Method visited="false" cyclomaticComplexity="4" nPathComplexity="2" sequenceCoverage="0" branchCoverage="0" crapScore="20" isConstructor="false" isStatic="false" isGetter="false" isSetter="false">
              <Summary numSequencePoints="11" visitedSequencePoints="0" numBranchPoints="3" visitedBranchPoints="0" sequenceCoverage="0" branchCoverage="0" maxCyclomaticComplexity="4" minCyclomaticComplexity="4" maxCrapScore="20" minCrapScore="20" visitedClasses="0" numClasses="0" visitedMethods="0" numMethods="1" />
              <MetadataToken>100663304</MetadataToken>
              <Name>System.Void DrawingFormUITest.Robot::ClickTabControl(System.String)</Name>
              <FileRef uid="1" />
              <SequencePoints>
                <SequencePoint vc="0" uspid="55" ordinal="0" offset="0" sl="100" sc="9" el="100" ec="10" bec="0" bev="0" fileid="1" />
                <SequencePoint vc="0" uspid="56" ordinal="1" offset="1" sl="101" sc="13" el="101" ec="61" bec="0" bev="0" fileid="1" />
                <SequencePoint vc="0" uspid="57" ordinal="2" offset="14" sl="102" sc="13" el="102" ec="20" bec="0" bev="0" fileid="1" />
                <SequencePoint vc="0" uspid="58" ordinal="3" offset="15" sl="102" sc="37" el="102" ec="45" bec="0" bev="0" fileid="1" />
                <SequencePoint vc="0" uspid="59" ordinal="4" offset="24" sl="102" sc="22" el="102" ec="33" bec="0" bev="0" fileid="1" />
                <SequencePoint vc="0" uspid="60" ordinal="5" offset="31" sl="103" sc="13" el="103" ec="14" bec="0" bev="0" fileid="1" />
                <SequencePoint vc="0" uspid="61" ordinal="6" offset="32" sl="104" sc="17" el="104" ec="62" bec="2" bev="0" fileid="1" />
                <SequencePoint vc="0" uspid="62" ordinal="7" offset="52" sl="105" sc="21" el="105" ec="37" bec="0" bev="0" fileid="1" />
                <SequencePoint vc="0" uspid="63" ordinal="8" offset="59" sl="106" sc="13" el="106" ec="14" bec="0" bev="0" fileid="1" />
                <SequencePoint vc="0" uspid="64" ordinal="9" offset="60" sl="102" sc="34" el="102" ec="36" bec="0" bev="0" fileid="1" />
                <SequencePoint vc="0" uspid="65" ordinal="10" offset="81" sl="107" sc="9" el="107" ec="10" bec="0" bev="0" fileid="1" />
              </SequencePoints>
              <BranchPoints>
                <BranchPoint vc="0" uspid="66" ordinal="0" offset="50" sl="104" path="0" offsetend="52" fileid="1" />
                <BranchPoint vc="0" uspid="67" ordinal="1" offset="50" sl="104" path="1" offsetend="59" fileid="1" />
              </BranchPoints>
              <MethodPoint xsi:type="SequencePoint" vc="0" uspid="55" ordinal="0" offset="0" sl="100" sc="9" el="100" ec="10" bec="0" bev="0" fileid="1" />
            </Method>
            <Method visited="false" cyclomaticComplexity="1" nPathComplexity="0" sequenceCoverage="0" branchCoverage="0" crapScore="2" isConstructor="false" isStatic="false" isGetter="false" isSetter="false">
              <Summary numSequencePoints="3" visitedSequencePoints="0" numBranchPoints="1" visitedBranchPoints="0" sequenceCoverage="0" branchCoverage="0" maxCyclomaticComplexity="1" minCyclomaticComplexity="1" maxCrapScore="2" minCrapScore="2" visitedClasses="0" numClasses="0" visitedMethods="0" numMethods="1" />
              <MetadataToken>100663305</MetadataToken>
              <Name>System.Void DrawingFormUITest.Robot::CloseWindow()</Name>
              <FileRef uid="1" />
              <SequencePoints>
                <SequencePoint vc="0" uspid="70" ordinal="0" offset="0" sl="111" sc="9" el="111" ec="10" bec="0" bev="0" fileid="1" />
                <SequencePoint vc="0" uspid="71" ordinal="1" offset="1" sl="112" sc="13" el="112" ec="40" bec="0" bev="0" fileid="1" />
                <SequencePoint vc="0" uspid="72" ordinal="2" offset="12" sl="113" sc="9" el="113" ec="10" bec="0" bev="0" fileid="1" />
              </SequencePoints>
              <BranchPoints />
              <MethodPoint xsi:type="SequencePoint" vc="0" uspid="70" ordinal="0" offset="0" sl="111" sc="9" el="111" ec="10" bec="0" bev="0" fileid="1" />
            </Method>
            <Method visited="false" cyclomaticComplexity="1" nPathComplexity="0" sequenceCoverage="0" branchCoverage="0" crapScore="2" isConstructor="false" isStatic="false" isGetter="false" isSetter="false">
              <Summary numSequencePoints="3" visitedSequencePoints="0" numBranchPoints="1" visitedBranchPoints="0" sequenceCoverage="0" branchCoverage="0" maxCyclomaticComplexity="1" minCyclomaticComplexity="1" maxCrapScore="2" minCrapScore="2" visitedClasses="0" numClasses="0" visitedMethods="0" numMethods="1" />
              <MetadataToken>100663306</MetadataToken>
              <Name>System.Void DrawingFormUITest.Robot::SendKey(System.String)</Name>
              <FileRef uid="1" />
              <SequencePoints>
                <SequencePoint vc="0" uspid="73" ordinal="0" offset="0" sl="117" sc="9" el="117" ec="10" bec="0" bev="0" fileid="1" />
                <SequencePoint vc="0" uspid="74" ordinal="1" offset="1" sl="118" sc="13" el="118" ec="37" bec="0" bev="0" fileid="1" />
                <SequencePoint vc="0" uspid="75" ordinal="2" offset="8" sl="119" sc="9" el="119" ec="10" bec="0" bev="0" fileid="1" />
              </SequencePoints>
              <BranchPoints />
              <MethodPoint xsi:type="SequencePoint" vc="0" uspid="73" ordinal="0" offset="0" sl="117" sc="9" el="117" ec="10" bec="0" bev="0" fileid="1" />
            </Method>
            <Method visited="false" cyclomaticComplexity="1" nPathComplexity="0" sequenceCoverage="0" branchCoverage="0" crapScore="2" isConstructor="false" isStatic="false" isGetter="false" isSetter="false">
              <Summary numSequencePoints="5" visitedSequencePoints="0" numBranchPoints="1" visitedBranchPoints="0" sequenceCoverage="0" branchCoverage="0" maxCyclomaticComplexity="1" minCyclomaticComplexity="1" maxCrapScore="2" minCrapScore="2" visitedClasses="0" numClasses="0" visitedMethods="0" numMethods="1" />
              <MetadataToken>100663307</MetadataToken>
              <Name>System.Void DrawingFormUITest.Robot::SendKeyToTextBox(System.String,System.String)</Name>
              <FileRef uid="1" />
              <SequencePoints>
                <SequencePoint vc="0" uspid="76" ordinal="0" offset="0" sl="123" sc="9" el="123" ec="10" bec="0" bev="0" fileid="1" />
                <SequencePoint vc="0" uspid="77" ordinal="1" offset="1" sl="124" sc="13" el="124" ec="36" bec="0" bev="0" fileid="1" />
                <SequencePoint vc="0" uspid="78" ordinal="2" offset="9" sl="125" sc="13" el="125" ec="22" bec="0" bev="0" fileid="1" />
                <SequencePoint vc="0" uspid="79" ordinal="3" offset="25" sl="126" sc="13" el="126" ec="37" bec="0" bev="0" fileid="1" />
                <SequencePoint vc="0" uspid="80" ordinal="4" offset="32" sl="127" sc="9" el="127" ec="10" bec="0" bev="0" fileid="1" />
              </SequencePoints>
              <BranchPoints />
              <MethodPoint xsi:type="SequencePoint" vc="0" uspid="76" ordinal="0" offset="0" sl="123" sc="9" el="123" ec="10" bec="0" bev="0" fileid="1" />
            </Method>
            <Method visited="false" cyclomaticComplexity="1" nPathComplexity="0" sequenceCoverage="0" branchCoverage="0" crapScore="2" isConstructor="false" isStatic="false" isGetter="false" isSetter="false">
              <Summary numSequencePoints="7" visitedSequencePoints="0" numBranchPoints="1" visitedBranchPoints="0" sequenceCoverage="0" branchCoverage="0" maxCyclomaticComplexity="1" minCyclomaticComplexity="1" maxCrapScore="2" minCrapScore="2" visitedClasses="0" numClasses="0" visitedMethods="0" numMethods="1" />
              <MetadataToken>100663308</MetadataToken>
              <Name>System.Void DrawingFormUITest.Robot::DragAndDrop(System.String,System.Double,System.Double,System.Double,System.Double)</Name>
              <FileRef uid="1" />
              <SequencePoints>
                <SequencePoint vc="0" uspid="81" ordinal="0" offset="0" sl="132" sc="9" el="132" ec="10" bec="0" bev="0" fileid="1" />
                <SequencePoint vc="0" uspid="82" ordinal="1" offset="1" sl="133" sc="13" el="133" ec="69" bec="0" bev="0" fileid="1" />
                <SequencePoint vc="0" uspid="83" ordinal="2" offset="14" sl="134" sc="13" el="134" ec="109" bec="0" bev="0" fileid="1" />
                <SequencePoint vc="0" uspid="84" ordinal="3" offset="61" sl="135" sc="13" el="135" ec="43" bec="0" bev="0" fileid="1" />
                <SequencePoint vc="0" uspid="85" ordinal="4" offset="79" sl="136" sc="13" el="136" ec="109" bec="0" bev="0" fileid="1" />
                <SequencePoint vc="0" uspid="86" ordinal="5" offset="128" sl="137" sc="13" el="137" ec="41" bec="0" bev="0" fileid="1" />
                <SequencePoint vc="0" uspid="87" ordinal="6" offset="146" sl="138" sc="9" el="138" ec="10" bec="0" bev="0" fileid="1" />
              </SequencePoints>
              <BranchPoints />
              <MethodPoint xsi:type="SequencePoint" vc="0" uspid="81" ordinal="0" offset="0" sl="132" sc="9" el="132" ec="10" bec="0" bev="0" fileid="1" />
            </Method>
            <Method visited="false" cyclomaticComplexity="1" nPathComplexity="0" sequenceCoverage="0" branchCoverage="0" crapScore="2" isConstructor="false" isStatic="false" isGetter="false" isSetter="false">
              <Summary numSequencePoints="6" visitedSequencePoints="0" numBranchPoints="1" visitedBranchPoints="0" sequenceCoverage="0" branchCoverage="0" maxCyclomaticComplexity="1" minCyclomaticComplexity="1" maxCrapScore="2" minCrapScore="2" visitedClasses="0" numClasses="0" visitedMethods="0" numMethods="1" />
              <MetadataToken>100663309</MetadataToken>
              <Name>System.Void DrawingFormUITest.Robot::ClickOnCanvas(System.String,System.Double,System.Double)</Name>
              <FileRef uid="1" />
              <SequencePoints>
                <SequencePoint vc="0" uspid="88" ordinal="0" offset="0" sl="143" sc="9" el="143" ec="10" bec="0" bev="0" fileid="1" />
                <SequencePoint vc="0" uspid="89" ordinal="1" offset="1" sl="144" sc="13" el="144" ec="69" bec="0" bev="0" fileid="1" />
                <SequencePoint vc="0" uspid="90" ordinal="2" offset="14" sl="145" sc="13" el="145" ec="107" bec="0" bev="0" fileid="1" />
                <SequencePoint vc="0" uspid="91" ordinal="3" offset="61" sl="146" sc="13" el="146" ec="43" bec="0" bev="0" fileid="1" />
                <SequencePoint vc="0" uspid="92" ordinal="4" offset="79" sl="147" sc="13" el="147" ec="41" bec="0" bev="0" fileid="1" />
                <SequencePoint vc="0" uspid="93" ordinal="5" offset="97" sl="148" sc="9" el="148" ec="10" bec="0" bev="0" fileid="1" />
              </SequencePoints>
              <BranchPoints />
              <MethodPoint xsi:type="SequencePoint" vc="0" uspid="88" ordinal="0" offset="0" sl="143" sc="9" el="143" ec="10" bec="0" bev="0" fileid="1" />
            </Method>
            <Method visited="false" cyclomaticComplexity="1" nPathComplexity="0" sequenceCoverage="0" branchCoverage="0" crapScore="2" isConstructor="false" isStatic="false" isGetter="false" isSetter="false">
              <Summary numSequencePoints="3" visitedSequencePoints="0" numBranchPoints="1" visitedBranchPoints="0" sequenceCoverage="0" branchCoverage="0" maxCyclomaticComplexity="1" minCyclomaticComplexity="1" maxCrapScore="2" minCrapScore="2" visitedClasses="0" numClasses="0" visitedMethods="0" numMethods="1" />
              <MetadataToken>100663310</MetadataToken>
              <Name>System.Void DrawingFormUITest.Robot::CloseMessageBox()</Name>
              <FileRef uid="1" />
              <SequencePoints>
                <SequencePoint vc="0" uspid="94" ordinal="0" offset="0" sl="152" sc="9" el="152" ec="10" bec="0" bev="0" fileid="1" />
                <SequencePoint vc="0" uspid="95" ordinal="1" offset="1" sl="153" sc="13" el="153" ec="53" bec="0" bev="0" fileid="1" />
                <SequencePoint vc="0" uspid="96" ordinal="2" offset="23" sl="154" sc="9" el="154" ec="10" bec="0" bev="0" fileid="1" />
              </SequencePoints>
              <BranchPoints />
              <MethodPoint xsi:type="SequencePoint" vc="0" uspid="94" ordinal="0" offset="0" sl="152" sc="9" el="152" ec="10" bec="0" bev="0" fileid="1" />
            </Method>
            <Method visited="false" cyclomaticComplexity="1" nPathComplexity="0" sequenceCoverage="0" branchCoverage="0" crapScore="2" isConstructor="false" isStatic="false" isGetter="false" isSetter="false">
              <Summary numSequencePoints="4" visitedSequencePoints="0" numBranchPoints="1" visitedBranchPoints="0" sequenceCoverage="0" branchCoverage="0" maxCyclomaticComplexity="1" minCyclomaticComplexity="1" maxCrapScore="2" minCrapScore="2" visitedClasses="0" numClasses="0" visitedMethods="0" numMethods="1" />
              <MetadataToken>100663311</MetadataToken>
              <Name>System.Void DrawingFormUITest.Robot::ClickDataGridViewCellBy(System.String,System.Int32,System.String)</Name>
              <FileRef uid="1" />
              <SequencePoints>
                <SequencePoint vc="0" uspid="97" ordinal="0" offset="0" sl="158" sc="9" el="158" ec="10" bec="0" bev="0" fileid="1" />
                <SequencePoint vc="0" uspid="98" ordinal="1" offset="1" sl="159" sc="13" el="159" ec="75" bec="0" bev="0" fileid="1" />
                <SequencePoint vc="0" uspid="99" ordinal="2" offset="14" sl="160" sc="13" el="160" ec="79" bec="0" bev="0" fileid="1" />
                <SequencePoint vc="0" uspid="100" ordinal="3" offset="48" sl="161" sc="9" el="161" ec="10" bec="0" bev="0" fileid="1" />
              </SequencePoints>
              <BranchPoints />
              <MethodPoint xsi:type="SequencePoint" vc="0" uspid="97" ordinal="0" offset="0" sl="158" sc="9" el="158" ec="10" bec="0" bev="0" fileid="1" />
            </Method>
            <Method visited="false" cyclomaticComplexity="1" nPathComplexity="0" sequenceCoverage="0" branchCoverage="0" crapScore="2" isConstructor="false" isStatic="false" isGetter="false" isSetter="false">
              <Summary numSequencePoints="4" visitedSequencePoints="0" numBranchPoints="1" visitedBranchPoints="0" sequenceCoverage="0" branchCoverage="0" maxCyclomaticComplexity="1" minCyclomaticComplexity="1" maxCrapScore="2" minCrapScore="2" visitedClasses="0" numClasses="0" visitedMethods="0" numMethods="1" />
              <MetadataToken>100663312</MetadataToken>
              <Name>System.Void DrawingFormUITest.Robot::AssertEnable(System.String,System.Boolean)</Name>
              <FileRef uid="1" />
              <SequencePoints>
                <SequencePoint vc="0" uspid="101" ordinal="0" offset="0" sl="165" sc="9" el="165" ec="10" bec="0" bev="0" fileid="1" />
                <SequencePoint vc="0" uspid="102" ordinal="1" offset="1" sl="166" sc="13" el="166" ec="70" bec="0" bev="0" fileid="1" />
                <SequencePoint vc="0" uspid="103" ordinal="2" offset="14" sl="167" sc="13" el="167" ec="53" bec="0" bev="0" fileid="1" />
                <SequencePoint vc="0" uspid="104" ordinal="3" offset="27" sl="168" sc="9" el="168" ec="10" bec="0" bev="0" fileid="1" />
              </SequencePoints>
              <BranchPoints />
              <MethodPoint xsi:type="SequencePoint" vc="0" uspid="101" ordinal="0" offset="0" sl="165" sc="9" el="165" ec="10" bec="0" bev="0" fileid="1" />
            </Method>
            <Method visited="false" cyclomaticComplexity="1" nPathComplexity="0" sequenceCoverage="0" branchCoverage="0" crapScore="2" isConstructor="false" isStatic="false" isGetter="false" isSetter="false">
              <Summary numSequencePoints="4" visitedSequencePoints="0" numBranchPoints="1" visitedBranchPoints="0" sequenceCoverage="0" branchCoverage="0" maxCyclomaticComplexity="1" minCyclomaticComplexity="1" maxCrapScore="2" minCrapScore="2" visitedClasses="0" numClasses="0" visitedMethods="0" numMethods="1" />
              <MetadataToken>100663313</MetadataToken>
              <Name>System.Void DrawingFormUITest.Robot::AssertEnableById(System.String,System.Boolean)</Name>
              <FileRef uid="1" />
              <SequencePoints>
                <SequencePoint vc="0" uspid="105" ordinal="0" offset="0" sl="172" sc="9" el="172" ec="10" bec="0" bev="0" fileid="1" />
                <SequencePoint vc="0" uspid="106" ordinal="1" offset="1" sl="173" sc="13" el="173" ec="79" bec="0" bev="0" fileid="1" />
                <SequencePoint vc="0" uspid="107" ordinal="2" offset="14" sl="174" sc="13" el="174" ec="53" bec="0" bev="0" fileid="1" />
                <SequencePoint vc="0" uspid="108" ordinal="3" offset="27" sl="175" sc="9" el="175" ec="10" bec="0" bev="0" fileid="1" />
              </SequencePoints>
              <BranchPoints />
              <MethodPoint xsi:type="SequencePoint" vc="0" uspid="105" ordinal="0" offset="0" sl="172" sc="9" el="172" ec="10" bec="0" bev="0" fileid="1" />
            </Method>
            <Method visited="false" cyclomaticComplexity="1" nPathComplexity="0" sequenceCoverage="0" branchCoverage="0" crapScore="2" isConstructor="false" isStatic="false" isGetter="false" isSetter="false">
              <Summary numSequencePoints="4" visitedSequencePoints="0" numBranchPoints="1" visitedBranchPoints="0" sequenceCoverage="0" branchCoverage="0" maxCyclomaticComplexity="1" minCyclomaticComplexity="1" maxCrapScore="2" minCrapScore="2" visitedClasses="0" numClasses="0" visitedMethods="0" numMethods="1" />
              <MetadataToken>100663314</MetadataToken>
              <Name>System.Void DrawingFormUITest.Robot::AssertText(System.String,System.String)</Name>
              <FileRef uid="1" />
              <SequencePoints>
                <SequencePoint vc="0" uspid="109" ordinal="0" offset="0" sl="179" sc="9" el="179" ec="10" bec="0" bev="0" fileid="1" />
                <SequencePoint vc="0" uspid="110" ordinal="1" offset="1" sl="180" sc="13" el="180" ec="81" bec="0" bev="0" fileid="1" />
                <SequencePoint vc="0" uspid="111" ordinal="2" offset="14" sl="181" sc="13" el="181" ec="49" bec="0" bev="0" fileid="1" />
                <SequencePoint vc="0" uspid="112" ordinal="3" offset="27" sl="182" sc="9" el="182" ec="10" bec="0" bev="0" fileid="1" />
              </SequencePoints>
              <BranchPoints />
              <MethodPoint xsi:type="SequencePoint" vc="0" uspid="109" ordinal="0" offset="0" sl="179" sc="9" el="179" ec="10" bec="0" bev="0" fileid="1" />
            </Method>
            <Method visited="false" cyclomaticComplexity="1" nPathComplexity="0" sequenceCoverage="0" branchCoverage="0" crapScore="2" isConstructor="false" isStatic="false" isGetter="false" isSetter="false">
              <Summary numSequencePoints="4" visitedSequencePoints="0" numBranchPoints="1" visitedBranchPoints="0" sequenceCoverage="0" branchCoverage="0" maxCyclomaticComplexity="1" minCyclomaticComplexity="1" maxCrapScore="2" minCrapScore="2" visitedClasses="0" numClasses="0" visitedMethods="0" numMethods="1" />
              <MetadataToken>100663315</MetadataToken>
              <Name>System.Void DrawingFormUITest.Robot::AssertMessageBox(System.String)</Name>
              <FileRef uid="1" />
              <SequencePoints>
                <SequencePoint vc="0" uspid="113" ordinal="0" offset="0" sl="186" sc="9" el="186" ec="10" bec="0" bev="0" fileid="1" />
                <SequencePoint vc="0" uspid="114" ordinal="1" offset="1" sl="187" sc="13" el="187" ec="84" bec="0" bev="0" fileid="1" />
                <SequencePoint vc="0" uspid="115" ordinal="2" offset="18" sl="188" sc="13" el="188" ec="49" bec="0" bev="0" fileid="1" />
                <SequencePoint vc="0" uspid="116" ordinal="3" offset="31" sl="189" sc="9" el="189" ec="10" bec="0" bev="0" fileid="1" />
              </SequencePoints>
              <BranchPoints />
              <MethodPoint xsi:type="SequencePoint" vc="0" uspid="113" ordinal="0" offset="0" sl="186" sc="9" el="186" ec="10" bec="0" bev="0" fileid="1" />
            </Method>
            <Method visited="false" cyclomaticComplexity="1" nPathComplexity="0" sequenceCoverage="0" branchCoverage="0" crapScore="2" isConstructor="false" isStatic="false" isGetter="false" isSetter="false">
              <Summary numSequencePoints="6" visitedSequencePoints="0" numBranchPoints="1" visitedBranchPoints="0" sequenceCoverage="0" branchCoverage="0" maxCyclomaticComplexity="1" minCyclomaticComplexity="1" maxCrapScore="2" minCrapScore="2" visitedClasses="0" numClasses="0" visitedMethods="0" numMethods="1" />
              <MetadataToken>100663316</MetadataToken>
              <Name>System.Void DrawingFormUITest.Robot::AssertDataGridViewDataBy(System.String,System.Int32,System.String,System.String)</Name>
              <FileRef uid="1" />
              <SequencePoints>
                <SequencePoint vc="0" uspid="117" ordinal="0" offset="0" sl="193" sc="9" el="193" ec="10" bec="0" bev="0" fileid="1" />
                <SequencePoint vc="0" uspid="118" ordinal="1" offset="1" sl="194" sc="13" el="194" ec="75" bec="0" bev="0" fileid="1" />
                <SequencePoint vc="0" uspid="119" ordinal="2" offset="14" sl="195" sc="13" el="195" ec="105" bec="0" bev="0" fileid="1" />
                <SequencePoint vc="0" uspid="120" ordinal="3" offset="47" sl="196" sc="13" el="196" ec="92" bec="0" bev="0" fileid="1" />
                <SequencePoint vc="0" uspid="121" ordinal="4" offset="81" sl="197" sc="13" el="197" ec="43" bec="0" bev="0" fileid="1" />
                <SequencePoint vc="0" uspid="122" ordinal="5" offset="90" sl="198" sc="9" el="198" ec="10" bec="0" bev="0" fileid="1" />
              </SequencePoints>
              <BranchPoints />
              <MethodPoint xsi:type="SequencePoint" vc="0" uspid="117" ordinal="0" offset="0" sl="193" sc="9" el="193" ec="10" bec="0" bev="0" fileid="1" />
            </Method>
            <Method visited="false" cyclomaticComplexity="2" nPathComplexity="2" sequenceCoverage="0" branchCoverage="0" crapScore="6" isConstructor="false" isStatic="false" isGetter="false" isSetter="false">
              <Summary numSequencePoints="10" visitedSequencePoints="0" numBranchPoints="3" visitedBranchPoints="0" sequenceCoverage="0" branchCoverage="0" maxCyclomaticComplexity="2" minCyclomaticComplexity="2" maxCrapScore="6" minCrapScore="6" visitedClasses="0" numClasses="0" visitedMethods="0" numMethods="1" />
              <MetadataToken>100663317</MetadataToken>
              <Name>System.Void DrawingFormUITest.Robot::AssertDataGridViewRowDataBy(System.String,System.Int32,System.String[])</Name>
              <FileRef uid="1" />
              <SequencePoints>
                <SequencePoint vc="0" uspid="123" ordinal="0" offset="0" sl="202" sc="9" el="202" ec="10" bec="0" bev="0" fileid="1" />
                <SequencePoint vc="0" uspid="124" ordinal="1" offset="1" sl="203" sc="13" el="203" ec="75" bec="0" bev="0" fileid="1" />
                <SequencePoint vc="0" uspid="125" ordinal="2" offset="14" sl="204" sc="13" el="204" ec="105" bec="0" bev="0" fileid="1" />
                <SequencePoint vc="0" uspid="126" ordinal="3" offset="47" sl="207" sc="18" el="207" ec="27" bec="0" bev="0" fileid="1" />
                <SequencePoint vc="0" uspid="127" ordinal="4" offset="51" sl="208" sc="13" el="208" ec="14" bec="0" bev="0" fileid="1" />
                <SequencePoint vc="0" uspid="128" ordinal="5" offset="52" sl="209" sc="17" el="209" ec="86" bec="0" bev="0" fileid="1" />
                <SequencePoint vc="0" uspid="129" ordinal="6" offset="90" sl="210" sc="13" el="210" ec="14" bec="0" bev="0" fileid="1" />
                <SequencePoint vc="0" uspid="130" ordinal="7" offset="91" sl="207" sc="49" el="207" ec="52" bec="0" bev="0" fileid="1" />
                <SequencePoint vc="0" uspid="131" ordinal="8" offset="95" sl="207" sc="29" el="207" ec="47" bec="2" bev="0" fileid="1" />
                <SequencePoint vc="0" uspid="132" ordinal="9" offset="108" sl="211" sc="9" el="211" ec="10" bec="0" bev="0" fileid="1" />
              </SequencePoints>
              <BranchPoints>
                <BranchPoint vc="0" uspid="133" ordinal="0" offset="106" sl="207" path="0" offsetend="108" fileid="1" />
                <BranchPoint vc="0" uspid="134" ordinal="1" offset="106" sl="207" path="1" offsetend="51" fileid="1" />
              </BranchPoints>
              <MethodPoint xsi:type="SequencePoint" vc="0" uspid="123" ordinal="0" offset="0" sl="202" sc="9" el="202" ec="10" bec="0" bev="0" fileid="1" />
            </Method>
            <Method visited="false" cyclomaticComplexity="5" nPathComplexity="16" sequenceCoverage="0" branchCoverage="0" crapScore="30" isConstructor="false" isStatic="false" isGetter="false" isSetter="false">
              <Summary numSequencePoints="17" visitedSequencePoints="0" numBranchPoints="9" visitedBranchPoints="0" sequenceCoverage="0" branchCoverage="0" maxCyclomaticComplexity="5" minCyclomaticComplexity="5" maxCrapScore="30" minCrapScore="30" visitedClasses="0" numClasses="0" visitedMethods="0" numMethods="1" />
              <MetadataToken>100663318</MetadataToken>
              <Name>System.Void DrawingFormUITest.Robot::AssertDataGridViewRowCountBy(System.String,System.Int32)</Name>
              <FileRef uid="1" />
              <SequencePoints>
                <SequencePoint vc="0" uspid="135" ordinal="0" offset="0" sl="215" sc="9" el="215" ec="10" bec="0" bev="0" fileid="1" />
                <SequencePoint vc="0" uspid="136" ordinal="1" offset="1" sl="216" sc="13" el="216" ec="75" bec="0" bev="0" fileid="1" />
                <SequencePoint vc="0" uspid="137" ordinal="2" offset="14" sl="217" sc="13" el="217" ec="87" bec="0" bev="0" fileid="1" />
                <SequencePoint vc="0" uspid="138" ordinal="3" offset="51" sl="218" sc="13" el="218" ec="76" bec="0" bev="0" fileid="1" />
                <SequencePoint vc="0" uspid="139" ordinal="4" offset="60" sl="221" sc="13" el="221" ec="14" bec="0" bev="0" fileid="1" />
                <SequencePoint vc="0" uspid="140" ordinal="5" offset="61" sl="222" sc="17" el="222" ec="71" bec="0" bev="0" fileid="1" />
                <SequencePoint vc="0" uspid="141" ordinal="6" offset="73" sl="223" sc="13" el="223" ec="14" bec="0" bev="0" fileid="1" />
                <SequencePoint vc="0" uspid="142" ordinal="7" offset="74" sl="220" sc="13" el="220" ec="106" bec="4" bev="0" fileid="1" />
                <SequencePoint vc="0" uspid="143" ordinal="8" offset="120" sl="225" sc="13" el="225" ec="33" bec="2" bev="0" fileid="1" />
                <SequencePoint vc="0" uspid="144" ordinal="9" offset="133" sl="226" sc="13" el="226" ec="14" bec="0" bev="0" fileid="1" />
                <SequencePoint vc="0" uspid="145" ordinal="10" offset="134" sl="227" sc="17" el="227" ec="105" bec="0" bev="0" fileid="1" />
                <SequencePoint vc="0" uspid="146" ordinal="11" offset="152" sl="229" sc="17" el="229" ec="41" bec="2" bev="0" fileid="1" />
                <SequencePoint vc="0" uspid="147" ordinal="12" offset="163" sl="230" sc="17" el="230" ec="18" bec="0" bev="0" fileid="1" />
                <SequencePoint vc="0" uspid="148" ordinal="13" offset="164" sl="231" sc="21" el="231" ec="77" bec="0" bev="0" fileid="1" />
                <SequencePoint vc="0" uspid="149" ordinal="14" offset="187" sl="232" sc="17" el="232" ec="18" bec="0" bev="0" fileid="1" />
                <SequencePoint vc="0" uspid="150" ordinal="15" offset="188" sl="233" sc="13" el="233" ec="14" bec="0" bev="0" fileid="1" />
                <SequencePoint vc="0" uspid="151" ordinal="16" offset="189" sl="234" sc="9" el="234" ec="10" bec="0" bev="0" fileid="1" />
              </SequencePoints>
              <BranchPoints>
                <BranchPoint vc="0" uspid="152" ordinal="0" offset="81" sl="220" path="0" offsetend="83" fileid="1" />
                <BranchPoint vc="0" uspid="153" ordinal="1" offset="81" sl="220" path="1" offsetend="113" fileid="1" />
                <BranchPoint vc="0" uspid="154" ordinal="2" offset="118" sl="220" path="0" offsetend="120" fileid="1" />
                <BranchPoint vc="0" uspid="155" ordinal="3" offset="118" sl="220" path="1" offsetend="60" fileid="1" />
                <BranchPoint vc="0" uspid="156" ordinal="4" offset="131" sl="225" path="0" offsetend="133" fileid="1" />
                <BranchPoint vc="0" uspid="157" ordinal="5" offset="131" sl="225" path="1" offsetend="189" fileid="1" />
                <BranchPoint vc="0" uspid="158" ordinal="6" offset="161" sl="229" path="0" offsetend="163" fileid="1" />
                <BranchPoint vc="0" uspid="159" ordinal="7" offset="161" sl="229" path="1" offsetend="188" fileid="1" />
              </BranchPoints>
              <MethodPoint xsi:type="SequencePoint" vc="0" uspid="135" ordinal="0" offset="0" sl="215" sc="9" el="215" ec="10" bec="0" bev="0" fileid="1" />
            </Method>
          </Methods>
        </Class>
        <Class>
          <Summary numSequencePoints="33" visitedSequencePoints="7" numBranchPoints="5" visitedBranchPoints="2" sequenceCoverage="21.21" branchCoverage="40" maxCyclomaticComplexity="1" minCyclomaticComplexity="1" maxCrapScore="2" minCrapScore="1.00" visitedClasses="1" numClasses="1" visitedMethods="2" numMethods="5" />
          <FullName>DrawingFormUITest.UnitTest1</FullName>
          <Methods>
            <Method visited="true" cyclomaticComplexity="1" nPathComplexity="0" sequenceCoverage="83.33" branchCoverage="100" crapScore="1.00" isConstructor="false" isStatic="false" isGetter="false" isSetter="false">
              <Summary numSequencePoints="6" visitedSequencePoints="5" numBranchPoints="1" visitedBranchPoints="1" sequenceCoverage="83.33" branchCoverage="100" maxCyclomaticComplexity="1" minCyclomaticComplexity="1" maxCrapScore="1.00" minCrapScore="1.00" visitedClasses="0" numClasses="0" visitedMethods="1" numMethods="1" />
              <MetadataToken>100663319</MetadataToken>
              <Name>System.Void DrawingFormUITest.UnitTest1::Initialize()</Name>
              <FileRef uid="2" />
              <SequencePoints>
                <SequencePoint vc="3" uspid="160" ordinal="0" offset="0" sl="24" sc="9" el="24" ec="10" bec="0" bev="0" fileid="2" />
                <SequencePoint vc="3" uspid="161" ordinal="1" offset="1" sl="25" sc="13" el="25" ec="45" bec="0" bev="0" fileid="2" />
                <SequencePoint vc="3" uspid="162" ordinal="2" offset="7" sl="26" sc="13" el="26" ec="121" bec="0" bev="0" fileid="2" />
                <SequencePoint vc="3" uspid="163" ordinal="3" offset="33" sl="27" sc="13" el="27" ec="104" bec="0" bev="0" fileid="2" />
                <SequencePoint vc="3" uspid="164" ordinal="4" offset="82" sl="28" sc="13" el="28" ec="53" bec="0" bev="0" fileid="2" />
                <SequencePoint vc="0" uspid="165" ordinal="5" offset="104" sl="29" sc="9" el="29" ec="10" bec="0" bev="0" fileid="2" />
              </SequencePoints>
              <BranchPoints />
              <MethodPoint xsi:type="SequencePoint" vc="3" uspid="160" ordinal="0" offset="0" sl="24" sc="9" el="24" ec="10" bec="0" bev="0" fileid="2" />
            </Method>
            <Method visited="true" cyclomaticComplexity="1" nPathComplexity="0" sequenceCoverage="66.67" branchCoverage="100" crapScore="1.04" isConstructor="false" isStatic="false" isGetter="false" isSetter="false">
              <Summary numSequencePoints="3" visitedSequencePoints="2" numBranchPoints="1" visitedBranchPoints="1" sequenceCoverage="66.67" branchCoverage="100" maxCyclomaticComplexity="1" minCyclomaticComplexity="1" maxCrapScore="1.04" minCrapScore="1.04" visitedClasses="0" numClasses="0" visitedMethods="1" numMethods="1" />
              <MetadataToken>100663320</MetadataToken>
              <Name>System.Void DrawingFormUITest.UnitTest1::Cleanup()</Name>
              <FileRef uid="2" />
              <SequencePoints>
                <SequencePoint vc="3" uspid="166" ordinal="0" offset="0" sl="36" sc="9" el="36" ec="10" bec="0" bev="0" fileid="2" />
                <SequencePoint vc="3" uspid="167" ordinal="1" offset="1" sl="37" sc="13" el="37" ec="30" bec="0" bev="0" fileid="2" />
                <SequencePoint vc="0" uspid="168" ordinal="2" offset="13" sl="38" sc="9" el="38" ec="10" bec="0" bev="0" fileid="2" />
              </SequencePoints>
              <BranchPoints />
              <MethodPoint xsi:type="SequencePoint" vc="3" uspid="166" ordinal="0" offset="0" sl="36" sc="9" el="36" ec="10" bec="0" bev="0" fileid="2" />
            </Method>
            <Method visited="false" cyclomaticComplexity="1" nPathComplexity="0" sequenceCoverage="0" branchCoverage="0" crapScore="2" isConstructor="false" isStatic="false" isGetter="false" isSetter="false">
              <Summary numSequencePoints="6" visitedSequencePoints="0" numBranchPoints="1" visitedBranchPoints="0" sequenceCoverage="0" branchCoverage="0" maxCyclomaticComplexity="1" minCyclomaticComplexity="1" maxCrapScore="2" minCrapScore="2" visitedClasses="0" numClasses="0" visitedMethods="0" numMethods="1" />
              <MetadataToken>100663321</MetadataToken>
              <Name>System.Void DrawingFormUITest.UnitTest1::TestDrawTriangle()</Name>
              <FileRef uid="2" />
              <SequencePoints>
                <SequencePoint vc="0" uspid="169" ordinal="0" offset="0" sl="44" sc="9" el="44" ec="10" bec="0" bev="0" fileid="2" />
                <SequencePoint vc="0" uspid="170" ordinal="1" offset="1" sl="45" sc="13" el="45" ec="42" bec="0" bev="0" fileid="2" />
                <SequencePoint vc="0" uspid="171" ordinal="2" offset="18" sl="46" sc="13" el="46" ec="58" bec="0" bev="0" fileid="2" />
                <SequencePoint vc="0" uspid="172" ordinal="3" offset="71" sl="47" sc="13" el="47" ec="52" bec="0" bev="0" fileid="2" />
                <SequencePoint vc="0" uspid="173" ordinal="4" offset="106" sl="48" sc="13" el="48" ec="77" bec="0" bev="0" fileid="2" />
                <SequencePoint vc="0" uspid="174" ordinal="5" offset="128" sl="49" sc="9" el="49" ec="10" bec="0" bev="0" fileid="2" />
              </SequencePoints>
              <BranchPoints />
              <MethodPoint xsi:type="SequencePoint" vc="0" uspid="169" ordinal="0" offset="0" sl="44" sc="9" el="44" ec="10" bec="0" bev="0" fileid="2" />
            </Method>
            <Method visited="false" cyclomaticComplexity="1" nPathComplexity="0" sequenceCoverage="0" branchCoverage="0" crapScore="2" isConstructor="false" isStatic="false" isGetter="false" isSetter="false">
              <Summary numSequencePoints="6" visitedSequencePoints="0" numBranchPoints="1" visitedBranchPoints="0" sequenceCoverage="0" branchCoverage="0" maxCyclomaticComplexity="1" minCyclomaticComplexity="1" maxCrapScore="2" minCrapScore="2" visitedClasses="0" numClasses="0" visitedMethods="0" numMethods="1" />
              <MetadataToken>100663322</MetadataToken>
              <Name>System.Void DrawingFormUITest.UnitTest1::TestDrawRectangle()</Name>
              <FileRef uid="2" />
              <SequencePoints>
                <SequencePoint vc="0" uspid="175" ordinal="0" offset="0" sl="55" sc="9" el="55" ec="10" bec="0" bev="0" fileid="2" />
                <SequencePoint vc="0" uspid="176" ordinal="1" offset="1" sl="56" sc="13" el="56" ec="43" bec="0" bev="0" fileid="2" />
                <SequencePoint vc="0" uspid="177" ordinal="2" offset="18" sl="57" sc="13" el="57" ec="58" bec="0" bev="0" fileid="2" />
                <SequencePoint vc="0" uspid="178" ordinal="3" offset="71" sl="58" sc="13" el="58" ec="52" bec="0" bev="0" fileid="2" />
                <SequencePoint vc="0" uspid="179" ordinal="4" offset="106" sl="59" sc="13" el="59" ec="78" bec="0" bev="0" fileid="2" />
                <SequencePoint vc="0" uspid="180" ordinal="5" offset="128" sl="60" sc="9" el="60" ec="10" bec="0" bev="0" fileid="2" />
              </SequencePoints>
              <BranchPoints />
              <MethodPoint xsi:type="SequencePoint" vc="0" uspid="175" ordinal="0" offset="0" sl="55" sc="9" el="55" ec="10" bec="0" bev="0" fileid="2" />
            </Method>
            <Method visited="false" cyclomaticComplexity="1" nPathComplexity="0" sequenceCoverage="0" branchCoverage="0" crapScore="2" isConstructor="false" isStatic="false" isGetter="false" isSetter="false">
              <Summary numSequencePoints="12" visitedSequencePoints="0" numBranchPoints="1" visitedBranchPoints="0" sequenceCoverage="0" branchCoverage="0" maxCyclomaticComplexity="1" minCyclomaticComplexity="1" maxCrapScore="2" minCrapScore="2" visitedClasses="0" numClasses="0" visitedMethods="0" numMethods="1" />
              <MetadataToken>100663323</MetadataToken>
              <Name>System.Void DrawingFormUITest.UnitTest1::TestDrawLine()</Name>
              <FileRef uid="2" />
              <SequencePoints>
                <SequencePoint vc="0" uspid="181" ordinal="0" offset="0" sl="66" sc="9" el="66" ec="10" bec="0" bev="0" fileid="2" />
                <SequencePoint vc="0" uspid="182" ordinal="1" offset="1" sl="67" sc="13" el="67" ec="43" bec="0" bev="0" fileid="2" />
                <SequencePoint vc="0" uspid="183" ordinal="2" offset="18" sl="68" sc="13" el="68" ec="58" bec="0" bev="0" fileid="2" />
                <SequencePoint vc="0" uspid="184" ordinal="3" offset="71" sl="69" sc="13" el="69" ec="52" bec="0" bev="0" fileid="2" />
                <SequencePoint vc="0" uspid="185" ordinal="4" offset="106" sl="70" sc="13" el="70" ec="78" bec="0" bev="0" fileid="2" />
                <SequencePoint vc="0" uspid="186" ordinal="5" offset="128" sl="71" sc="13" el="71" ec="42" bec="0" bev="0" fileid="2" />
                <SequencePoint vc="0" uspid="187" ordinal="6" offset="145" sl="72" sc="13" el="72" ec="59" bec="0" bev="0" fileid="2" />
                <SequencePoint vc="0" uspid="188" ordinal="7" offset="198" sl="73" sc="13" el="73" ec="52" bec="0" bev="0" fileid="2" />
                <SequencePoint vc="0" uspid="189" ordinal="8" offset="233" sl="74" sc="13" el="74" ec="78" bec="0" bev="0" fileid="2" />
                <SequencePoint vc="0" uspid="190" ordinal="9" offset="255" sl="75" sc="13" el="75" ec="38" bec="0" bev="0" fileid="2" />
                <SequencePoint vc="0" uspid="191" ordinal="10" offset="272" sl="76" sc="13" el="76" ec="60" bec="0" bev="0" fileid="2" />
                <SequencePoint vc="0" uspid="192" ordinal="11" offset="325" sl="77" sc="9" el="77" ec="10" bec="0" bev="0" fileid="2" />
              </SequencePoints>
              <BranchPoints />
              <MethodPoint xsi:type="SequencePoint" vc="0" uspid="181" ordinal="0" offset="0" sl="66" sc="9" el="66" ec="10" bec="0" bev="0" fileid="2" />
            </Method>
            <Method visited="false" cyclomaticComplexity="1" nPathComplexity="0" sequenceCoverage="0" branchCoverage="0" crapScore="2" isConstructor="true" isStatic="false" isGetter="false" isSetter="false">
              <Summary numSequencePoints="0" visitedSequencePoints="0" numBranchPoints="0" visitedBranchPoints="0" sequenceCoverage="0" branchCoverage="0" maxCyclomaticComplexity="1" minCyclomaticComplexity="1" maxCrapScore="2" minCrapScore="2" visitedClasses="0" numClasses="0" visitedMethods="0" numMethods="0" />
              <MetadataToken>100663324</MetadataToken>
              <Name>System.Void DrawingFormUITest.UnitTest1::.ctor()</Name>
              <SequencePoints />
              <BranchPoints />
              <MethodPoint vc="0" uspid="193" ordinal="0" offset="0" />
            </Method>
          </Methods>
        </Class>
      </Classes>
    </Module>
  </Modules>
</CoverageSession>